# Time series at grid cell:  35   1   1
VARIABLES = "Time (yrs) " , "pH                 ", "Ca++               ", "K+                 ", "SO4--              ", "Mg++               ", "H4SiO4(aq)         ", "
  1.00000E-13                8.03194194916929E+00   1.03999999999999E-02   1.20000000000000E-02   2.80000000000000E-02   5.10998826882253E-02   1.69932094111367E-04
  2.00000E-13                8.03229324070523E+00   1.03999999999999E-02   1.20000000000000E-02   2.79999999999999E-02   5.10998576881568E-02   1.69919594075624E-04
  3.00000E-13                8.03229335757825E+00   1.03999999999998E-02   1.20000000000000E-02   2.79999999999998E-02   5.10998326880943E-02   1.69907094043032E-04
  4.00000E-13                8.03228764188044E+00   1.03999999999998E-02   1.20000000000000E-02   2.79999999999998E-02   5.10998076911799E-02   1.69894595584433E-04
  5.00000E-13                8.03228183018494E+00   1.03999999999997E-02   1.20000000000000E-02   2.79999999999998E-02   5.10997826974649E-02   1.69882098725543E-04
  7.00000E-13                8.03227020279319E+00   1.03999999999996E-02   1.20000000000000E-02   2.79999999999997E-02   5.10997327228350E-02   1.69857111407846E-04
  1.10000E-12                8.03224695921344E+00   1.03999999999994E-02   1.20000000000000E-02   2.79999999999994E-02   5.10996328247373E-02   1.69807162353489E-04
  1.90000E-12                8.03220051725332E+00   1.03999999999989E-02   1.20000000000000E-02   2.79999999999990E-02   5.10994332328801E-02   1.69707366413874E-04
  3.50000E-12                8.03210781360641E+00   1.03999999999980E-02   1.20000000000000E-02   2.79999999999981E-02   5.10990348640468E-02   1.69508181975277E-04
  6.70000E-12                8.03192312318452E+00   1.03999999999962E-02   1.20000000000000E-02   2.79999999999962E-02   5.10982413662808E-02   1.69111433049064E-04
  1.31000E-11                8.03155657655147E+00   1.03999999999926E-02   1.20000000000001E-02   2.79999999999924E-02   5.10966671756968E-02   1.68324337679401E-04
  2.59000E-11                8.03083456158087E+00   1.03999999999852E-02   1.20000000000001E-02   2.79999999999848E-02   5.10935688132303E-02   1.66775156264070E-04
  5.15000E-11                8.02943289136138E+00   1.03999999999706E-02   1.20000000000003E-02   2.79999999999696E-02   5.10875630958384E-02   1.63772297232673E-04
  1.02700E-10                8.02678498391875E+00   1.03999999999414E-02   1.20000000000005E-02   2.79999999999392E-02   5.10762507864933E-02   1.58116141920840E-04
  2.05100E-10                8.02201941363994E+00   1.03999999998828E-02   1.20000000000010E-02   2.79999999998782E-02   5.10560000145201E-02   1.47990754766273E-04
  4.09900E-10                8.01409589205086E+00   1.03999999997651E-02   1.20000000000021E-02   2.79999999997559E-02   5.10226355918061E-02   1.31308541488660E-04
  8.19500E-10                8.00236699420569E+00   1.03999999995284E-02   1.20000000000041E-02   2.79999999995099E-02   5.09739367127144E-02   1.06959098816158E-04
  1.63870E-09                7.98747256301806E+00   1.03999999990521E-02   1.20000000000082E-02   2.79999999990150E-02   5.09132519351428E-02   7.66167060019267E-05
  3.27710E-09                7.97186055803988E+00   1.03999999980931E-02   1.20000000000164E-02   2.79999999980188E-02   5.08509921386149E-02   4.54868034856990E-05
  6.55390E-09                7.95910015094601E+00   1.03999999961648E-02   1.20000000000328E-02   2.79999999960162E-02   5.08010953331403E-02   2.05383973944033E-05
  1.31075E-08                7.95171027733409E+00   1.03999999922965E-02   1.20000000000656E-02   2.79999999919992E-02   5.07725908499079E-02   6.28615471463811E-06
  2.62147E-08                7.94903513217738E+00   1.03999999845515E-02   1.20000000001311E-02   2.79999999839569E-02   5.07623370529873E-02   1.15925792465953E-06
  5.24291E-08                7.94849149219055E+00   1.03999999690580E-02   1.20000000002623E-02   2.79999999678687E-02   5.07602551012779E-02   1.18286934874460E-07
  1.04858E-07                7.94843318138084E+00   1.03999999380701E-02   1.20000000005246E-02   2.79999999356916E-02   5.07600312326735E-02   6.36269927718221E-09
  2.09716E-07                7.94842997020239E+00   1.03999998760942E-02   1.20000000010492E-02   2.79999998713372E-02   5.07600188162243E-02   1.76344072230491E-10
  4.19431E-07                7.94842986072311E+00   1.03999997521425E-02   1.20000000020983E-02   2.79999997426284E-02   5.07600183763799E-02   3.22446336548076E-12
  8.38861E-07                7.94842981692996E+00   1.03999995042390E-02   1.20000000041965E-02   2.79999994852107E-02   5.07600181842819E-02   7.81442899183579E-13
  1.67772E-06                7.94842973171007E+00   1.03999990084320E-02   1.20000000083924E-02   2.79999989703755E-02   5.07600178098309E-02   7.64102393910888E-13
  3.35544E-06                7.94842956130137E+00   1.03999980168176E-02   1.20000000167823E-02   2.79999979407050E-02   5.07600170610394E-02   7.63902617987203E-13
  6.71089E-06                7.94842922059572E+00   1.03999960335877E-02   1.20000000335543E-02   2.79999958813646E-02   5.07600155637008E-02   7.63414987695162E-13
  1.34218E-05                7.94842853995463E+00   1.03999920671229E-02   1.20000000670674E-02   2.79999917626847E-02   5.07600125706168E-02   7.61618435687723E-13
  2.68435E-05                7.94842718410816E+00   1.03999841341738E-02   1.20000001339699E-02   2.79999835253301E-02   5.07600065953180E-02   7.55030506878857E-13
  5.36871E-05                7.94842450765908E+00   1.03999682681980E-02   1.20000002672802E-02   2.79999670506406E-02   5.07599947139695E-02   7.33269785967069E-13
  1.07374E-04                7.94841932862370E+00   1.03999365359377E-02   1.20000005319244E-02   2.79999341013443E-02   5.07599712910643E-02   6.79289086611508E-13
  2.14748E-04                7.94840937220124E+00   1.03998730701932E-02   1.20000010533221E-02   2.79998682030910E-02   5.07599252436585E-02   6.18019136642723E-13
  4.29497E-04                7.94839055388372E+00   1.03997461338659E-02   1.20000020646789E-02   2.79997364079983E-02   5.07598353642230E-02   5.36141015432796E-13
  8.58993E-04                7.94835538086497E+00   1.03994922421295E-02   1.20000039626066E-02   2.79994728237182E-02   5.07596608085391E-02   4.48364235232566E-13
  1.71799E-03                7.94828988932311E+00   1.03989843834739E-02   1.20000072666394E-02   2.79989456797696E-02   5.07593229390642E-02   3.71859721620725E-13
  3.43597E-03                7.94816906505037E+00   1.03979683708236E-02   1.20000116936121E-02   2.79978914944714E-02   5.07586749758158E-02   3.13328233808103E-13
  6.87195E-03                7.94795264641440E+00   1.03959351946001E-02   1.20000129325736E-02   2.79957835549511E-02   5.07574613738647E-02   2.76550403622453E-13
  1.37439E-02                7.94753357816556E+00   1.03918643382306E-02   1.20000154106129E-02   2.79915694249509E-02   5.07550818642158E-02   2.58251232053270E-13
  2.74878E-02                7.94670717974921E+00   1.03837051908021E-02   1.20000203671572E-02   2.79831482158950E-02   5.07503986051332E-02   2.50653853942628E-13
  5.49756E-02                7.94508405469298E+00   1.03672827738690E-02   1.20000302821082E-02   2.79663343828895E-02   5.07413743710781E-02   2.50988272396250E-13
  1.00000E-01                7.94242062683646E+00   1.03404218281025E-02   1.20000465275826E-02   2.79388701897547E-02   5.07266874964753E-02   2.57384181078788E-13
  1.90049E-01                7.93704154463792E+00   1.02870038719397E-02   1.20000790384976E-02   2.78842457721059E-02   5.06973130025559E-02   2.70858783551937E-13
  3.70147E-01                7.92607736813024E+00   1.01813651567084E-02   1.20001441400877E-02   2.77761942667354E-02   5.06385645526905E-02   3.00317591256389E-13
  7.30342E-01                7.90330373653898E+00   9.97473548280635E-03   1.20002746614708E-02   2.75647395425173E-02   5.05210705321886E-02   3.72065816479922E-13
  1.00000E+00                7.88554163356795E+00   9.82257515728279E-03   1.20003725535321E-02   2.74089672767873E-02   5.04331110818567E-02   4.39570635969713E-13
  1.53932E+00                7.84792088321248E+00   9.52804787160034E-03   1.20005690468270E-02   2.71072172919427E-02   5.02572009396528E-02   6.25785729458525E-13
  2.00000E+00                7.81360587304989E+00   9.28334774378113E-03   1.20007374070266E-02   2.68563484179546E-02   5.01069464069265E-02   8.63071499344314E-13
  2.92137E+00                7.73826856006424E+00   8.82002328271944E-03   1.20010761764885E-02   2.63806898782965E-02   4.98064822658561E-02   1.74728589362530E-12
  3.50000E+00                7.68644622435252E+00   8.53897937364075E-03   1.20012897335376E-02   2.60919013781401E-02   4.96178113349333E-02   2.83462391671109E-12
  4.65727E+00                7.57167404982787E+00   8.01468289496803E-03   1.20017200396246E-02   2.55521210364897E-02   4.92406262659049E-02   8.27358675308769E-12
  6.97180E+00                7.30270635933732E+00   7.10315491022886E-03   1.20025932070819E-02   2.46096462551324E-02   4.84876038014451E-02   1.01179585586483E-10
  7.00000E+00                7.29952174340397E+00   7.09205394719082E-03   1.20026038492846E-02   2.45981681899978E-02   4.84784277536481E-02   1.03999884458798E-10
  7.05641E+00                7.29240209382413E+00   7.06993751467556E-03   1.20026251411429E-02   2.45752975657135E-02   4.84600768793930E-02   1.11110531807087E-10
  7.16923E+00                7.27807146502217E+00   7.02604627018966E-03   1.20026677546471E-02   2.45298979873458E-02   4.84233800654595E-02   1.26941146296762E-10
  7.39487E+00                7.24908498284341E+00   6.93961389065695E-03   1.20027531006092E-02   2.44404491383541E-02   4.83500072100058E-02   1.66183196101767E-10
  7.84614E+00                7.18977251881296E+00   6.77201894926097E-03   1.20029242667821E-02   2.42668220486997E-02   4.82033530369792E-02   2.88316035532331E-10
  8.74869E+00                7.06512665100234E+00   6.45687285314433E-03   1.20032684836681E-02   2.39396147983621E-02   4.79104797590277E-02   9.16912188700578E-10
  1.05000E+01                6.78816009155279E+00   5.91346480878612E-03   1.20039434099961E-02   2.33728149069439E-02   4.73443309403631E-02   1.19391726371758E-08
