
  ************************** CRUNCH ******************************
  ************************ VERSION 1.0 ***************************

                      Author:  C.I. STEEFEL 
  COPYRIGHT (c) 2000. The Regents of the University of California. 
                       All Rights Reserved 

  ****************************************************************
  This work was produced at the University of California, Lawrence 
  Livermore National Laboratory (UC LLNL) under contract no. W-7405-ENG-48 
  (Contract 48) between the U.S. Department of Energy (DOE) and The Regents 
  of the University of California (University) for the operation of UC LLNL. 
  Copyright is reserved to the University for purposes of controlled dissem- 
  ination, commercialization through formal licensing, or other disposition 
  under terms of Contract 48; DOE policies, regulations and orders; and U.S. 
  statutes. The rights of the Federal Government are reserved under Contract 
  48 subject to the restrictions agreed upon by the DOE and University as 
  allowed under DOE Acquisition Letter 97-1. 

                                DISCLAIMER                            
  This work was prepared as an account of work sponsored by an agency of the
  United States Government. Neither the United States Government nor the 
  University of California nor any of their employees, makes any warranty, 
  express or implied, or assumes any liability or responsibility for the 
  accuracy, completeness, or usefulness of any information, apparatus, product,
  or process disclosed, or represents that its use would not infringe 
  privately-owned rights.  Reference herein to any specific commercial products,
  process, or service by trade name, trademark, manufacturer or otherwise does 
  not necessarily constitute or imply its endorsement, recommendation, or 
  favoring by the United States Government or the University of California. 
  The views and opinions of authors expressed herein do not necessarily state 
  or reflect those of the United States Government or the University of 
  California, and shall not be used for advertising or product endorsement 
  purposes. 
  ****************************************************************


  Hydrothermal Fluid Flow                                                 



   ---> Using database: Crunch_ThermoddemV1.10_06Jun2017.dbs                                                                


 Number of components =                    17

  1 H+                
  2 Al+++             
  3 CO2(aq)           
  4 Mg++              
  5 Ca++              
  6 Fe++              
  7 Fe+++             
  8 Cl-               
  9 K+                
 10 Na+               
 11 SiO2(aq)          
 12 SO4--             
 13 O2(aq)            
 14 B(OH)3(aq)        
 15 HPO4--            
 16 NO3-              
 17 H4SiO4(aq)        

 Number of secondary species in input file =           38

  1 HNO3(aq)          
  2 Al(OH)2+          
  3 AlO2-             
  4 AlOH++            
  5 HCO3-             
  6 CO3--             
  7 CaCl+             
  8 CaCl2(aq)         
  9 CaOH+             
 10 CaSO4(aq)         
 11 FeCl+             
 12 FeCl2(aq)         
 13 FeOH+             
 14 FeSO4(aq)         
 15 OH-               
 16 HS-               
 17 H2S(aq)           
 18 H2PO4-            
 19 H3PO4(aq)         
 20 HAlO2(aq)         
 21 HSO4-             
 22 KCl(aq)           
 23 KOH(aq)           
 24 KSO4-             
 25 NH3(aq)           
 26 NaAlO2(aq)        
 27 NaOH(aq)          
 28 NaSO4-            
 29 H2(aq)            
 30 CaHPO4(aq)        
 31 CaPO4-            
 32 FeCO3(aq)         
 33 FeH2PO4+          
 34 FeHPO4(aq)        
 35 FePO4-            
 36 KHPO4-            
 37 PO4---            
 38 S--               

 Number of gases in input file =                1

  1 CO2(g)            


 Number of kinetic minerals =            7


  Using database file: Crunch_ThermoddemV1.10_06Jun2017.dbs

  temperature interpolation coefficients
                  ln(T+Tk)        1         T+Tk      (T+Tk)**-1   (t+tk)**-2

    HOMOGENEOUS REACTIONS

 Species         log K         Stoichiometric Coefficients
                            H+     Al+++  CO2(aq Mg++   Ca++   Fe++   Fe+++  Cl-    K+     Na+    SiO2(a SO4--  O2(aq) B(OH)3 HPO4-- NO3-   H4SiO4 
 HNO3(aq)     -4.1144E-01   1.00   0.00   0.00   0.00   0.00   0.00   0.00   0.00   0.00   0.00   0.00   0.00   0.00   0.00   0.00   1.00   0.00
 Al(OH)2+      2.7266E+00  -2.00   1.00   0.00   0.00   0.00   0.00   0.00   0.00   0.00   0.00   0.00   0.00   0.00   0.00   0.00   0.00   0.00
 AlO2-         1.1386E+01  -4.00   1.00   0.00   0.00   0.00   0.00   0.00   0.00   0.00   0.00   0.00   0.00   0.00   0.00   0.00   0.00   0.00
 AlOH++        1.1560E+00  -1.00   1.00   0.00   0.00   0.00   0.00   0.00   0.00   0.00   0.00   0.00   0.00   0.00   0.00   0.00   0.00   0.00
 HCO3-         7.1888E+00  -1.00   0.00   1.00   0.00   0.00   0.00   0.00   0.00   0.00   0.00   0.00   0.00   0.00   0.00   0.00   0.00   0.00
 CO3--         1.7655E+01  -2.00   0.00   1.00   0.00   0.00   0.00   0.00   0.00   0.00   0.00   0.00   0.00   0.00   0.00   0.00   0.00   0.00
 CaCl+        -1.2297E+00   0.00   0.00   0.00   0.00   1.00   0.00   0.00   1.00   0.00   0.00   0.00   0.00   0.00   0.00   0.00   0.00   0.00
 CaCl2(aq)    -8.5160E-01   0.00   0.00   0.00   0.00   1.00   0.00   0.00   2.00   0.00   0.00   0.00   0.00   0.00   0.00   0.00   0.00   0.00
 CaOH+         7.8939E+00  -1.00   0.00   0.00   0.00   1.00   0.00   0.00   0.00   0.00   0.00   0.00   0.00   0.00   0.00   0.00   0.00   0.00
 CaSO4(aq)    -3.3767E+00   0.00   0.00   0.00   0.00   1.00   0.00   0.00   0.00   0.00   0.00   0.00   1.00   0.00   0.00   0.00   0.00   0.00
 FeCl+        -2.2976E+00   0.00   0.00   0.00   0.00   0.00   1.00   0.00   1.00   0.00   0.00   0.00   0.00   0.00   0.00   0.00   0.00   0.00
 FeCl2(aq)    -7.1865E-01   0.00   0.00   0.00   0.00   0.00   1.00   0.00   2.00   0.00   0.00   0.00   0.00   0.00   0.00   0.00   0.00   0.00
 FeOH+         5.8727E+00  -1.00   0.00   0.00   0.00   0.00   1.00   0.00   0.00   0.00   0.00   0.00   0.00   0.00   0.00   0.00   0.00   0.00
 FeSO4(aq)    -3.8866E+00   0.00   0.00   0.00   0.00   0.00   1.00   0.00   0.00   0.00   0.00   0.00   1.00   0.00   0.00   0.00   0.00   0.00
 OH-           1.1290E+01  -1.00   0.00   0.00   0.00   0.00   0.00   0.00   0.00   0.00   0.00   0.00   0.00   0.00   0.00   0.00   0.00   0.00
 HS-           7.9444E+01   1.00   0.00   0.00   0.00   0.00   0.00   0.00   0.00   0.00   0.00   0.00   1.00  -2.00   0.00   0.00   0.00   0.00
 H2S(aq)       7.2768E+01   2.00   0.00   0.00   0.00   0.00   0.00   0.00   0.00   0.00   0.00   0.00   1.00  -2.00   0.00   0.00   0.00   0.00
 H2PO4-       -7.9164E+00   1.00   0.00   0.00   0.00   0.00   0.00   0.00   0.00   0.00   0.00   0.00   0.00   0.00   0.00   1.00   0.00   0.00
 H3PO4(aq)    -1.1189E+01   2.00   0.00   0.00   0.00   0.00   0.00   0.00   0.00   0.00   0.00   0.00   0.00   0.00   0.00   1.00   0.00   0.00
 HAlO2(aq)     6.3478E+00  -3.00   1.00   0.00   0.00   0.00   0.00   0.00   0.00   0.00   0.00   0.00   0.00   0.00   0.00   0.00   0.00   0.00
 HSO4-        -4.5986E+00   1.00   0.00   0.00   0.00   0.00   0.00   0.00   0.00   0.00   0.00   0.00   1.00   0.00   0.00   0.00   0.00   0.00
 KCl(aq)      -3.5482E-01   0.00   0.00   0.00   0.00   0.00   0.00   0.00   1.00   1.00   0.00   0.00   0.00   0.00   0.00   0.00   0.00   0.00
 KOH(aq)       1.0566E+01  -1.00   0.00   0.00   0.00   0.00   0.00   0.00   0.00   1.00   0.00   0.00   0.00   0.00   0.00   0.00   0.00   0.00
 KSO4-        -1.9276E+00   0.00   0.00   0.00   0.00   0.00   0.00   0.00   0.00   1.00   0.00   0.00   1.00   0.00   0.00   0.00   0.00   0.00
 NH3(aq)       3.4795E+01   1.00   0.00   0.00   0.00   0.00   0.00   0.00   0.00   0.00   0.00   0.00   0.00  -2.00   0.00   0.00   1.00   0.00
 NaAlO2(aq)    1.0829E+01  -4.00   1.00   0.00   0.00   0.00   0.00   0.00   0.00   0.00   1.00   0.00   0.00   0.00   0.00   0.00   0.00   0.00
 NaOH(aq)      1.1191E+01  -1.00   0.00   0.00   0.00   0.00   0.00   0.00   0.00   0.00   1.00   0.00   0.00   0.00   0.00   0.00   0.00   0.00
 NaSO4-       -1.6771E+00   0.00   0.00   0.00   0.00   0.00   0.00   0.00   0.00   0.00   1.00   0.00   1.00   0.00   0.00   0.00   0.00   0.00
 H2(aq)        2.7362E+01   0.00   0.00   0.00   0.00   0.00   0.00   0.00   0.00   0.00   0.00   0.00   0.00  -0.50   0.00   0.00   0.00   0.00
 CaHPO4(aq)   -5.0098E+00   0.00   0.00   0.00   0.00   1.00   0.00   0.00   0.00   0.00   0.00   0.00   0.00   0.00   0.00   1.00   0.00   0.00
 CaPO4-        2.3710E+00  -1.00   0.00   0.00   0.00   1.00   0.00   0.00   0.00   0.00   0.00   0.00   0.00   0.00   0.00   1.00   0.00   0.00
 FeCO3(aq)     1.1360E+01  -2.00   0.00   1.00   0.00   0.00   1.00   0.00   0.00   0.00   0.00   0.00   0.00   0.00   0.00   0.00   0.00   0.00
 FeH2PO4+     -1.0610E+01   1.00   0.00   0.00   0.00   0.00   1.00   0.00   0.00   0.00   0.00   0.00   0.00   0.00   0.00   1.00   0.00   0.00
 FeHPO4(aq)   -4.3089E+00   0.00   0.00   0.00   0.00   0.00   1.00   0.00   0.00   0.00   0.00   0.00   0.00   0.00   0.00   1.00   0.00   0.00
 FePO4-        3.7098E+00  -1.00   0.00   0.00   0.00   0.00   1.00   0.00   0.00   0.00   0.00   0.00   0.00   0.00   0.00   1.00   0.00   0.00
 KHPO4-       -3.6084E+00   0.00   0.00   0.00   0.00   0.00   0.00   0.00   0.00   1.00   0.00   0.00   0.00   0.00   0.00   1.00   0.00   0.00
 PO4---        1.2585E+01  -1.00   0.00   0.00   0.00   0.00   0.00   0.00   0.00   0.00   0.00   0.00   0.00   0.00   0.00   1.00   0.00   0.00
 S--           9.2826E+01   0.00   0.00   0.00   0.00   0.00   0.00   0.00   0.00   0.00   0.00   0.00   1.00  -2.00   0.00   0.00   0.00   0.00

      MINERAL REACTIONS

 Mineral         log K         Stoichiometric Coefficients
                            H+     Al+++  CO2(aq Mg++   Ca++   Fe++   Fe+++  Cl-    K+     Na+    SiO2(a SO4--  O2(aq) B(OH)3 HPO4-- NO3-   H4SiO4 
 Forsterite    1.4653E+01  -4.00   0.00   0.00   2.00   0.00   0.00   0.00   0.00   0.00   0.00   0.00   0.00   0.00   0.00   0.00   0.00   1.00
 Enstatite(al  5.8383E+00  -2.00   0.00   0.00   1.00   0.00   0.00   0.00   0.00   0.00   0.00   0.00   0.00   0.00   0.00   0.00   0.00   1.00
 Anorthite     3.7368E+00  -8.00   2.00   0.00   0.00   1.00   0.00   0.00   0.00   0.00   0.00   0.00   0.00   0.00   0.00   0.00   0.00   2.00
 Ferropargasi  3.0065E+01 -22.00   3.00   0.00   0.00   2.00   4.00   0.00   0.00   0.00   1.00   0.00   0.00   0.00   0.00   0.00   0.00   6.00
 Anhydrite    -7.4093E+00   0.00   0.00   0.00   0.00   1.00   0.00   0.00   0.00   0.00   0.00   0.00   1.00   0.00   0.00   0.00   0.00   0.00
 Clinochlore   2.3534E+01 -16.00   2.00   0.00   5.00   0.00   0.00   0.00   0.00   0.00   0.00   0.00   0.00   0.00   0.00   0.00   0.00   3.00
 Albite(low)  -2.2336E+00  -4.00   1.00   0.00   0.00   0.00   0.00   0.00   0.00   0.00   1.00   0.00   0.00   0.00   0.00   0.00   0.00   3.00

     GAS REACTIONS

 Gases           log K         Stoichiometric Coefficients
                            H+     Al+++  CO2(aq Mg++   Ca++   Fe++   Fe+++  Cl-    K+     Na+    SiO2(a SO4--  O2(aq) B(OH)3 HPO4-- NO3-   H4SiO4 
 CO2(g)       -2.0265E+00   0.00   0.00   1.00   0.00   0.00   0.00   0.00   0.00   0.00   0.00   0.00   0.00   0.00   0.00   0.00   0.00   0.00
 O2(g)        -2.8952E+00   0.00   0.00   0.00   0.00   0.00   0.00   0.00   0.00   0.00   0.00   0.00   0.00   1.00   0.00   0.00   0.00   0.00

  ***KINETIC INPUTS***

   MINERAL


  ******  GEOCHEMICAL CONDITIONS INPUT  ******


  Condition Label: seawater


  Primary species    itype     guess      Total conc.  Constraint phase
  H+                   7    7.0795E-09    0.0000E+00                       
  Al+++                1    1.0000E-06    3.7000E-08                       
  CO2(aq)              1    1.0000E-06    9.5000E-06                       
  Mg++                 1    1.0000E-06    5.1100E-02                       
  Ca++                 1    1.0000E-06    1.0400E-02                       
  Fe++                 1    1.0000E-06    2.6000E-08                       
  Fe+++                1    1.0000E-06    1.0000E-13                       
  Cl-                  2    1.0000E-06    0.0000E+00                       
  K+                   1    1.0000E-06    1.2000E-02                       
  Na+                  1    1.0000E-06    4.7400E-01                       
  SiO2(aq)             1    1.0000E-06    1.7000E-04                       
  SO4--                1    1.0000E-06    2.8000E-02                       
  O2(aq)               1    1.0000E-06    1.8000E-04                       
  B(OH)3(aq)           1    1.0000E-06    4.0000E-04                       
  HPO4--               1    1.0000E-06    1.7000E-06                       
  NO3-                 1    1.0000E-06    3.9000E-05                       
  H4SiO4(aq)           1    1.0000E-06    1.0000E-15                       

  Porosity for this chemical condition =   0.1000



   ********  SPECIATION OF GEOCHEMICAL CONDITIONS  ********


 *********************************************
  ---> GEOCHEMICAL CONDITION: seawater

  Temperature (C)         =    200.000
  Porosity                =      0.100
  Liquid Saturation       =      1.000
  Liquid Density (kg/m^3) =    862.334
  Solid Density (kg/m^3)  =   3102.765
  Solid:Solution Ratio    =  32382.923
  Ionic Strength          =      0.649
  Solution pH             =      8.150
  Solution pe and Eh require H2(g) be included
  Total Charge            =  1.184E-17

 Total Aqueous Concentrations of Primary Species  
 --------------------------------------- 

 Species                Molality     Constraint    Constraint Phase 
 H+                  -3.2345E-03     Activity                        
 Al+++                3.7000E-08     Total                           
 CO2(aq)              9.5000E-06     Total                           
 Mg++                 5.1100E-02     Total                           
 Ca++                 1.0400E-02     Total                           
 Fe++                 2.6000E-08     Total                           
 Fe+++                1.0000E-13     Total                           
 Cl-                  5.4972E-01     Charge                          
 K+                   1.2000E-02     Total                           
 Na+                  4.7400E-01     Total                           
 SiO2(aq)             1.7000E-04     Total                           
 SO4--                2.8000E-02     Total                           
 O2(aq)               1.8000E-04     Total                           
 B(OH)3(aq)           4.0000E-04     Total                           
 HPO4--               1.7000E-06     Total                           
 NO3-                 3.9000E-05     Total                           
 H4SiO4(aq)           1.0000E-15     Total                           

 Concentrations of Individual Species, Exchangers, and Surface Complexes 
 ----------------------------------------------------------------------- 

                           Log        Log                                 Activity
 Species              Molality   Activity      Molality      Activity   Coefficient    Type
  H+                    -8.001     -8.150     9.970E-09     7.079E-09     7.101E-01  Aqueous 
  Al+++                -27.498    -29.080     3.178E-28     8.318E-30     2.618E-02  Aqueous 
  CO2(aq)               -6.345     -6.281     4.514E-07     5.241E-07     1.161E+00  Aqueous 
  Mg++                  -1.292     -2.159     5.110E-02     6.936E-03     1.357E-01  Aqueous 
  Ca++                  -2.404     -3.319     3.943E-03     4.795E-04     1.216E-01  Aqueous 
  Fe++                  -9.331    -10.246     4.663E-10     5.669E-11     1.216E-01  Aqueous 
  Fe+++                -13.000    -14.582     1.000E-13     2.618E-15     2.618E-02  Aqueous 
  Cl-                   -0.265     -0.582     5.431E-01     2.619E-01     4.821E-01  Aqueous 
  K+                    -2.037     -2.354     9.186E-03     4.429E-03     4.821E-01  Aqueous 
  Na+                   -0.339     -0.601     4.581E-01     2.506E-01     5.471E-01  Aqueous 
  SiO2(aq)              -3.770     -3.705     1.700E-04     1.974E-04     1.161E+00  Aqueous 
  SO4--                 -1.959     -3.130     1.099E-02     7.416E-04     6.747E-02  Aqueous 
  O2(aq)                -3.745     -3.680     1.800E-04     2.090E-04     1.161E+00  Aqueous 
  B(OH)3(aq)            -3.398     -3.333     4.000E-04     4.645E-04     1.161E+00  Aqueous 
  HPO4--                -7.412     -8.583     3.870E-08     2.611E-09     6.747E-02  Aqueous 
  NO3-                  -4.409     -4.726     3.900E-05     1.880E-05     4.821E-01  Aqueous 
  H4SiO4(aq)           -15.000    -14.935     1.000E-15     1.161E-15     1.161E+00  Aqueous 
  HNO3(aq)             -12.529    -12.464     2.957E-13     3.433E-13     1.161E+00  Aqueous 
  Al(OH)2+             -15.241    -15.507     5.744E-16     3.114E-16     5.422E-01  Aqueous 
  AlO2-                 -7.579     -7.866     2.639E-08     1.363E-08     5.164E-01  Aqueous 
  AlOH++               -21.140    -22.086     7.250E-22     8.204E-23     1.132E-01  Aqueous 
  HCO3-                 -5.057     -5.319     8.761E-06     4.793E-06     5.471E-01  Aqueous 
  CO3--                 -6.541     -7.636     2.877E-07     2.313E-08     8.039E-02  Aqueous 
  CaCl+                 -2.406     -2.671     3.930E-03     2.131E-03     5.422E-01  Aqueous 
  CaCl2(aq)             -3.696     -3.631     2.012E-04     2.336E-04     1.161E+00  Aqueous 
  CaOH+                 -2.797     -3.063     1.595E-03     8.646E-04     5.422E-01  Aqueous 
  CaSO4(aq)             -3.137     -3.072     7.289E-04     8.464E-04     1.161E+00  Aqueous 
  FeCl+                 -8.265     -8.531     5.433E-09     2.946E-09     5.422E-01  Aqueous 
  FeCl2(aq)            -10.757    -10.692     1.752E-11     2.034E-11     1.161E+00  Aqueous 
  FeOH+                 -7.703     -7.969     1.980E-08     1.074E-08     5.422E-01  Aqueous 
  FeSO4(aq)             -9.555     -9.490     2.788E-10     3.238E-10     1.161E+00  Aqueous 
  OH-                   -2.848     -3.140     1.418E-03     7.245E-04     5.109E-01  Aqueous 
  HS-                  -83.072    -83.364     8.469E-84     4.327E-84     5.109E-01  Aqueous 
  H2S(aq)              -84.903    -84.838     1.249E-85     1.451E-85     1.161E+00  Aqueous 
  H2PO4-                -8.555     -8.817     2.787E-09     1.525E-09     5.471E-01  Aqueous 
  H3PO4(aq)            -13.759    -13.694     1.742E-14     2.023E-14     1.161E+00  Aqueous 
  HAlO2(aq)            -11.043    -10.978     9.064E-12     1.052E-11     1.161E+00  Aqueous 
  HSO4-                 -6.394     -6.681     4.034E-07     2.083E-07     5.164E-01  Aqueous 
  KCl(aq)               -2.646     -2.581     2.261E-03     2.625E-03     1.161E+00  Aqueous 
  KOH(aq)               -4.834     -4.769     1.465E-05     1.701E-05     1.161E+00  Aqueous 
  KSO4-                 -3.269     -3.556     5.383E-04     2.780E-04     5.164E-01  Aqueous 
  NH3(aq)              -40.376    -40.311     4.208E-41     4.886E-41     1.161E+00  Aqueous 
  NaAlO2(aq)            -7.975     -7.910     1.060E-08     1.231E-08     1.161E+00  Aqueous 
  NaOH(aq)              -3.707     -3.642     1.965E-04     2.282E-04     1.161E+00  Aqueous 
  NaSO4-                -1.803     -2.054     1.574E-02     8.835E-03     5.613E-01  Aqueous 
  H2(aq)               -25.587    -25.522     2.588E-26     3.005E-26     1.161E+00  Aqueous 
  CaHPO4(aq)            -6.958     -6.893     1.103E-07     1.280E-07     1.161E+00  Aqueous 
  CaPO4-                -5.836     -6.123     1.457E-06     7.525E-07     5.164E-01  Aqueous 
  FeCO3(aq)            -11.652    -11.587     2.227E-12     2.586E-12     1.161E+00  Aqueous 
  FeH2PO4+             -16.104    -16.370     7.871E-17     4.268E-17     5.422E-01  Aqueous 
  FeHPO4(aq)           -14.586    -14.521     2.596E-15     3.014E-15     1.161E+00  Aqueous 
  FePO4-               -14.102    -14.390     7.898E-15     4.078E-15     5.164E-01  Aqueous 
  KHPO4-                -7.041     -7.329     9.089E-08     4.693E-08     5.164E-01  Aqueous 
  PO4---               -10.346    -13.018     4.511E-11     9.586E-14     2.125E-03  Aqueous 
  S--                  -87.568    -88.596     2.704E-88     2.537E-89     9.381E-02  Aqueous 


  ****** Partial pressure of gases (bars) *****

 CO2(g)               5.57082707E-05
 O2(g)                1.64195015E-01

  ****** Saturation state of minerals (log[Q/K] *****

  Forsterite               -1.3055
  Enstatite(alpha)         -6.6323
  Anorthite               -29.8863
  Ferropargasite          -75.8409
  Anhydrite                 0.9602
  Clinochlore              -6.8938
  Albite(low)             -39.6528

                SPECIATION OF  
      INITIAL AND BOUNDARY CONDITIONS 
           SUCCESSFULLY COMPLETED


   NZ =            1

  Cell  Distance (m)
   1    5.000E-01


 Number of heterogeneities =            1


 Parameters for this run:

  Maximum timestep (yrs) =    1.000E+04
  Maximum timestep (yrs) =    1.000E-12

 --> Porosity set by "fix_porosity" or "set_porosity" keywords
 ----> No update of porosity
 --> Extended Debye-Huckel activity model used
 --> Activity coefficients only computed
     at beginning of time step 

  Temperature (C) at J = 1           200.00
  Temperature gradient (C/m) =         0.00

 Graphics files printed at (yrs)
   1.0000E+00
   2.0000E+00
   3.5000E+00


   Running in batch mode


  Constant velocities have been specified

   X Darcy velocity =    0.0000000000000000     
   Y Darcy velocity =    0.0000000000000000     


  Constant gas velocities have been specified

   X gas flux  =    0.0000000000000000     
   Y gas flux  =    0.0000000000000000     
   Z gas flux  =    0.0000000000000000     




   Using constant diffusion coefficient
  Diffusion coefficient (m**2/yr) =       0.0000E+00


  Longitudinal dispersivity (m) =     0.0000E+00
  Transverse dispersivity (m) =       0.0000E+00


         INITIALIZATION COMPLETED 
          STARTING TIMESTEPPING 

