# Time series at grid cell:  17   1   1
VARIABLES = "Time (yrs) " , "pH                 ", "Ca++               ", "K+                 ", "SO4--              ", "Mg++               ", "H4SiO4(aq)         ", "
  1.00000E-13                8.92935666763609E+00   1.04000000000000E-02   1.20000000000000E-02   2.80000000000000E-02   5.10999072295590E-02   1.69944364779178E-04
  2.00000E-13                8.92800026102737E+00   1.04000000000000E-02   1.20000000000000E-02   2.80000000000000E-02   5.10999069644679E-02   1.69944232233298E-04
  3.00000E-13                8.92798150171133E+00   1.04000000000000E-02   1.20000000000000E-02   2.80000000000000E-02   5.10999066994499E-02   1.69944099723955E-04
  4.00000E-13                8.92798116452694E+00   1.04000000000000E-02   1.20000000000000E-02   2.80000000000000E-02   5.10999064344333E-02   1.69943967215315E-04
  5.00000E-13                8.92798108109928E+00   1.04000000000000E-02   1.20000000000000E-02   2.80000000000000E-02   5.10999061694172E-02   1.69943834706883E-04
  7.00000E-13                8.92798092121582E+00   1.04000000000000E-02   1.20000000000000E-02   2.80000000000000E-02   5.10999056393864E-02   1.69943569690829E-04
  1.10000E-12                8.92798060154673E+00   1.04000000000000E-02   1.20000000000000E-02   2.79999999999999E-02   5.10999045793313E-02   1.69943039661956E-04
  1.90000E-12                8.92797996221709E+00   1.04000000000000E-02   1.20000000000000E-02   2.80000000000000E-02   5.10999024592471E-02   1.69941979617152E-04
  3.50000E-12                8.92797868358667E+00   1.04000000000000E-02   1.20000000000000E-02   2.79999999999999E-02   5.10998982191822E-02   1.69939859579303E-04
  6.70000E-12                8.92797612644125E+00   1.04000000000000E-02   1.20000000000000E-02   2.79999999999998E-02   5.10998897394665E-02   1.69935619710633E-04
  1.31000E-11                8.92797101261203E+00   1.04000000000000E-02   1.20000000000001E-02   2.79999999999997E-02   5.10998727816911E-02   1.69927140801283E-04
  2.59000E-11                8.92796078679950E+00   1.04000000000000E-02   1.20000000000001E-02   2.79999999999994E-02   5.10998388727621E-02   1.69910186293555E-04
  5.15000E-11                8.92794034255391E+00   1.03999999999999E-02   1.20000000000002E-02   2.79999999999988E-02   5.10997710813761E-02   1.69876290514147E-04
  1.02700E-10                8.92789948354690E+00   1.03999999999998E-02   1.20000000000005E-02   2.79999999999977E-02   5.10996356043670E-02   1.69808551836852E-04
  2.05100E-10                8.92781788320132E+00   1.03999999999996E-02   1.20000000000009E-02   2.79999999999955E-02   5.10993650724004E-02   1.69673285508455E-04
  4.09900E-10                8.92765515104969E+00   1.03999999999992E-02   1.20000000000019E-02   2.79999999999910E-02   5.10988256887222E-02   1.69403592980857E-04
  8.19500E-10                8.92733154402695E+00   1.03999999999983E-02   1.20000000000037E-02   2.79999999999820E-02   5.10977535795193E-02   1.68867537009236E-04
  1.63870E-09                8.92669162713349E+00   1.03999999999966E-02   1.20000000000074E-02   2.79999999999639E-02   5.10956355023717E-02   1.67808495721692E-04
  3.27710E-09                8.92543997256076E+00   1.03999999999932E-02   1.20000000000149E-02   2.79999999999279E-02   5.10915001580663E-02   1.65740818244708E-04
  6.55390E-09                8.92304197666751E+00   1.03999999999864E-02   1.20000000000297E-02   2.79999999998557E-02   5.10836052128028E-02   1.61793335352980E-04
  1.31075E-08                8.91861691841219E+00   1.03999999999726E-02   1.20000000000594E-02   2.79999999997111E-02   5.10691320046199E-02   1.54556712131920E-04
  2.62147E-08                8.91094981829604E+00   1.03999999999443E-02   1.20000000001188E-02   2.79999999994214E-02   5.10443455904490E-02   1.42163471343189E-04
  5.24291E-08                8.89886860820650E+00   1.03999999998858E-02   1.20000000002376E-02   2.79999999988399E-02   5.10060267085965E-02   1.23003976104674E-04
  1.04858E-07                8.88209101657044E+00   1.03999999997632E-02   1.20000000004753E-02   2.79999999976715E-02   5.09542773496211E-02   9.71292197055084E-05
  2.09716E-07                8.86208115278729E+00   1.03999999995057E-02   1.20000000009505E-02   2.79999999953222E-02   5.08947231534146E-02   6.73520310069549E-05
  4.19431E-07                8.84215685514468E+00   1.03999999989664E-02   1.20000000019009E-02   2.79999999905995E-02   5.08376856418481E-02   3.88331969385623E-05
  8.38861E-07                8.82644748292793E+00   1.03999999978508E-02   1.20000000038017E-02   2.79999999811171E-02   5.07942507453055E-02   1.71157266223973E-05
  1.67772E-06                8.81756843039801E+00   1.03999999955775E-02   1.20000000076029E-02   2.79999999621101E-02   5.07702791723464E-02   5.13002905368045E-06
  3.35544E-06                8.81441950325901E+00   1.03999999909993E-02   1.20000000152034E-02   2.79999999240650E-02   5.07618713319924E-02   9.26374963142432E-07
  6.71089E-06                8.81379322019781E+00   1.03999999818278E-02   1.20000000303977E-02   2.79999998479609E-02   5.07602023397297E-02   9.24453941937752E-08
  1.34218E-05                8.81372698858949E+00   1.03999999634758E-02   1.20000000607589E-02   2.79999996957493E-02   5.07600249254861E-02   4.87850635282458E-09
  2.68435E-05                8.81372208536392E+00   1.03999999267495E-02   1.20000001213716E-02   2.79999993913255E-02   5.07600109142458E-02   1.54179279740816E-10
  5.36871E-05                8.81371919364394E+00   1.03999998532099E-02   1.20000002421588E-02   2.79999987824775E-02   5.07600015240470E-02   2.54349370175465E-11
  1.07374E-04                8.81371361735048E+00   1.03999997057834E-02   1.20000004819822E-02   2.79999975647803E-02   5.07599832893400E-02   2.32216761716023E-11
  2.14748E-04                8.81370248721909E+00   1.03999994095404E-02   1.20000009546389E-02   2.79999951293812E-02   5.07599468825030E-02   2.32206554091185E-11
  4.29497E-04                8.81368029227055E+00   1.03999988114975E-02   1.20000018721011E-02   2.79999902585643E-02   5.07598742674340E-02   2.33312029925901E-11
  8.58993E-04                8.81363616120122E+00   1.03999975932018E-02   1.20000035964785E-02   2.79999805168560E-02   5.07597298251253E-02   2.35525486106616E-11
  1.71799E-03                8.81354892106997E+00   1.03999950679140E-02   1.20000066095316E-02   2.79999610331467E-02   5.07594440522369E-02   2.39898829255652E-11
  3.43597E-03                8.81337878965761E+00   1.03999896636918E-02   1.20000107034259E-02   2.79999220645990E-02   5.07588857308700E-02   2.49220449221906E-11
  6.87195E-03                8.81305676630337E+00   1.03999774496507E-02   1.20000121451590E-02   2.79998441233353E-02   5.07578236629361E-02   2.68523328147733E-11
  1.37439E-02                8.81241890498529E+00   1.03999474661544E-02   1.20000150286207E-02   2.79996882246387E-02   5.07557271437359E-02   2.72652793309261E-11
  2.74878E-02                8.81114708741010E+00   1.03998657459447E-02   1.20000207955262E-02   2.79993763648442E-02   5.07515883371182E-02   2.75909326930754E-11
  5.49756E-02                8.80862825196693E+00   1.03995845192967E-02   1.20000323292658E-02   2.79987524199891E-02   5.07436046754040E-02   2.82468894051988E-11
  1.00000E-01                8.80448562839410E+00   1.03990897240900E-02   1.20000512210948E-02   2.79977298129830E-02   5.07306117385373E-02   2.93590867711002E-11
  1.90049E-01                8.79609741076669E+00   1.03980977740626E-02   1.20000890039853E-02   2.79956822386993E-02   5.07046277815675E-02   3.17445337299425E-11
  3.70147E-01                8.77889674226652E+00   1.03961044946809E-02   1.20001645666962E-02   2.79915777081747E-02   5.06526757389335E-02   3.72462389519249E-11
  7.30342E-01                8.74266612084156E+00   1.03920809199926E-02   1.20003156798367E-02   2.79833316206784E-02   5.05489146057366E-02   5.20671243954164E-11
  1.00000E+00                8.71378099331222E+00   1.03890464211280E-02   1.20004288029214E-02   2.79771359644055E-02   5.04713804077260E-02   6.78807431427151E-11
  1.53932E+00                8.65068822287751E+00   1.03828977610684E-02   1.20006550215556E-02   2.79646649659368E-02   5.03173207942666E-02   1.20516688811352E-10
  2.00000E+00                8.59002682417216E+00   1.03775851103825E-02   1.20008482373181E-02   2.79539517781329E-02   5.01869506953156E-02   2.07794854230238E-10
  2.92137E+00                8.44315405457350E+00   1.03667504202166E-02   1.20012345884657E-02   2.79323159448546E-02   4.99335650384281E-02   7.65318741350934E-10
  3.50000E+00                8.32444591345442E+00   1.03598593685239E-02   1.20014771910717E-02   2.79186416343498E-02   4.97786395137861E-02   2.17025912789545E-09
  4.65727E+00                7.96735579322146E+00   1.03458310333956E-02   1.20019622694552E-02   2.78910466728996E-02   4.94844904384880E-02   5.24252226105904E-08
  6.97180E+00                7.12107016856082E+00   1.03180506406275E-02   1.20029319187782E-02   2.78361325925064E-02   4.90207866894587E-02   6.59238621089448E-05
  7.00000E+00                7.11363973149263E+00   1.03177108039120E-02   1.20029437347606E-02   2.78354621156210E-02   4.90152211621715E-02   6.67936802363301E-05
  7.05641E+00                7.09933513537282E+00   1.03170315738077E-02   1.20029673664241E-02   2.78341216049185E-02   4.90043855238197E-02   6.87584213705136E-05
  7.16923E+00                7.07340577683903E+00   1.03156750967012E-02   1.20030146285453E-02   2.78314425655819E-02   4.89835884738449E-02   7.33254171915471E-05
  7.39487E+00                7.02840650242618E+00   1.03129703598602E-02   1.20031091479648E-02   2.78260927001464E-02   4.89442243345498E-02   8.39897756674352E-05
  7.84614E+00                6.95383307397419E+00   1.03075948904879E-02   1.20032981675114E-02   2.78154269570458E-02   4.88703568992747E-02   1.08439577854553E-04
  8.74869E+00                6.83586285548829E+00   1.02969834936048E-02   1.20036761294275E-02   2.77942349465374E-02   4.87315137508754E-02   1.62876983405064E-04
  1.05000E+01                6.66091883444609E+00   1.02769227728456E-02   1.20044092384339E-02   2.77536432943955E-02   4.84738550310769E-02   2.76763573087376E-04
