# Time series at grid cell:   1   1   1
VARIABLES = "Time (yrs) " , "pH                 ", "Ca++               ", "SO4--              ", "Mg++               ", "SiO2(aq)           ", "
  1.00000E-12                8.15096894300528E+00   1.03999997347621E-02   2.79999996981916E-02   5.11000018285995E-02   1.70000000000000E-04
  2.00000E-12                8.15098020528714E+00   1.03999994694642E-02   2.79999993963232E-02   5.11000035749804E-02   1.70000000000000E-04
  3.00000E-12                8.15098077478191E+00   1.03999992041653E-02   2.79999990944538E-02   5.11000052409898E-02   1.70000000000000E-04
  4.00000E-12                8.15098115373457E+00   1.03999989388665E-02   2.79999987925845E-02   5.11000068284762E-02   1.70000000000000E-04
  5.00000E-12                8.15098151202257E+00   1.03999986735678E-02   2.79999984907152E-02   5.11000083392887E-02   1.70000000000000E-04
  7.00000E-12                8.15098219368227E+00   1.03999981429705E-02   2.79999978869769E-02   5.11000112112673E-02   1.70000000000000E-04
  1.10000E-11                8.15098341891100E+00   1.03999970817767E-02   2.79999966795010E-02   5.11000163634120E-02   1.70000000000000E-04
  1.90000E-11                8.15098532824380E+00   1.03999949593916E-02   2.79999942645516E-02   5.11000243485958E-02   1.70000000000000E-04
  3.50000E-11                8.15098613740199E+00   1.03999907146261E-02   2.79999894346577E-02   5.11000274211979E-02   1.70000000000000E-04
  6.70000E-11                8.15098632319127E+00   1.03999822251080E-02   2.79999797748827E-02   5.11000274235396E-02   1.70000000000000E-04
  1.31000E-10                8.15098669533056E+00   1.03999652461232E-02   2.79999604553842E-02   5.11000274282229E-02   1.70000000000000E-04
  2.59000E-10                8.15098743968795E+00   1.03999312883592E-02   2.79999218165927E-02   5.11000274375897E-02   1.70000000000000E-04
  5.15000E-10                8.15098892838959E+00   1.03998633736537E-02   2.79998445398321E-02   5.11000274563232E-02   1.70000000000000E-04
  1.02700E-09                8.15099190573500E+00   1.03997275475326E-02   2.79996899896009E-02   5.11000274937901E-02   1.70000000000000E-04
  2.05100E-09                8.15099786019423E+00   1.03994559084485E-02   2.79993809022967E-02   5.11000275687240E-02   1.70000000000000E-04
  4.09900E-09                8.15100976818645E+00   1.03989126829075E-02   2.79987627803154E-02   5.11000277185917E-02   1.70000000000000E-04
  8.19500E-09                8.15103358046668E+00   1.03978264422843E-02   2.79975267468122E-02   5.11000280183273E-02   1.70000000000000E-04
  1.63870E-08                8.15108119021593E+00   1.03956548024801E-02   2.79950555212500E-02   5.11000286177984E-02   1.70000000000000E-04
  3.27710E-08                8.15117635051504E+00   1.03913148854960E-02   2.79901164327572E-02   5.11000298167406E-02   1.70000000000000E-04
  6.55390E-08                8.15136643467872E+00   1.03826484769235E-02   2.79802516811969E-02   5.11000322146251E-02   1.70000000000000E-04
  1.31075E-07                8.15174566016043E+00   1.03653691614133E-02   2.79605756798299E-02   5.11000370103939E-02   1.70000000000000E-04
  2.62147E-07                8.15250036270880E+00   1.03310229510425E-02   2.79214360982210E-02   5.11000466019317E-02   1.70000000000000E-04
  5.24291E-07                8.15399495515658E+00   1.02631677407838E-02   2.78439941473880E-02   5.11000657850071E-02   1.70000000000000E-04
  1.04858E-06                8.15692629535920E+00   1.01307096999828E-02   2.76923626330449E-02   5.11001041511580E-02   1.70000000000000E-04
  2.09716E-06                8.16256821293257E+00   9.87808076285529E-03   2.74013867792607E-02   5.11001808834599E-02   1.70000000000000E-04
  4.19431E-06                8.17304503861142E+00   9.41687919163521E-03   2.68634914964360E-02   5.11003343480635E-02   1.70000000000000E-04
  8.38861E-06                8.19126677539748E+00   8.63845759371497E-03   2.59316829621416E-02   5.11006412772704E-02   1.70000000000000E-04
  1.67772E-05                8.21956371180154E+00   7.48617111929410E-03   2.44726245623120E-02   5.11012551356835E-02   1.70000000000000E-04
  3.35544E-05                8.25607724223427E+00   6.09373669759174E-03   2.24666540791375E-02   5.11024828525063E-02   1.70000000000000E-04
  6.71089E-05                8.29101205004063E+00   4.85617232449620E-03   2.00020487403805E-02   5.11049382861383E-02   1.70000000000000E-04
  1.34218E-04                8.30914956708583E+00   4.26423801336221E-03   1.69561571262645E-02   5.11098491533482E-02   1.70000000000000E-04
  2.68435E-04                8.29525960200887E+00   4.78022315827155E-03   1.25647261722503E-02   5.11196708875514E-02   1.70000000000000E-04
  5.36871E-04                8.20521275271735E+00   8.14886185554151E-03   6.12052664925431E-03   5.11393143550915E-02   1.70000000000000E-04
  1.07374E-03                7.92568568256263E+00   2.31407074382055E-02   1.49467129710327E-03   5.11786012867061E-02   1.70000000000000E-04
  2.14748E-03                7.58926394354977E+00   6.13283335483971E-02   4.78794324334066E-04   5.12571751360736E-02   1.70000000000000E-04
  4.29497E-03                7.31597569407806E+00   1.39365542047527E-01   2.36565925241456E-04   5.14143227793614E-02   1.70000000000000E-04
  8.58993E-03                7.12305278224691E+00   2.95322350715005E-01   1.44571006066680E-04   5.17286178441481E-02   1.70000000000000E-04
  1.71799E-02                7.00108984668764E+00   6.05339235892103E-01   1.02477728139546E-04   5.23572070865658E-02   1.70000000000000E-04
  3.43597E-02                6.92207531083345E+00   1.21728959613881E+00   7.62243601287616E-05   5.36143820227799E-02   1.70000000000000E-04
  6.87195E-02                6.85651977336295E+00   2.40875571460604E+00   4.98797509052914E-05   5.61287177007329E-02   1.70000000000000E-04
  1.37439E-01                6.77777316951828E+00   4.66269351872301E+00   2.24627379410304E-05   6.11573322788186E-02   1.70000000000000E-04
  2.74878E-01                6.67357108783532E+00   8.66084784180046E+00   4.89301726526426E-06   7.12143343243491E-02   1.70000000000000E-04
  5.49756E-01                6.65378937582892E+00   1.46621068498551E+01   9.27662228102431E-05   9.13274299779733E-02   1.70000000000000E-04
  1.00000E+00                6.66958568047864E+00   1.60902549913243E+01   9.27663932497817E-05   1.24269278434501E-01   1.70000000000000E-04
  1.90049E+00                6.70674600509676E+00   1.60902550572140E+01   9.27664202414219E-05   1.90143226499075E-01   1.70000000000000E-04
  2.00000E+00                6.71083576145642E+00   1.60902550644955E+01   9.27664233794258E-05   1.97420703728905E-01   1.70000000000000E-04
  2.19902E+00                6.71900250852012E+00   1.60902550790586E+01   9.27664297483439E-05   2.11975182092360E-01   1.70000000000000E-04
  2.59707E+00                6.73527783659778E+00   1.60902551081853E+01   9.27664428569448E-05   2.41082234441763E-01   1.70000000000000E-04
  3.39316E+00                6.76754215876809E+00   1.60902551664401E+01   9.27664705466349E-05   2.99288721771699E-01   1.70000000000000E-04
  3.50000E+00                6.77183758086006E+00   1.60902551742581E+01   9.27664744101083E-05   3.07098099587445E-01   1.70000000000000E-04
