# Time series at grid cell:   1   1   1
VARIABLES = "Time (yrs) " , "pH                 ", "Ca++               ", "SO4--              ", "Mg++               ", "H4SiO4(aq)         ", "K+                 ", "O2(aq)             ", "Fe++               ", "Al+++              ", "
  1.00000E-50                7.97608518383726E+00   1.05996266300596E-02   2.79997515359228E-02   5.08021883045143E-02   4.36110282144434E-04   1.19999281142606E-02   1.79996980567282E-08   5.30002053281267E-05   3.87847356262912E-13
  2.00000E-50                7.97608519602550E+00   1.05996266300596E-02   2.79997515359228E-02   5.08021883045143E-02   4.36110282144434E-04   1.19999281142606E-02   1.79996980567282E-08   5.30002053281267E-05   3.87847356262913E-13
  3.00000E-50                7.97608519615463E+00   1.05996266300596E-02   2.79997515359228E-02   5.08021883045143E-02   4.36110282144434E-04   1.19999281142606E-02   1.79996980567282E-08   5.30002053281266E-05   3.87847356262910E-13
  4.00000E-50                7.97608519615600E+00   1.05996266300596E-02   2.79997515359228E-02   5.08021883045143E-02   4.36110282144435E-04   1.19999281142606E-02   1.79996980567282E-08   5.30002053281267E-05   3.87847356262910E-13
  5.00000E-50                7.97608519615602E+00   1.05996266300596E-02   2.79997515359228E-02   5.08021883045143E-02   4.36110282144435E-04   1.19999281142606E-02   1.79996980567282E-08   5.30002053281267E-05   3.87847356262916E-13
  7.00000E-50                7.97608519615602E+00   1.05996266300596E-02   2.79997515359228E-02   5.08021883045143E-02   4.36110282144435E-04   1.19999281142606E-02   1.79996980567282E-08   5.30002053281267E-05   3.87847356262919E-13
  1.10000E-49                7.97608519615602E+00   1.05996266300596E-02   2.79997515359228E-02   5.08021883045143E-02   4.36110282144435E-04   1.19999281142606E-02   1.79996980567282E-08   5.30002053281267E-05   3.87847356262919E-13
  1.90000E-49                7.97608519615602E+00   1.05996266300596E-02   2.79997515359228E-02   5.08021883045143E-02   4.36110282144435E-04   1.19999281142606E-02   1.79996980567282E-08   5.30002053281267E-05   3.87847356262919E-13
  3.50000E-49                7.97608519615602E+00   1.05996266300596E-02   2.79997515359228E-02   5.08021883045143E-02   4.36110282144435E-04   1.19999281142606E-02   1.79996980567282E-08   5.30002053281267E-05   3.87847356262919E-13
  6.70000E-49                7.97608519615602E+00   1.05996266300596E-02   2.79997515359228E-02   5.08021883045143E-02   4.36110282144435E-04   1.19999281142606E-02   1.79996980567282E-08   5.30002053281267E-05   3.87847356262919E-13
  1.31000E-48                7.97608519615602E+00   1.05996266300596E-02   2.79997515359228E-02   5.08021883045143E-02   4.36110282144435E-04   1.19999281142606E-02   1.79996980567282E-08   5.30002053281267E-05   3.87847356262919E-13
  2.59000E-48                7.97608519615602E+00   1.05996266300596E-02   2.79997515359228E-02   5.08021883045143E-02   4.36110282144435E-04   1.19999281142606E-02   1.79996980567282E-08   5.30002053281267E-05   3.87847356262919E-13
  5.15000E-48                7.97608519615602E+00   1.05996266300596E-02   2.79997515359228E-02   5.08021883045143E-02   4.36110282144435E-04   1.19999281142606E-02   1.79996980567282E-08   5.30002053281267E-05   3.87847356262919E-13
  1.02700E-47                7.97608519615602E+00   1.05996266300596E-02   2.79997515359228E-02   5.08021883045143E-02   4.36110282144435E-04   1.19999281142606E-02   1.79996980567282E-08   5.30002053281267E-05   3.87847356262919E-13
  2.05100E-47                7.97608519615602E+00   1.05996266300596E-02   2.79997515359228E-02   5.08021883045143E-02   4.36110282144435E-04   1.19999281142606E-02   1.79996980567282E-08   5.30002053281267E-05   3.87847356262919E-13
  4.09900E-47                7.97608519615602E+00   1.05996266300596E-02   2.79997515359228E-02   5.08021883045143E-02   4.36110282144435E-04   1.19999281142606E-02   1.79996980567282E-08   5.30002053281267E-05   3.87847356262919E-13
  8.19500E-47                7.97608519615602E+00   1.05996266300596E-02   2.79997515359228E-02   5.08021883045143E-02   4.36110282144435E-04   1.19999281142606E-02   1.79996980567282E-08   5.30002053281267E-05   3.87847356262919E-13
  1.63870E-46                7.97608519615602E+00   1.05996266300596E-02   2.79997515359228E-02   5.08021883045143E-02   4.36110282144435E-04   1.19999281142606E-02   1.79996980567282E-08   5.30002053281267E-05   3.87847356262919E-13
  3.27710E-46                7.97608519615602E+00   1.05996266300596E-02   2.79997515359228E-02   5.08021883045143E-02   4.36110282144435E-04   1.19999281142606E-02   1.79996980567282E-08   5.30002053281267E-05   3.87847356262919E-13
  6.55390E-46                7.97608519615602E+00   1.05996266300596E-02   2.79997515359228E-02   5.08021883045143E-02   4.36110282144435E-04   1.19999281142606E-02   1.79996980567282E-08   5.30002053281267E-05   3.87847356262919E-13
  1.31075E-45                7.97608519615602E+00   1.05996266300596E-02   2.79997515359228E-02   5.08021883045143E-02   4.36110282144435E-04   1.19999281142606E-02   1.79996980567282E-08   5.30002053281267E-05   3.87847356262919E-13
  2.62147E-45                7.97608519615602E+00   1.05996266300596E-02   2.79997515359228E-02   5.08021883045143E-02   4.36110282144435E-04   1.19999281142606E-02   1.79996980567282E-08   5.30002053281267E-05   3.87847356262919E-13
  5.24291E-45                7.97608519615602E+00   1.05996266300596E-02   2.79997515359228E-02   5.08021883045143E-02   4.36110282144435E-04   1.19999281142606E-02   1.79996980567282E-08   5.30002053281267E-05   3.87847356262919E-13
  1.04858E-44                7.97608519615602E+00   1.05996266300596E-02   2.79997515359228E-02   5.08021883045143E-02   4.36110282144435E-04   1.19999281142606E-02   1.79996980567282E-08   5.30002053281267E-05   3.87847356262919E-13
  2.09715E-44                7.97608519615602E+00   1.05996266300596E-02   2.79997515359228E-02   5.08021883045143E-02   4.36110282144435E-04   1.19999281142606E-02   1.79996980567282E-08   5.30002053281267E-05   3.87847356262919E-13
  4.19431E-44                7.97608519615602E+00   1.05996266300596E-02   2.79997515359228E-02   5.08021883045143E-02   4.36110282144435E-04   1.19999281142606E-02   1.79996980567282E-08   5.30002053281267E-05   3.87847356262919E-13
  8.38861E-44                7.97608519615602E+00   1.05996266300596E-02   2.79997515359228E-02   5.08021883045143E-02   4.36110282144435E-04   1.19999281142606E-02   1.79996980567282E-08   5.30002053281267E-05   3.87847356262919E-13
  1.67772E-43                7.97608519615602E+00   1.05996266300596E-02   2.79997515359228E-02   5.08021883045143E-02   4.36110282144435E-04   1.19999281142606E-02   1.79996980567282E-08   5.30002053281267E-05   3.87847356262919E-13
  3.35544E-43                7.97608519615602E+00   1.05996266300596E-02   2.79997515359228E-02   5.08021883045143E-02   4.36110282144435E-04   1.19999281142606E-02   1.79996980567282E-08   5.30002053281267E-05   3.87847356262919E-13
  6.71089E-43                7.97608519615602E+00   1.05996266300596E-02   2.79997515359228E-02   5.08021883045143E-02   4.36110282144435E-04   1.19999281142606E-02   1.79996980567282E-08   5.30002053281267E-05   3.87847356262919E-13
  1.34218E-42                7.97608519615602E+00   1.05996266300596E-02   2.79997515359228E-02   5.08021883045143E-02   4.36110282144435E-04   1.19999281142606E-02   1.79996980567282E-08   5.30002053281267E-05   3.87847356262919E-13
  2.68435E-42                7.97608519615602E+00   1.05996266300596E-02   2.79997515359228E-02   5.08021883045143E-02   4.36110282144435E-04   1.19999281142606E-02   1.79996980567282E-08   5.30002053281267E-05   3.87847356262919E-13
  5.36871E-42                7.97608519615602E+00   1.05996266300596E-02   2.79997515359228E-02   5.08021883045143E-02   4.36110282144435E-04   1.19999281142606E-02   1.79996980567282E-08   5.30002053281267E-05   3.87847356262919E-13
  1.07374E-41                7.97608519615602E+00   1.05996266300596E-02   2.79997515359228E-02   5.08021883045143E-02   4.36110282144435E-04   1.19999281142606E-02   1.79996980567282E-08   5.30002053281267E-05   3.87847356262919E-13
  2.14748E-41                7.97608519615602E+00   1.05996266300596E-02   2.79997515359228E-02   5.08021883045143E-02   4.36110282144435E-04   1.19999281142606E-02   1.79996980567282E-08   5.30002053281267E-05   3.87847356262919E-13
  4.29497E-41                7.97608519615602E+00   1.05996266300596E-02   2.79997515359228E-02   5.08021883045143E-02   4.36110282144435E-04   1.19999281142606E-02   1.79996980567282E-08   5.30002053281267E-05   3.87847356262919E-13
  8.58993E-41                7.97608519615602E+00   1.05996266300596E-02   2.79997515359228E-02   5.08021883045143E-02   4.36110282144435E-04   1.19999281142606E-02   1.79996980567282E-08   5.30002053281267E-05   3.87847356262919E-13
  1.71799E-40                7.97608519615602E+00   1.05996266300596E-02   2.79997515359228E-02   5.08021883045143E-02   4.36110282144435E-04   1.19999281142606E-02   1.79996980567282E-08   5.30002053281267E-05   3.87847356262919E-13
  3.43597E-40                7.97608519615602E+00   1.05996266300596E-02   2.79997515359228E-02   5.08021883045143E-02   4.36110282144435E-04   1.19999281142606E-02   1.79996980567282E-08   5.30002053281267E-05   3.87847356262919E-13
  6.87195E-40                7.97608519615602E+00   1.05996266300596E-02   2.79997515359228E-02   5.08021883045143E-02   4.36110282144435E-04   1.19999281142606E-02   1.79996980567282E-08   5.30002053281267E-05   3.87847356262919E-13
  1.37439E-39                7.97608519615602E+00   1.05996266300596E-02   2.79997515359228E-02   5.08021883045143E-02   4.36110282144435E-04   1.19999281142606E-02   1.79996980567282E-08   5.30002053281267E-05   3.87847356262919E-13
  2.74878E-39                7.97608519615602E+00   1.05996266300596E-02   2.79997515359228E-02   5.08021883045143E-02   4.36110282144435E-04   1.19999281142606E-02   1.79996980567282E-08   5.30002053281267E-05   3.87847356262919E-13
  5.49756E-39                7.97608519615602E+00   1.05996266300596E-02   2.79997515359228E-02   5.08021883045143E-02   4.36110282144435E-04   1.19999281142606E-02   1.79996980567282E-08   5.30002053281267E-05   3.87847356262919E-13
  1.09951E-38                7.97608519615602E+00   1.05996266300596E-02   2.79997515359228E-02   5.08021883045143E-02   4.36110282144435E-04   1.19999281142606E-02   1.79996980567282E-08   5.30002053281267E-05   3.87847356262919E-13
  2.19902E-38                7.97608519615602E+00   1.05996266300596E-02   2.79997515359228E-02   5.08021883045143E-02   4.36110282144435E-04   1.19999281142606E-02   1.79996980567282E-08   5.30002053281267E-05   3.87847356262919E-13
  4.39805E-38                7.97608519615602E+00   1.05996266300596E-02   2.79997515359228E-02   5.08021883045143E-02   4.36110282144435E-04   1.19999281142606E-02   1.79996980567282E-08   5.30002053281267E-05   3.87847356262919E-13
  8.79609E-38                7.97608519615602E+00   1.05996266300596E-02   2.79997515359228E-02   5.08021883045143E-02   4.36110282144435E-04   1.19999281142606E-02   1.79996980567282E-08   5.30002053281267E-05   3.87847356262919E-13
  1.75922E-37                7.97608519615602E+00   1.05996266300596E-02   2.79997515359228E-02   5.08021883045143E-02   4.36110282144435E-04   1.19999281142606E-02   1.79996980567282E-08   5.30002053281267E-05   3.87847356262919E-13
  3.51844E-37                7.97608519615602E+00   1.05996266300596E-02   2.79997515359228E-02   5.08021883045143E-02   4.36110282144435E-04   1.19999281142606E-02   1.79996980567282E-08   5.30002053281267E-05   3.87847356262919E-13
  7.03687E-37                7.97608519615602E+00   1.05996266300596E-02   2.79997515359228E-02   5.08021883045143E-02   4.36110282144435E-04   1.19999281142606E-02   1.79996980567282E-08   5.30002053281267E-05   3.87847356262919E-13
  1.40737E-36                7.97608519615602E+00   1.05996266300596E-02   2.79997515359228E-02   5.08021883045143E-02   4.36110282144435E-04   1.19999281142606E-02   1.79996980567282E-08   5.30002053281267E-05   3.87847356262919E-13
  2.81475E-36                7.97608519615602E+00   1.05996266300596E-02   2.79997515359228E-02   5.08021883045143E-02   4.36110282144435E-04   1.19999281142606E-02   1.79996980567282E-08   5.30002053281267E-05   3.87847356262919E-13
  5.62950E-36                7.97608519615602E+00   1.05996266300596E-02   2.79997515359228E-02   5.08021883045143E-02   4.36110282144435E-04   1.19999281142606E-02   1.79996980567282E-08   5.30002053281267E-05   3.87847356262919E-13
  1.12590E-35                7.97608519615602E+00   1.05996266300596E-02   2.79997515359228E-02   5.08021883045143E-02   4.36110282144435E-04   1.19999281142606E-02   1.79996980567282E-08   5.30002053281267E-05   3.87847356262919E-13
  2.25180E-35                7.97608519615602E+00   1.05996266300596E-02   2.79997515359228E-02   5.08021883045143E-02   4.36110282144435E-04   1.19999281142606E-02   1.79996980567282E-08   5.30002053281267E-05   3.87847356262919E-13
  4.50360E-35                7.97608519615602E+00   1.05996266300596E-02   2.79997515359228E-02   5.08021883045143E-02   4.36110282144435E-04   1.19999281142606E-02   1.79996980567282E-08   5.30002053281267E-05   3.87847356262919E-13
  9.00720E-35                7.97608519615602E+00   1.05996266300596E-02   2.79997515359228E-02   5.08021883045143E-02   4.36110282144435E-04   1.19999281142606E-02   1.79996980567282E-08   5.30002053281267E-05   3.87847356262919E-13
  1.80144E-34                7.97608519615602E+00   1.05996266300596E-02   2.79997515359228E-02   5.08021883045143E-02   4.36110282144435E-04   1.19999281142606E-02   1.79996980567282E-08   5.30002053281267E-05   3.87847356262919E-13
  3.60288E-34                7.97608519615602E+00   1.05996266300596E-02   2.79997515359228E-02   5.08021883045143E-02   4.36110282144435E-04   1.19999281142606E-02   1.79996980567282E-08   5.30002053281267E-05   3.87847356262919E-13
  7.20576E-34                7.97608519615602E+00   1.05996266300596E-02   2.79997515359228E-02   5.08021883045143E-02   4.36110282144435E-04   1.19999281142606E-02   1.79996980567282E-08   5.30002053281267E-05   3.87847356262919E-13
  1.44115E-33                7.97608519615602E+00   1.05996266300596E-02   2.79997515359228E-02   5.08021883045143E-02   4.36110282144435E-04   1.19999281142606E-02   1.79996980567282E-08   5.30002053281267E-05   3.87847356262919E-13
  2.88230E-33                7.97608519615602E+00   1.05996266300596E-02   2.79997515359228E-02   5.08021883045143E-02   4.36110282144435E-04   1.19999281142606E-02   1.79996980567282E-08   5.30002053281267E-05   3.87847356262919E-13
  5.76461E-33                7.97608519615602E+00   1.05996266300596E-02   2.79997515359228E-02   5.08021883045143E-02   4.36110282144435E-04   1.19999281142606E-02   1.79996980567282E-08   5.30002053281267E-05   3.87847356262919E-13
  1.15292E-32                7.97608519615602E+00   1.05996266300596E-02   2.79997515359228E-02   5.08021883045143E-02   4.36110282144435E-04   1.19999281142606E-02   1.79996980567282E-08   5.30002053281267E-05   3.87847356262919E-13
  2.30584E-32                7.97608519615602E+00   1.05996266300596E-02   2.79997515359228E-02   5.08021883045143E-02   4.36110282144435E-04   1.19999281142606E-02   1.79996980567282E-08   5.30002053281267E-05   3.87847356262919E-13
  4.61169E-32                7.97608519615602E+00   1.05996266300596E-02   2.79997515359228E-02   5.08021883045143E-02   4.36110282144435E-04   1.19999281142606E-02   1.79996980567282E-08   5.30002053281267E-05   3.87847356262919E-13
  9.22337E-32                7.97608519615602E+00   1.05996266300596E-02   2.79997515359228E-02   5.08021883045143E-02   4.36110282144435E-04   1.19999281142606E-02   1.79996980567282E-08   5.30002053281267E-05   3.87847356262919E-13
  1.84467E-31                7.97608519615602E+00   1.05996266300596E-02   2.79997515359228E-02   5.08021883045143E-02   4.36110282144435E-04   1.19999281142606E-02   1.79996980567282E-08   5.30002053281267E-05   3.87847356262919E-13
  3.68935E-31                7.97608519615602E+00   1.05996266300596E-02   2.79997515359228E-02   5.08021883045143E-02   4.36110282144435E-04   1.19999281142606E-02   1.79996980567282E-08   5.30002053281267E-05   3.87847356262919E-13
  7.37870E-31                7.97608519615602E+00   1.05996266300596E-02   2.79997515359228E-02   5.08021883045143E-02   4.36110282144435E-04   1.19999281142606E-02   1.79996980567282E-08   5.30002053281267E-05   3.87847356262919E-13
  1.47574E-30                7.97608519615602E+00   1.05996266300596E-02   2.79997515359228E-02   5.08021883045143E-02   4.36110282144435E-04   1.19999281142606E-02   1.79996980567282E-08   5.30002053281267E-05   3.87847356262919E-13
  2.95148E-30                7.97608519615602E+00   1.05996266300596E-02   2.79997515359228E-02   5.08021883045143E-02   4.36110282144435E-04   1.19999281142606E-02   1.79996980567282E-08   5.30002053281267E-05   3.87847356262919E-13
  5.90296E-30                7.97608519615602E+00   1.05996266300596E-02   2.79997515359228E-02   5.08021883045143E-02   4.36110282144435E-04   1.19999281142606E-02   1.79996980567282E-08   5.30002053281267E-05   3.87847356262919E-13
  1.18059E-29                7.97608519615602E+00   1.05996266300596E-02   2.79997515359228E-02   5.08021883045143E-02   4.36110282144435E-04   1.19999281142606E-02   1.79996980567282E-08   5.30002053281267E-05   3.87847356262919E-13
  2.36118E-29                7.97608519615602E+00   1.05996266300596E-02   2.79997515359228E-02   5.08021883045143E-02   4.36110282144435E-04   1.19999281142606E-02   1.79996980567282E-08   5.30002053281267E-05   3.87847356262919E-13
  4.72237E-29                7.97608519615602E+00   1.05996266300596E-02   2.79997515359228E-02   5.08021883045143E-02   4.36110282144435E-04   1.19999281142606E-02   1.79996980567282E-08   5.30002053281267E-05   3.87847356262919E-13
  9.44473E-29                7.97608519615602E+00   1.05996266300596E-02   2.79997515359228E-02   5.08021883045143E-02   4.36110282144435E-04   1.19999281142606E-02   1.79996980567282E-08   5.30002053281267E-05   3.87847356262919E-13
  1.88895E-28                7.97608519615602E+00   1.05996266300596E-02   2.79997515359228E-02   5.08021883045143E-02   4.36110282144435E-04   1.19999281142606E-02   1.79996980567282E-08   5.30002053281267E-05   3.87847356262919E-13
  3.77789E-28                7.97608519615602E+00   1.05996266300596E-02   2.79997515359228E-02   5.08021883045143E-02   4.36110282144435E-04   1.19999281142606E-02   1.79996980567282E-08   5.30002053281267E-05   3.87847356262919E-13
  7.55579E-28                7.97608519615602E+00   1.05996266300596E-02   2.79997515359228E-02   5.08021883045143E-02   4.36110282144435E-04   1.19999281142606E-02   1.79996980567282E-08   5.30002053281267E-05   3.87847356262919E-13
  1.51116E-27                7.97608519615602E+00   1.05996266300596E-02   2.79997515359228E-02   5.08021883045143E-02   4.36110282144435E-04   1.19999281142606E-02   1.79996980567282E-08   5.30002053281267E-05   3.87847356262919E-13
  3.02231E-27                7.97608519615602E+00   1.05996266300596E-02   2.79997515359228E-02   5.08021883045143E-02   4.36110282144435E-04   1.19999281142606E-02   1.79996980567282E-08   5.30002053281267E-05   3.87847356262919E-13
  6.04463E-27                7.97608519615602E+00   1.05996266300596E-02   2.79997515359228E-02   5.08021883045143E-02   4.36110282144435E-04   1.19999281142606E-02   1.79996980567282E-08   5.30002053281267E-05   3.87847356262919E-13
  1.20893E-26                7.97608519615602E+00   1.05996266300596E-02   2.79997515359228E-02   5.08021883045143E-02   4.36110282144435E-04   1.19999281142606E-02   1.79996980567282E-08   5.30002053281267E-05   3.87847356262919E-13
  2.41785E-26                7.97608519615602E+00   1.05996266300596E-02   2.79997515359228E-02   5.08021883045143E-02   4.36110282144435E-04   1.19999281142606E-02   1.79996980567282E-08   5.30002053281267E-05   3.87847356262919E-13
  4.83570E-26                7.97608519615602E+00   1.05996266300596E-02   2.79997515359228E-02   5.08021883045143E-02   4.36110282144435E-04   1.19999281142606E-02   1.79996980567282E-08   5.30002053281267E-05   3.87847356262919E-13
  9.67141E-26                7.97608519615602E+00   1.05996266300596E-02   2.79997515359228E-02   5.08021883045143E-02   4.36110282144435E-04   1.19999281142606E-02   1.79996980567282E-08   5.30002053281267E-05   3.87847356262919E-13
  1.93428E-25                7.97608519615602E+00   1.05996266300596E-02   2.79997515359228E-02   5.08021883045143E-02   4.36110282144435E-04   1.19999281142606E-02   1.79996980567282E-08   5.30002053281267E-05   3.87847356262919E-13
  3.86856E-25                7.97608519615602E+00   1.05996266300596E-02   2.79997515359228E-02   5.08021883045143E-02   4.36110282144435E-04   1.19999281142606E-02   1.79996980567282E-08   5.30002053281267E-05   3.87847356262919E-13
  7.73713E-25                7.97608519615602E+00   1.05996266300596E-02   2.79997515359228E-02   5.08021883045143E-02   4.36110282144435E-04   1.19999281142606E-02   1.79996980567282E-08   5.30002053281267E-05   3.87847356262919E-13
  1.54743E-24                7.97608519615602E+00   1.05996266300596E-02   2.79997515359228E-02   5.08021883045143E-02   4.36110282144435E-04   1.19999281142606E-02   1.79996980567282E-08   5.30002053281267E-05   3.87847356262919E-13
  3.09485E-24                7.97608519615602E+00   1.05996266300596E-02   2.79997515359228E-02   5.08021883045143E-02   4.36110282144435E-04   1.19999281142606E-02   1.79996980567282E-08   5.30002053281267E-05   3.87847356262919E-13
  6.18970E-24                7.97608519615602E+00   1.05996266300596E-02   2.79997515359228E-02   5.08021883045143E-02   4.36110282144435E-04   1.19999281142606E-02   1.79996980567282E-08   5.30002053281267E-05   3.87847356262919E-13
  1.23794E-23                7.97608519615602E+00   1.05996266300596E-02   2.79997515359228E-02   5.08021883045143E-02   4.36110282144435E-04   1.19999281142606E-02   1.79996980567282E-08   5.30002053281267E-05   3.87847356262916E-13
  2.47588E-23                7.97608519615602E+00   1.05996266300596E-02   2.79997515359228E-02   5.08021883045143E-02   4.36110282144435E-04   1.19999281142606E-02   1.79996980567282E-08   5.30002053281267E-05   3.87847356262911E-13
  4.95176E-23                7.97608519615602E+00   1.05996266300596E-02   2.79997515359228E-02   5.08021883045143E-02   4.36110282144435E-04   1.19999281142606E-02   1.79996980567282E-08   5.30002053281267E-05   3.87847356262902E-13
  9.90352E-23                7.97608519615602E+00   1.05996266300596E-02   2.79997515359228E-02   5.08021883045143E-02   4.36110282144435E-04   1.19999281142606E-02   1.79996980567282E-08   5.30002053281267E-05   3.87847356262886E-13
  1.98070E-22                7.97608519615602E+00   1.05996266300596E-02   2.79997515359228E-02   5.08021883045143E-02   4.36110282144435E-04   1.19999281142606E-02   1.79996980567282E-08   5.30002053281267E-05   3.87847356262853E-13
  3.96141E-22                7.97608519615602E+00   1.05996266300596E-02   2.79997515359228E-02   5.08021883045143E-02   4.36110282144435E-04   1.19999281142606E-02   1.79996980567282E-08   5.30002053281267E-05   3.87847356262787E-13
  7.92282E-22                7.97608519615602E+00   1.05996266300596E-02   2.79997515359228E-02   5.08021883045143E-02   4.36110282144435E-04   1.19999281142606E-02   1.79996980567282E-08   5.30002053281267E-05   3.87847356262652E-13
  1.58456E-21                7.97608519615602E+00   1.05996266300596E-02   2.79997515359228E-02   5.08021883045143E-02   4.36110282144435E-04   1.19999281142606E-02   1.79996980567282E-08   5.30002053281267E-05   3.87847356262384E-13
  3.16913E-21                7.97608519615602E+00   1.05996266300596E-02   2.79997515359228E-02   5.08021883045143E-02   4.36110282144435E-04   1.19999281142606E-02   1.79996980567282E-08   5.30002053281267E-05   3.87847356261847E-13
  6.33825E-21                7.97608519615602E+00   1.05996266300596E-02   2.79997515359228E-02   5.08021883045143E-02   4.36110282144435E-04   1.19999281142606E-02   1.79996980567282E-08   5.30002053281267E-05   3.87847356260772E-13
  1.26765E-20                7.97608519615602E+00   1.05996266300596E-02   2.79997515359228E-02   5.08021883045143E-02   4.36110282144435E-04   1.19999281142606E-02   1.79996980567282E-08   5.30002053281267E-05   3.87847356258623E-13
  2.53530E-20                7.97608519615602E+00   1.05996266300596E-02   2.79997515359228E-02   5.08021883045143E-02   4.36110282144435E-04   1.19999281142606E-02   1.79996980567282E-08   5.30002053281267E-05   3.87847356254323E-13
  5.07060E-20                7.97608519615602E+00   1.05996266300596E-02   2.79997515359228E-02   5.08021883045143E-02   4.36110282144435E-04   1.19999281142606E-02   1.79996980567282E-08   5.30002053281267E-05   3.87847356245728E-13
  1.01412E-19                7.97608519615602E+00   1.05996266300596E-02   2.79997515359228E-02   5.08021883045143E-02   4.36110282144435E-04   1.19999281142606E-02   1.79996980567282E-08   5.30002053281267E-05   3.87847356228537E-13
  2.02824E-19                7.97608519615602E+00   1.05996266300596E-02   2.79997515359228E-02   5.08021883045143E-02   4.36110282144435E-04   1.19999281142606E-02   1.79996980567282E-08   5.30002053281267E-05   3.87847356194156E-13
  4.05648E-19                7.97608519615602E+00   1.05996266300596E-02   2.79997515359228E-02   5.08021883045143E-02   4.36110282144435E-04   1.19999281142606E-02   1.79996980567282E-08   5.30002053281267E-05   3.87847356125390E-13
  8.11296E-19                7.97608519615602E+00   1.05996266300596E-02   2.79997515359228E-02   5.08021883045143E-02   4.36110282144435E-04   1.19999281142606E-02   1.79996980567282E-08   5.30002053281267E-05   3.87847355987858E-13
  1.62259E-18                7.97608519615602E+00   1.05996266300596E-02   2.79997515359228E-02   5.08021883045143E-02   4.36110282144435E-04   1.19999281142606E-02   1.79996980567282E-08   5.30002053281267E-05   3.87847355712796E-13
  3.24519E-18                7.97608519615602E+00   1.05996266300596E-02   2.79997515359228E-02   5.08021883045143E-02   4.36110282144435E-04   1.19999281142606E-02   1.79996980567282E-08   5.30002053281267E-05   3.87847355162674E-13
  6.49037E-18                7.97608519615602E+00   1.05996266300596E-02   2.79997515359228E-02   5.08021883045143E-02   4.36110282144435E-04   1.19999281142606E-02   1.79996980567282E-08   5.30002053281267E-05   3.87847354062432E-13
  1.29807E-17                7.97608519615602E+00   1.05996266300596E-02   2.79997515359228E-02   5.08021883045143E-02   4.36110282144435E-04   1.19999281142606E-02   1.79996980567282E-08   5.30002053281267E-05   3.87847351861958E-13
  2.59615E-17                7.97608519615602E+00   1.05996266300596E-02   2.79997515359228E-02   5.08021883045143E-02   4.36110282144435E-04   1.19999281142606E-02   1.79996980567282E-08   5.30002053281267E-05   3.87847347461046E-13
  5.19230E-17                7.97608519615602E+00   1.05996266300596E-02   2.79997515359228E-02   5.08021883045143E-02   4.36110282144435E-04   1.19999281142606E-02   1.79996980567282E-08   5.30002053281267E-05   3.87847338659367E-13
  1.03846E-16                7.97608519615602E+00   1.05996266300596E-02   2.79997515359228E-02   5.08021883045143E-02   4.36110282144435E-04   1.19999281142606E-02   1.79996980567282E-08   5.30002053281267E-05   3.87847321056582E-13
  2.07692E-16                7.97608519615602E+00   1.05996266300596E-02   2.79997515359228E-02   5.08021883045143E-02   4.36110282144435E-04   1.19999281142606E-02   1.79996980567282E-08   5.30002053281267E-05   3.87847285853311E-13
  4.15384E-16                7.97608519615602E+00   1.05996266300596E-02   2.79997515359228E-02   5.08021883045143E-02   4.36110282144435E-04   1.19999281142606E-02   1.79996980567282E-08   5.30002053281267E-05   3.87847215455946E-13
  8.30767E-16                7.97608519615601E+00   1.05996266300596E-02   2.79997515359228E-02   5.08021883045143E-02   4.36110282144434E-04   1.19999281142606E-02   1.79996980567282E-08   5.30002053281267E-05   3.87847074697943E-13
  1.66153E-15                7.97608519615600E+00   1.05996266300596E-02   2.79997515359228E-02   5.08021883045143E-02   4.36110282144433E-04   1.19999281142606E-02   1.79996980567282E-08   5.30002053281267E-05   3.87846793328744E-13
  3.32307E-15                7.97608519615599E+00   1.05996266300596E-02   2.79997515359228E-02   5.08021883045143E-02   4.36110282144432E-04   1.19999281142606E-02   1.79996980567282E-08   5.30002053281267E-05   3.87846231176973E-13
  6.64614E-15                7.97608519615595E+00   1.05996266300596E-02   2.79997515359228E-02   5.08021883045143E-02   4.36110282144429E-04   1.19999281142606E-02   1.79996980567282E-08   5.30002053281267E-05   3.87845109215055E-13
  1.32923E-14                7.97608519615588E+00   1.05996266300596E-02   2.79997515359228E-02   5.08021883045143E-02   4.36110282144424E-04   1.19999281142606E-02   1.79996980567282E-08   5.30002053281266E-05   3.87842874618718E-13
  2.65846E-14                7.97608519615574E+00   1.05996266300596E-02   2.79997515359228E-02   5.08021883045143E-02   4.36110282144413E-04   1.19999281142606E-02   1.79996980567282E-08   5.30002053281266E-05   3.87838442426798E-13
  5.31691E-14                7.97608519615548E+00   1.05996266300596E-02   2.79997515359228E-02   5.08021883045143E-02   4.36110282144391E-04   1.19999281142606E-02   1.79996980567282E-08   5.30002053281265E-05   3.87829723612570E-13
  1.06338E-13                7.97608519615497E+00   1.05996266300596E-02   2.79997515359228E-02   5.08021883045143E-02   4.36110282144350E-04   1.19999281142606E-02   1.79996980567282E-08   5.30002053281265E-05   3.87812849425869E-13
  2.12676E-13                7.97608519615404E+00   1.05996266300596E-02   2.79997515359228E-02   5.08021883045142E-02   4.36110282144269E-04   1.19999281142606E-02   1.79996980567282E-08   5.30002053281265E-05   3.87781213580243E-13
  4.25353E-13                7.97608519615247E+00   1.05996266300596E-02   2.79997515359228E-02   5.08021883045140E-02   4.36110282144119E-04   1.19999281142606E-02   1.79996980567282E-08   5.30002053281264E-05   3.87725395479417E-13
  8.50706E-13                7.97608519615007E+00   1.05996266300596E-02   2.79997515359228E-02   5.08021883045137E-02   4.36110282143854E-04   1.19999281142606E-02   1.79996980567282E-08   5.30002053281262E-05   3.87637284740154E-13
  1.70141E-12                7.97608519614670E+00   1.05996266300595E-02   2.79997515359228E-02   5.08021883045127E-02   4.36110282142718E-04   1.19999281142606E-02   1.79996980567282E-08   5.30002053281251E-05   3.87411220904230E-13
  3.40282E-12                7.97608519614176E+00   1.05996266300595E-02   2.79997515359228E-02   5.08021883045120E-02   4.36110282141550E-04   1.19999281142606E-02   1.79996980567282E-08   5.30002053281237E-05   3.87340243923051E-13
  6.80565E-12                7.97608519613325E+00   1.05996266300593E-02   2.79997515359228E-02   5.08021883045108E-02   4.36110282139386E-04   1.19999281142606E-02   1.79996980567282E-08   5.30002053281209E-05   3.87313288873184E-13
  1.36113E-11                7.97608519611685E+00   1.05996266300591E-02   2.79997515359228E-02   5.08021883045085E-02   4.36110282135132E-04   1.19999281142606E-02   1.79996980567282E-08   5.30002053281152E-05   3.87307634686090E-13
  2.72226E-11                7.97608519608416E+00   1.05996266300586E-02   2.79997515359228E-02   5.08021883045040E-02   4.36110282126639E-04   1.19999281142606E-02   1.79996980567282E-08   5.30002053281037E-05   3.87307009021080E-13
  5.44452E-11                7.97608519601880E+00   1.05996266300575E-02   2.79997515359228E-02   5.08021883044950E-02   4.36110282109655E-04   1.19999281142606E-02   1.79996980567282E-08   5.30002053280808E-05   3.87306973662094E-13
  1.08890E-10                7.97608519588807E+00   1.05996266300554E-02   2.79997515359228E-02   5.08021883044769E-02   4.36110282075687E-04   1.19999281142606E-02   1.79996980567282E-08   5.30002053280350E-05   3.87306973152801E-13
  2.17781E-10                7.97608519562663E+00   1.05996266300512E-02   2.79997515359228E-02   5.08021883044409E-02   4.36110282007752E-04   1.19999281142606E-02   1.79996980567282E-08   5.30002053279434E-05   3.87306974175983E-13
  4.35561E-10                7.97608519510374E+00   1.05996266300429E-02   2.79997515359228E-02   5.08021883043687E-02   4.36110281871881E-04   1.19999281142606E-02   1.79996980567282E-08   5.30002053277607E-05   3.87306976252165E-13
  8.71123E-10                7.97608519405794E+00   1.05996266300261E-02   2.79997515359228E-02   5.08021883042244E-02   4.36110281600139E-04   1.19999281142606E-02   1.79996980567282E-08   5.30002053273946E-05   3.87306980404721E-13
  1.74225E-09                7.97608519196636E+00   1.05996266299925E-02   2.79997515359228E-02   5.08021883039358E-02   4.36110281056656E-04   1.19999281142606E-02   1.79996980567282E-08   5.30002053266626E-05   3.87306988709931E-13
  3.48449E-09                7.97608518778318E+00   1.05996266299255E-02   2.79997515359228E-02   5.08021883033587E-02   4.36110279969690E-04   1.19999281142606E-02   1.79996980567283E-08   5.30002053251986E-05   3.87307005320294E-13
  6.96898E-09                7.97608517941683E+00   1.05996266297913E-02   2.79997515359228E-02   5.08021883022043E-02   4.36110277795760E-04   1.19999281142606E-02   1.79996980567284E-08   5.30002053222708E-05   3.87307038541016E-13
  1.39380E-08                7.97608516268417E+00   1.05996266295231E-02   2.79997515359227E-02   5.08021882998957E-02   4.36110273447906E-04   1.19999281142606E-02   1.79996980567286E-08   5.30002053164149E-05   3.87307104982339E-13
  2.78759E-08                7.97608512921895E+00   1.05996266289865E-02   2.79997515359226E-02   5.08021882952783E-02   4.36110264752218E-04   1.19999281142606E-02   1.79996980567290E-08   5.30002053047033E-05   3.87307237864656E-13
  5.57519E-08                7.97608506228888E+00   1.05996266279134E-02   2.79997515359225E-02   5.08021882860437E-02   4.36110247360929E-04   1.19999281142606E-02   1.79996980567297E-08   5.30002052812802E-05   3.87307503627936E-13
  1.11504E-07                7.97608492843021E+00   1.05996266257671E-02   2.79997515359222E-02   5.08021882675747E-02   4.36110212578698E-04   1.19999281142606E-02   1.79996980567313E-08   5.30002052344345E-05   3.87308035149215E-13
  2.23007E-07                7.97608466071878E+00   1.05996266214747E-02   2.79997515359217E-02   5.08021882306375E-02   4.36110143015625E-04   1.19999281142606E-02   1.79996980567345E-08   5.30002051407461E-05   3.87309098170735E-13
  4.46015E-07                7.97608412531968E+00   1.05996266128899E-02   2.79997515359206E-02   5.08021881567668E-02   4.36110003895029E-04   1.19999281142605E-02   1.79996980567408E-08   5.30002049533798E-05   3.87311224129336E-13
  8.92030E-07                7.97608305461640E+00   1.05996265957207E-02   2.79997515359184E-02   5.08021880090396E-02   4.36109725675950E-04   1.19999281142605E-02   1.79996980567534E-08   5.30002045786636E-05   3.87315475707180E-13
  1.78406E-06                7.97608091358950E+00   1.05996265613841E-02   2.79997515359141E-02   5.08021877136425E-02   4.36109169326495E-04   1.19999281142605E-02   1.79996980567788E-08   5.30002038293746E-05   3.87323977510271E-13
  3.56812E-06                7.97607663305360E+00   1.05996264927179E-02   2.79997515359055E-02   5.08021871230773E-02   4.36108056982088E-04   1.19999281142605E-02   1.79996980568294E-08   5.30002023313204E-05   3.87340975705004E-13
  7.13624E-06                7.97606807804885E+00   1.05996263554137E-02   2.79997515358883E-02   5.08021859428616E-02   4.36105833710233E-04   1.19999281142605E-02   1.79996980569305E-08   5.30001993373016E-05   3.87374950463340E-13
  1.42725E-05                7.97605099227052E+00   1.05996260809175E-02   2.79997515358539E-02   5.08021835860842E-02   4.36101392826009E-04   1.19999281142604E-02   1.79996980571328E-08   5.30001933576122E-05   3.87442813572913E-13
  2.85450E-05                7.97601691734213E+00   1.05996255323740E-02   2.79997515357852E-02   5.08021788870993E-02   4.36092533628830E-04   1.19999281142602E-02   1.79996980575369E-08   5.30001814315273E-05   3.87578195099067E-13
  5.70899E-05                7.97594915164424E+00   1.05996244370797E-02   2.79997515356483E-02   5.08021695470474E-02   4.36074904989750E-04   1.19999281142598E-02   1.79996980583440E-08   5.30001577117426E-05   3.87847586819951E-13
  1.14180E-04                7.97581513829850E+00   1.05996222536365E-02   2.79997515353765E-02   5.08021510957614E-02   4.36040002549431E-04   1.19999281142592E-02   1.79996980599528E-08   5.30001107954816E-05   3.88380943760886E-13
  2.28360E-04                7.97555303898900E+00   1.05996179151346E-02   2.79997515348408E-02   5.08021150862202E-02   4.35971584412455E-04   1.19999281142580E-02   1.79996980631497E-08   5.30000190075833E-05   3.89426411335825E-13
  4.56719E-04                7.97505144981518E+00   1.05996093501137E-02   2.79997515338001E-02   5.08020464703136E-02   4.35840047237961E-04   1.19999281142564E-02   1.79996980694620E-08   5.29998432403642E-05   3.91435873108609E-13
  9.13439E-04                7.97413074759775E+00   1.05995926559580E-02   2.79997515318347E-02   5.08019216285389E-02   4.35596372768771E-04   1.19999281142552E-02   1.79996980817689E-08   5.29995202540434E-05   3.95154596600351E-13
  1.82688E-03                7.97256649910492E+00   1.05995609205092E-02   2.79997515283193E-02   5.08017134066459E-02   4.35174686798155E-04   1.19999281142602E-02   1.79996981051750E-08   5.29989705715349E-05   4.01564892242596E-13
  3.65375E-03                7.97024608304357E+00   1.05995034133377E-02   2.79997515226313E-02   5.08014167169156E-02   4.34525566080564E-04   1.19999281142888E-02   1.79996981476172E-08   5.29981534061682E-05   4.11300480925004E-13
  7.30751E-03                7.96748407501452E+00   1.05994080354376E-02   2.79997515148948E-02   5.08010955990324E-02   4.33692676283891E-04   1.19999281143778E-02   1.79996982180662E-08   5.29971784307484E-05   4.23286121891641E-13
  1.46150E-02                7.96510151729514E+00   1.05992723674077E-02   2.79997515068589E-02   5.08008830730075E-02   4.32856128502365E-04   1.19999281145636E-02   1.79996983183511E-08   5.29963312374028E-05   4.34081431554515E-13
  2.92300E-02                7.96370900340264E+00   1.05991203275269E-02   2.79997515009652E-02   5.08008473566975E-02   4.32207876233429E-04   1.19999281148206E-02   1.79996984307992E-08   5.29958108534707E-05   4.40754104732591E-13
  5.84601E-02                7.96298719668782E+00   1.05989936504531E-02   2.79997514975699E-02   5.08008870969422E-02   4.31768109379254E-04   1.19999281150505E-02   1.79996985245130E-08   5.29954861341612E-05   4.44397970654245E-13
  1.00000E-01                7.96218578327393E+00   1.05989102209807E-02   2.79997514947738E-02   5.08008612819829E-02   4.31404911472583E-04   1.19999281151860E-02   1.79996985862260E-08   5.29950964425100E-05   4.48268599211857E-13
  1.83080E-01                7.96104260017590E+00   1.05988307053384E-02   2.79997514911492E-02   5.08007761831526E-02   4.30972409150815E-04   1.19999281152950E-02   1.79996986450340E-08   5.29945213561455E-05   4.53715729636938E-13
  3.49240E-01                7.95884573203470E+00   1.05987046783218E-02   2.79997514842572E-02   5.08005795732571E-02   4.30198813899681E-04   1.19999281154410E-02   1.79996987382234E-08   5.29933538917232E-05   4.64276945816462E-13
  5.00000E-01                7.95472600784508E+00   1.05984730796964E-02   2.79997514708811E-02   5.08002033390612E-02   4.28757935770986E-04   1.19999281156780E-02   1.79996989094604E-08   5.29908856163675E-05   4.84731860804540E-13
  8.01521E-01                7.95102574728765E+00   1.05982378944987E-02   2.79997514580399E-02   5.07998965775163E-02   4.27404335502114E-04   1.19999281159118E-02   1.79996990833976E-08   5.29882592210845E-05   5.03989285797850E-13
  1.00000E+00                7.94442274789073E+00   1.05978173536806E-02   2.79997514338081E-02   5.07993453069630E-02   4.24986636044011E-04   1.19999281162610E-02   1.79996993944630E-08   5.29828241936875E-05   5.40273875841489E-13
  1.39696E+00                7.94016842647124E+00   1.05975029984446E-02   2.79997514167952E-02   5.07990397088583E-02   4.23334559790836E-04   1.19999281165111E-02   1.79996996271521E-08   5.29785645389590E-05   5.65237231798245E-13
  1.50000E+00                7.93284760774594E+00   1.05969931615321E-02   2.79997513861465E-02   5.07984693965393E-02   4.20556318850941E-04   1.19999281168308E-02   1.79997000047185E-08   5.29707335444771E-05   6.10769852805024E-13
  1.70608E+00                7.93071632353728E+00   1.05967752546384E-02   2.79997513757120E-02   5.07983864604343E-02   4.19600501575021E-04   1.19999281169826E-02   1.79997001662291E-08   5.29674770770537E-05   6.25063599122326E-13
  2.00000E+00                7.92712702944141E+00   1.05964739360355E-02   2.79997513588978E-02   5.07981651922347E-02   4.18128355665041E-04   1.19999281171557E-02   1.79997003897070E-08   5.29625827400932E-05   6.49549960617586E-13
  2.25000E+00                7.92234047047760E+00   1.05960568892025E-02   2.79997513351502E-02   5.07978853145039E-02   4.16132634845313E-04   1.19999281173688E-02   1.79997006992089E-08   5.29554945854662E-05   6.83795422026558E-13
  2.50000E+00                7.91846750894301E+00   1.05956901349462E-02   2.79997513145998E-02   5.07976917005695E-02   4.14455949002294E-04   1.19999281175421E-02   1.79997009716272E-08   5.29490638082032E-05   7.12999598333010E-13
  2.75000E+00                7.91481178960596E+00   1.05953273872957E-02   2.79997512941855E-02   5.07975267176262E-02   4.12838480026547E-04   1.19999281176987E-02   1.79997012412862E-08   5.29425093702937E-05   7.41815560586401E-13
  3.00000E+00                7.91134508252438E+00   1.05949656481195E-02   2.79997512738016E-02   5.07973896522260E-02   4.11267601172803E-04   1.19999281178424E-02   1.79997015104112E-08   5.29358059465539E-05   7.70334156001269E-13
  3.50000E+00                7.90803381805139E+00   1.05945926358500E-02   2.79997512531455E-02   5.07972900873715E-02   4.09710610436615E-04   1.19999281179805E-02   1.79997017881475E-08   5.29287505698978E-05   7.98777669433235E-13
