# Time series at grid cell: 200   1   1
VARIABLES = "Time (yrs) " , "pH                 ", "Ca++               ", "SO4--              ", "Mg++               ", "H4SiO4(aq)         ", "K+                 ", "O2(aq)             ", "Fe++               ", "Al+++              ", "
  1.00000E-50                4.66900146172299E+00   3.09455259010359E-02   5.23295359494757E-04   2.86169513740964E-04   5.74923395892372E-02   1.65295007683202E-02   2.47403750068510E-08   8.11628635730530E-03   5.21680549206673E-07
  2.00000E-50                4.66900146346859E+00   3.09455259010359E-02   5.23295359494756E-04   2.86169513740964E-04   5.74923395892372E-02   1.65295007683202E-02   2.47403750068510E-08   8.11628635730530E-03   5.21680549206675E-07
  3.00000E-50                4.66900146349030E+00   3.09455259010358E-02   5.23295359494757E-04   2.86169513740964E-04   5.74923395892372E-02   1.65295007683202E-02   2.47403750068510E-08   8.11628635730531E-03   5.21680549206671E-07
  4.00000E-50                4.66900146349057E+00   3.09455259010358E-02   5.23295359494759E-04   2.86169513740964E-04   5.74923395892372E-02   1.65295007683202E-02   2.47403750068510E-08   8.11628635730530E-03   5.21680549206669E-07
  5.00000E-50                4.66900146349057E+00   3.09455259010358E-02   5.23295359494758E-04   2.86169513740964E-04   5.74923395892372E-02   1.65295007683202E-02   2.47403750068510E-08   8.11628635730530E-03   5.21680549206669E-07
  7.00000E-50                4.66900146349058E+00   3.09455259010358E-02   5.23295359494758E-04   2.86169513740964E-04   5.74923395892372E-02   1.65295007683202E-02   2.47403750068510E-08   8.11628635730530E-03   5.21680549206668E-07
  1.10000E-49                4.66900146349058E+00   3.09455259010357E-02   5.23295359494758E-04   2.86169513740964E-04   5.74923395892372E-02   1.65295007683202E-02   2.47403750068510E-08   8.11628635730530E-03   5.21680549206668E-07
  1.90000E-49                4.66900146349058E+00   3.09455259010357E-02   5.23295359494758E-04   2.86169513740964E-04   5.74923395892372E-02   1.65295007683202E-02   2.47403750068510E-08   8.11628635730530E-03   5.21680549206668E-07
  3.50000E-49                4.66900146349058E+00   3.09455259010357E-02   5.23295359494758E-04   2.86169513740964E-04   5.74923395892372E-02   1.65295007683202E-02   2.47403750068510E-08   8.11628635730530E-03   5.21680549206668E-07
  6.70000E-49                4.66900146349058E+00   3.09455259010357E-02   5.23295359494758E-04   2.86169513740964E-04   5.74923395892372E-02   1.65295007683202E-02   2.47403750068510E-08   8.11628635730530E-03   5.21680549206668E-07
  1.31000E-48                4.66900146349058E+00   3.09455259010357E-02   5.23295359494758E-04   2.86169513740964E-04   5.74923395892372E-02   1.65295007683202E-02   2.47403750068510E-08   8.11628635730530E-03   5.21680549206668E-07
  2.59000E-48                4.66900146349058E+00   3.09455259010357E-02   5.23295359494758E-04   2.86169513740964E-04   5.74923395892372E-02   1.65295007683202E-02   2.47403750068510E-08   8.11628635730530E-03   5.21680549206668E-07
  5.15000E-48                4.66900146349058E+00   3.09455259010357E-02   5.23295359494758E-04   2.86169513740964E-04   5.74923395892372E-02   1.65295007683202E-02   2.47403750068510E-08   8.11628635730530E-03   5.21680549206668E-07
  1.02700E-47                4.66900146349058E+00   3.09455259010357E-02   5.23295359494758E-04   2.86169513740964E-04   5.74923395892372E-02   1.65295007683202E-02   2.47403750068510E-08   8.11628635730530E-03   5.21680549206668E-07
  2.05100E-47                4.66900146349058E+00   3.09455259010357E-02   5.23295359494758E-04   2.86169513740964E-04   5.74923395892372E-02   1.65295007683202E-02   2.47403750068510E-08   8.11628635730530E-03   5.21680549206668E-07
  4.09900E-47                4.66900146349058E+00   3.09455259010357E-02   5.23295359494758E-04   2.86169513740964E-04   5.74923395892372E-02   1.65295007683202E-02   2.47403750068510E-08   8.11628635730530E-03   5.21680549206668E-07
  8.19500E-47                4.66900146349058E+00   3.09455259010357E-02   5.23295359494758E-04   2.86169513740964E-04   5.74923395892372E-02   1.65295007683202E-02   2.47403750068510E-08   8.11628635730530E-03   5.21680549206668E-07
  1.63870E-46                4.66900146349058E+00   3.09455259010357E-02   5.23295359494758E-04   2.86169513740964E-04   5.74923395892372E-02   1.65295007683202E-02   2.47403750068510E-08   8.11628635730530E-03   5.21680549206668E-07
  3.27710E-46                4.66900146349058E+00   3.09455259010357E-02   5.23295359494758E-04   2.86169513740964E-04   5.74923395892372E-02   1.65295007683202E-02   2.47403750068510E-08   8.11628635730530E-03   5.21680549206668E-07
  6.55390E-46                4.66900146349058E+00   3.09455259010357E-02   5.23295359494758E-04   2.86169513740964E-04   5.74923395892372E-02   1.65295007683202E-02   2.47403750068510E-08   8.11628635730530E-03   5.21680549206668E-07
  1.31075E-45                4.66900146349058E+00   3.09455259010357E-02   5.23295359494758E-04   2.86169513740964E-04   5.74923395892372E-02   1.65295007683202E-02   2.47403750068510E-08   8.11628635730530E-03   5.21680549206668E-07
  2.62147E-45                4.66900146349058E+00   3.09455259010357E-02   5.23295359494758E-04   2.86169513740964E-04   5.74923395892372E-02   1.65295007683202E-02   2.47403750068510E-08   8.11628635730530E-03   5.21680549206668E-07
  5.24291E-45                4.66900146349058E+00   3.09455259010357E-02   5.23295359494758E-04   2.86169513740964E-04   5.74923395892372E-02   1.65295007683202E-02   2.47403750068510E-08   8.11628635730530E-03   5.21680549206668E-07
  1.04858E-44                4.66900146349058E+00   3.09455259010357E-02   5.23295359494758E-04   2.86169513740964E-04   5.74923395892372E-02   1.65295007683202E-02   2.47403750068510E-08   8.11628635730530E-03   5.21680549206668E-07
  2.09715E-44                4.66900146349058E+00   3.09455259010357E-02   5.23295359494758E-04   2.86169513740964E-04   5.74923395892372E-02   1.65295007683202E-02   2.47403750068510E-08   8.11628635730530E-03   5.21680549206668E-07
  4.19431E-44                4.66900146349058E+00   3.09455259010357E-02   5.23295359494758E-04   2.86169513740964E-04   5.74923395892372E-02   1.65295007683202E-02   2.47403750068510E-08   8.11628635730530E-03   5.21680549206668E-07
  8.38861E-44                4.66900146349058E+00   3.09455259010357E-02   5.23295359494758E-04   2.86169513740964E-04   5.74923395892372E-02   1.65295007683202E-02   2.47403750068510E-08   8.11628635730530E-03   5.21680549206668E-07
  1.67772E-43                4.66900146349058E+00   3.09455259010357E-02   5.23295359494758E-04   2.86169513740964E-04   5.74923395892372E-02   1.65295007683202E-02   2.47403750068510E-08   8.11628635730530E-03   5.21680549206668E-07
  3.35544E-43                4.66900146349058E+00   3.09455259010357E-02   5.23295359494758E-04   2.86169513740964E-04   5.74923395892372E-02   1.65295007683202E-02   2.47403750068510E-08   8.11628635730530E-03   5.21680549206668E-07
  6.71089E-43                4.66900146349058E+00   3.09455259010357E-02   5.23295359494758E-04   2.86169513740964E-04   5.74923395892372E-02   1.65295007683202E-02   2.47403750068510E-08   8.11628635730530E-03   5.21680549206668E-07
  1.34218E-42                4.66900146349058E+00   3.09455259010357E-02   5.23295359494758E-04   2.86169513740964E-04   5.74923395892372E-02   1.65295007683202E-02   2.47403750068510E-08   8.11628635730530E-03   5.21680549206668E-07
  2.68435E-42                4.66900146349058E+00   3.09455259010357E-02   5.23295359494758E-04   2.86169513740964E-04   5.74923395892372E-02   1.65295007683202E-02   2.47403750068510E-08   8.11628635730530E-03   5.21680549206668E-07
  5.36871E-42                4.66900146349058E+00   3.09455259010357E-02   5.23295359494758E-04   2.86169513740964E-04   5.74923395892372E-02   1.65295007683202E-02   2.47403750068510E-08   8.11628635730530E-03   5.21680549206668E-07
  1.07374E-41                4.66900146349058E+00   3.09455259010357E-02   5.23295359494758E-04   2.86169513740964E-04   5.74923395892372E-02   1.65295007683202E-02   2.47403750068510E-08   8.11628635730530E-03   5.21680549206668E-07
  2.14748E-41                4.66900146349058E+00   3.09455259010357E-02   5.23295359494758E-04   2.86169513740964E-04   5.74923395892372E-02   1.65295007683202E-02   2.47403750068510E-08   8.11628635730530E-03   5.21680549206668E-07
  4.29497E-41                4.66900146349058E+00   3.09455259010357E-02   5.23295359494758E-04   2.86169513740964E-04   5.74923395892372E-02   1.65295007683202E-02   2.47403750068510E-08   8.11628635730530E-03   5.21680549206668E-07
  8.58993E-41                4.66900146349058E+00   3.09455259010357E-02   5.23295359494758E-04   2.86169513740964E-04   5.74923395892372E-02   1.65295007683202E-02   2.47403750068510E-08   8.11628635730530E-03   5.21680549206668E-07
  1.71799E-40                4.66900146349058E+00   3.09455259010357E-02   5.23295359494758E-04   2.86169513740964E-04   5.74923395892372E-02   1.65295007683202E-02   2.47403750068510E-08   8.11628635730530E-03   5.21680549206668E-07
  3.43597E-40                4.66900146349058E+00   3.09455259010357E-02   5.23295359494758E-04   2.86169513740964E-04   5.74923395892372E-02   1.65295007683202E-02   2.47403750068510E-08   8.11628635730530E-03   5.21680549206668E-07
  6.87195E-40                4.66900146349058E+00   3.09455259010357E-02   5.23295359494758E-04   2.86169513740964E-04   5.74923395892372E-02   1.65295007683202E-02   2.47403750068510E-08   8.11628635730530E-03   5.21680549206668E-07
  1.37439E-39                4.66900146349058E+00   3.09455259010357E-02   5.23295359494758E-04   2.86169513740964E-04   5.74923395892372E-02   1.65295007683202E-02   2.47403750068510E-08   8.11628635730530E-03   5.21680549206668E-07
  2.74878E-39                4.66900146349058E+00   3.09455259010357E-02   5.23295359494758E-04   2.86169513740964E-04   5.74923395892372E-02   1.65295007683202E-02   2.47403750068510E-08   8.11628635730530E-03   5.21680549206668E-07
  5.49756E-39                4.66900146349058E+00   3.09455259010357E-02   5.23295359494758E-04   2.86169513740964E-04   5.74923395892372E-02   1.65295007683202E-02   2.47403750068510E-08   8.11628635730530E-03   5.21680549206668E-07
  1.09951E-38                4.66900146349058E+00   3.09455259010357E-02   5.23295359494758E-04   2.86169513740964E-04   5.74923395892372E-02   1.65295007683202E-02   2.47403750068510E-08   8.11628635730530E-03   5.21680549206668E-07
  2.19902E-38                4.66900146349058E+00   3.09455259010357E-02   5.23295359494758E-04   2.86169513740964E-04   5.74923395892372E-02   1.65295007683202E-02   2.47403750068510E-08   8.11628635730530E-03   5.21680549206668E-07
  4.39805E-38                4.66900146349058E+00   3.09455259010357E-02   5.23295359494758E-04   2.86169513740964E-04   5.74923395892372E-02   1.65295007683202E-02   2.47403750068510E-08   8.11628635730530E-03   5.21680549206668E-07
  8.79609E-38                4.66900146349058E+00   3.09455259010357E-02   5.23295359494758E-04   2.86169513740964E-04   5.74923395892372E-02   1.65295007683202E-02   2.47403750068510E-08   8.11628635730530E-03   5.21680549206668E-07
  1.75922E-37                4.66900146349058E+00   3.09455259010357E-02   5.23295359494758E-04   2.86169513740964E-04   5.74923395892372E-02   1.65295007683202E-02   2.47403750068510E-08   8.11628635730530E-03   5.21680549206668E-07
  3.51844E-37                4.66900146349058E+00   3.09455259010357E-02   5.23295359494758E-04   2.86169513740964E-04   5.74923395892372E-02   1.65295007683202E-02   2.47403750068510E-08   8.11628635730530E-03   5.21680549206668E-07
  7.03687E-37                4.66900146349058E+00   3.09455259010357E-02   5.23295359494758E-04   2.86169513740964E-04   5.74923395892372E-02   1.65295007683202E-02   2.47403750068510E-08   8.11628635730530E-03   5.21680549206668E-07
  1.40737E-36                4.66900146349058E+00   3.09455259010357E-02   5.23295359494758E-04   2.86169513740964E-04   5.74923395892372E-02   1.65295007683202E-02   2.47403750068510E-08   8.11628635730530E-03   5.21680549206668E-07
  2.81475E-36                4.66900146349058E+00   3.09455259010357E-02   5.23295359494758E-04   2.86169513740964E-04   5.74923395892372E-02   1.65295007683202E-02   2.47403750068510E-08   8.11628635730530E-03   5.21680549206668E-07
  5.62950E-36                4.66900146349058E+00   3.09455259010357E-02   5.23295359494758E-04   2.86169513740964E-04   5.74923395892372E-02   1.65295007683202E-02   2.47403750068510E-08   8.11628635730530E-03   5.21680549206668E-07
  1.12590E-35                4.66900146349058E+00   3.09455259010357E-02   5.23295359494758E-04   2.86169513740964E-04   5.74923395892372E-02   1.65295007683202E-02   2.47403750068510E-08   8.11628635730530E-03   5.21680549206668E-07
  2.25180E-35                4.66900146349058E+00   3.09455259010357E-02   5.23295359494758E-04   2.86169513740964E-04   5.74923395892372E-02   1.65295007683202E-02   2.47403750068510E-08   8.11628635730530E-03   5.21680549206668E-07
  4.50360E-35                4.66900146349058E+00   3.09455259010357E-02   5.23295359494758E-04   2.86169513740964E-04   5.74923395892372E-02   1.65295007683202E-02   2.47403750068510E-08   8.11628635730530E-03   5.21680549206668E-07
  9.00720E-35                4.66900146349058E+00   3.09455259010357E-02   5.23295359494758E-04   2.86169513740964E-04   5.74923395892372E-02   1.65295007683202E-02   2.47403750068510E-08   8.11628635730530E-03   5.21680549206668E-07
  1.80144E-34                4.66900146349058E+00   3.09455259010357E-02   5.23295359494758E-04   2.86169513740964E-04   5.74923395892372E-02   1.65295007683202E-02   2.47403750068510E-08   8.11628635730530E-03   5.21680549206668E-07
  3.60288E-34                4.66900146349058E+00   3.09455259010357E-02   5.23295359494758E-04   2.86169513740964E-04   5.74923395892372E-02   1.65295007683202E-02   2.47403750068510E-08   8.11628635730530E-03   5.21680549206668E-07
  7.20576E-34                4.66900146349058E+00   3.09455259010357E-02   5.23295359494758E-04   2.86169513740964E-04   5.74923395892372E-02   1.65295007683202E-02   2.47403750068510E-08   8.11628635730530E-03   5.21680549206668E-07
  1.44115E-33                4.66900146349058E+00   3.09455259010357E-02   5.23295359494758E-04   2.86169513740964E-04   5.74923395892372E-02   1.65295007683202E-02   2.47403750068510E-08   8.11628635730530E-03   5.21680549206668E-07
  2.88230E-33                4.66900146349058E+00   3.09455259010357E-02   5.23295359494758E-04   2.86169513740964E-04   5.74923395892372E-02   1.65295007683202E-02   2.47403750068510E-08   8.11628635730530E-03   5.21680549206668E-07
  5.76461E-33                4.66900146349058E+00   3.09455259010357E-02   5.23295359494758E-04   2.86169513740964E-04   5.74923395892372E-02   1.65295007683202E-02   2.47403750068510E-08   8.11628635730530E-03   5.21680549206668E-07
  1.15292E-32                4.66900146349058E+00   3.09455259010357E-02   5.23295359494758E-04   2.86169513740964E-04   5.74923395892372E-02   1.65295007683202E-02   2.47403750068510E-08   8.11628635730530E-03   5.21680549206668E-07
  2.30584E-32                4.66900146349058E+00   3.09455259010357E-02   5.23295359494758E-04   2.86169513740964E-04   5.74923395892372E-02   1.65295007683202E-02   2.47403750068510E-08   8.11628635730530E-03   5.21680549206668E-07
  4.61169E-32                4.66900146349058E+00   3.09455259010357E-02   5.23295359494758E-04   2.86169513740964E-04   5.74923395892372E-02   1.65295007683202E-02   2.47403750068510E-08   8.11628635730530E-03   5.21680549206668E-07
  9.22337E-32                4.66900146349058E+00   3.09455259010357E-02   5.23295359494758E-04   2.86169513740964E-04   5.74923395892372E-02   1.65295007683202E-02   2.47403750068510E-08   8.11628635730530E-03   5.21680549206668E-07
  1.84467E-31                4.66900146349058E+00   3.09455259010357E-02   5.23295359494758E-04   2.86169513740964E-04   5.74923395892372E-02   1.65295007683202E-02   2.47403750068510E-08   8.11628635730530E-03   5.21680549206668E-07
  3.68935E-31                4.66900146349058E+00   3.09455259010357E-02   5.23295359494758E-04   2.86169513740964E-04   5.74923395892372E-02   1.65295007683202E-02   2.47403750068510E-08   8.11628635730530E-03   5.21680549206668E-07
  7.37870E-31                4.66900146349058E+00   3.09455259010357E-02   5.23295359494758E-04   2.86169513740964E-04   5.74923395892372E-02   1.65295007683202E-02   2.47403750068510E-08   8.11628635730530E-03   5.21680549206668E-07
  1.47574E-30                4.66900146349058E+00   3.09455259010357E-02   5.23295359494758E-04   2.86169513740964E-04   5.74923395892372E-02   1.65295007683202E-02   2.47403750068510E-08   8.11628635730530E-03   5.21680549206668E-07
  2.95148E-30                4.66900146349058E+00   3.09455259010357E-02   5.23295359494758E-04   2.86169513740964E-04   5.74923395892372E-02   1.65295007683202E-02   2.47403750068510E-08   8.11628635730530E-03   5.21680549206668E-07
  5.90296E-30                4.66900146349058E+00   3.09455259010357E-02   5.23295359494758E-04   2.86169513740964E-04   5.74923395892372E-02   1.65295007683202E-02   2.47403750068510E-08   8.11628635730530E-03   5.21680549206668E-07
  1.18059E-29                4.66900146349058E+00   3.09455259010357E-02   5.23295359494758E-04   2.86169513740964E-04   5.74923395892372E-02   1.65295007683202E-02   2.47403750068510E-08   8.11628635730530E-03   5.21680549206668E-07
  2.36118E-29                4.66900146349058E+00   3.09455259010357E-02   5.23295359494758E-04   2.86169513740964E-04   5.74923395892372E-02   1.65295007683202E-02   2.47403750068510E-08   8.11628635730530E-03   5.21680549206668E-07
  4.72237E-29                4.66900146349058E+00   3.09455259010357E-02   5.23295359494758E-04   2.86169513740964E-04   5.74923395892372E-02   1.65295007683202E-02   2.47403750068510E-08   8.11628635730530E-03   5.21680549206668E-07
  9.44473E-29                4.66900146349058E+00   3.09455259010357E-02   5.23295359494758E-04   2.86169513740964E-04   5.74923395892372E-02   1.65295007683202E-02   2.47403750068510E-08   8.11628635730530E-03   5.21680549206668E-07
  1.88895E-28                4.66900146349058E+00   3.09455259010357E-02   5.23295359494758E-04   2.86169513740964E-04   5.74923395892372E-02   1.65295007683202E-02   2.47403750068510E-08   8.11628635730530E-03   5.21680549206668E-07
  3.77789E-28                4.66900146349058E+00   3.09455259010357E-02   5.23295359494758E-04   2.86169513740964E-04   5.74923395892372E-02   1.65295007683202E-02   2.47403750068510E-08   8.11628635730530E-03   5.21680549206668E-07
  7.55579E-28                4.66900146349058E+00   3.09455259010357E-02   5.23295359494758E-04   2.86169513740964E-04   5.74923395892372E-02   1.65295007683202E-02   2.47403750068510E-08   8.11628635730530E-03   5.21680549206668E-07
  1.51116E-27                4.66900146349058E+00   3.09455259010357E-02   5.23295359494758E-04   2.86169513740964E-04   5.74923395892372E-02   1.65295007683202E-02   2.47403750068510E-08   8.11628635730530E-03   5.21680549206668E-07
  3.02231E-27                4.66900146349058E+00   3.09455259010357E-02   5.23295359494758E-04   2.86169513740964E-04   5.74923395892372E-02   1.65295007683202E-02   2.47403750068510E-08   8.11628635730530E-03   5.21680549206668E-07
  6.04463E-27                4.66900146349058E+00   3.09455259010357E-02   5.23295359494758E-04   2.86169513740964E-04   5.74923395892372E-02   1.65295007683202E-02   2.47403750068510E-08   8.11628635730530E-03   5.21680549206668E-07
  1.20893E-26                4.66900146349058E+00   3.09455259010357E-02   5.23295359494758E-04   2.86169513740964E-04   5.74923395892372E-02   1.65295007683202E-02   2.47403750068510E-08   8.11628635730530E-03   5.21680549206668E-07
  2.41785E-26                4.66900146349058E+00   3.09455259010357E-02   5.23295359494758E-04   2.86169513740964E-04   5.74923395892372E-02   1.65295007683202E-02   2.47403750068510E-08   8.11628635730530E-03   5.21680549206668E-07
  4.83570E-26                4.66900146349058E+00   3.09455259010357E-02   5.23295359494758E-04   2.86169513740964E-04   5.74923395892372E-02   1.65295007683202E-02   2.47403750068510E-08   8.11628635730530E-03   5.21680549206668E-07
  9.67141E-26                4.66900146349058E+00   3.09455259010357E-02   5.23295359494758E-04   2.86169513740964E-04   5.74923395892372E-02   1.65295007683202E-02   2.47403750068510E-08   8.11628635730530E-03   5.21680549206668E-07
  1.93428E-25                4.66900146349058E+00   3.09455259010357E-02   5.23295359494758E-04   2.86169513740964E-04   5.74923395892372E-02   1.65295007683202E-02   2.47403750068510E-08   8.11628635730530E-03   5.21680549206668E-07
  3.86856E-25                4.66900146349058E+00   3.09455259010357E-02   5.23295359494758E-04   2.86169513740964E-04   5.74923395892372E-02   1.65295007683202E-02   2.47403750068510E-08   8.11628635730530E-03   5.21680549206668E-07
  7.73713E-25                4.66900146349058E+00   3.09455259010357E-02   5.23295359494758E-04   2.86169513740964E-04   5.74923395892372E-02   1.65295007683202E-02   2.47403750068510E-08   8.11628635730530E-03   5.21680549206668E-07
  1.54743E-24                4.66900146349058E+00   3.09455259010357E-02   5.23295359494758E-04   2.86169513740964E-04   5.74923395892372E-02   1.65295007683202E-02   2.47403750068510E-08   8.11628635730530E-03   5.21680549206668E-07
  3.09485E-24                4.66900146349058E+00   3.09455259010357E-02   5.23295359494758E-04   2.86169513740964E-04   5.74923395892372E-02   1.65295007683202E-02   2.47403750068510E-08   8.11628635730530E-03   5.21680549206668E-07
  6.18970E-24                4.66900146349058E+00   3.09455259010357E-02   5.23295359494758E-04   2.86169513740964E-04   5.74923395892372E-02   1.65295007683202E-02   2.47403750068510E-08   8.11628635730530E-03   5.21680549206668E-07
  1.23794E-23                4.66900146349058E+00   3.09455259010357E-02   5.23295359494758E-04   2.86169513740964E-04   5.74923395892372E-02   1.65295007683202E-02   2.47403750068510E-08   8.11628635730530E-03   5.21680549206668E-07
  2.47588E-23                4.66900146349058E+00   3.09455259010357E-02   5.23295359494758E-04   2.86169513740964E-04   5.74923395892372E-02   1.65295007683202E-02   2.47403750068510E-08   8.11628635730530E-03   5.21680549206668E-07
  4.95176E-23                4.66900146349058E+00   3.09455259010357E-02   5.23295359494758E-04   2.86169513740964E-04   5.74923395892372E-02   1.65295007683202E-02   2.47403750068510E-08   8.11628635730530E-03   5.21680549206668E-07
  9.90352E-23                4.66900146349058E+00   3.09455259010357E-02   5.23295359494758E-04   2.86169513740964E-04   5.74923395892372E-02   1.65295007683202E-02   2.47403750068510E-08   8.11628635730530E-03   5.21680549206668E-07
  1.98070E-22                4.66900146349058E+00   3.09455259010357E-02   5.23295359494758E-04   2.86169513740964E-04   5.74923395892372E-02   1.65295007683202E-02   2.47403750068510E-08   8.11628635730530E-03   5.21680549206668E-07
  3.96141E-22                4.66900146349058E+00   3.09455259010357E-02   5.23295359494758E-04   2.86169513740964E-04   5.74923395892372E-02   1.65295007683202E-02   2.47403750068510E-08   8.11628635730530E-03   5.21680549206668E-07
  7.92282E-22                4.66900146349058E+00   3.09455259010357E-02   5.23295359494758E-04   2.86169513740964E-04   5.74923395892372E-02   1.65295007683202E-02   2.47403750068510E-08   8.11628635730530E-03   5.21680549206668E-07
  1.58456E-21                4.66900146349058E+00   3.09455259010357E-02   5.23295359494758E-04   2.86169513740964E-04   5.74923395892372E-02   1.65295007683202E-02   2.47403750068510E-08   8.11628635730530E-03   5.21680549206668E-07
  3.16913E-21                4.66900146349058E+00   3.09455259010357E-02   5.23295359494758E-04   2.86169513740964E-04   5.74923395892372E-02   1.65295007683202E-02   2.47403750068510E-08   8.11628635730530E-03   5.21680549206668E-07
  6.33825E-21                4.66900146349058E+00   3.09455259010357E-02   5.23295359494758E-04   2.86169513740964E-04   5.74923395892372E-02   1.65295007683202E-02   2.47403750068510E-08   8.11628635730530E-03   5.21680549206668E-07
  1.26765E-20                4.66900146349058E+00   3.09455259010357E-02   5.23295359494758E-04   2.86169513740964E-04   5.74923395892372E-02   1.65295007683202E-02   2.47403750068510E-08   8.11628635730530E-03   5.21680549206668E-07
  2.53530E-20                4.66900146349058E+00   3.09455259010357E-02   5.23295359494758E-04   2.86169513740964E-04   5.74923395892372E-02   1.65295007683202E-02   2.47403750068510E-08   8.11628635730530E-03   5.21680549206668E-07
  5.07060E-20                4.66900146349058E+00   3.09455259010357E-02   5.23295359494758E-04   2.86169513740964E-04   5.74923395892372E-02   1.65295007683202E-02   2.47403750068510E-08   8.11628635730530E-03   5.21680549206668E-07
  1.01412E-19                4.66900146349058E+00   3.09455259010357E-02   5.23295359494758E-04   2.86169513740964E-04   5.74923395892372E-02   1.65295007683202E-02   2.47403750068510E-08   8.11628635730530E-03   5.21680549206668E-07
  2.02824E-19                4.66900146349058E+00   3.09455259010357E-02   5.23295359494758E-04   2.86169513740964E-04   5.74923395892372E-02   1.65295007683202E-02   2.47403750068510E-08   8.11628635730530E-03   5.21680549206668E-07
  4.05648E-19                4.66900146349058E+00   3.09455259010357E-02   5.23295359494758E-04   2.86169513740964E-04   5.74923395892372E-02   1.65295007683202E-02   2.47403750068510E-08   8.11628635730530E-03   5.21680549206668E-07
  8.11296E-19                4.66900146349058E+00   3.09455259010357E-02   5.23295359494758E-04   2.86169513740964E-04   5.74923395892372E-02   1.65295007683202E-02   2.47403750068510E-08   8.11628635730530E-03   5.21680549206668E-07
  1.62259E-18                4.66900146349058E+00   3.09455259010357E-02   5.23295359494758E-04   2.86169513740964E-04   5.74923395892372E-02   1.65295007683202E-02   2.47403750068510E-08   8.11628635730530E-03   5.21680549206668E-07
  3.24519E-18                4.66900146349058E+00   3.09455259010357E-02   5.23295359494758E-04   2.86169513740964E-04   5.74923395892372E-02   1.65295007683202E-02   2.47403750068510E-08   8.11628635730530E-03   5.21680549206668E-07
  6.49037E-18                4.66900146349058E+00   3.09455259010357E-02   5.23295359494758E-04   2.86169513740964E-04   5.74923395892372E-02   1.65295007683202E-02   2.47403750068510E-08   8.11628635730530E-03   5.21680549206668E-07
  1.29807E-17                4.66900146349058E+00   3.09455259010357E-02   5.23295359494758E-04   2.86169513740964E-04   5.74923395892372E-02   1.65295007683202E-02   2.47403750068510E-08   8.11628635730530E-03   5.21680549206664E-07
  2.59615E-17                4.66900146349058E+00   3.09455259010357E-02   5.23295359494758E-04   2.86169513740964E-04   5.74923395892372E-02   1.65295007683202E-02   2.47403750068510E-08   8.11628635730530E-03   5.21680549206661E-07
  5.19230E-17                4.66900146349058E+00   3.09455259010357E-02   5.23295359494758E-04   2.86169513740964E-04   5.74923395892372E-02   1.65295007683202E-02   2.47403750068510E-08   8.11628635730530E-03   5.21680549206650E-07
  1.03846E-16                4.66900146349057E+00   3.09455259010357E-02   5.23295359494758E-04   2.86169513740964E-04   5.74923395892372E-02   1.65295007683202E-02   2.47403750068510E-08   8.11628635730530E-03   5.21680549206631E-07
  2.07692E-16                4.66900146349057E+00   3.09455259010357E-02   5.23295359494758E-04   2.86169513740964E-04   5.74923395892372E-02   1.65295007683202E-02   2.47403750068510E-08   8.11628635730530E-03   5.21680549206590E-07
  4.15384E-16                4.66900146349057E+00   3.09455259010357E-02   5.23295359494758E-04   2.86169513740964E-04   5.74923395892372E-02   1.65295007683202E-02   2.47403750068510E-08   8.11628635730530E-03   5.21680549206510E-07
  8.30767E-16                4.66900146349057E+00   3.09455259010357E-02   5.23295359494757E-04   2.86169513740963E-04   5.74923395892372E-02   1.65295007683202E-02   2.47403750068510E-08   8.11628635730530E-03   5.21680549206350E-07
  1.66153E-15                4.66900146349056E+00   3.09455259010357E-02   5.23295359494757E-04   2.86169513740963E-04   5.74923395892372E-02   1.65295007683202E-02   2.47403750068510E-08   8.11628635730530E-03   5.21680549206032E-07
  3.32307E-15                4.66900146349055E+00   3.09455259010357E-02   5.23295359494757E-04   2.86169513740962E-04   5.74923395892372E-02   1.65295007683202E-02   2.47403750068510E-08   8.11628635730530E-03   5.21680549205393E-07
  6.64614E-15                4.66900146349052E+00   3.09455259010357E-02   5.23295359494757E-04   2.86169513740959E-04   5.74923395892372E-02   1.65295007683202E-02   2.47403750068510E-08   8.11628635730530E-03   5.21680549204111E-07
  1.32923E-14                4.66900146349047E+00   3.09455259010357E-02   5.23295359494758E-04   2.86169513740954E-04   5.74923395892372E-02   1.65295007683202E-02   2.47403750068510E-08   8.11628635730530E-03   5.21680549201548E-07
  2.65846E-14                4.66900146349037E+00   3.09455259010357E-02   5.23295359494756E-04   2.86169513740944E-04   5.74923395892372E-02   1.65295007683202E-02   2.47403750068510E-08   8.11628635730530E-03   5.21680549196420E-07
  5.31691E-14                4.66900146349016E+00   3.09455259010357E-02   5.23295359494758E-04   2.86169513740924E-04   5.74923395892371E-02   1.65295007683202E-02   2.47403750068510E-08   8.11628635730530E-03   5.21680549186167E-07
  1.06338E-13                4.66900146348974E+00   3.09455259010357E-02   5.23295359494759E-04   2.86169513740884E-04   5.74923395892371E-02   1.65295007683202E-02   2.47403750068510E-08   8.11628635730531E-03   5.21680549165663E-07
  2.12676E-13                4.66900146348890E+00   3.09455259010357E-02   5.23295359494758E-04   2.86169513740804E-04   5.74923395892370E-02   1.65295007683202E-02   2.47403750068510E-08   8.11628635730533E-03   5.21680549124653E-07
  4.25353E-13                4.66900146348722E+00   3.09455259010357E-02   5.23295359494759E-04   2.86169513740643E-04   5.74923395892369E-02   1.65295007683202E-02   2.47403750068510E-08   8.11628635730536E-03   5.21680549042639E-07
  8.50706E-13                4.66900146348387E+00   3.09455259010356E-02   5.23295359494758E-04   2.86169513740322E-04   5.74923395892365E-02   1.65295007683202E-02   2.47403750068510E-08   8.11628635730542E-03   5.21680548878606E-07
  1.70141E-12                4.66900146347717E+00   3.09455259010350E-02   5.23295359494764E-04   2.86169513738396E-04   5.74923395892346E-02   1.65295007683202E-02   2.47403750068510E-08   8.11628635730578E-03   5.21680547894408E-07
  3.40282E-12                4.66900146346376E+00   3.09455259010344E-02   5.23295359494773E-04   2.86169513735827E-04   5.74923395892320E-02   1.65295007683202E-02   2.47403750068510E-08   8.11628635730625E-03   5.21680546582152E-07
  6.80565E-12                4.66900146343694E+00   3.09455259010331E-02   5.23295359494789E-04   2.86169513730690E-04   5.74923395892268E-02   1.65295007683202E-02   2.47403750068510E-08   8.11628635730721E-03   5.21680543957652E-07
  1.36113E-11                4.66900146338330E+00   3.09455259010304E-02   5.23295359494819E-04   2.86169513720417E-04   5.74923395892164E-02   1.65295007683202E-02   2.47403750068510E-08   8.11628635730911E-03   5.21680538708706E-07
  2.72226E-11                4.66900146327603E+00   3.09455259010252E-02   5.23295359494877E-04   2.86169513699870E-04   5.74923395891956E-02   1.65295007683202E-02   2.47403750068510E-08   8.11628635731295E-03   5.21680528211025E-07
  5.44452E-11                4.66900146306151E+00   3.09455259010148E-02   5.23295359494995E-04   2.86169513658778E-04   5.74923395891540E-02   1.65295007683202E-02   2.47403750068510E-08   8.11628635732059E-03   5.21680507216530E-07
  1.08890E-10                4.66900146263249E+00   3.09455259009938E-02   5.23295359495234E-04   2.86169513576602E-04   5.74923395890707E-02   1.65295007683202E-02   2.47403750068510E-08   8.11628635733594E-03   5.21680465231001E-07
  2.17781E-10                4.66900146177463E+00   3.09455259009521E-02   5.23295359495708E-04   2.86169513412285E-04   5.74923395889042E-02   1.65295007683202E-02   2.47403750068510E-08   8.11628635736656E-03   5.21680381273782E-07
  4.35561E-10                4.66900146005957E+00   3.09455259008684E-02   5.23295359496662E-04   2.86169513083786E-04   5.74923395885714E-02   1.65295007683202E-02   2.47403750068511E-08   8.11628635742780E-03   5.21680213414697E-07
  8.71123E-10                4.66900145663209E+00   3.09455259007011E-02   5.23295359498564E-04   2.86169512427324E-04   5.74923395879061E-02   1.65295007683202E-02   2.47403750068513E-08   8.11628635755026E-03   5.21679877917819E-07
  1.74225E-09                4.66900144978768E+00   3.09455259003665E-02   5.23295359502372E-04   2.86169511116546E-04   5.74923395865767E-02   1.65295007683202E-02   2.47403750068517E-08   8.11628635779522E-03   5.21679207807556E-07
  3.48449E-09                4.66900143614096E+00   3.09455258996972E-02   5.23295359509993E-04   2.86169508503552E-04   5.74923395839236E-02   1.65295007683202E-02   2.47403750068524E-08   8.11628635828512E-03   5.21677871114661E-07
  6.96898E-09                4.66900140901508E+00   3.09455258983589E-02   5.23295359525234E-04   2.86169503311634E-04   5.74923395786390E-02   1.65295007683202E-02   2.47403750068539E-08   8.11628635926499E-03   5.21675211758490E-07
  1.39380E-08                4.66900135542639E+00   3.09455258956823E-02   5.23295359555732E-04   2.86169493062630E-04   5.74923395681558E-02   1.65295007683202E-02   2.47403750068568E-08   8.11628636122476E-03   5.21669948575655E-07
  2.78759E-08                4.66900125084587E+00   3.09455258903297E-02   5.23295359616773E-04   2.86169473092685E-04   5.74923395475260E-02   1.65295007683203E-02   2.47403750068626E-08   8.11628636514462E-03   5.21659639687673E-07
  5.57519E-08                4.66900105164697E+00   3.09455258796269E-02   5.23295359739057E-04   2.86169435178587E-04   5.74923395075578E-02   1.65295007683203E-02   2.47403750068743E-08   8.11628637298567E-03   5.21639856220723E-07
  1.11504E-07                4.66900068996253E+00   3.09455258582302E-02   5.23295359984331E-04   2.86169366816273E-04   5.74923394323806E-02   1.65295007683204E-02   2.47403750068976E-08   8.11628638867248E-03   5.21603364123509E-07
  2.23007E-07                4.66900009202471E+00   3.09455258154663E-02   5.23295360477194E-04   2.86169255600341E-04   5.74923392982881E-02   1.65295007683205E-02   2.47403750069443E-08   8.11628642006141E-03   5.21540886356961E-07
  4.46015E-07                4.66899927011954E+00   3.09455257300220E-02   5.23295361469218E-04   2.86169109231069E-04   5.74923390785947E-02   1.65295007683208E-02   2.47403750070377E-08   8.11628648288167E-03   5.21447265096570E-07
  8.92030E-07                4.66899851479366E+00   3.09455255593074E-02   5.23295363464607E-04   2.86168997242870E-04   5.74923387544552E-02   1.65295007683214E-02   2.47403750072245E-08   8.11628660859989E-03   5.21334517829752E-07
  1.78406E-06                4.66899850303907E+00   3.09455252180292E-02   5.23295367456282E-04   2.86169078567603E-04   5.74923383009050E-02   1.65295007683225E-02   2.47403750075982E-08   8.11628686003792E-03   5.21235185472377E-07
  3.56812E-06                4.66900006481726E+00   3.09455245349192E-02   5.23295375344264E-04   2.86169565776407E-04   5.74923376011552E-02   1.65295007683248E-02   2.47403750083455E-08   8.11628736226637E-03   5.21172063909486E-07
  7.13624E-06                4.66900406454316E+00   3.09455231651407E-02   5.23295390631107E-04   2.86170727208050E-04   5.74923363226732E-02   1.65295007683293E-02   2.47403750098399E-08   8.11628836340985E-03   5.21130459035648E-07
  1.42725E-05                4.66901192011401E+00   3.09455204111999E-02   5.23295419285526E-04   2.86173054460275E-04   5.74923337754712E-02   1.65295007683383E-02   2.47403750128290E-08   8.11629035268053E-03   5.21078148491711E-07
  2.85450E-05                4.66902596032989E+00   3.09455148513930E-02   5.23295469752998E-04   2.86177489689169E-04   5.74923285673314E-02   1.65295007683565E-02   2.47403750188070E-08   8.11629428467153E-03   5.20988161815965E-07
  5.70899E-05                4.66904839467182E+00   3.09455035629458E-02   5.23295548964487E-04   2.86185601403082E-04   5.74923177597792E-02   1.65295007683927E-02   2.47403750307629E-08   8.11630199972804E-03   5.20840284614417E-07
  1.14180E-04                4.66907767118717E+00   3.09454805259298E-02   5.23295651621037E-04   2.86199699631182E-04   5.74922950949868E-02   1.65295007684651E-02   2.47403750546743E-08   8.11631704005455E-03   5.20631967418178E-07
  2.28360E-04                4.66910344668811E+00   3.09454335193205E-02   5.23295764368430E-04   2.86223254091457E-04   5.74922477537680E-02   1.65295007686099E-02   2.47403751024947E-08   8.11634642735947E-03   5.20399754417832E-07
  4.56719E-04                4.66910859821331E+00   3.09453383675289E-02   5.23295985506337E-04   2.86262875545071E-04   5.74921512591208E-02   1.65295007688991E-02   2.47403751981269E-08   8.11640487824047E-03   5.20200270949455E-07
  9.13439E-04                4.66908070814252E+00   3.09451479400956E-02   5.23296982320909E-04   2.86331784569823E-04   5.74919615160528E-02   1.65295007694763E-02   2.47403753893566E-08   8.11652449976382E-03   5.20037679829458E-07
  1.82688E-03                4.66901478221816E+00   3.09447702604112E-02   5.23301266865376E-04   2.86449856069561E-04   5.74916023183681E-02   1.65295007706260E-02   2.47403757716784E-08   8.11677661718490E-03   5.19850243764582E-07
  3.65375E-03                4.66890762524843E+00   3.09440254626916E-02   5.23316101637535E-04   2.86633661035320E-04   5.74909500130630E-02   1.65295007729064E-02   2.47403765357791E-08   8.11732113221209E-03   5.19582670977418E-07
  7.30751E-03                4.66876542417390E+00   3.09425589061237E-02   5.23357001366112E-04   2.86875408535470E-04   5.74898119958176E-02   1.65295007773923E-02   2.47403780618535E-08   8.11850749402820E-03   5.19241261370853E-07
  1.46150E-02                4.66861018108751E+00   3.09396590745501E-02   5.23445723060249E-04   2.87135678105868E-04   5.74878572332608E-02   1.65295007860750E-02   2.47403811057164E-08   8.12104612872059E-03   5.18893919892515E-07
  2.92300E-02                4.66845090492120E+00   3.09338967215302E-02   5.23605839856968E-04   2.87395057236605E-04   5.74844410566710E-02   1.65295008023596E-02   2.47403871612524E-08   8.12628178031705E-03   5.18588053956777E-07
  5.84601E-02                4.66824078444472E+00   3.09224580750942E-02   5.23885589233362E-04   2.87726756458111E-04   5.74783271766965E-02   1.65295008311401E-02   2.47403991479361E-08   8.13673499065523E-03   5.18248982487294E-07
  1.00000E-01                4.66796715227985E+00   3.09062906685714E-02   5.24261981935316E-04   2.88161563308115E-04   5.74701477196460E-02   1.65295008656820E-02   2.47404159998818E-08   8.15145105979780E-03   5.17788776777437E-07
  1.83080E-01                4.66745193085364E+00   3.08746279619921E-02   5.24989452373036E-04   2.88968246388711E-04   5.74539426483794E-02   1.65295009167769E-02   2.47404487915620E-08   8.18031038236318E-03   5.17010857051451E-07
  3.49240E-01                4.66647141334425E+00   3.08140508140924E-02   5.26383747589523E-04   2.90515059606281E-04   5.74205110752970E-02   1.65295009798946E-02   2.47405110722420E-08   8.23583952683249E-03   5.15541614825795E-07
  5.00000E-01                4.66549105628545E+00   3.07584818787221E-02   5.27685161862451E-04   2.92147332429871E-04   5.73907405594653E-02   1.65295010189141E-02   2.47405672424139E-08   8.28642282804026E-03   5.13597901497211E-07
  8.01521E-01                4.66382601441941E+00   3.06564253133916E-02   5.30075163378110E-04   2.94824143236714E-04   5.73288401333023E-02   1.65295010669778E-02   2.47406700545675E-08   8.38064329086968E-03   5.11114895983548E-07
  1.00000E+00                4.66247746766804E+00   3.05848365012998E-02   5.31801629500648E-04   2.97179285852776E-04   5.72894042580506E-02   1.65295010915704E-02   2.47407401474016E-08   8.44566455700613E-03   5.08060392053424E-07
  1.39696E+00                4.66036287980839E+00   3.04571693375897E-02   5.34872888971587E-04   3.00656200329044E-04   5.72074504195623E-02   1.65295011280284E-02   2.47408647461607E-08   8.56394664780993E-03   5.04927469467234E-07
  1.50000E+00                4.65941591970204E+00   3.04175045069186E-02   5.35883188653011E-04   3.02523264216113E-04   5.71881928728710E-02   1.65295011368086E-02   2.47409018445795E-08   8.59902384504279E-03   5.01766292913549E-07
  1.70608E+00                4.65812223060601E+00   3.03430455964064E-02   5.37739080929995E-04   3.04660945114876E-04   5.71533976936910E-02   1.65295011523497E-02   2.47409712491602E-08   8.66597092277099E-03   4.99781614937245E-07
  2.00000E+00                4.65631954538608E+00   3.02423675159245E-02   5.40288434898995E-04   3.07720651475475E-04   5.71095236630547E-02   1.65295011713613E-02   2.47410641484195E-08   8.75584597025418E-03   4.96685729619552E-07
  2.25000E+00                4.65460281454442E+00   3.01545648515890E-02   5.42578842408025E-04   3.10766387402626E-04   5.70786559229695E-02   1.65295011855856E-02   2.47411436604982E-08   8.83278169124810E-03   4.93118072201940E-07
  2.50000E+00                4.65288023997838E+00   3.00671256223813E-02   5.44909056711399E-04   3.13813763189885E-04   5.70521632457550E-02   1.65295011981047E-02   2.47412219529888E-08   8.90876583064231E-03   4.89703355811110E-07
  2.75000E+00                4.65111630701038E+00   2.99800942127240E-02   5.47284470317912E-04   3.16970503671458E-04   5.70281065309622E-02   1.65295012091338E-02   2.47412992200391E-08   8.98394311096477E-03   4.86181477067108E-07
  3.00000E+00                4.64930131912491E+00   2.98934209718901E-02   5.49711905866910E-04   3.20260546920624E-04   5.70052788706400E-02   1.65295012188863E-02   2.47413756705667E-08   9.05851387017886E-03   4.82537403386467E-07
  3.50000E+00                4.64618057168645E+00   2.97429896691865E-02   5.54049439875781E-04   3.25856519767703E-04   5.69557848505884E-02   1.65295012347620E-02   2.47415091334519E-08   9.18952758795618E-03   4.77131358180175E-07
