# Time series at grid cell: 100   1   1
VARIABLES = "Time (yrs) " , "pH                 ", "Ca++               ", "SO4--              ", "Mg++               ", "H4SiO4(aq)         ", "K+                 ", "O2(aq)             ", "Fe++               ", "Al+++              ", "
  1.00000E-50                4.98051521084472E+00   3.34921893584340E-02   3.05578569541805E-02   2.70699785811933E-02   2.16408120239781E-02   1.28889997154184E-02   1.96542223955280E-08   3.19481199968282E-03   9.53451033903990E-10
  2.00000E-50                4.98051557473501E+00   3.34921893584339E-02   3.05578569541805E-02   2.70699785811933E-02   2.16408120239781E-02   1.28889997154184E-02   1.96542223955280E-08   3.19481199968283E-03   9.53451033903990E-10
  3.00000E-50                4.98051558289586E+00   3.34921893584339E-02   3.05578569541804E-02   2.70699785811933E-02   2.16408120239781E-02   1.28889997154184E-02   1.96542223955280E-08   3.19481199968283E-03   9.53451033903989E-10
  4.00000E-50                4.98051558307888E+00   3.34921893584339E-02   3.05578569541804E-02   2.70699785811933E-02   2.16408120239781E-02   1.28889997154184E-02   1.96542223955280E-08   3.19481199968283E-03   9.53451033903991E-10
  5.00000E-50                4.98051558308298E+00   3.34921893584339E-02   3.05578569541804E-02   2.70699785811933E-02   2.16408120239781E-02   1.28889997154184E-02   1.96542223955280E-08   3.19481199968283E-03   9.53451033903992E-10
  7.00000E-50                4.98051558308308E+00   3.34921893584340E-02   3.05578569541804E-02   2.70699785811933E-02   2.16408120239781E-02   1.28889997154184E-02   1.96542223955280E-08   3.19481199968283E-03   9.53451033903984E-10
  1.10000E-49                4.98051558308308E+00   3.34921893584341E-02   3.05578569541808E-02   2.70699785811933E-02   2.16408120239781E-02   1.28889997154184E-02   1.96542223955280E-08   3.19481199968286E-03   9.53451033903997E-10
  1.90000E-49                4.98051558308308E+00   3.34921893584340E-02   3.05578569541805E-02   2.70699785811933E-02   2.16408120239781E-02   1.28889997154184E-02   1.96542223955280E-08   3.19481199968283E-03   9.53451033903994E-10
  3.50000E-49                4.98051558308308E+00   3.34921893584340E-02   3.05578569541804E-02   2.70699785811933E-02   2.16408120239781E-02   1.28889997154184E-02   1.96542223955280E-08   3.19481199968283E-03   9.53451033903986E-10
  6.70000E-49                4.98051558308308E+00   3.34921893584340E-02   3.05578569541804E-02   2.70699785811933E-02   2.16408120239781E-02   1.28889997154184E-02   1.96542223955280E-08   3.19481199968283E-03   9.53451033903986E-10
  1.31000E-48                4.98051558308308E+00   3.34921893584340E-02   3.05578569541804E-02   2.70699785811933E-02   2.16408120239781E-02   1.28889997154184E-02   1.96542223955280E-08   3.19481199968283E-03   9.53451033903986E-10
  2.59000E-48                4.98051558308308E+00   3.34921893584340E-02   3.05578569541804E-02   2.70699785811933E-02   2.16408120239781E-02   1.28889997154184E-02   1.96542223955280E-08   3.19481199968283E-03   9.53451033903986E-10
  5.15000E-48                4.98051558308308E+00   3.34921893584340E-02   3.05578569541804E-02   2.70699785811933E-02   2.16408120239781E-02   1.28889997154184E-02   1.96542223955280E-08   3.19481199968283E-03   9.53451033903986E-10
  1.02700E-47                4.98051558308308E+00   3.34921893584340E-02   3.05578569541804E-02   2.70699785811933E-02   2.16408120239781E-02   1.28889997154184E-02   1.96542223955280E-08   3.19481199968283E-03   9.53451033903986E-10
  2.05100E-47                4.98051558308308E+00   3.34921893584340E-02   3.05578569541804E-02   2.70699785811933E-02   2.16408120239781E-02   1.28889997154184E-02   1.96542223955280E-08   3.19481199968283E-03   9.53451033903986E-10
  4.09900E-47                4.98051558308308E+00   3.34921893584340E-02   3.05578569541804E-02   2.70699785811933E-02   2.16408120239781E-02   1.28889997154184E-02   1.96542223955280E-08   3.19481199968283E-03   9.53451033903986E-10
  8.19500E-47                4.98051558308308E+00   3.34921893584340E-02   3.05578569541804E-02   2.70699785811933E-02   2.16408120239781E-02   1.28889997154184E-02   1.96542223955280E-08   3.19481199968283E-03   9.53451033903986E-10
  1.63870E-46                4.98051558308308E+00   3.34921893584340E-02   3.05578569541804E-02   2.70699785811933E-02   2.16408120239781E-02   1.28889997154184E-02   1.96542223955280E-08   3.19481199968283E-03   9.53451033903986E-10
  3.27710E-46                4.98051558308308E+00   3.34921893584340E-02   3.05578569541804E-02   2.70699785811933E-02   2.16408120239781E-02   1.28889997154184E-02   1.96542223955280E-08   3.19481199968283E-03   9.53451033903986E-10
  6.55390E-46                4.98051558308308E+00   3.34921893584340E-02   3.05578569541804E-02   2.70699785811933E-02   2.16408120239781E-02   1.28889997154184E-02   1.96542223955280E-08   3.19481199968283E-03   9.53451033903986E-10
  1.31075E-45                4.98051558308308E+00   3.34921893584340E-02   3.05578569541804E-02   2.70699785811933E-02   2.16408120239781E-02   1.28889997154184E-02   1.96542223955280E-08   3.19481199968283E-03   9.53451033903986E-10
  2.62147E-45                4.98051558308308E+00   3.34921893584340E-02   3.05578569541804E-02   2.70699785811933E-02   2.16408120239781E-02   1.28889997154184E-02   1.96542223955280E-08   3.19481199968283E-03   9.53451033903986E-10
  5.24291E-45                4.98051558308308E+00   3.34921893584340E-02   3.05578569541804E-02   2.70699785811933E-02   2.16408120239781E-02   1.28889997154184E-02   1.96542223955280E-08   3.19481199968283E-03   9.53451033903986E-10
  1.04858E-44                4.98051558308308E+00   3.34921893584340E-02   3.05578569541804E-02   2.70699785811933E-02   2.16408120239781E-02   1.28889997154184E-02   1.96542223955280E-08   3.19481199968283E-03   9.53451033903986E-10
  2.09715E-44                4.98051558308308E+00   3.34921893584340E-02   3.05578569541804E-02   2.70699785811933E-02   2.16408120239781E-02   1.28889997154184E-02   1.96542223955280E-08   3.19481199968283E-03   9.53451033903986E-10
  4.19431E-44                4.98051558308308E+00   3.34921893584340E-02   3.05578569541804E-02   2.70699785811933E-02   2.16408120239781E-02   1.28889997154184E-02   1.96542223955280E-08   3.19481199968283E-03   9.53451033903986E-10
  8.38861E-44                4.98051558308308E+00   3.34921893584340E-02   3.05578569541804E-02   2.70699785811933E-02   2.16408120239781E-02   1.28889997154184E-02   1.96542223955280E-08   3.19481199968283E-03   9.53451033903986E-10
  1.67772E-43                4.98051558308308E+00   3.34921893584340E-02   3.05578569541804E-02   2.70699785811933E-02   2.16408120239781E-02   1.28889997154184E-02   1.96542223955280E-08   3.19481199968283E-03   9.53451033903986E-10
  3.35544E-43                4.98051558308308E+00   3.34921893584340E-02   3.05578569541804E-02   2.70699785811933E-02   2.16408120239781E-02   1.28889997154184E-02   1.96542223955280E-08   3.19481199968283E-03   9.53451033903986E-10
  6.71089E-43                4.98051558308308E+00   3.34921893584340E-02   3.05578569541804E-02   2.70699785811933E-02   2.16408120239781E-02   1.28889997154184E-02   1.96542223955280E-08   3.19481199968283E-03   9.53451033903986E-10
  1.34218E-42                4.98051558308308E+00   3.34921893584340E-02   3.05578569541804E-02   2.70699785811933E-02   2.16408120239781E-02   1.28889997154184E-02   1.96542223955280E-08   3.19481199968283E-03   9.53451033903986E-10
  2.68435E-42                4.98051558308308E+00   3.34921893584340E-02   3.05578569541804E-02   2.70699785811933E-02   2.16408120239781E-02   1.28889997154184E-02   1.96542223955280E-08   3.19481199968283E-03   9.53451033903986E-10
  5.36871E-42                4.98051558308308E+00   3.34921893584340E-02   3.05578569541804E-02   2.70699785811933E-02   2.16408120239781E-02   1.28889997154184E-02   1.96542223955280E-08   3.19481199968283E-03   9.53451033903986E-10
  1.07374E-41                4.98051558308308E+00   3.34921893584340E-02   3.05578569541804E-02   2.70699785811933E-02   2.16408120239781E-02   1.28889997154184E-02   1.96542223955280E-08   3.19481199968283E-03   9.53451033903986E-10
  2.14748E-41                4.98051558308308E+00   3.34921893584340E-02   3.05578569541804E-02   2.70699785811933E-02   2.16408120239781E-02   1.28889997154184E-02   1.96542223955280E-08   3.19481199968283E-03   9.53451033903986E-10
  4.29497E-41                4.98051558308308E+00   3.34921893584340E-02   3.05578569541804E-02   2.70699785811933E-02   2.16408120239781E-02   1.28889997154184E-02   1.96542223955280E-08   3.19481199968283E-03   9.53451033903986E-10
  8.58993E-41                4.98051558308308E+00   3.34921893584340E-02   3.05578569541804E-02   2.70699785811933E-02   2.16408120239781E-02   1.28889997154184E-02   1.96542223955280E-08   3.19481199968283E-03   9.53451033903986E-10
  1.71799E-40                4.98051558308308E+00   3.34921893584340E-02   3.05578569541804E-02   2.70699785811933E-02   2.16408120239781E-02   1.28889997154184E-02   1.96542223955280E-08   3.19481199968283E-03   9.53451033903986E-10
  3.43597E-40                4.98051558308308E+00   3.34921893584340E-02   3.05578569541804E-02   2.70699785811933E-02   2.16408120239781E-02   1.28889997154184E-02   1.96542223955280E-08   3.19481199968283E-03   9.53451033903986E-10
  6.87195E-40                4.98051558308308E+00   3.34921893584340E-02   3.05578569541804E-02   2.70699785811933E-02   2.16408120239781E-02   1.28889997154184E-02   1.96542223955280E-08   3.19481199968283E-03   9.53451033903986E-10
  1.37439E-39                4.98051558308308E+00   3.34921893584340E-02   3.05578569541804E-02   2.70699785811933E-02   2.16408120239781E-02   1.28889997154184E-02   1.96542223955280E-08   3.19481199968283E-03   9.53451033903986E-10
  2.74878E-39                4.98051558308308E+00   3.34921893584340E-02   3.05578569541804E-02   2.70699785811933E-02   2.16408120239781E-02   1.28889997154184E-02   1.96542223955280E-08   3.19481199968283E-03   9.53451033903986E-10
  5.49756E-39                4.98051558308308E+00   3.34921893584340E-02   3.05578569541804E-02   2.70699785811933E-02   2.16408120239781E-02   1.28889997154184E-02   1.96542223955280E-08   3.19481199968283E-03   9.53451033903986E-10
  1.09951E-38                4.98051558308308E+00   3.34921893584340E-02   3.05578569541804E-02   2.70699785811933E-02   2.16408120239781E-02   1.28889997154184E-02   1.96542223955280E-08   3.19481199968283E-03   9.53451033903986E-10
  2.19902E-38                4.98051558308308E+00   3.34921893584340E-02   3.05578569541804E-02   2.70699785811933E-02   2.16408120239781E-02   1.28889997154184E-02   1.96542223955280E-08   3.19481199968283E-03   9.53451033903986E-10
  4.39805E-38                4.98051558308308E+00   3.34921893584340E-02   3.05578569541804E-02   2.70699785811933E-02   2.16408120239781E-02   1.28889997154184E-02   1.96542223955280E-08   3.19481199968283E-03   9.53451033903986E-10
  8.79609E-38                4.98051558308308E+00   3.34921893584340E-02   3.05578569541804E-02   2.70699785811933E-02   2.16408120239781E-02   1.28889997154184E-02   1.96542223955280E-08   3.19481199968283E-03   9.53451033903986E-10
  1.75922E-37                4.98051558308308E+00   3.34921893584340E-02   3.05578569541804E-02   2.70699785811933E-02   2.16408120239781E-02   1.28889997154184E-02   1.96542223955280E-08   3.19481199968283E-03   9.53451033903986E-10
  3.51844E-37                4.98051558308308E+00   3.34921893584340E-02   3.05578569541804E-02   2.70699785811933E-02   2.16408120239781E-02   1.28889997154184E-02   1.96542223955280E-08   3.19481199968283E-03   9.53451033903986E-10
  7.03687E-37                4.98051558308308E+00   3.34921893584340E-02   3.05578569541804E-02   2.70699785811933E-02   2.16408120239781E-02   1.28889997154184E-02   1.96542223955280E-08   3.19481199968283E-03   9.53451033903986E-10
  1.40737E-36                4.98051558308308E+00   3.34921893584340E-02   3.05578569541804E-02   2.70699785811933E-02   2.16408120239781E-02   1.28889997154184E-02   1.96542223955280E-08   3.19481199968283E-03   9.53451033903986E-10
  2.81475E-36                4.98051558308308E+00   3.34921893584340E-02   3.05578569541804E-02   2.70699785811933E-02   2.16408120239781E-02   1.28889997154184E-02   1.96542223955280E-08   3.19481199968283E-03   9.53451033903986E-10
  5.62950E-36                4.98051558308308E+00   3.34921893584340E-02   3.05578569541804E-02   2.70699785811933E-02   2.16408120239781E-02   1.28889997154184E-02   1.96542223955280E-08   3.19481199968283E-03   9.53451033903986E-10
  1.12590E-35                4.98051558308308E+00   3.34921893584340E-02   3.05578569541804E-02   2.70699785811933E-02   2.16408120239781E-02   1.28889997154184E-02   1.96542223955280E-08   3.19481199968283E-03   9.53451033903986E-10
  2.25180E-35                4.98051558308308E+00   3.34921893584340E-02   3.05578569541804E-02   2.70699785811933E-02   2.16408120239781E-02   1.28889997154184E-02   1.96542223955280E-08   3.19481199968283E-03   9.53451033903986E-10
  4.50360E-35                4.98051558308308E+00   3.34921893584340E-02   3.05578569541804E-02   2.70699785811933E-02   2.16408120239781E-02   1.28889997154184E-02   1.96542223955280E-08   3.19481199968283E-03   9.53451033903986E-10
  9.00720E-35                4.98051558308308E+00   3.34921893584340E-02   3.05578569541804E-02   2.70699785811933E-02   2.16408120239781E-02   1.28889997154184E-02   1.96542223955280E-08   3.19481199968283E-03   9.53451033903986E-10
  1.80144E-34                4.98051558308308E+00   3.34921893584340E-02   3.05578569541804E-02   2.70699785811933E-02   2.16408120239781E-02   1.28889997154184E-02   1.96542223955280E-08   3.19481199968283E-03   9.53451033903986E-10
  3.60288E-34                4.98051558308308E+00   3.34921893584340E-02   3.05578569541804E-02   2.70699785811933E-02   2.16408120239781E-02   1.28889997154184E-02   1.96542223955280E-08   3.19481199968283E-03   9.53451033903986E-10
  7.20576E-34                4.98051558308308E+00   3.34921893584340E-02   3.05578569541804E-02   2.70699785811933E-02   2.16408120239781E-02   1.28889997154184E-02   1.96542223955280E-08   3.19481199968283E-03   9.53451033903986E-10
  1.44115E-33                4.98051558308308E+00   3.34921893584340E-02   3.05578569541804E-02   2.70699785811933E-02   2.16408120239781E-02   1.28889997154184E-02   1.96542223955280E-08   3.19481199968283E-03   9.53451033903986E-10
  2.88230E-33                4.98051558308308E+00   3.34921893584340E-02   3.05578569541804E-02   2.70699785811933E-02   2.16408120239781E-02   1.28889997154184E-02   1.96542223955280E-08   3.19481199968283E-03   9.53451033903986E-10
  5.76461E-33                4.98051558308308E+00   3.34921893584340E-02   3.05578569541804E-02   2.70699785811933E-02   2.16408120239781E-02   1.28889997154184E-02   1.96542223955280E-08   3.19481199968283E-03   9.53451033903986E-10
  1.15292E-32                4.98051558308308E+00   3.34921893584340E-02   3.05578569541804E-02   2.70699785811933E-02   2.16408120239781E-02   1.28889997154184E-02   1.96542223955280E-08   3.19481199968283E-03   9.53451033903986E-10
  2.30584E-32                4.98051558308308E+00   3.34921893584340E-02   3.05578569541804E-02   2.70699785811933E-02   2.16408120239781E-02   1.28889997154184E-02   1.96542223955280E-08   3.19481199968283E-03   9.53451033903986E-10
  4.61169E-32                4.98051558308308E+00   3.34921893584340E-02   3.05578569541804E-02   2.70699785811933E-02   2.16408120239781E-02   1.28889997154184E-02   1.96542223955280E-08   3.19481199968283E-03   9.53451033903986E-10
  9.22337E-32                4.98051558308308E+00   3.34921893584340E-02   3.05578569541804E-02   2.70699785811933E-02   2.16408120239781E-02   1.28889997154184E-02   1.96542223955280E-08   3.19481199968283E-03   9.53451033903986E-10
  1.84467E-31                4.98051558308308E+00   3.34921893584340E-02   3.05578569541804E-02   2.70699785811933E-02   2.16408120239781E-02   1.28889997154184E-02   1.96542223955280E-08   3.19481199968283E-03   9.53451033903986E-10
  3.68935E-31                4.98051558308308E+00   3.34921893584340E-02   3.05578569541804E-02   2.70699785811933E-02   2.16408120239781E-02   1.28889997154184E-02   1.96542223955280E-08   3.19481199968283E-03   9.53451033903986E-10
  7.37870E-31                4.98051558308308E+00   3.34921893584340E-02   3.05578569541804E-02   2.70699785811933E-02   2.16408120239781E-02   1.28889997154184E-02   1.96542223955280E-08   3.19481199968283E-03   9.53451033903986E-10
  1.47574E-30                4.98051558308308E+00   3.34921893584340E-02   3.05578569541804E-02   2.70699785811933E-02   2.16408120239781E-02   1.28889997154184E-02   1.96542223955280E-08   3.19481199968283E-03   9.53451033903986E-10
  2.95148E-30                4.98051558308308E+00   3.34921893584340E-02   3.05578569541804E-02   2.70699785811933E-02   2.16408120239781E-02   1.28889997154184E-02   1.96542223955280E-08   3.19481199968283E-03   9.53451033903986E-10
  5.90296E-30                4.98051558308308E+00   3.34921893584340E-02   3.05578569541804E-02   2.70699785811933E-02   2.16408120239781E-02   1.28889997154184E-02   1.96542223955280E-08   3.19481199968283E-03   9.53451033903986E-10
  1.18059E-29                4.98051558308308E+00   3.34921893584340E-02   3.05578569541804E-02   2.70699785811933E-02   2.16408120239781E-02   1.28889997154184E-02   1.96542223955280E-08   3.19481199968283E-03   9.53451033903986E-10
  2.36118E-29                4.98051558308308E+00   3.34921893584340E-02   3.05578569541804E-02   2.70699785811933E-02   2.16408120239781E-02   1.28889997154184E-02   1.96542223955280E-08   3.19481199968283E-03   9.53451033903986E-10
  4.72237E-29                4.98051558308308E+00   3.34921893584340E-02   3.05578569541804E-02   2.70699785811933E-02   2.16408120239781E-02   1.28889997154184E-02   1.96542223955280E-08   3.19481199968283E-03   9.53451033903986E-10
  9.44473E-29                4.98051558308308E+00   3.34921893584340E-02   3.05578569541804E-02   2.70699785811933E-02   2.16408120239781E-02   1.28889997154184E-02   1.96542223955280E-08   3.19481199968283E-03   9.53451033903986E-10
  1.88895E-28                4.98051558308308E+00   3.34921893584340E-02   3.05578569541804E-02   2.70699785811933E-02   2.16408120239781E-02   1.28889997154184E-02   1.96542223955280E-08   3.19481199968283E-03   9.53451033903986E-10
  3.77789E-28                4.98051558308308E+00   3.34921893584340E-02   3.05578569541804E-02   2.70699785811933E-02   2.16408120239781E-02   1.28889997154184E-02   1.96542223955280E-08   3.19481199968283E-03   9.53451033903986E-10
  7.55579E-28                4.98051558308308E+00   3.34921893584340E-02   3.05578569541804E-02   2.70699785811933E-02   2.16408120239781E-02   1.28889997154184E-02   1.96542223955280E-08   3.19481199968283E-03   9.53451033903986E-10
  1.51116E-27                4.98051558308308E+00   3.34921893584340E-02   3.05578569541804E-02   2.70699785811933E-02   2.16408120239781E-02   1.28889997154184E-02   1.96542223955280E-08   3.19481199968283E-03   9.53451033903986E-10
  3.02231E-27                4.98051558308308E+00   3.34921893584340E-02   3.05578569541804E-02   2.70699785811933E-02   2.16408120239781E-02   1.28889997154184E-02   1.96542223955280E-08   3.19481199968283E-03   9.53451033903986E-10
  6.04463E-27                4.98051558308308E+00   3.34921893584340E-02   3.05578569541804E-02   2.70699785811933E-02   2.16408120239781E-02   1.28889997154184E-02   1.96542223955280E-08   3.19481199968283E-03   9.53451033903986E-10
  1.20893E-26                4.98051558308308E+00   3.34921893584340E-02   3.05578569541804E-02   2.70699785811933E-02   2.16408120239781E-02   1.28889997154184E-02   1.96542223955280E-08   3.19481199968283E-03   9.53451033903986E-10
  2.41785E-26                4.98051558308308E+00   3.34921893584340E-02   3.05578569541804E-02   2.70699785811933E-02   2.16408120239781E-02   1.28889997154184E-02   1.96542223955280E-08   3.19481199968283E-03   9.53451033903986E-10
  4.83570E-26                4.98051558308308E+00   3.34921893584340E-02   3.05578569541804E-02   2.70699785811933E-02   2.16408120239781E-02   1.28889997154184E-02   1.96542223955280E-08   3.19481199968283E-03   9.53451033903986E-10
  9.67141E-26                4.98051558308308E+00   3.34921893584340E-02   3.05578569541804E-02   2.70699785811933E-02   2.16408120239781E-02   1.28889997154184E-02   1.96542223955280E-08   3.19481199968283E-03   9.53451033903986E-10
  1.93428E-25                4.98051558308308E+00   3.34921893584340E-02   3.05578569541804E-02   2.70699785811933E-02   2.16408120239781E-02   1.28889997154184E-02   1.96542223955280E-08   3.19481199968283E-03   9.53451033903986E-10
  3.86856E-25                4.98051558308308E+00   3.34921893584340E-02   3.05578569541804E-02   2.70699785811933E-02   2.16408120239781E-02   1.28889997154184E-02   1.96542223955280E-08   3.19481199968283E-03   9.53451033903986E-10
  7.73713E-25                4.98051558308308E+00   3.34921893584340E-02   3.05578569541804E-02   2.70699785811933E-02   2.16408120239781E-02   1.28889997154184E-02   1.96542223955280E-08   3.19481199968283E-03   9.53451033903986E-10
  1.54743E-24                4.98051558308308E+00   3.34921893584340E-02   3.05578569541804E-02   2.70699785811933E-02   2.16408120239781E-02   1.28889997154184E-02   1.96542223955280E-08   3.19481199968283E-03   9.53451033903986E-10
  3.09485E-24                4.98051558308308E+00   3.34921893584340E-02   3.05578569541804E-02   2.70699785811933E-02   2.16408120239781E-02   1.28889997154184E-02   1.96542223955280E-08   3.19481199968283E-03   9.53451033903986E-10
  6.18970E-24                4.98051558308308E+00   3.34921893584340E-02   3.05578569541804E-02   2.70699785811933E-02   2.16408120239781E-02   1.28889997154184E-02   1.96542223955280E-08   3.19481199968283E-03   9.53451033903986E-10
  1.23794E-23                4.98051558308308E+00   3.34921893584340E-02   3.05578569541804E-02   2.70699785811933E-02   2.16408120239781E-02   1.28889997154184E-02   1.96542223955280E-08   3.19481199968283E-03   9.53451033903986E-10
  2.47588E-23                4.98051558308308E+00   3.34921893584340E-02   3.05578569541804E-02   2.70699785811933E-02   2.16408120239781E-02   1.28889997154184E-02   1.96542223955280E-08   3.19481199968283E-03   9.53451033903986E-10
  4.95176E-23                4.98051558308308E+00   3.34921893584340E-02   3.05578569541804E-02   2.70699785811933E-02   2.16408120239781E-02   1.28889997154184E-02   1.96542223955280E-08   3.19481199968283E-03   9.53451033903986E-10
  9.90352E-23                4.98051558308308E+00   3.34921893584340E-02   3.05578569541804E-02   2.70699785811933E-02   2.16408120239781E-02   1.28889997154184E-02   1.96542223955280E-08   3.19481199968283E-03   9.53451033903986E-10
  1.98070E-22                4.98051558308308E+00   3.34921893584340E-02   3.05578569541804E-02   2.70699785811933E-02   2.16408120239781E-02   1.28889997154184E-02   1.96542223955280E-08   3.19481199968283E-03   9.53451033903986E-10
  3.96141E-22                4.98051558308308E+00   3.34921893584340E-02   3.05578569541804E-02   2.70699785811933E-02   2.16408120239781E-02   1.28889997154184E-02   1.96542223955280E-08   3.19481199968283E-03   9.53451033903986E-10
  7.92282E-22                4.98051558308308E+00   3.34921893584340E-02   3.05578569541804E-02   2.70699785811933E-02   2.16408120239781E-02   1.28889997154184E-02   1.96542223955280E-08   3.19481199968283E-03   9.53451033903986E-10
  1.58456E-21                4.98051558308308E+00   3.34921893584340E-02   3.05578569541804E-02   2.70699785811933E-02   2.16408120239781E-02   1.28889997154184E-02   1.96542223955280E-08   3.19481199968283E-03   9.53451033903973E-10
  3.16913E-21                4.98051558308308E+00   3.34921893584340E-02   3.05578569541804E-02   2.70699785811933E-02   2.16408120239781E-02   1.28889997154184E-02   1.96542223955280E-08   3.19481199968283E-03   9.53451033903973E-10
  6.33825E-21                4.98051558308308E+00   3.34921893584340E-02   3.05578569541804E-02   2.70699785811933E-02   2.16408120239781E-02   1.28889997154184E-02   1.96542223955280E-08   3.19481199968283E-03   9.53451033903946E-10
  1.26765E-20                4.98051558308308E+00   3.34921893584340E-02   3.05578569541804E-02   2.70699785811933E-02   2.16408120239781E-02   1.28889997154184E-02   1.96542223955280E-08   3.19481199968283E-03   9.53451033903905E-10
  2.53530E-20                4.98051558308308E+00   3.34921893584340E-02   3.05578569541804E-02   2.70699785811933E-02   2.16408120239781E-02   1.28889997154184E-02   1.96542223955280E-08   3.19481199968283E-03   9.53451033903824E-10
  5.07060E-20                4.98051558308308E+00   3.34921893584340E-02   3.05578569541804E-02   2.70699785811933E-02   2.16408120239781E-02   1.28889997154184E-02   1.96542223955280E-08   3.19481199968283E-03   9.53451033903661E-10
  1.01412E-19                4.98051558308308E+00   3.34921893584340E-02   3.05578569541804E-02   2.70699785811933E-02   2.16408120239781E-02   1.28889997154184E-02   1.96542223955280E-08   3.19481199968283E-03   9.53451033903350E-10
  2.02824E-19                4.98051558308308E+00   3.34921893584340E-02   3.05578569541804E-02   2.70699785811933E-02   2.16408120239781E-02   1.28889997154184E-02   1.96542223955280E-08   3.19481199968283E-03   9.53451033902712E-10
  4.05648E-19                4.98051558308308E+00   3.34921893584340E-02   3.05578569541804E-02   2.70699785811933E-02   2.16408120239781E-02   1.28889997154184E-02   1.96542223955280E-08   3.19481199968283E-03   9.53451033901426E-10
  8.11296E-19                4.98051558308308E+00   3.34921893584340E-02   3.05578569541804E-02   2.70699785811933E-02   2.16408120239781E-02   1.28889997154184E-02   1.96542223955280E-08   3.19481199968283E-03   9.53451033898878E-10
  1.62259E-18                4.98051558308308E+00   3.34921893584340E-02   3.05578569541804E-02   2.70699785811933E-02   2.16408120239781E-02   1.28889997154184E-02   1.96542223955280E-08   3.19481199968283E-03   9.53451033893770E-10
  3.24519E-18                4.98051558308308E+00   3.34921893584340E-02   3.05578569541804E-02   2.70699785811933E-02   2.16408120239781E-02   1.28889997154184E-02   1.96542223955280E-08   3.19481199968283E-03   9.53451033883554E-10
  6.49037E-18                4.98051558308308E+00   3.34921893584340E-02   3.05578569541804E-02   2.70699785811933E-02   2.16408120239781E-02   1.28889997154184E-02   1.96542223955280E-08   3.19481199968283E-03   9.53451033863122E-10
  1.29807E-17                4.98051558308308E+00   3.34921893584340E-02   3.05578569541804E-02   2.70699785811933E-02   2.16408120239781E-02   1.28889997154184E-02   1.96542223955280E-08   3.19481199968283E-03   9.53451033822243E-10
  2.59615E-17                4.98051558308308E+00   3.34921893584340E-02   3.05578569541804E-02   2.70699785811933E-02   2.16408120239781E-02   1.28889997154184E-02   1.96542223955280E-08   3.19481199968283E-03   9.53451033740494E-10
  5.19230E-17                4.98051558308308E+00   3.34921893584340E-02   3.05578569541804E-02   2.70699785811933E-02   2.16408120239781E-02   1.28889997154184E-02   1.96542223955280E-08   3.19481199968283E-03   9.53451033577014E-10
  1.03846E-16                4.98051558308307E+00   3.34921893584340E-02   3.05578569541804E-02   2.70699785811933E-02   2.16408120239781E-02   1.28889997154184E-02   1.96542223955280E-08   3.19481199968283E-03   9.53451033250044E-10
  2.07692E-16                4.98051558308306E+00   3.34921893584340E-02   3.05578569541804E-02   2.70699785811933E-02   2.16408120239781E-02   1.28889997154184E-02   1.96542223955280E-08   3.19481199968283E-03   9.53451032596082E-10
  4.15384E-16                4.98051558308305E+00   3.34921893584340E-02   3.05578569541804E-02   2.70699785811933E-02   2.16408120239781E-02   1.28889997154184E-02   1.96542223955280E-08   3.19481199968283E-03   9.53451031288173E-10
  8.30767E-16                4.98051558308302E+00   3.34921893584340E-02   3.05578569541804E-02   2.70699785811933E-02   2.16408120239781E-02   1.28889997154184E-02   1.96542223955280E-08   3.19481199968283E-03   9.53451028672361E-10
  1.66153E-15                4.98051558308296E+00   3.34921893584339E-02   3.05578569541804E-02   2.70699785811933E-02   2.16408120239781E-02   1.28889997154184E-02   1.96542223955280E-08   3.19481199968283E-03   9.53451023440732E-10
  3.32307E-15                4.98051558308285E+00   3.34921893584339E-02   3.05578569541804E-02   2.70699785811933E-02   2.16408120239781E-02   1.28889997154184E-02   1.96542223955280E-08   3.19481199968283E-03   9.53451012977465E-10
  6.64614E-15                4.98051558308261E+00   3.34921893584339E-02   3.05578569541803E-02   2.70699785811932E-02   2.16408120239781E-02   1.28889997154184E-02   1.96542223955280E-08   3.19481199968283E-03   9.53450992050951E-10
  1.32923E-14                4.98051558308214E+00   3.34921893584338E-02   3.05578569541803E-02   2.70699785811931E-02   2.16408120239780E-02   1.28889997154184E-02   1.96542223955280E-08   3.19481199968283E-03   9.53450950197930E-10
  2.65846E-14                4.98051558308121E+00   3.34921893584336E-02   3.05578569541801E-02   2.70699785811929E-02   2.16408120239779E-02   1.28889997154184E-02   1.96542223955280E-08   3.19481199968283E-03   9.53450866491973E-10
  5.31691E-14                4.98051558307934E+00   3.34921893584326E-02   3.05578569541791E-02   2.70699785811917E-02   2.16408120239771E-02   1.28889997154184E-02   1.96542223955280E-08   3.19481199968283E-03   9.53450364258427E-10
  1.06338E-13                4.98051558307559E+00   3.34921893584312E-02   3.05578569541777E-02   2.70699785811901E-02   2.16408120239761E-02   1.28889997154184E-02   1.96542223955280E-08   3.19481199968283E-03   9.53449694619408E-10
  2.12676E-13                4.98051558306811E+00   3.34921893584285E-02   3.05578569541751E-02   2.70699785811869E-02   2.16408120239740E-02   1.28889997154184E-02   1.96542223955280E-08   3.19481199968283E-03   9.53448355360990E-10
  4.25353E-13                4.98051558305313E+00   3.34921893584230E-02   3.05578569541697E-02   2.70699785811804E-02   2.16408120239699E-02   1.28889997154184E-02   1.96542223955280E-08   3.19481199968284E-03   9.53445676922700E-10
  8.50706E-13                4.98051558302318E+00   3.34921893584120E-02   3.05578569541589E-02   2.70699785811674E-02   2.16408120239616E-02   1.28889997154183E-02   1.96542223955280E-08   3.19481199968285E-03   9.53440320360224E-10
  1.70141E-12                4.98051558296329E+00   3.34921893583901E-02   3.05578569541374E-02   2.70699785811414E-02   2.16408120239451E-02   1.28889997154183E-02   1.96542223955280E-08   3.19481199968287E-03   9.53429608491539E-10
  3.40282E-12                4.98051558284354E+00   3.34921893583463E-02   3.05578569540945E-02   2.70699785810895E-02   2.16408120239121E-02   1.28889997154183E-02   1.96542223955280E-08   3.19481199968290E-03   9.53408189777990E-10
  6.80565E-12                4.98051558260415E+00   3.34921893582587E-02   3.05578569540085E-02   2.70699785809858E-02   2.16408120238461E-02   1.28889997154182E-02   1.96542223955280E-08   3.19481199968298E-03   9.53365372436060E-10
  1.36113E-11                4.98051558212581E+00   3.34921893580835E-02   3.05578569538366E-02   2.70699785807784E-02   2.16408120237142E-02   1.28889997154181E-02   1.96542223955280E-08   3.19481199968314E-03   9.53279818011449E-10
  2.72226E-11                4.98051558117090E+00   3.34921893577329E-02   3.05578569534927E-02   2.70699785803645E-02   2.16408120234510E-02   1.28889997154178E-02   1.96542223955280E-08   3.19481199968346E-03   9.53109029550184E-10
  5.44452E-11                4.98051557926814E+00   3.34921893570318E-02   3.05578569528049E-02   2.70699785795399E-02   2.16408120229264E-02   1.28889997154173E-02   1.96542223955280E-08   3.19481199968410E-03   9.52768729009472E-10
  1.08890E-10                4.98051557549062E+00   3.34921893556296E-02   3.05578569514295E-02   2.70699785779029E-02   2.16408120218847E-02   1.28889997154163E-02   1.96542223955280E-08   3.19481199968536E-03   9.52093192447937E-10
  2.17781E-10                4.98051556804582E+00   3.34921893528252E-02   3.05578569486786E-02   2.70699785746775E-02   2.16408120198309E-02   1.28889997154143E-02   1.96542223955280E-08   3.19481199968790E-03   9.50761110412757E-10
  4.35561E-10                4.98051555358377E+00   3.34921893472163E-02   3.05578569431768E-02   2.70699785684152E-02   2.16408120158383E-02   1.28889997154102E-02   1.96542223955282E-08   3.19481199969298E-03   9.48173409852532E-10
  8.71123E-10                4.98051552626893E+00   3.34921893359987E-02   3.05578569321732E-02   2.70699785565997E-02   2.16408120082856E-02   1.28889997154021E-02   1.96542223955284E-08   3.19481199970313E-03   9.43284015357163E-10
  1.74225E-09                4.98051547736489E+00   3.34921893135633E-02   3.05578569101660E-02   2.70699785354916E-02   2.16408119947195E-02   1.28889997153858E-02   1.96542223955290E-08   3.19481199972344E-03   9.34522862299365E-10
  3.48449E-09                4.98051539795645E+00   3.34921892686926E-02   3.05578568661515E-02   2.70699785013831E-02   2.16408119725343E-02   1.28889997153532E-02   1.96542223955301E-08   3.19481199976407E-03   9.20271094724635E-10
  6.96898E-09                4.98051528894780E+00   3.34921891789512E-02   3.05578567781227E-02   2.70699784551136E-02   2.16408119415598E-02   1.28889997152880E-02   1.96542223955324E-08   3.19481199984533E-03   9.00622256877673E-10
  1.39380E-08                4.98051517447027E+00   3.34921889994685E-02   3.05578566020650E-02   2.70699784081978E-02   2.16408119074683E-02   1.28889997151577E-02   1.96542223955368E-08   3.19481200000785E-03   8.79734729362669E-10
  2.78759E-08                4.98051509428571E+00   3.34921886405033E-02   3.05578562499497E-02   2.70699783799195E-02   2.16408118793269E-02   1.28889997148971E-02   1.96542223955458E-08   3.19481200033292E-03   8.64416957796644E-10
  5.57519E-08                4.98051506710448E+00   3.34921879225730E-02   3.05578555457195E-02   2.70699783820523E-02   2.16408118589009E-02   1.28889997143757E-02   1.96542223955636E-08   3.19481200098307E-03   8.57471276399000E-10
  1.11504E-07                4.98051508080122E+00   3.34921864867141E-02   3.05578541372606E-02   2.70699784163113E-02   2.16408118363753E-02   1.28889997133331E-02   1.96542223955995E-08   3.19481200228337E-03   8.55687252695857E-10
  2.23007E-07                4.98051512686695E+00   3.34921836150020E-02   3.05578513203489E-02   2.70699784930597E-02   2.16408117963532E-02   1.28889997112479E-02   1.96542223956710E-08   3.19481200488388E-03   8.55441774122132E-10
  4.46015E-07                4.98051522164948E+00   3.34921778716013E-02   3.05578456865489E-02   2.70699786477264E-02   2.16408117170233E-02   1.28889997070775E-02   1.96542223958142E-08   3.19481201008457E-03   8.55423484656732E-10
  8.92030E-07                4.98051541138974E+00   3.34921663848931E-02   3.05578344190433E-02   2.70699789571396E-02   2.16408115584110E-02   1.28889996987366E-02   1.96542223961007E-08   3.19481202048460E-03   8.55421140667414E-10
  1.78406E-06                4.98051579080957E+00   3.34921434118500E-02   3.05578118844101E-02   2.70699795759494E-02   2.16408112411710E-02   1.28889996820549E-02   1.96542223966735E-08   3.19481204127928E-03   8.55417704438083E-10
  3.56812E-06                4.98051654937865E+00   3.34920974672567E-02   3.05577668166552E-02   2.70699808134907E-02   2.16408106066218E-02   1.28889996486914E-02   1.96542223978191E-08   3.19481208284716E-03   8.55410857410101E-10
  7.13624E-06                4.98051806543475E+00   3.34920055840415E-02   3.05576766871915E-02   2.70699832882596E-02   2.16408093372463E-02   1.28889995819645E-02   1.96542224001103E-08   3.19481216589693E-03   8.55397173414416E-10
  1.42725E-05                4.98052109322492E+00   3.34918218414932E-02   3.05574964524439E-02   2.70699882365446E-02   2.16408067973890E-02   1.28889994485109E-02   1.96542224046927E-08   3.19481233165309E-03   8.55369844762292E-10
  2.85450E-05                4.98052713156670E+00   3.34914544518965E-02   3.05571360796362E-02   2.70699981281169E-02   2.16408017132617E-02   1.28889991816045E-02   1.96542224138574E-08   3.19481266179551E-03   8.55315344349986E-10
  5.70899E-05                4.98053913969049E+00   3.34907200544766E-02   3.05564157205169E-02   2.70700178913826E-02   2.16407915274575E-02   1.28889986477947E-02   1.96542224321860E-08   3.19481331662974E-03   8.55206967424714E-10
  1.14180E-04                4.98056288481986E+00   3.34892527849208E-02   3.05549765462332E-02   2.70700573392773E-02   2.16407710864520E-02   1.28889975801869E-02   1.96542224688403E-08   3.19481460472578E-03   8.54992680152301E-10
  2.28360E-04                4.98060931503622E+00   3.34863243324749E-02   3.05521043572894E-02   2.70701359274044E-02   2.16407299331305E-02   1.28889954450191E-02   1.96542225421375E-08   3.19481709642776E-03   8.54573744905657E-10
  4.56719E-04                4.98069812248746E+00   3.34804916586149E-02   3.05463844890356E-02   2.70702919257475E-02   2.16406465894164E-02   1.28889911748747E-02   1.96542226886862E-08   3.19482175565967E-03   8.53772694348843E-10
  9.13439E-04                4.98086090098715E+00   3.34689223126645E-02   3.05350417713370E-02   2.70705995982088E-02   2.16404761085867E-02   1.28889826353513E-02   1.96542229816007E-08   3.19482987876953E-03   8.52305136657640E-10
  1.82688E-03                4.98113644530036E+00   3.34461603071970E-02   3.05127364281709E-02   2.70712002736509E-02   2.16401223915474E-02   1.28889655593733E-02   1.96542235667008E-08   3.19484203172833E-03   8.49822135819048E-10
  3.65375E-03                4.98154223255003E+00   3.34020857567346E-02   3.04695849264778E-02   2.70723583526175E-02   2.16393782061016E-02   1.28889314197380E-02   1.96542247340015E-08   3.19485401748202E-03   8.46163119039218E-10
  7.30751E-03                4.98202386083250E+00   3.33193023003608E-02   3.03886685302520E-02   2.70745721591682E-02   2.16378086359540E-02   1.28888631900233E-02   1.96542270571379E-08   3.19484759089887E-03   8.41793163824714E-10
  1.46150E-02                4.98246436679136E+00   3.31721856824580E-02   3.02453133433317E-02   2.70788159423399E-02   2.16345521083664E-02   1.28887269303832E-02   1.96542316585921E-08   3.19477632184556E-03   8.37691998270901E-10
  2.92300E-02                4.98281113839652E+00   3.29335545526376E-02   3.00142077511659E-02   2.70870211884022E-02   2.16279535982774E-02   1.28884552194801E-02   1.96542406902372E-08   3.19454799664649E-03   8.34214136486648E-10
  5.84601E-02                4.98312153318844E+00   3.25908795845605E-02   2.96864834601129E-02   2.71028888682197E-02   2.16147340336247E-02   1.28879150720018E-02   1.96542581277115E-08   3.19403225380494E-03   8.30686973791099E-10
  1.00000E-01                4.98337792260476E+00   3.22087074590276E-02   2.93252912075861E-02   2.71247281050947E-02   2.15958089658056E-02   1.28871539039076E-02   1.96542818283592E-08   3.19343753541610E-03   8.27219054468081E-10
  1.83080E-01                4.98375500286560E+00   3.16654057350722E-02   2.88212812433912E-02   2.71640588071748E-02   2.15514576207642E-02   1.28856435833875E-02   1.96543257459351E-08   3.19455147534480E-03   8.22658882053250E-10
  3.49240E-01                4.98476635125200E+00   3.06966419379906E-02   2.79102853676847E-02   2.72135218550254E-02   2.13725218331421E-02   1.28824163805848E-02   1.96544045535877E-08   3.22027087614979E-03   8.18906172249207E-10
  5.00000E-01                4.98613415455845E+00   2.87353370900052E-02   2.59867512381011E-02   2.72396533702761E-02   2.11215996979743E-02   1.28791600611633E-02   1.96544720978119E-08   3.26500587447852E-03   8.16622734984327E-10
  8.01521E-01                4.98859950010920E+00   2.57546885366252E-02   2.30731089680420E-02   2.72681957258206E-02   2.05232864786568E-02   1.28716694112794E-02   1.96545909001036E-08   3.38182885548941E-03   8.24916278062421E-10
  1.00000E+00                4.98991599960345E+00   2.08624385608009E-02   1.82312693841188E-02   2.72995292252675E-02   2.01632358222541E-02   1.28666285833659E-02   1.96546651559459E-08   3.45467881896326E-03   8.26523643979207E-10
  1.39696E+00                4.99147490213970E+00   1.70711147126185E-02   1.45436677760029E-02   2.73576585413362E-02   1.96894740456330E-02   1.28584732814977E-02   1.96547778394824E-08   3.55758997172093E-03   8.31200704753756E-10
  1.50000E+00                4.99297232321232E+00   1.43019657670652E-02   1.18030540561934E-02   2.73815477977468E-02   1.95839729466451E-02   1.28565218303875E-02   1.96548077485063E-08   3.57974726428205E-03   8.14640821359591E-10
  1.70608E+00                4.99451353404196E+00   1.29336972696334E-02   1.04871197295770E-02   2.74127402483397E-02   1.94028650027186E-02   1.28534215123953E-02   1.96548574500422E-08   3.62076277393879E-03   8.06708778402233E-10
  2.00000E+00                4.99482637156706E+00   1.20929217606178E-02   9.70835705070790E-03   2.74437216927199E-02   1.91915126289215E-02   1.28504815802336E-02   1.96549125601934E-08   3.67229621613968E-03   8.11166529075718E-10
  2.25000E+00                4.99499412148381E+00   1.15322834747305E-02   9.19462254161043E-03   2.74671503962196E-02   1.90303168165021E-02   1.28488006922226E-02   1.96549532062164E-08   3.71132288727084E-03   8.13907244913538E-10
  2.50000E+00                4.99469147928497E+00   1.12246554871030E-02   8.92922253592671E-03   2.74861078497905E-02   1.88785318280275E-02   1.28476670159025E-02   1.96549890622261E-08   3.74881577356133E-03   8.21354402102222E-10
  2.75000E+00                4.99408811743173E+00   1.10474589129337E-02   8.79164094839947E-03   2.75022955126144E-02   1.87315482534393E-02   1.28468638242653E-02   1.96550220079321E-08   3.78581074214399E-03   8.31768428549818E-10
  3.00000E+00                4.99329130409358E+00   1.09368869437463E-02   8.71945527982953E-03   2.75170932949234E-02   1.85879602143734E-02   1.28462474392507E-02   1.96550532998946E-08   3.82247562097530E-03   8.44179957429361E-10
  3.50000E+00                4.99182552554889E+00   1.08415803039399E-02   8.68780741109609E-03   2.75426384427129E-02   1.83682903040774E-02   1.28453291672633E-02   1.96551036683363E-08   3.87948299594054E-03   8.67459880970953E-10
