# Time          2.0000E+00

 **************************************************************
 ------> GRID LOCATION:     1:  1:  1

  Temperature (C)    =    200.000
  Porosity           =      0.100
  Liquid Saturation  =      1.000
  Liquid Density     =    862.334
  Ionic Strength     =     45.866
  Solution pH        =      6.711
  Solution pe and Eh require H2(g) be included
  Total Charge       =  1.845E-14

 Total Aqueous Concentrations of Primary Species 
 --------------------------------------- 

   Species              Molality       Type 
 H+                  -1.2916E+02     Aqueous      
 Al+++                3.2216E+01     Aqueous      
 CO2(aq)              9.5000E-06     Aqueous      
 Mg++                 1.9742E-01     Aqueous      
 Ca++                 1.6090E+01     Aqueous      
 Fe++                 3.1856E-07     Aqueous      
 Fe+++                1.0000E-13     Aqueous      
 Cl-                  5.4972E-01     Aqueous      
 K+                   1.2000E-02     Aqueous      
 Na+                  4.7400E-01     Aqueous      
 SiO2(aq)             1.7000E-04     Aqueous      
 SO4--                9.2766E-05     Aqueous      
 O2(aq)               1.8000E-04     Aqueous      
 B(OH)3(aq)           4.0000E-04     Aqueous      
 HPO4--               1.7000E-06     Aqueous      
 NO3-                 3.9000E-05     Aqueous      
 H4SiO4(aq)           3.2289E+01     Aqueous      

 Concentrations of Individual Species, Exchangers, and Surface Complexes 
 ----------------------------------------------------------------------- 

                           Log        Log                 Concentration     
 Species              Molality  Activity      Molality    Mol/m^3 blk      Activity   Type

                           Log        Log                                 Activity
 Species              Molality   Activity      Molality      Activity   Coefficient    Type
  H+                    -6.711     -6.711     1.946E-07     1.946E-07     1.000E+00  Aqueous 
  Al+++                -13.965    -13.965     1.083E-14     1.083E-14     1.000E+00  Aqueous 
  CO2(aq)               -5.147     -5.147     7.128E-06     7.128E-06     1.000E+00  Aqueous 
  Mg++                  -0.705     -0.705     1.974E-01     1.974E-01     1.000E+00  Aqueous 
  Ca++                   1.164      1.164     1.459E+01     1.459E+01     1.000E+00  Aqueous 
  Fe++                  -7.417     -7.417     3.825E-08     3.825E-08     1.000E+00  Aqueous 
  Fe+++                -13.000    -13.000     1.000E-13     1.000E-13     1.000E+00  Aqueous 
  Cl-                   -2.656     -2.656     2.207E-03     2.207E-03     1.000E+00  Aqueous 
  K+                    -1.923     -1.923     1.194E-02     1.194E-02     1.000E+00  Aqueous 
  Na+                   -2.378     -2.378     4.193E-03     4.193E-03     1.000E+00  Aqueous 
  SiO2(aq)              -3.770     -3.770     1.700E-04     1.700E-04     1.000E+00  Aqueous 
  SO4--                 -8.573     -8.573     2.671E-09     2.671E-09     1.000E+00  Aqueous 
  O2(aq)                -3.745     -3.745     1.800E-04     1.800E-04     1.000E+00  Aqueous 
  B(OH)3(aq)            -3.398     -3.398     4.000E-04     4.000E-04     1.000E+00  Aqueous 
  HPO4--               -12.027    -12.027     9.388E-13     9.388E-13     1.000E+00  Aqueous 
  NO3-                  -4.409     -4.409     3.900E-05     3.900E-05     1.000E+00  Aqueous 
  H4SiO4(aq)             1.509      1.509     3.229E+01     3.229E+01     1.000E+00  Aqueous 
  HNO3(aq)             -10.708    -10.708     1.957E-11     1.957E-11     1.000E+00  Aqueous 
  Al(OH)2+              -3.270     -3.270     5.369E-04     5.369E-04     1.000E+00  Aqueous 
  AlO2-                  1.493      1.493     3.109E+01     3.109E+01     1.000E+00  Aqueous 
  AlOH++                -8.410     -8.410     3.888E-09     3.888E-09     1.000E+00  Aqueous 
  HCO3-                 -5.625     -5.625     2.371E-06     2.371E-06     1.000E+00  Aqueous 
  CO3--                 -9.381     -9.381     4.163E-10     4.163E-10     1.000E+00  Aqueous 
  CaCl+                 -0.262     -0.262     5.464E-01     5.464E-01     1.000E+00  Aqueous 
  CaCl2(aq)             -3.297     -3.297     5.050E-04     5.050E-04     1.000E+00  Aqueous 
  CaOH+                 -0.019     -0.019     9.569E-01     9.569E-01     1.000E+00  Aqueous 
  CaSO4(aq)             -4.033     -4.033     9.276E-05     9.276E-05     1.000E+00  Aqueous 
  FeCl+                 -7.776     -7.776     1.675E-08     1.675E-08     1.000E+00  Aqueous 
  FeCl2(aq)            -12.011    -12.011     9.751E-13     9.751E-13     1.000E+00  Aqueous 
  FeOH+                 -6.579     -6.579     2.635E-07     2.635E-07     1.000E+00  Aqueous 
  FeSO4(aq)            -12.104    -12.104     7.870E-13     7.870E-13     1.000E+00  Aqueous 
  OH-                   -4.579     -4.579     2.636E-05     2.636E-05     1.000E+00  Aqueous 
  HS-                  -87.238    -87.238     5.777E-88     5.777E-88     1.000E+00  Aqueous 
  H2S(aq)              -87.274    -87.274     5.325E-88     5.325E-88     1.000E+00  Aqueous 
  H2PO4-               -10.822    -10.822     1.507E-11     1.507E-11     1.000E+00  Aqueous 
  H3PO4(aq)            -14.260    -14.260     5.496E-15     5.496E-15     1.000E+00  Aqueous 
  HAlO2(aq)             -0.180     -0.180     6.600E-01     6.600E-01     1.000E+00  Aqueous 
  HSO4-                -10.685    -10.685     2.063E-11     2.063E-11     1.000E+00  Aqueous 
  KCl(aq)               -4.224     -4.224     5.965E-05     5.965E-05     1.000E+00  Aqueous 
  KOH(aq)               -5.778     -5.778     1.668E-06     1.668E-06     1.000E+00  Aqueous 
  KSO4-                 -8.569     -8.569     2.700E-09     2.700E-09     1.000E+00  Aqueous 
  NH3(aq)              -38.425    -38.425     3.756E-39     3.756E-39     1.000E+00  Aqueous 
  NaAlO2(aq)            -0.328     -0.328     4.698E-01     4.698E-01     1.000E+00  Aqueous 
  NaOH(aq)              -6.857     -6.857     1.389E-07     1.389E-07     1.000E+00  Aqueous 
  NaSO4-                -9.274     -9.274     5.325E-10     5.325E-10     1.000E+00  Aqueous 
  H2(aq)               -25.490    -25.490     3.238E-26     3.238E-26     1.000E+00  Aqueous 
  CaHPO4(aq)            -5.854     -5.854     1.400E-06     1.400E-06     1.000E+00  Aqueous 
  CaPO4-                -6.524     -6.524     2.995E-07     2.995E-07     1.000E+00  Aqueous 
  FeCO3(aq)            -10.503    -10.503     3.140E-11     3.140E-11     1.000E+00  Aqueous 
  FeH2PO4+             -15.546    -15.546     2.846E-16     2.846E-16     1.000E+00  Aqueous 
  FeHPO4(aq)           -15.136    -15.136     7.313E-16     7.313E-16     1.000E+00  Aqueous 
  FePO4-               -16.444    -16.444     3.599E-17     3.599E-17     1.000E+00  Aqueous 
  KHPO4-               -10.342    -10.342     4.549E-11     4.549E-11     1.000E+00  Aqueous 
  PO4---               -17.902    -17.902     1.254E-18     1.254E-18     1.000E+00  Aqueous 
  S--                  -93.909    -93.909     1.232E-94     1.232E-94     1.000E+00  Aqueous 

  ****** Partial pressure of gases (bars) *****

 CO2(g)               7.5763E-04
 O2(g)                1.4141E-01

  ***** Saturation state of minerals (log[Q/K] *****

  Forsterite               12.2906
  Enstatite(alpha)          8.3878
  Anorthite                26.2015
  Ferropargasite           55.0132
  Anhydrite                -0.0000
  Clinochlore              56.9131
  Albite(low)              17.2614


  ***** Volume of minerals added or subtracted *****

 Forsterite         -2.761270082E-04
 Enstatite(alpha)   -1.972639428E-07
 Anorthite          -1.400000000E-01
 Ferropargasite     -1.765322197E-09
 Anhydrite           1.107246721E-04
 Clinochlore        -1.000000000E-10
 Albite(low)        -1.000000000E-10

