# Time          2.0000E+00

 **************************************************************
 ------> GRID LOCATION:     1:  1:  1

  Temperature (C)    =     34.992
  Porosity           =      0.081
  Liquid Saturation  =      1.000
  Liquid Density     =    994.066
  Ionic Strength     =      0.719
  Solution pH        =      7.091
  Solution pe and Eh require H2(g) be included
  Total Charge       =  2.110E-06

 Total Aqueous Concentrations of Primary Species 
 --------------------------------------- 

   Species              Molality       Type 
 H+                  -4.3747E-03     Aqueous      
 Al+++                4.4201E-14     Aqueous      
 CO2(aq)              4.7500E-03     Aqueous      
 Mg++                 4.5295E-02     Aqueous      
 Ca++                 3.3697E-02     Aqueous      
 Fe++                 3.8229E-04     Aqueous      
 Fe+++                4.1185E-12     Aqueous      
 Ba++                 2.0000E-07     Aqueous      
 Sr++                 9.0000E-06     Aqueous      
 Cl-                  5.4815E-01     Aqueous      
 K+                   1.2000E-02     Aqueous      
 Na+                  4.7973E-01     Aqueous      
 SO4--                4.8962E-02     Aqueous      
 O2(aq)               1.8000E-04     Aqueous      
 B(OH)3(aq)           4.0000E-04     Aqueous      
 HPO4--               1.7000E-06     Aqueous      
 NO3-                 3.9000E-05     Aqueous      
 H4SiO4(aq)           1.5128E-02     Aqueous      

 Concentrations of Individual Species, Exchangers, and Surface Complexes 
 ----------------------------------------------------------------------- 

                           Log        Log                 Concentration     
 Species              Molality  Activity      Molality    Mol/m^3 blk      Activity   Type

                           Log        Log                                 Activity
 Species              Molality   Activity      Molality      Activity   Coefficient    Type
  H+                    -6.997     -7.091     1.007E-07     8.101E-08     8.046E-01  Aqueous 
  Al+++                -19.025    -20.116     9.448E-20     7.657E-21     8.104E-02  Aqueous 
  CO2(aq)               -3.394     -3.322     4.041E-04     4.768E-04     1.180E+00  Aqueous 
  Mg++                  -1.344     -1.936     4.530E-02     1.159E-02     2.559E-01  Aqueous 
  Ca++                  -1.572     -2.197     2.677E-02     6.356E-03     2.374E-01  Aqueous 
  Fe++                  -3.577     -4.201     2.651E-04     6.294E-05     2.374E-01  Aqueous 
  Fe+++                -11.385    -12.477     4.118E-12     3.337E-13     8.104E-02  Aqueous 
  Ba++                  -6.721     -7.422     1.902E-07     3.788E-08     1.992E-01  Aqueous 
  Sr++                  -5.140     -5.841     7.248E-06     1.444E-06     1.992E-01  Aqueous 
  Cl-                   -0.263     -0.471     5.454E-01     3.377E-01     6.192E-01  Aqueous 
  K+                    -1.959     -2.167     1.099E-02     6.805E-03     6.192E-01  Aqueous 
  Na+                   -0.334     -0.506     4.633E-01     3.122E-01     6.740E-01  Aqueous 
  SO4--                 -1.567     -2.365     2.708E-02     4.319E-03     1.595E-01  Aqueous 
  O2(aq)                -3.745     -3.673     1.800E-04     2.124E-04     1.180E+00  Aqueous 
  B(OH)3(aq)            -3.398     -3.326     4.000E-04     4.720E-04     1.180E+00  Aqueous 
  HPO4--                -6.095     -6.892     8.031E-07     1.281E-07     1.595E-01  Aqueous 
  NO3-                  -4.409     -4.617     3.900E-05     2.415E-05     6.192E-01  Aqueous 
  H4SiO4(aq)            -1.820     -1.748     1.513E-02     1.785E-02     1.180E+00  Aqueous 
  HNO3(aq)             -12.987    -12.915     1.030E-13     1.215E-13     1.180E+00  Aqueous 
  Al(OH)2+             -15.713    -15.887     1.936E-16     1.297E-16     6.699E-01  Aqueous 
  AlO2-                -13.403    -13.591     3.954E-14     2.564E-14     6.483E-01  Aqueous 
  AlOH++               -17.043    -17.688     9.067E-18     2.050E-18     2.262E-01  Aqueous 
  BaHCO3+               -8.632     -8.806     2.331E-09     1.561E-09     6.699E-01  Aqueous 
  BaCl+                 -8.129     -8.303     7.422E-09     4.972E-09     6.699E-01  Aqueous 
  BaCO3(aq)            -10.433    -10.361     3.694E-11     4.358E-11     1.180E+00  Aqueous 
  BaOH+                -13.156    -13.330     6.989E-14     4.682E-14     6.699E-01  Aqueous 
  HCO3-                 -2.365     -2.536     4.318E-03     2.910E-03     6.740E-01  Aqueous 
  CO3--                 -4.945     -5.691     1.135E-05     2.036E-06     1.795E-01  Aqueous 
  CaCl+                 -2.742     -2.916     1.813E-03     1.214E-03     6.699E-01  Aqueous 
  CaCl2(aq)             -3.882     -3.810     1.312E-04     1.548E-04     1.180E+00  Aqueous 
  CaOH+                 -7.274     -7.448     5.318E-08     3.563E-08     6.699E-01  Aqueous 
  CaSO4(aq)             -2.302     -2.230     4.986E-03     5.883E-03     1.180E+00  Aqueous 
  FeCl+                 -4.534     -4.708     2.927E-05     1.961E-05     6.699E-01  Aqueous 
  FeCl2(aq)             -6.897     -6.825     1.268E-07     1.496E-07     1.180E+00  Aqueous 
  FeOH+                 -6.122     -6.296     7.558E-07     5.063E-07     6.699E-01  Aqueous 
  FeSO4(aq)             -4.152     -4.080     7.044E-05     8.311E-05     1.180E+00  Aqueous 
  OH-                   -6.404     -6.595     3.949E-07     2.542E-07     6.437E-01  Aqueous 
  HS-                 -135.258   -135.449     5.525-136     3.556-136     6.437E-01  Aqueous 
  H2S(aq)             -135.747   -135.675     1.791-136     2.114-136     1.180E+00  Aqueous 
  H2PO4-                -6.619     -6.790     2.405E-07     1.621E-07     6.740E-01  Aqueous 
  H3PO4(aq)            -11.766    -11.694     1.714E-12     2.022E-12     1.180E+00  Aqueous 
  HAlO2(aq)            -14.507    -14.435     3.114E-15     3.674E-15     1.180E+00  Aqueous 
  HSO4-                 -7.155     -7.343     7.002E-08     4.540E-08     6.483E-01  Aqueous 
  KCl(aq)               -3.186     -3.114     6.513E-04     7.686E-04     1.180E+00  Aqueous 
  KOH(aq)               -9.233     -9.161     5.854E-10     6.907E-10     1.180E+00  Aqueous 
  KSO4-                 -3.445     -3.634     3.586E-04     2.325E-04     6.483E-01  Aqueous 
  NH3(aq)              -64.321    -64.249     4.773E-65     5.632E-65     1.180E+00  Aqueous 
  NaAlO2(aq)           -14.873    -14.801     1.339E-15     1.580E-15     1.180E+00  Aqueous 
  NaOH(aq)              -7.935     -7.863     1.162E-08     1.371E-08     1.180E+00  Aqueous 
  NaSO4-                -1.783     -1.947     1.647E-02     1.129E-02     6.857E-01  Aqueous 
  H2(aq)               -42.736    -42.664     1.837E-43     2.168E-43     1.180E+00  Aqueous 
  CaHPO4(aq)            -6.241     -6.169     5.743E-07     6.777E-07     1.180E+00  Aqueous 
  CaPO4-                -7.511     -7.699     3.082E-08     1.998E-08     6.483E-01  Aqueous 
  FeCO3(aq)             -4.780     -4.708     1.659E-05     1.957E-05     1.180E+00  Aqueous 
  FeH2PO4+              -8.124     -8.298     7.520E-09     5.038E-09     6.699E-01  Aqueous 
  FeHPO4(aq)            -7.579     -7.507     2.635E-08     3.109E-08     1.180E+00  Aqueous 
  FePO4-                -8.246     -8.435     5.671E-09     3.676E-09     6.483E-01  Aqueous 
  KHPO4-                -7.935     -8.123     1.163E-08     7.537E-09     6.483E-01  Aqueous 
  PO4---               -10.239    -12.070     5.772E-11     8.506E-13     1.474E-02  Aqueous 
  S--                 -144.350   -145.051     4.466-145     8.895-146     1.992E-01  Aqueous 
  Sr(CO3)(aq)           -8.678     -8.606     2.099E-09     2.477E-09     1.180E+00  Aqueous 
  SrHCO3+               -6.875     -7.049     1.332E-07     8.924E-08     6.699E-01  Aqueous 
  SrCl+                 -6.323     -6.497     4.749E-07     3.181E-07     6.699E-01  Aqueous 
  SrOH+                -11.398    -11.572     3.999E-12     2.679E-12     6.699E-01  Aqueous 
  SrSO4(aq)             -5.943     -5.871     1.141E-06     1.347E-06     1.180E+00  Aqueous 

  ****** Partial pressure of gases (bars) *****

 CO2(g)               1.8129E-02
 O2(g)                1.9511E-01

  ***** Saturation state of minerals (log[Q/K] *****

  Forsterite               -4.6161
  Enstatite(alpha)         -0.8015
  Anorthite               -11.6701
  Ferropargasite          -15.6638
  Anhydrite                -0.0209
  Clinochlore               0.0222
  Albite(low)              -0.0245
  Fayalite                  0.0936
  Epidote                  -0.0000
  Kaolinite                -6.6901
  Muscovite(ordered)       -6.7039


  ***** Volume of minerals added or subtracted *****

 Forsterite         -7.073922658E-06
 Enstatite(alpha)   -1.820250324E-06
 Anorthite          -6.339824135E-06
 Ferropargasite     -1.765189449E-05
 Anhydrite          -7.816808225E-05
 Clinochlore         7.571733539E-05
 Albite(low)        -4.013739534E-05
 Fayalite            5.125457782E-06
 Epidote            -1.624373148E-14
 Kaolinite          -1.000000000E-10
 Muscovite(ordered) -1.000000000E-10

 **************************************************************
 ------> GRID LOCATION:     2:  1:  1

  Temperature (C)    =     54.977
  Porosity           =      0.081
  Liquid Saturation  =      1.000
  Liquid Density     =    985.727
  Ionic Strength     =      0.697
  Solution pH        =      6.558
  Solution pe and Eh require H2(g) be included
  Total Charge       = -2.127E-06

 Total Aqueous Concentrations of Primary Species 
 --------------------------------------- 

   Species              Molality       Type 
 H+                  -3.6795E-03     Aqueous      
 Al+++                4.2219E-13     Aqueous      
 CO2(aq)              4.7502E-03     Aqueous      
 Mg++                 4.4378E-02     Aqueous      
 Ca++                 2.5145E-02     Aqueous      
 Fe++                 7.2422E-04     Aqueous      
 Fe+++                1.0811E-11     Aqueous      
 Ba++                 2.0001E-07     Aqueous      
 Sr++                 9.0003E-06     Aqueous      
 Cl-                  5.4817E-01     Aqueous      
 K+                   1.2000E-02     Aqueous      
 Na+                  4.8015E-01     Aqueous      
 SO4--                4.0387E-02     Aqueous      
 O2(aq)               1.8001E-04     Aqueous      
 B(OH)3(aq)           4.0001E-04     Aqueous      
 HPO4--               1.7001E-06     Aqueous      
 NO3-                 3.9001E-05     Aqueous      
 H4SiO4(aq)           1.5983E-02     Aqueous      

 Concentrations of Individual Species, Exchangers, and Surface Complexes 
 ----------------------------------------------------------------------- 

                           Log        Log                 Concentration     
 Species              Molality  Activity      Molality    Mol/m^3 blk      Activity   Type

                           Log        Log                                 Activity
 Species              Molality   Activity      Molality      Activity   Coefficient    Type
  H+                    -6.460     -6.558     3.465E-07     2.765E-07     7.980E-01  Aqueous 
  Al+++                -17.760    -18.885     1.737E-18     1.304E-19     7.507E-02  Aqueous 
  CO2(aq)               -2.965     -2.895     1.085E-03     1.274E-03     1.174E+00  Aqueous 
  Mg++                  -1.353     -1.963     4.438E-02     1.089E-02     2.454E-01  Aqueous 
  Ca++                  -1.701     -2.345     1.990E-02     4.521E-03     2.273E-01  Aqueous 
  Fe++                  -3.316     -3.959     4.835E-04     1.099E-04     2.273E-01  Aqueous 
  Fe+++                -10.966    -12.091     1.081E-11     8.116E-13     7.507E-02  Aqueous 
  Ba++                  -6.730     -7.452     1.862E-07     3.534E-08     1.897E-01  Aqueous 
  Sr++                  -5.147     -5.869     7.126E-06     1.352E-06     1.897E-01  Aqueous 
  Cl-                   -0.263     -0.478     5.454E-01     3.326E-01     6.098E-01  Aqueous 
  K+                    -1.962     -2.177     1.092E-02     6.657E-03     6.098E-01  Aqueous 
  Na+                   -0.331     -0.508     4.664E-01     3.103E-01     6.652E-01  Aqueous 
  SO4--                 -1.643     -2.464     2.273E-02     3.433E-03     1.510E-01  Aqueous 
  O2(aq)                -3.745     -3.675     1.800E-04     2.113E-04     1.174E+00  Aqueous 
  B(OH)3(aq)            -3.398     -3.328     4.000E-04     4.696E-04     1.174E+00  Aqueous 
  HPO4--                -6.237     -7.058     5.796E-07     8.754E-08     1.510E-01  Aqueous 
  NO3-                  -4.409     -4.624     3.900E-05     2.378E-05     6.098E-01  Aqueous 
  H4SiO4(aq)            -1.796     -1.727     1.598E-02     1.876E-02     1.174E+00  Aqueous 
  HNO3(aq)             -12.253    -12.183     5.588E-13     6.560E-13     1.174E+00  Aqueous 
  Al(OH)2+             -14.368    -14.548     4.281E-15     2.830E-15     6.611E-01  Aqueous 
  AlO2-                -12.447    -12.641     3.572E-13     2.283E-13     6.392E-01  Aqueous 
  AlOH++               -15.788    -16.453     1.631E-16     3.525E-17     2.162E-01  Aqueous 
  BaHCO3+               -8.476     -8.656     3.339E-09     2.208E-09     6.611E-01  Aqueous 
  BaCl+                 -7.983     -8.163     1.040E-08     6.876E-09     6.611E-01  Aqueous 
  BaCO3(aq)            -10.751    -10.681     1.776E-11     2.085E-11     1.174E+00  Aqueous 
  BaOH+                -12.829    -13.009     1.482E-13     9.799E-14     6.611E-01  Aqueous 
  HCO3-                 -2.438     -2.615     3.651E-03     2.429E-03     6.652E-01  Aqueous 
  CO3--                 -5.434     -6.202     3.682E-06     6.277E-07     1.705E-01  Aqueous 
  CaCl+                 -2.769     -2.948     1.704E-03     1.126E-03     6.611E-01  Aqueous 
  CaCl2(aq)             -4.015     -3.946     9.655E-05     1.134E-04     1.174E+00  Aqueous 
  CaOH+                 -7.159     -7.339     6.935E-08     4.584E-08     6.611E-01  Aqueous 
  CaSO4(aq)             -2.462     -2.393     3.449E-03     4.050E-03     1.174E+00  Aqueous 
  FeCl+                 -4.021     -4.200     9.537E-05     6.305E-05     6.611E-01  Aqueous 
  FeCl2(aq)             -6.480     -6.410     3.313E-07     3.890E-07     1.174E+00  Aqueous 
  FeOH+                 -5.834     -6.014     1.465E-06     9.685E-07     6.611E-01  Aqueous 
  FeSO4(aq)             -3.875     -3.805     1.334E-04     1.566E-04     1.174E+00  Aqueous 
  OH-                   -6.397     -6.595     4.007E-07     2.543E-07     6.346E-01  Aqueous 
  HS-                 -125.721   -125.919     1.900-126     1.206-126     6.346E-01  Aqueous 
  H2S(aq)             -125.856   -125.787     1.392-126     1.634-126     1.174E+00  Aqueous 
  H2PO4-                -6.239     -6.416     5.773E-07     3.840E-07     6.652E-01  Aqueous 
  H3PO4(aq)            -10.740    -10.670     1.821E-11     2.138E-11     1.174E+00  Aqueous 
  HAlO2(aq)            -13.353    -13.283     4.439E-14     5.211E-14     1.174E+00  Aqueous 
  HSO4-                 -6.427     -6.622     3.740E-07     2.391E-07     6.392E-01  Aqueous 
  KCl(aq)               -3.125     -3.056     7.491E-04     8.794E-04     1.174E+00  Aqueous 
  KOH(aq)               -9.103     -9.034     7.880E-10     9.251E-10     1.174E+00  Aqueous 
  KSO4-                 -3.476     -3.670     3.344E-04     2.138E-04     6.392E-01  Aqueous 
  NH3(aq)              -59.688    -59.619     2.050E-60     2.406E-60     1.174E+00  Aqueous 
  NaAlO2(aq)           -13.791    -13.721     1.618E-14     1.900E-14     1.174E+00  Aqueous 
  NaOH(aq)              -7.909     -7.839     1.233E-08     1.448E-08     1.174E+00  Aqueous 
  NaSO4-                -1.862     -2.031     1.374E-02     9.302E-03     6.771E-01  Aqueous 
  H2(aq)               -39.847    -39.777     1.423E-40     1.670E-40     1.174E+00  Aqueous 
  CaHPO4(aq)            -6.348     -6.279     4.484E-07     5.264E-07     1.174E+00  Aqueous 
  CaPO4-                -7.930     -8.124     1.175E-08     7.511E-09     6.392E-01  Aqueous 
  FeCO3(aq)             -4.995     -4.926     1.010E-05     1.186E-05     1.174E+00  Aqueous 
  FeH2PO4+              -7.501     -7.681     3.151E-08     2.083E-08     6.611E-01  Aqueous 
  FeHPO4(aq)            -7.494     -7.424     3.209E-08     3.767E-08     1.174E+00  Aqueous 
  FePO4-                -8.690     -8.884     2.042E-09     1.305E-09     6.392E-01  Aqueous 
  KHPO4-                -7.762     -7.957     1.728E-08     1.105E-08     6.392E-01  Aqueous 
  PO4---               -10.787    -12.672     1.632E-11     2.127E-13     1.303E-02  Aqueous 
  S--                 -134.616   -135.338     2.423-135     4.597-136     1.897E-01  Aqueous 
  Sr(CO3)(aq)           -8.944     -8.874     1.138E-09     1.336E-09     1.174E+00  Aqueous 
  SrHCO3+               -6.659     -6.839     2.192E-07     1.449E-07     6.611E-01  Aqueous 
  SrCl+                 -6.230     -6.410     5.885E-07     3.891E-07     6.611E-01  Aqueous 
  SrOH+                -11.114    -11.293     7.700E-12     5.090E-12     6.611E-01  Aqueous 
  SrSO4(aq)             -5.972     -5.903     1.066E-06     1.251E-06     1.174E+00  Aqueous 

  ****** Partial pressure of gases (bars) *****

 CO2(g)               7.1601E-02
 O2(g)                2.3716E-01

  ***** Saturation state of minerals (log[Q/K] *****

  Forsterite               -4.5336
  Enstatite(alpha)         -0.9002
  Anorthite               -10.3931
  Ferropargasite          -14.4119
  Anhydrite                 0.0002
  Clinochlore               0.0215
  Albite(low)              -0.0229
  Fayalite                  0.1039
  Epidote                  -0.0000
  Kaolinite                -5.6437
  Muscovite(ordered)       -5.5991


  ***** Volume of minerals added or subtracted *****

 Forsterite         -2.761744554E-05
 Enstatite(alpha)   -1.843397387E-06
 Anorthite          -6.339824135E-06
 Ferropargasite     -1.765189449E-05
 Anhydrite          -4.555670703E-05
 Clinochlore         7.864243490E-05
 Albite(low)        -4.290577941E-05
 Fayalite            4.501300540E-06
 Epidote            -9.457445053E-14
 Kaolinite          -1.000000000E-10
 Muscovite(ordered) -1.000000000E-10

 **************************************************************
 ------> GRID LOCATION:     3:  1:  1

  Temperature (C)    =     74.963
  Porosity           =      0.081
  Liquid Saturation  =      1.000
  Liquid Density     =    974.827
  Ionic Strength     =      0.675
  Solution pH        =      6.100
  Solution pe and Eh require H2(g) be included
  Total Charge       = -6.233E-09

 Total Aqueous Concentrations of Primary Species 
 --------------------------------------- 

   Species              Molality       Type 
 H+                  -2.5107E-03     Aqueous      
 Al+++                3.0542E-12     Aqueous      
 CO2(aq)              4.7502E-03     Aqueous      
 Mg++                 4.2892E-02     Aqueous      
 Ca++                 1.7913E-02     Aqueous      
 Fe++                 1.2862E-03     Aqueous      
 Fe+++                2.6899E-11     Aqueous      
 Ba++                 2.0001E-07     Aqueous      
 Sr++                 9.0004E-06     Aqueous      
 Cl-                  5.4818E-01     Aqueous      
 K+                   1.2001E-02     Aqueous      
 Na+                  4.8079E-01     Aqueous      
 SO4--                3.3129E-02     Aqueous      
 O2(aq)               1.8001E-04     Aqueous      
 B(OH)3(aq)           4.0002E-04     Aqueous      
 HPO4--               1.7001E-06     Aqueous      
 NO3-                 3.9002E-05     Aqueous      
 H4SiO4(aq)           1.7276E-02     Aqueous      

 Concentrations of Individual Species, Exchangers, and Surface Complexes 
 ----------------------------------------------------------------------- 

                           Log        Log                 Concentration     
 Species              Molality  Activity      Molality    Mol/m^3 blk      Activity   Type

                           Log        Log                                 Activity
 Species              Molality   Activity      Molality      Activity   Coefficient    Type
  H+                    -5.998     -6.100     1.005E-06     7.935E-07     7.896E-01  Aqueous 
  Al+++                -16.702    -17.867     1.984E-17     1.360E-18     6.852E-02  Aqueous 
  CO2(aq)               -2.649     -2.581     2.245E-03     2.622E-03     1.168E+00  Aqueous 
  Mg++                  -1.368     -2.000     4.289E-02     1.001E-02     2.334E-01  Aqueous 
  Ca++                  -1.853     -2.519     1.403E-02     3.025E-03     2.156E-01  Aqueous 
  Fe++                  -3.107     -3.773     7.819E-04     1.686E-04     2.156E-01  Aqueous 
  Fe+++                -10.570    -11.734     2.690E-11     1.843E-12     6.852E-02  Aqueous 
  Ba++                  -6.741     -7.489     1.814E-07     3.246E-08     1.790E-01  Aqueous 
  Sr++                  -5.154     -5.901     7.014E-06     1.255E-06     1.790E-01  Aqueous 
  Cl-                   -0.263     -0.486     5.453E-01     3.263E-01     5.984E-01  Aqueous 
  K+                    -1.966     -2.189     1.081E-02     6.469E-03     5.984E-01  Aqueous 
  Na+                   -0.329     -0.513     4.690E-01     3.069E-01     6.544E-01  Aqueous 
  SO4--                 -1.732     -2.581     1.854E-02     2.623E-03     1.415E-01  Aqueous 
  O2(aq)                -3.745     -3.677     1.800E-04     2.103E-04     1.168E+00  Aqueous 
  B(OH)3(aq)            -3.398     -3.330     4.000E-04     4.672E-04     1.168E+00  Aqueous 
  HPO4--                -6.485     -7.334     3.275E-07     4.633E-08     1.415E-01  Aqueous 
  NO3-                  -4.409     -4.632     3.900E-05     2.334E-05     5.984E-01  Aqueous 
  H4SiO4(aq)            -1.763     -1.695     1.728E-02     2.018E-02     1.168E+00  Aqueous 
  HNO3(aq)             -11.598    -11.530     2.524E-12     2.948E-12     1.168E+00  Aqueous 
  Al(OH)2+             -13.197    -13.384     6.355E-14     4.132E-14     6.502E-01  Aqueous 
  AlO2-                -11.623    -11.825     2.381E-12     1.496E-12     6.281E-01  Aqueous 
  AlOH++               -14.707    -15.396     1.963E-15     4.018E-16     2.047E-01  Aqueous 
  BaHCO3+               -8.412     -8.599     3.868E-09     2.515E-09     6.502E-01  Aqueous 
  BaCl+                 -7.831     -8.018     1.474E-08     9.587E-09     6.502E-01  Aqueous 
  BaCO3(aq)            -11.139    -11.072     7.262E-12     8.482E-12     1.168E+00  Aqueous 
  BaOH+                -12.552    -12.739     2.805E-13     1.824E-13     6.502E-01  Aqueous 
  HCO3-                 -2.602     -2.786     2.499E-03     1.635E-03     6.544E-01  Aqueous 
  CO3--                 -5.986     -6.781     1.032E-06     1.654E-07     1.603E-01  Aqueous 
  CaCl+                 -2.800     -2.987     1.583E-03     1.029E-03     6.502E-01  Aqueous 
  CaCl2(aq)             -4.118     -4.050     7.622E-05     8.903E-05     1.168E+00  Aqueous 
  CaOH+                 -7.090     -7.277     8.119E-08     5.280E-08     6.502E-01  Aqueous 
  CaSO4(aq)             -2.653     -2.586     2.222E-03     2.595E-03     1.168E+00  Aqueous 
  FeCl+                 -3.558     -3.745     2.765E-04     1.798E-04     6.502E-01  Aqueous 
  FeCl2(aq)             -6.082     -6.015     8.278E-07     9.669E-07     1.168E+00  Aqueous 
  FeOH+                 -5.591     -5.777     2.567E-06     1.669E-06     6.502E-01  Aqueous 
  FeSO4(aq)             -3.659     -3.591     2.193E-04     2.562E-04     1.168E+00  Aqueous 
  OH-                   -6.407     -6.612     3.917E-07     2.442E-07     6.234E-01  Aqueous 
  HS-                 -117.222   -117.427     6.001-118     3.741-118     6.234E-01  Aqueous 
  H2S(aq)             -117.019   -116.951     9.583-118     1.119-117     1.168E+00  Aqueous 
  H2PO4-                -6.012     -6.196     9.737E-07     6.372E-07     6.544E-01  Aqueous 
  H3PO4(aq)             -9.937     -9.870     1.155E-10     1.349E-10     1.168E+00  Aqueous 
  HAlO2(aq)            -12.336    -12.268     4.614E-13     5.389E-13     1.168E+00  Aqueous 
  HSO4-                 -5.781     -5.983     1.656E-06     1.040E-06     6.281E-01  Aqueous 
  KCl(aq)               -3.058     -2.990     8.759E-04     1.023E-03     1.168E+00  Aqueous 
  KOH(aq)               -8.994     -8.927     1.013E-09     1.183E-09     1.168E+00  Aqueous 
  KSO4-                 -3.503     -3.705     3.139E-04     1.971E-04     6.281E-01  Aqueous 
  NH3(aq)              -55.519    -55.451     3.027E-56     3.536E-56     1.168E+00  Aqueous 
  NaAlO2(aq)           -12.836    -12.768     1.459E-13     1.705E-13     1.168E+00  Aqueous 
  NaOH(aq)              -7.872     -7.805     1.343E-08     1.568E-08     1.168E+00  Aqueous 
  NaSO4-                -1.927     -2.103     1.183E-02     7.882E-03     6.665E-01  Aqueous 
  H2(aq)               -37.256    -37.188     5.548E-38     6.480E-38     1.168E+00  Aqueous 
  CaHPO4(aq)            -6.577     -6.510     2.646E-07     3.091E-07     1.168E+00  Aqueous 
  CaPO4-                -8.419     -8.621     3.811E-09     2.394E-09     6.281E-01  Aqueous 
  FeCO3(aq)             -5.306     -5.239     4.943E-06     5.774E-06     1.168E+00  Aqueous 
  FeH2PO4+              -7.089     -7.275     8.156E-08     5.304E-08     6.502E-01  Aqueous 
  FeHPO4(aq)            -7.543     -7.476     2.861E-08     3.342E-08     1.168E+00  Aqueous 
  FePO4-                -9.192     -9.394     6.424E-10     4.035E-10     6.281E-01  Aqueous 
  KHPO4-                -7.710     -7.912     1.949E-08     1.224E-08     6.281E-01  Aqueous 
  PO4---               -11.415    -13.364     3.846E-12     4.329E-14     1.125E-02  Aqueous 
  S--                 -125.965   -126.712     1.084-126     1.941-127     1.790E-01  Aqueous 
  Sr(CO3)(aq)           -9.285     -9.217     5.191E-10     6.064E-10     1.168E+00  Aqueous 
  SrHCO3+               -6.533     -6.720     2.930E-07     1.905E-07     6.502E-01  Aqueous 
  SrCl+                 -6.122     -6.309     7.545E-07     4.906E-07     6.502E-01  Aqueous 
  SrOH+                -10.864    -11.051     1.368E-11     8.895E-12     6.502E-01  Aqueous 
  SrSO4(aq)             -6.028     -5.960     9.380E-07     1.096E-06     1.168E+00  Aqueous 

  ****** Partial pressure of gases (bars) *****

 CO2(g)               1.9512E-01
 O2(g)                2.6201E-01

  ***** Saturation state of minerals (log[Q/K] *****

  Forsterite               -4.4340
  Enstatite(alpha)         -0.9714
  Anorthite                -9.3072
  Ferropargasite          -13.3679
  Anhydrite                 0.0077
  Clinochlore               0.0207
  Albite(low)              -0.0212
  Fayalite                  0.1163
  Epidote                  -0.0000
  Kaolinite                -4.7583
  Muscovite(ordered)       -4.6627


  ***** Volume of minerals added or subtracted *****

 Forsterite         -2.759689805E-05
 Enstatite(alpha)   -1.853327524E-06
 Anorthite          -6.339824135E-06
 Ferropargasite     -1.765189449E-05
 Anhydrite          -1.862505049E-05
 Clinochlore         8.335812485E-05
 Albite(low)        -4.736881827E-05
 Fayalite            3.481345412E-06
 Epidote            -2.799526082E-13
 Kaolinite          -1.000000000E-10
 Muscovite(ordered) -1.000000000E-10

 **************************************************************
 ------> GRID LOCATION:     4:  1:  1

  Temperature (C)    =     94.947
  Porosity           =      0.081
  Liquid Saturation  =      1.000
  Liquid Density     =    961.729
  Ionic Strength     =      0.655
  Solution pH        =      5.706
  Solution pe and Eh require H2(g) be included
  Total Charge       = -4.024E-09

 Total Aqueous Concentrations of Primary Species 
 --------------------------------------- 

   Species              Molality       Type 
 H+                  -1.3284E-03     Aqueous      
 Al+++                1.7656E-11     Aqueous      
 CO2(aq)              4.7503E-03     Aqueous      
 Mg++                 4.0969E-02     Aqueous      
 Ca++                 1.2438E-02     Aqueous      
 Fe++                 2.1921E-03     Aqueous      
 Fe+++                6.3146E-11     Aqueous      
 Ba++                 2.0001E-07     Aqueous      
 Sr++                 9.0005E-06     Aqueous      
 Cl-                  5.4818E-01     Aqueous      
 K+                   1.2001E-02     Aqueous      
 Na+                  4.8158E-01     Aqueous      
 SO4--                2.7621E-02     Aqueous      
 O2(aq)               1.8001E-04     Aqueous      
 B(OH)3(aq)           4.0002E-04     Aqueous      
 HPO4--               1.7001E-06     Aqueous      
 NO3-                 3.9002E-05     Aqueous      
 H4SiO4(aq)           1.8960E-02     Aqueous      

 Concentrations of Individual Species, Exchangers, and Surface Complexes 
 ----------------------------------------------------------------------- 

                           Log        Log                 Concentration     
 Species              Molality  Activity      Molality    Mol/m^3 blk      Activity   Type

                           Log        Log                                 Activity
 Species              Molality   Activity      Molality      Activity   Coefficient    Type
  H+                    -5.598     -5.706     2.525E-06     1.970E-06     7.801E-01  Aqueous 
  Al+++                -15.820    -17.029     1.515E-16     9.356E-18     6.177E-02  Aqueous 
  CO2(aq)               -2.466     -2.401     3.418E-03     3.975E-03     1.163E+00  Aqueous 
  Mg++                  -1.388     -2.044     4.097E-02     9.028E-03     2.204E-01  Aqueous 
  Ca++                  -2.020     -2.713     9.548E-03     1.938E-03     2.030E-01  Aqueous 
  Fe++                  -2.942     -3.635     1.143E-03     2.319E-04     2.030E-01  Aqueous 
  Fe+++                -10.200    -11.409     6.315E-11     3.901E-12     6.177E-02  Aqueous 
  Ba++                  -6.755     -7.532     1.757E-07     2.940E-08     1.674E-01  Aqueous 
  Sr++                  -5.160     -5.936     6.919E-06     1.158E-06     1.674E-01  Aqueous 
  Cl-                   -0.264     -0.496     5.448E-01     3.189E-01     5.854E-01  Aqueous 
  K+                    -1.972     -2.204     1.067E-02     6.249E-03     5.854E-01  Aqueous 
  Na+                   -0.327     -0.519     4.711E-01     3.025E-01     6.422E-01  Aqueous 
  SO4--                 -1.821     -2.703     1.510E-02     1.981E-03     1.312E-01  Aqueous 
  O2(aq)                -3.745     -3.679     1.800E-04     2.093E-04     1.163E+00  Aqueous 
  B(OH)3(aq)            -3.398     -3.332     4.000E-04     4.652E-04     1.163E+00  Aqueous 
  HPO4--                -6.812     -7.694     1.542E-07     2.022E-08     1.312E-01  Aqueous 
  NO3-                  -4.409     -4.641     3.900E-05     2.283E-05     5.854E-01  Aqueous 
  H4SiO4(aq)            -1.722     -1.657     1.896E-02     2.205E-02     1.163E+00  Aqueous 
  HNO3(aq)             -11.013    -10.948     9.696E-12     1.128E-11     1.163E+00  Aqueous 
  Al(OH)2+             -12.174    -12.369     6.702E-13     4.276E-13     6.380E-01  Aqueous 
  AlO2-                -10.910    -11.121     1.230E-11     7.571E-12     6.155E-01  Aqueous 
  AlOH++               -13.776    -14.492     1.673E-14     3.220E-15     1.924E-01  Aqueous 
  BaHCO3+               -8.464     -8.659     3.437E-09     2.193E-09     6.380E-01  Aqueous 
  BaCl+                 -7.680     -7.875     2.091E-08     1.334E-08     6.380E-01  Aqueous 
  BaCO3(aq)            -11.619    -11.553     2.406E-12     2.798E-12     1.163E+00  Aqueous 
  BaOH+                -12.315    -12.510     4.843E-13     3.090E-13     6.380E-01  Aqueous 
  HCO3-                 -2.876     -3.069     1.330E-03     8.539E-04     6.422E-01  Aqueous 
  CO3--                 -6.620     -7.446     2.399E-07     3.582E-08     1.493E-01  Aqueous 
  CaCl+                 -2.837     -3.032     1.457E-03     9.293E-04     6.380E-01  Aqueous 
  CaCl2(aq)             -4.199     -4.134     6.322E-05     7.351E-05     1.163E+00  Aqueous 
  CaOH+                 -7.057     -7.252     8.771E-08     5.596E-08     6.380E-01  Aqueous 
  CaSO4(aq)             -2.863     -2.798     1.370E-03     1.593E-03     1.163E+00  Aqueous 
  FeCl+                 -3.143     -3.338     7.192E-04     4.589E-04     6.380E-01  Aqueous 
  FeCl2(aq)             -5.708     -5.643     1.957E-06     2.275E-06     1.163E+00  Aqueous 
  FeOH+                 -5.385     -5.580     4.124E-06     2.631E-06     6.380E-01  Aqueous 
  FeSO4(aq)             -3.492     -3.426     3.222E-04     3.747E-04     1.163E+00  Aqueous 
  OH-                   -6.427     -6.641     3.744E-07     2.287E-07     6.107E-01  Aqueous 
  HS-                 -109.595   -109.809     2.543-110     1.553-110     6.107E-01  Aqueous 
  H2S(aq)             -109.072   -109.006     8.482-110     9.863-110     1.163E+00  Aqueous 
  H2PO4-                -5.907     -6.099     1.238E-06     7.953E-07     6.422E-01  Aqueous 
  H3PO4(aq)             -9.320     -9.255     4.782E-10     5.561E-10     1.163E+00  Aqueous 
  HAlO2(aq)            -11.438    -11.372     3.649E-12     4.243E-12     1.163E+00  Aqueous 
  HSO4-                 -5.200     -5.411     6.311E-06     3.884E-06     6.155E-01  Aqueous 
  KCl(aq)               -2.988     -2.923     1.027E-03     1.194E-03     1.163E+00  Aqueous 
  KOH(aq)               -8.903     -8.837     1.252E-09     1.455E-09     1.163E+00  Aqueous 
  KSO4-                 -3.524     -3.735     2.990E-04     1.840E-04     6.155E-01  Aqueous 
  NH3(aq)              -51.748    -51.682     1.787E-52     2.078E-52     1.163E+00  Aqueous 
  NaAlO2(aq)           -11.992    -11.926     1.019E-12     1.185E-12     1.163E+00  Aqueous 
  NaOH(aq)              -7.828     -7.763     1.485E-08     1.727E-08     1.163E+00  Aqueous 
  NaSO4-                -1.978     -2.162     1.052E-02     6.888E-03     6.545E-01  Aqueous 
  H2(aq)               -34.919    -34.853     1.206E-35     1.402E-35     1.163E+00  Aqueous 
  CaHPO4(aq)            -6.901     -6.835     1.256E-07     1.461E-07     1.163E+00  Aqueous 
  CaPO4-                -8.960     -9.170     1.097E-09     6.755E-10     6.155E-01  Aqueous 
  FeCO3(aq)             -5.731     -5.665     1.860E-06     2.162E-06     1.163E+00  Aqueous 
  FeH2PO4+              -6.845     -7.041     1.427E-07     9.107E-08     6.380E-01  Aqueous 
  FeHPO4(aq)            -7.702     -7.636     1.988E-08     2.312E-08     1.163E+00  Aqueous 
  FePO4-                -9.738     -9.949     1.826E-10     1.124E-10     6.155E-01  Aqueous 
  KHPO4-                -7.755     -7.966     1.758E-08     1.082E-08     6.155E-01  Aqueous 
  PO4---               -12.094    -14.116     8.060E-13     7.662E-15     9.506E-03  Aqueous 
  S--                 -118.224   -119.001     5.966-119     9.986-120     1.674E-01  Aqueous 
  Sr(CO3)(aq)           -9.720     -9.654     1.907E-10     2.217E-10     1.163E+00  Aqueous 
  SrHCO3+               -6.521     -6.716     3.013E-07     1.922E-07     6.380E-01  Aqueous 
  SrCl+                 -6.006     -6.201     9.867E-07     6.295E-07     6.380E-01  Aqueous 
  SrOH+                -10.642    -10.838     2.278E-11     1.453E-11     6.380E-01  Aqueous 
  SrSO4(aq)             -6.101     -6.035     7.933E-07     9.225E-07     1.163E+00  Aqueous 

  ****** Partial pressure of gases (bars) *****

 CO2(g)               3.5968E-01
 O2(g)                2.6989E-01

  ***** Saturation state of minerals (log[Q/K] *****

  Forsterite               -4.3196
  Enstatite(alpha)         -1.0191
  Anorthite                -8.3809
  Ferropargasite          -12.4940
  Anhydrite                 0.0096
  Clinochlore               0.0199
  Albite(low)              -0.0194
  Fayalite                  0.1304
  Epidote                  -0.0000
  Kaolinite                -4.0096
  Muscovite(ordered)       -3.8716


  ***** Volume of minerals added or subtracted *****

 Forsterite         -2.746991690E-05
 Enstatite(alpha)   -1.855756017E-06
 Anorthite          -6.339824135E-06
 Ferropargasite     -1.765189449E-05
 Anhydrite           1.428418776E-06
 Clinochlore         8.910793583E-05
 Albite(low)        -5.281057317E-05
 Fayalite            1.868398816E-06
 Epidote            -6.747608949E-13
 Kaolinite          -1.000000000E-10
 Muscovite(ordered) -1.000000000E-10

 **************************************************************
 ------> GRID LOCATION:     5:  1:  1

  Temperature (C)    =    114.932
  Porosity           =      0.081
  Liquid Saturation  =      1.000
  Liquid Density     =    946.640
  Ionic Strength     =      0.639
  Solution pH        =      5.365
  Solution pe and Eh require H2(g) be included
  Total Charge       =  2.349E-08

 Total Aqueous Concentrations of Primary Species 
 --------------------------------------- 

   Species              Molality       Type 
 H+                  -5.7470E-04     Aqueous      
 Al+++                8.3750E-11     Aqueous      
 CO2(aq)              4.7503E-03     Aqueous      
 Mg++                 3.8640E-02     Aqueous      
 Ca++                 8.5059E-03     Aqueous      
 Fe++                 3.6454E-03     Aqueous      
 Fe+++                1.4107E-10     Aqueous      
 Ba++                 2.0001E-07     Aqueous      
 Sr++                 9.0006E-06     Aqueous      
 Cl-                  5.4819E-01     Aqueous      
 K+                   1.2001E-02     Aqueous      
 Na+                  4.8251E-01     Aqueous      
 SO4--                2.3651E-02     Aqueous      
 O2(aq)               1.8001E-04     Aqueous      
 B(OH)3(aq)           4.0003E-04     Aqueous      
 HPO4--               1.7001E-06     Aqueous      
 NO3-                 3.9002E-05     Aqueous      
 H4SiO4(aq)           2.1088E-02     Aqueous      

 Concentrations of Individual Species, Exchangers, and Surface Complexes 
 ----------------------------------------------------------------------- 

                           Log        Log                 Concentration     
 Species              Molality  Activity      Molality    Mol/m^3 blk      Activity   Type

                           Log        Log                                 Activity
 Species              Molality   Activity      Molality      Activity   Coefficient    Type
  H+                    -5.251     -5.365     5.610E-06     4.320E-06     7.700E-01  Aqueous 
  Al+++                -15.096    -16.355     8.021E-16     4.416E-17     5.505E-02  Aqueous 
  CO2(aq)               -2.381     -2.318     4.154E-03     4.813E-03     1.159E+00  Aqueous 
  Mg++                  -1.413     -2.098     3.864E-02     7.988E-03     2.067E-01  Aqueous 
  Ca++                  -2.201     -2.922     6.302E-03     1.196E-03     1.898E-01  Aqueous 
  Fe++                  -2.819     -3.540     1.518E-03     2.881E-04     1.898E-01  Aqueous 
  Fe+++                 -9.851    -11.110     1.411E-10     7.767E-12     5.505E-02  Aqueous 
  Ba++                  -6.774     -7.583     1.681E-07     2.610E-08     1.553E-01  Aqueous 
  Sr++                  -5.168     -5.977     6.792E-06     1.055E-06     1.553E-01  Aqueous 
  Cl-                   -0.265     -0.508     5.439E-01     3.106E-01     5.711E-01  Aqueous 
  K+                    -1.978     -2.222     1.051E-02     6.002E-03     5.711E-01  Aqueous 
  Na+                   -0.325     -0.527     4.728E-01     2.974E-01     6.289E-01  Aqueous 
  SO4--                 -1.907     -2.826     1.240E-02     1.494E-03     1.205E-01  Aqueous 
  O2(aq)                -3.745     -3.681     1.800E-04     2.086E-04     1.159E+00  Aqueous 
  B(OH)3(aq)            -3.398     -3.334     4.000E-04     4.635E-04     1.159E+00  Aqueous 
  HPO4--                -7.166     -8.085     6.822E-08     8.223E-09     1.205E-01  Aqueous 
  NO3-                  -4.409     -4.652     3.900E-05     2.228E-05     5.711E-01  Aqueous 
  H4SiO4(aq)            -1.676     -1.612     2.109E-02     2.443E-02     1.159E+00  Aqueous 
  HNO3(aq)             -10.489    -10.426     3.240E-11     3.753E-11     1.159E+00  Aqueous 
  Al(OH)2+             -11.286    -11.490     5.180E-12     3.236E-12     6.246E-01  Aqueous 
  AlO2-                -10.298    -10.518     5.039E-11     3.032E-11     6.017E-01  Aqueous 
  AlOH++               -12.983    -13.729     1.040E-13     1.867E-14     1.795E-01  Aqueous 
  BaHCO3+               -8.599     -8.804     2.516E-09     1.572E-09     6.246E-01  Aqueous 
  BaCl+                 -7.531     -7.736     2.942E-08     1.837E-08     6.246E-01  Aqueous 
  BaCO3(aq)            -12.157    -12.093     6.961E-13     8.065E-13     1.159E+00  Aqueous 
  BaOH+                -12.112    -12.316     7.732E-13     4.829E-13     6.246E-01  Aqueous 
  HCO3-                 -3.225     -3.427     5.950E-04     3.742E-04     6.289E-01  Aqueous 
  CO3--                 -7.302     -8.163     4.984E-08     6.872E-09     1.379E-01  Aqueous 
  CaCl+                 -2.877     -3.082     1.326E-03     8.283E-04     6.246E-01  Aqueous 
  CaCl2(aq)             -4.264     -4.200     5.448E-05     6.312E-05     1.159E+00  Aqueous 
  CaOH+                 -7.051     -7.256     8.883E-08     5.549E-08     6.246E-01  Aqueous 
  CaSO4(aq)             -3.084     -3.021     8.232E-04     9.537E-04     1.159E+00  Aqueous 
  FeCl+                 -2.773     -2.978     1.685E-03     1.053E-03     6.246E-01  Aqueous 
  FeCl2(aq)             -5.361     -5.297     4.356E-06     5.047E-06     1.159E+00  Aqueous 
  FeOH+                 -5.214     -5.419     6.103E-06     3.812E-06     6.246E-01  Aqueous 
  FeSO4(aq)             -3.365     -3.302     4.311E-04     4.994E-04     1.159E+00  Aqueous 
  OH-                   -6.453     -6.677     3.525E-07     2.104E-07     5.969E-01  Aqueous 
  HS-                 -102.708   -102.933     1.957-103     1.168-103     5.969E-01  Aqueous 
  H2S(aq)             -101.884   -101.820     1.307-102     1.514-102     1.159E+00  Aqueous 
  H2PO4-                -5.868     -6.069     1.355E-06     8.522E-07     6.289E-01  Aqueous 
  H3PO4(aq)             -8.822     -8.758     1.506E-09     1.744E-09     1.159E+00  Aqueous 
  HAlO2(aq)            -10.649    -10.585     2.244E-11     2.600E-11     1.159E+00  Aqueous 
  HSO4-                 -4.672     -4.893     2.126E-05     1.280E-05     6.017E-01  Aqueous 
  KCl(aq)               -2.920     -2.856     1.202E-03     1.393E-03     1.159E+00  Aqueous 
  KOH(aq)               -8.824     -8.760     1.499E-09     1.737E-09     1.159E+00  Aqueous 
  KSO4-                 -3.537     -3.758     2.904E-04     1.747E-04     6.017E-01  Aqueous 
  NH3(aq)              -48.319    -48.255     4.795E-49     5.555E-49     1.159E+00  Aqueous 
  NaAlO2(aq)           -11.249    -11.185     5.638E-12     6.532E-12     1.159E+00  Aqueous 
  NaOH(aq)              -7.777     -7.714     1.669E-08     1.934E-08     1.159E+00  Aqueous 
  NaSO4-                -2.014     -2.207     9.688E-03     6.214E-03     6.414E-01  Aqueous 
  H2(aq)               -32.799    -32.735     1.590E-33     1.842E-33     1.159E+00  Aqueous 
  CaHPO4(aq)            -7.264     -7.200     5.447E-08     6.311E-08     1.159E+00  Aqueous 
  CaPO4-                -9.503     -9.723     3.142E-10     1.891E-10     6.017E-01  Aqueous 
  FeCO3(aq)             -6.236     -6.172     5.808E-07     6.729E-07     1.159E+00  Aqueous 
  FeH2PO4+              -6.712     -6.916     1.941E-07     1.212E-07     6.246E-01  Aqueous 
  FeHPO4(aq)            -7.917     -7.853     1.211E-08     1.403E-08     1.159E+00  Aqueous 
  FePO4-               -10.286    -10.507     5.171E-11     3.111E-11     6.017E-01  Aqueous 
  KHPO4-                -7.842     -8.062     1.440E-08     8.664E-09     6.017E-01  Aqueous 
  PO4---               -12.773    -14.877     1.688E-13     1.327E-15     7.861E-03  Aqueous 
  S--                 -111.253   -112.062     5.586-112     8.675-113     1.553E-01  Aqueous 
  Sr(CO3)(aq)          -10.216    -10.152     6.081E-11     7.045E-11     1.159E+00  Aqueous 
  SrHCO3+               -6.592     -6.797     2.557E-07     1.597E-07     6.246E-01  Aqueous 
  SrCl+                 -5.886     -6.090     1.301E-06     8.125E-07     6.246E-01  Aqueous 
  SrOH+                -10.446    -10.650     3.581E-11     2.237E-11     6.246E-01  Aqueous 
  SrSO4(aq)             -6.186     -6.122     6.520E-07     7.554E-07     1.159E+00  Aqueous 

  ****** Partial pressure of gases (bars) *****

 CO2(g)               4.9503E-01
 O2(g)                2.6364E-01

  ***** Saturation state of minerals (log[Q/K] *****

  Forsterite               -4.1882
  Enstatite(alpha)         -1.0436
  Anorthite                -7.5975
  Ferropargasite          -11.7750
  Anhydrite                 0.0102
  Clinochlore               0.0191
  Albite(low)              -0.0177
  Fayalite                  0.1442
  Epidote                  -0.0000
  Kaolinite                -3.3861
  Muscovite(ordered)       -3.2179


  ***** Volume of minerals added or subtracted *****

 Forsterite         -2.719403588E-05
 Enstatite(alpha)   -1.853433049E-06
 Anorthite          -6.339824135E-06
 Ferropargasite     -1.765189449E-05
 Anhydrite           1.545074909E-05
 Clinochlore         9.562862911E-05
 Albite(low)        -5.898190893E-05
 Fayalite           -6.650887543E-07
 Epidote            -1.506397488E-12
 Kaolinite          -1.000000000E-10
 Muscovite(ordered) -1.000000000E-10

 **************************************************************
 ------> GRID LOCATION:     6:  1:  1

  Temperature (C)    =    134.917
  Porosity           =      0.081
  Liquid Saturation  =      1.000
  Liquid Density     =    929.684
  Ionic Strength     =      0.625
  Solution pH        =      5.074
  Solution pe and Eh require H2(g) be included
  Total Charge       =  2.527E-08

 Total Aqueous Concentrations of Primary Species 
 --------------------------------------- 

   Species              Molality       Type 
 H+                  -1.8304E-04     Aqueous      
 Al+++                3.2356E-10     Aqueous      
 CO2(aq)              4.7503E-03     Aqueous      
 Mg++                 3.5642E-02     Aqueous      
 Ca++                 5.7535E-03     Aqueous      
 Fe++                 5.8272E-03     Aqueous      
 Fe+++                2.9981E-10     Aqueous      
 Ba++                 2.0001E-07     Aqueous      
 Sr++                 9.0007E-06     Aqueous      
 Cl-                  5.4819E-01     Aqueous      
 K+                   1.2001E-02     Aqueous      
 Na+                  4.8366E-01     Aqueous      
 SO4--                2.0854E-02     Aqueous      
 O2(aq)               1.8001E-04     Aqueous      
 B(OH)3(aq)           4.0003E-04     Aqueous      
 HPO4--               1.7001E-06     Aqueous      
 NO3-                 3.9003E-05     Aqueous      
 H4SiO4(aq)           2.3884E-02     Aqueous      

 Concentrations of Individual Species, Exchangers, and Surface Complexes 
 ----------------------------------------------------------------------- 

                           Log        Log                 Concentration     
 Species              Molality  Activity      Molality    Mol/m^3 blk      Activity   Type

                           Log        Log                                 Activity
 Species              Molality   Activity      Molality      Activity   Coefficient    Type
  H+                    -4.954     -5.074     1.112E-05     8.439E-06     7.589E-01  Aqueous 
  Al+++                -14.540    -15.854     2.883E-15     1.398E-16     4.850E-02  Aqueous 
  CO2(aq)               -2.347     -2.284     4.499E-03     5.196E-03     1.155E+00  Aqueous 
  Mg++                  -1.448     -2.163     3.564E-02     6.866E-03     1.926E-01  Aqueous 
  Ca++                  -2.395     -3.149     4.027E-03     7.096E-04     1.762E-01  Aqueous 
  Fe++                  -2.746     -3.500     1.796E-03     3.165E-04     1.762E-01  Aqueous 
  Fe+++                 -9.523    -10.837     2.998E-10     1.454E-11     4.850E-02  Aqueous 
  Ba++                  -6.803     -7.647     1.575E-07     2.252E-08     1.429E-01  Aqueous 
  Sr++                  -5.183     -6.028     6.567E-06     9.386E-07     1.429E-01  Aqueous 
  Cl-                   -0.266     -0.521     5.420E-01     3.012E-01     5.557E-01  Aqueous 
  K+                    -1.987     -2.242     1.031E-02     5.728E-03     5.557E-01  Aqueous 
  Na+                   -0.324     -0.535     4.744E-01     2.916E-01     6.145E-01  Aqueous 
  SO4--                 -1.988     -2.948     1.028E-02     1.128E-03     1.097E-01  Aqueous 
  O2(aq)                -3.745     -3.682     1.800E-04     2.079E-04     1.155E+00  Aqueous 
  B(OH)3(aq)            -3.398     -3.335     4.000E-04     4.619E-04     1.155E+00  Aqueous 
  HPO4--                -7.508     -8.468     3.102E-08     3.404E-09     1.097E-01  Aqueous 
  NO3-                  -4.409     -4.664     3.900E-05     2.168E-05     5.557E-01  Aqueous 
  H4SiO4(aq)            -1.622     -1.559     2.388E-02     2.758E-02     1.155E+00  Aqueous 
  HNO3(aq)             -10.020     -9.958     9.546E-11     1.102E-10     1.155E+00  Aqueous 
  Al(OH)2+             -10.537    -10.752     2.904E-11     1.772E-11     6.101E-01  Aqueous 
  AlO2-                 -9.788    -10.019     1.631E-10     9.572E-11     5.868E-01  Aqueous 
  AlOH++               -12.336    -13.115     4.618E-13     7.679E-14     1.663E-01  Aqueous 
  BaHCO3+               -8.772     -8.987     1.691E-09     1.031E-09     6.101E-01  Aqueous 
  BaCl+                 -7.389     -7.604     4.079E-08     2.489E-08     6.101E-01  Aqueous 
  BaCO3(aq)            -12.705    -12.642     1.973E-13     2.278E-13     1.155E+00  Aqueous 
  BaOH+                -11.936    -12.151     1.158E-12     7.068E-13     6.101E-01  Aqueous 
  HCO3-                 -3.601     -3.812     2.507E-04     1.540E-04     6.145E-01  Aqueous 
  CO3--                 -7.985     -8.884     1.034E-08     1.306E-09     1.263E-01  Aqueous 
  CaCl+                 -2.924     -3.139     1.191E-03     7.268E-04     6.101E-01  Aqueous 
  CaCl2(aq)             -4.315     -4.252     4.843E-05     5.592E-05     1.155E+00  Aqueous 
  CaOH+                 -7.067     -7.282     8.561E-08     5.223E-08     6.101E-01  Aqueous 
  CaSO4(aq)             -3.313     -3.250     4.867E-04     5.621E-04     1.155E+00  Aqueous 
  FeCl+                 -2.457     -2.671     3.493E-03     2.131E-03     6.101E-01  Aqueous 
  FeCl2(aq)             -5.048     -4.986     8.949E-06     1.033E-05     1.155E+00  Aqueous 
  FeOH+                 -5.085     -5.300     8.218E-06     5.014E-06     6.101E-01  Aqueous 
  FeSO4(aq)             -3.284     -3.221     5.204E-04     6.009E-04     1.155E+00  Aqueous 
  OH-                   -6.481     -6.716     3.301E-07     1.921E-07     5.819E-01  Aqueous 
  HS-                  -96.460    -96.695     3.471E-97     2.020E-97     5.819E-01  Aqueous 
  H2S(aq)              -95.353    -95.291     4.436E-96     5.122E-96     1.155E+00  Aqueous 
  H2PO4-                -5.853     -6.065     1.402E-06     8.615E-07     6.145E-01  Aqueous 
  H3PO4(aq)             -8.397     -8.334     4.010E-09     4.631E-09     1.155E+00  Aqueous 
  HAlO2(aq)             -9.974     -9.911     1.062E-10     1.227E-10     1.155E+00  Aqueous 
  HSO4-                 -4.193     -4.425     6.407E-05     3.760E-05     5.868E-01  Aqueous 
  KCl(aq)               -2.852     -2.790     1.405E-03     1.623E-03     1.155E+00  Aqueous 
  KOH(aq)               -8.753     -8.690     1.767E-09     2.040E-09     1.155E+00  Aqueous 
  KSO4-                 -3.541     -3.772     2.879E-04     1.690E-04     5.868E-01  Aqueous 
  NH3(aq)              -45.189    -45.126     6.478E-46     7.481E-46     1.155E+00  Aqueous 
  NaAlO2(aq)           -10.607    -10.545     2.471E-11     2.854E-11     1.155E+00  Aqueous 
  NaOH(aq)              -7.715     -7.653     1.927E-08     2.225E-08     1.155E+00  Aqueous 
  NaSO4-                -2.036     -2.238     9.213E-03     5.779E-03     6.273E-01  Aqueous 
  H2(aq)               -30.865    -30.802     1.365E-31     1.576E-31     1.155E+00  Aqueous 
  CaHPO4(aq)            -7.625     -7.562     2.374E-08     2.741E-08     1.155E+00  Aqueous 
  CaPO4-               -10.008    -10.239     9.823E-11     5.765E-11     5.868E-01  Aqueous 
  FeCO3(aq)             -6.780     -6.718     1.659E-07     1.916E-07     1.155E+00  Aqueous 
  FeH2PO4+              -6.656     -6.871     2.206E-07     1.346E-07     6.101E-01  Aqueous 
  FeHPO4(aq)            -8.161     -8.098     6.908E-09     7.977E-09     1.155E+00  Aqueous 
  FePO4-               -10.812    -11.043     1.543E-11     9.054E-12     5.868E-01  Aqueous 
  KHPO4-                -7.927     -8.158     1.184E-08     6.947E-09     5.868E-01  Aqueous 
  PO4---               -13.413    -15.609     3.860E-14     2.458E-16     6.368E-03  Aqueous 
  S--                 -104.935   -105.780     1.162-105     1.661-106     1.429E-01  Aqueous 
  Sr(CO3)(aq)          -10.723    -10.661     1.890E-11     2.183E-11     1.155E+00  Aqueous 
  SrHCO3+               -6.701     -6.916     1.990E-07     1.214E-07     6.101E-01  Aqueous 
  SrCl+                 -5.767     -5.981     1.711E-06     1.044E-06     6.101E-01  Aqueous 
  SrOH+                -10.270    -10.485     5.364E-11     3.273E-11     6.101E-01  Aqueous 
  SrSO4(aq)             -6.281     -6.218     5.238E-07     6.049E-07     1.155E+00  Aqueous 

  ****** Partial pressure of gases (bars) *****

 CO2(g)               5.7513E-01
 O2(g)                2.4696E-01

  ***** Saturation state of minerals (log[Q/K] *****

  Forsterite               -4.0286
  Enstatite(alpha)         -1.0393
  Anorthite                -6.9582
  Ferropargasite          -11.2224
  Anhydrite                 0.0106
  Clinochlore               0.0187
  Albite(low)              -0.0168
  Fayalite                  0.1507
  Epidote                  -0.0000
  Kaolinite                -2.8975
  Muscovite(ordered)       -2.7202


  ***** Volume of minerals added or subtracted *****

 Forsterite         -2.673947601E-05
 Enstatite(alpha)   -1.848125213E-06
 Anorthite          -6.339824135E-06
 Ferropargasite     -1.765189449E-05
 Anhydrite           2.488879962E-05
 Clinochlore         1.036016047E-04
 Albite(low)        -6.652771828E-05
 Fayalite           -4.373985818E-06
 Epidote            -3.152237978E-12
 Kaolinite          -1.000000000E-10
 Muscovite(ordered) -1.000000000E-10

 **************************************************************
 ------> GRID LOCATION:     7:  1:  1

  Temperature (C)    =    154.903
  Porosity           =      0.081
  Liquid Saturation  =      1.000
  Liquid Density     =    910.941
  Ionic Strength     =      0.612
  Solution pH        =      4.830
  Solution pe and Eh require H2(g) be included
  Total Charge       =  2.090E-08

 Total Aqueous Concentrations of Primary Species 
 --------------------------------------- 

   Species              Molality       Type 
 H+                   7.8495E-05     Aqueous      
 Al+++                1.0206E-09     Aqueous      
 CO2(aq)              4.7504E-03     Aqueous      
 Mg++                 3.1828E-02     Aqueous      
 Ca++                 3.8695E-03     Aqueous      
 Fe++                 8.7292E-03     Aqueous      
 Fe+++                5.9880E-10     Aqueous      
 Ba++                 2.0002E-07     Aqueous      
 Sr++                 9.0007E-06     Aqueous      
 Cl-                  5.4820E-01     Aqueous      
 K+                   1.2001E-02     Aqueous      
 Na+                  4.8513E-01     Aqueous      
 SO4--                1.8918E-02     Aqueous      
 O2(aq)               1.8001E-04     Aqueous      
 B(OH)3(aq)           4.0003E-04     Aqueous      
 HPO4--               1.7001E-06     Aqueous      
 NO3-                 3.9003E-05     Aqueous      
 H4SiO4(aq)           2.7485E-02     Aqueous      

 Concentrations of Individual Species, Exchangers, and Surface Complexes 
 ----------------------------------------------------------------------- 

                           Log        Log                 Concentration     
 Species              Molality  Activity      Molality    Mol/m^3 blk      Activity   Type

                           Log        Log                                 Activity
 Species              Molality   Activity      Molality      Activity   Coefficient    Type
  H+                    -4.703     -4.830     1.980E-05     1.479E-05     7.467E-01  Aqueous 
  Al+++                -14.153    -15.528     7.028E-15     2.962E-16     4.214E-02  Aqueous 
  CO2(aq)               -2.333     -2.272     4.644E-03     5.346E-03     1.151E+00  Aqueous 
  Mg++                  -1.497     -2.247     3.183E-02     5.668E-03     1.781E-01  Aqueous 
  Ca++                  -2.604     -3.394     2.486E-03     4.033E-04     1.622E-01  Aqueous 
  Fe++                  -2.732     -3.522     1.852E-03     3.004E-04     1.622E-01  Aqueous 
  Fe+++                 -9.223    -10.598     5.988E-10     2.523E-11     4.214E-02  Aqueous 
  Ba++                  -6.843     -7.728     1.434E-07     1.870E-08     1.303E-01  Aqueous 
  Sr++                  -5.207     -6.092     6.205E-06     8.088E-07     1.303E-01  Aqueous 
  Cl-                   -0.268     -0.537     5.391E-01     2.905E-01     5.390E-01  Aqueous 
  K+                    -1.997     -2.266     1.007E-02     5.425E-03     5.390E-01  Aqueous 
  Na+                   -0.322     -0.545     4.761E-01     2.851E-01     5.988E-01  Aqueous 
  SO4--                 -2.066     -3.071     8.585E-03     8.487E-04     9.886E-02  Aqueous 
  O2(aq)                -3.745     -3.684     1.800E-04     2.072E-04     1.151E+00  Aqueous 
  B(OH)3(aq)            -3.398     -3.337     4.000E-04     4.605E-04     1.151E+00  Aqueous 
  HPO4--                -7.822     -8.827     1.508E-08     1.491E-09     9.886E-02  Aqueous 
  NO3-                  -4.409     -4.677     3.900E-05     2.102E-05     5.390E-01  Aqueous 
  H4SiO4(aq)            -1.561     -1.500     2.749E-02     3.164E-02     1.151E+00  Aqueous 
  HNO3(aq)              -9.600     -9.539     2.514E-10     2.894E-10     1.151E+00  Aqueous 
  Al(OH)2+              -9.924    -10.150     1.191E-10     7.075E-11     5.943E-01  Aqueous 
  AlO2-                 -9.375     -9.618     4.222E-10     2.409E-10     5.706E-01  Aqueous 
  AlOH++               -11.834    -12.650     1.465E-12     2.236E-13     1.527E-01  Aqueous 
  BaHCO3+               -8.955     -9.181     1.110E-09     6.598E-10     5.943E-01  Aqueous 
  BaCl+                 -7.256     -7.482     5.547E-08     3.296E-08     5.943E-01  Aqueous 
  BaCO3(aq)            -13.232    -13.171     5.862E-14     6.749E-14     1.151E+00  Aqueous 
  BaOH+                -11.784    -12.010     1.646E-12     9.779E-13     5.943E-01  Aqueous 
  HCO3-                 -3.974     -4.197     1.062E-04     6.358E-05     5.988E-01  Aqueous 
  CO3--                 -8.641     -9.582     2.286E-09     2.617E-10     1.145E-01  Aqueous 
  CaCl+                 -2.977     -3.203     1.054E-03     6.266E-04     5.943E-01  Aqueous 
  CaCl2(aq)             -4.354     -4.293     4.427E-05     5.096E-05     1.151E+00  Aqueous 
  CaOH+                 -7.100     -7.326     7.937E-08     4.717E-08     5.943E-01  Aqueous 
  CaSO4(aq)             -3.546     -3.484     2.848E-04     3.278E-04     1.151E+00  Aqueous 
  FeCl+                 -2.201     -2.427     6.292E-03     3.739E-03     5.943E-01  Aqueous 
  FeCl2(aq)             -4.779     -4.718     1.665E-05     1.916E-05     1.151E+00  Aqueous 
  FeOH+                 -5.004     -5.230     9.916E-06     5.893E-06     5.943E-01  Aqueous 
  FeSO4(aq)             -3.253     -3.192     5.589E-04     6.434E-04     1.151E+00  Aqueous 
  OH-                   -6.510     -6.757     3.093E-07     1.750E-07     5.656E-01  Aqueous 
  HS-                  -90.764    -91.012     1.721E-91     9.732E-92     5.656E-01  Aqueous 
  H2S(aq)              -89.396    -89.334     4.022E-90     4.630E-90     1.151E+00  Aqueous 
  H2PO4-                -5.843     -6.066     1.436E-06     8.598E-07     5.988E-01  Aqueous 
  H3PO4(aq)             -8.019     -7.958     9.572E-09     1.102E-08     1.151E+00  Aqueous 
  HAlO2(aq)             -9.408     -9.347     3.906E-10     4.496E-10     1.151E+00  Aqueous 
  HSO4-                 -3.760     -4.004     1.738E-04     9.916E-05     5.706E-01  Aqueous 
  KCl(aq)               -2.784     -2.723     1.645E-03     1.893E-03     1.151E+00  Aqueous 
  KOH(aq)               -8.684     -8.623     2.071E-09     2.385E-09     1.151E+00  Aqueous 
  KSO4-                 -3.536     -3.780     2.909E-04     1.660E-04     5.706E-01  Aqueous 
  NH3(aq)              -42.318    -42.257     4.807E-43     5.534E-43     1.151E+00  Aqueous 
  NaAlO2(aq)           -10.059     -9.998     8.733E-11     1.005E-10     1.151E+00  Aqueous 
  NaOH(aq)              -7.637     -7.575     2.309E-08     2.658E-08     1.151E+00  Aqueous 
  NaSO4-                -2.045     -2.258     9.025E-03     5.521E-03     6.118E-01  Aqueous 
  H2(aq)               -29.092    -29.031     8.089E-30     9.313E-30     1.151E+00  Aqueous 
  CaHPO4(aq)            -7.963     -7.901     1.090E-08     1.255E-08     1.151E+00  Aqueous 
  CaPO4-               -10.454    -10.698     3.516E-11     2.006E-11     5.706E-01  Aqueous 
  FeCO3(aq)             -7.341     -7.280     4.557E-08     5.246E-08     1.151E+00  Aqueous 
  FeH2PO4+              -6.668     -6.894     2.146E-07     1.275E-07     5.943E-01  Aqueous 
  FeHPO4(aq)            -8.426     -8.365     3.746E-09     4.312E-09     1.151E+00  Aqueous 
  FePO4-               -11.310    -11.554     4.896E-12     2.793E-12     5.706E-01  Aqueous 
  KHPO4-                -7.987     -8.230     1.031E-08     5.884E-09     5.706E-01  Aqueous 
  PO4---               -13.998    -16.296     1.004E-14     5.056E-17     5.038E-03  Aqueous 
  S--                  -99.174   -100.059     6.697-100     8.728-101     1.303E-01  Aqueous 
  Sr(CO3)(aq)          -11.211    -11.150     6.145E-12     7.075E-12     1.151E+00  Aqueous 
  SrHCO3+               -6.820     -7.046     1.514E-07     8.996E-08     5.943E-01  Aqueous 
  SrCl+                 -5.651     -5.877     2.231E-06     1.326E-06     5.943E-01  Aqueous 
  SrOH+                -10.112    -10.338     7.720E-11     4.588E-11     5.943E-01  Aqueous 
  SrSO4(aq)             -6.384     -6.323     4.130E-07     4.754E-07     1.151E+00  Aqueous 

  ****** Partial pressure of gases (bars) *****

 CO2(g)               6.0877E-01
 O2(g)                2.2358E-01

  ***** Saturation state of minerals (log[Q/K] *****

  Forsterite               -3.8366
  Enstatite(alpha)         -1.0053
  Anorthite                -6.4555
  Ferropargasite          -10.8507
  Anhydrite                 0.0110
  Clinochlore               0.0196
  Albite(low)              -0.0187
  Fayalite                  0.1372
  Epidote                  -0.0000
  Kaolinite                -2.5433
  Muscovite(ordered)       -2.3811


  ***** Volume of minerals added or subtracted *****

 Forsterite         -2.619301489E-05
 Enstatite(alpha)   -1.841649274E-06
 Anorthite          -6.339824135E-06
 Ferropargasite     -1.765189449E-05
 Anhydrite           3.097213667E-05
 Clinochlore         1.134865542E-04
 Albite(low)        -7.588306526E-05
 Fayalite           -9.151820738E-06
 Epidote            -6.179401756E-12
 Kaolinite          -1.000000000E-10
 Muscovite(ordered) -1.000000000E-10

 **************************************************************
 ------> GRID LOCATION:     8:  1:  1

  Temperature (C)    =    174.887
  Porosity           =      0.081
  Liquid Saturation  =      1.000
  Liquid Density     =    890.465
  Ionic Strength     =      0.600
  Solution pH        =      4.629
  Solution pe and Eh require H2(g) be included
  Total Charge       = -2.615E-08

 Total Aqueous Concentrations of Primary Species 
 --------------------------------------- 

   Species              Molality       Type 
 H+                   4.0385E-04     Aqueous      
 Al+++                2.7214E-09     Aqueous      
 CO2(aq)              4.7504E-03     Aqueous      
 Mg++                 2.7419E-02     Aqueous      
 Ca++                 2.6208E-03     Aqueous      
 Fe++                 1.2058E-02     Aqueous      
 Fe+++                1.1035E-09     Aqueous      
 Ba++                 2.0002E-07     Aqueous      
 Sr++                 9.0008E-06     Aqueous      
 Cl-                  5.4820E-01     Aqueous      
 K+                   1.2002E-02     Aqueous      
 Na+                  4.8685E-01     Aqueous      
 SO4--                1.7611E-02     Aqueous      
 O2(aq)               1.8002E-04     Aqueous      
 B(OH)3(aq)           4.0004E-04     Aqueous      
 HPO4--               1.7002E-06     Aqueous      
 NO3-                 3.9004E-05     Aqueous      
 H4SiO4(aq)           3.1717E-02     Aqueous      

 Concentrations of Individual Species, Exchangers, and Surface Complexes 
 ----------------------------------------------------------------------- 

                           Log        Log                 Concentration     
 Species              Molality  Activity      Molality    Mol/m^3 blk      Activity   Type

                           Log        Log                                 Activity
 Species              Molality   Activity      Molality      Activity   Coefficient    Type
  H+                    -4.494     -4.629     3.210E-05     2.352E-05     7.327E-01  Aqueous 
  Al+++                -13.909    -15.353     1.234E-14     4.435E-16     3.594E-02  Aqueous 
  CO2(aq)               -2.328     -2.268     4.704E-03     5.400E-03     1.148E+00  Aqueous 
  Mg++                  -1.562     -2.350     2.742E-02     4.467E-03     1.629E-01  Aqueous 
  Ca++                  -2.827     -3.658     1.489E-03     2.199E-04     1.477E-01  Aqueous 
  Fe++                  -2.782     -3.612     1.654E-03     2.443E-04     1.477E-01  Aqueous 
  Fe+++                 -8.957    -10.402     1.103E-09     3.966E-11     3.594E-02  Aqueous 
  Ba++                  -6.900     -7.831     1.258E-07     1.476E-08     1.174E-01  Aqueous 
  Sr++                  -5.245     -6.175     5.695E-06     6.683E-07     1.174E-01  Aqueous 
  Cl-                   -0.271     -0.555     5.354E-01     2.785E-01     5.202E-01  Aqueous 
  K+                    -2.010     -2.294     9.774E-03     5.085E-03     5.202E-01  Aqueous 
  Na+                   -0.321     -0.556     4.778E-01     2.777E-01     5.811E-01  Aqueous 
  SO4--                 -2.145     -3.202     7.158E-03     6.283E-04     8.778E-02  Aqueous 
  O2(aq)                -3.745     -3.685     1.800E-04     2.067E-04     1.148E+00  Aqueous 
  B(OH)3(aq)            -3.398     -3.338     4.000E-04     4.593E-04     1.148E+00  Aqueous 
  HPO4--                -8.105     -9.161     7.855E-09     6.895E-10     8.778E-02  Aqueous 
  NO3-                  -4.409     -4.693     3.900E-05     2.029E-05     5.202E-01  Aqueous 
  H4SiO4(aq)            -1.499     -1.439     3.172E-02     3.641E-02     1.148E+00  Aqueous 
  HNO3(aq)              -9.220     -9.160     6.021E-10     6.912E-10     1.148E+00  Aqueous 
  Al(OH)2+              -9.424     -9.663     3.766E-10     2.171E-10     5.765E-01  Aqueous 
  AlO2-                 -9.040     -9.298     9.121E-10     5.038E-10     5.524E-01  Aqueous 
  AlOH++               -11.455    -12.314     3.504E-12     4.856E-13     1.386E-01  Aqueous 
  BaHCO3+               -9.140     -9.379     7.250E-10     4.180E-10     5.765E-01  Aqueous 
  BaCl+                 -7.133     -7.373     7.354E-08     4.240E-08     5.765E-01  Aqueous 
  BaCO3(aq)            -13.733    -13.673     1.849E-14     2.123E-14     1.148E+00  Aqueous 
  BaOH+                -11.655    -11.894     2.212E-12     1.275E-12     5.765E-01  Aqueous 
  HCO3-                 -4.335     -4.571     4.620E-05     2.685E-05     5.811E-01  Aqueous 
  CO3--                 -9.264    -10.253     5.449E-10     5.580E-11     1.024E-01  Aqueous 
  CaCl+                 -3.034     -3.273     9.246E-04     5.331E-04     5.765E-01  Aqueous 
  CaCl2(aq)             -4.379     -4.319     4.181E-05     4.799E-05     1.148E+00  Aqueous 
  CaOH+                 -7.147     -7.386     7.133E-08     4.112E-08     5.765E-01  Aqueous 
  CaSO4(aq)             -3.781     -3.721     1.655E-04     1.900E-04     1.148E+00  Aqueous 
  FeCl+                 -2.007     -2.246     9.834E-03     5.670E-03     5.765E-01  Aqueous 
  FeCl2(aq)             -4.553     -4.493     2.801E-05     3.215E-05     1.148E+00  Aqueous 
  FeOH+                 -4.973     -5.212     1.064E-05     6.137E-06     5.765E-01  Aqueous 
  FeSO4(aq)             -3.275     -3.215     5.313E-04     6.099E-04     1.148E+00  Aqueous 
  OH-                   -6.539     -6.800     2.894E-07     1.584E-07     5.473E-01  Aqueous 
  HS-                  -85.553    -85.814     2.802E-86     1.533E-86     5.473E-01  Aqueous 
  H2S(aq)              -83.938    -83.878     1.153E-84     1.324E-84     1.148E+00  Aqueous 
  H2PO4-                -5.831     -6.067     1.475E-06     8.571E-07     5.811E-01  Aqueous 
  H3PO4(aq)             -7.676     -7.616     2.109E-08     2.421E-08     1.148E+00  Aqueous 
  HAlO2(aq)             -8.933     -8.873     1.168E-09     1.341E-09     1.148E+00  Aqueous 
  HSO4-                 -3.369     -3.627     4.274E-04     2.361E-04     5.524E-01  Aqueous 
  KCl(aq)               -2.714     -2.654     1.930E-03     2.216E-03     1.148E+00  Aqueous 
  KOH(aq)               -8.616     -8.556     2.420E-09     2.779E-09     1.148E+00  Aqueous 
  KSO4-                 -3.527     -3.785     2.971E-04     1.641E-04     5.524E-01  Aqueous 
  NH3(aq)              -39.673    -39.613     2.121E-40     2.435E-40     1.148E+00  Aqueous 
  NaAlO2(aq)            -9.583     -9.523     2.611E-10     2.997E-10     1.148E+00  Aqueous 
  NaOH(aq)              -7.541     -7.481     2.878E-08     3.304E-08     1.148E+00  Aqueous 
  NaSO4-                -2.044     -2.270     9.032E-03     5.368E-03     5.943E-01  Aqueous 
  H2(aq)               -27.459    -27.399     3.475E-28     3.990E-28     1.148E+00  Aqueous 
  CaHPO4(aq)            -8.272     -8.212     5.344E-09     6.136E-09     1.148E+00  Aqueous 
  CaPO4-               -10.838    -11.096     1.452E-11     8.020E-12     5.524E-01  Aqueous 
  FeCO3(aq)             -7.914     -7.854     1.218E-08     1.399E-08     1.148E+00  Aqueous 
  FeH2PO4+              -6.746     -6.986     1.793E-07     1.034E-07     5.765E-01  Aqueous 
  FeHPO4(aq)            -8.718     -8.658     1.915E-09     2.198E-09     1.148E+00  Aqueous 
  FePO4-               -11.790    -12.048     1.621E-12     8.953E-13     5.524E-01  Aqueous 
  KHPO4-                -8.016     -8.273     9.648E-09     5.329E-09     5.524E-01  Aqueous 
  PO4---               -14.530    -16.943     2.952E-15     1.140E-17     3.863E-03  Aqueous 
  S--                  -93.894    -94.824     1.278E-94     1.500E-95     1.174E-01  Aqueous 
  Sr(CO3)(aq)          -11.673    -11.613     2.123E-12     2.437E-12     1.148E+00  Aqueous 
  SrHCO3+               -6.940     -7.179     1.148E-07     6.618E-08     5.765E-01  Aqueous 
  SrCl+                 -5.542     -5.781     2.873E-06     1.656E-06     5.765E-01  Aqueous 
  SrOH+                 -9.972    -10.211     1.066E-10     6.146E-11     5.765E-01  Aqueous 
  SrSO4(aq)             -6.497     -6.437     3.184E-07     3.656E-07     1.148E+00  Aqueous 

  ****** Partial pressure of gases (bars) *****

 CO2(g)               6.0880E-01
 O2(g)                1.9673E-01

  ***** Saturation state of minerals (log[Q/K] *****

  Forsterite               -3.6214
  Enstatite(alpha)         -0.9500
  Anorthite                -6.0618
  Ferropargasite          -10.6616
  Anhydrite                 0.0114
  Clinochlore               0.0226
  Albite(low)              -0.0254
  Fayalite                  0.0869
  Epidote                   0.0000
  Kaolinite                -2.2980
  Muscovite(ordered)       -2.1682


  ***** Volume of minerals added or subtracted *****

 Forsterite         -2.571211690E-05
 Enstatite(alpha)   -1.834133533E-06
 Anorthite          -6.339824135E-06
 Ferropargasite     -1.765189449E-05
 Anhydrite           3.462320200E-05
 Clinochlore         1.246892560E-04
 Albite(low)        -8.648556778E-05
 Fayalite           -1.440236754E-05
 Epidote            -1.114669536E-11
 Kaolinite          -1.000000000E-10
 Muscovite(ordered) -1.000000000E-10

 **************************************************************
 ------> GRID LOCATION:     9:  1:  1

  Temperature (C)    =    194.873
  Porosity           =      0.081
  Liquid Saturation  =      1.000
  Liquid Density     =    868.292
  Ionic Strength     =      0.589
  Solution pH        =      4.462
  Solution pe and Eh require H2(g) be included
  Total Charge       = -1.760E-08

 Total Aqueous Concentrations of Primary Species 
 --------------------------------------- 

   Species              Molality       Type 
 H+                   9.7523E-04     Aqueous      
 Al+++                6.4627E-09     Aqueous      
 CO2(aq)              4.7505E-03     Aqueous      
 Mg++                 2.2875E-02     Aqueous      
 Ca++                 1.8299E-03     Aqueous      
 Fe++                 1.5339E-02     Aqueous      
 Fe+++                1.8366E-09     Aqueous      
 Ba++                 2.0002E-07     Aqueous      
 Sr++                 9.0009E-06     Aqueous      
 Cl-                  5.4821E-01     Aqueous      
 K+                   1.2002E-02     Aqueous      
 Na+                  4.8868E-01     Aqueous      
 SO4--                1.6754E-02     Aqueous      
 O2(aq)               1.8002E-04     Aqueous      
 B(OH)3(aq)           4.0004E-04     Aqueous      
 HPO4--               1.7002E-06     Aqueous      
 NO3-                 3.9004E-05     Aqueous      
 H4SiO4(aq)           3.6148E-02     Aqueous      

 Concentrations of Individual Species, Exchangers, and Surface Complexes 
 ----------------------------------------------------------------------- 

                           Log        Log                 Concentration     
 Species              Molality  Activity      Molality    Mol/m^3 blk      Activity   Type

                           Log        Log                                 Activity
 Species              Molality   Activity      Molality      Activity   Coefficient    Type
  H+                    -4.317     -4.462     4.816E-05     3.450E-05     7.163E-01  Aqueous 
  Al+++                -13.765    -15.289     1.719E-14     5.140E-16     2.990E-02  Aqueous 
  CO2(aq)               -2.325     -2.266     4.730E-03     5.417E-03     1.145E+00  Aqueous 
  Mg++                  -1.641     -2.474     2.287E-02     3.359E-03     1.468E-01  Aqueous 
  Ca++                  -3.057     -3.935     8.771E-04     1.161E-04     1.324E-01  Aqueous 
  Fe++                  -2.888     -3.766     1.295E-03     1.715E-04     1.324E-01  Aqueous 
  Fe+++                 -8.736    -10.260     1.837E-09     5.492E-11     2.990E-02  Aqueous 
  Ba++                  -6.978     -7.962     1.052E-07     1.092E-08     1.039E-01  Aqueous 
  Sr++                  -5.297     -6.281     5.044E-06     5.239E-07     1.039E-01  Aqueous 
  Cl-                   -0.275     -0.577     5.314E-01     2.651E-01     4.989E-01  Aqueous 
  K+                    -2.026     -2.328     9.424E-03     4.702E-03     4.989E-01  Aqueous 
  Na+                   -0.319     -0.570     4.796E-01     2.690E-01     5.608E-01  Aqueous 
  SO4--                 -2.231     -3.348     5.869E-03     4.485E-04     7.642E-02  Aqueous 
  O2(aq)                -3.745     -3.686     1.800E-04     2.062E-04     1.145E+00  Aqueous 
  B(OH)3(aq)            -3.398     -3.339     4.000E-04     4.582E-04     1.145E+00  Aqueous 
  HPO4--                -8.367     -9.484     4.290E-09     3.279E-10     7.642E-02  Aqueous 
  NO3-                  -4.409     -4.711     3.900E-05     1.946E-05     4.989E-01  Aqueous 
  H4SiO4(aq)            -1.442     -1.383     3.615E-02     4.140E-02     1.145E+00  Aqueous 
  HNO3(aq)              -8.873     -8.814     1.340E-09     1.535E-09     1.145E+00  Aqueous 
  Al(OH)2+              -9.004     -9.258     9.918E-10     5.516E-10     5.561E-01  Aqueous 
  AlO2-                 -8.760     -9.035     1.736E-09     9.228E-10     5.315E-01  Aqueous 
  AlOH++               -11.162    -12.069     6.884E-12     8.522E-13     1.238E-01  Aqueous 
  BaHCO3+               -9.331     -9.586     4.666E-10     2.595E-10     5.561E-01  Aqueous 
  BaCl+                 -7.025     -7.280     9.438E-08     5.248E-08     5.561E-01  Aqueous 
  BaCO3(aq)            -14.217    -14.158     6.063E-15     6.944E-15     1.145E+00  Aqueous 
  BaOH+                -11.555    -11.810     2.783E-12     1.548E-12     5.561E-01  Aqueous 
  HCO3-                 -4.686     -4.937     2.060E-05     1.155E-05     5.608E-01  Aqueous 
  CO3--                 -9.861    -10.907     1.379E-10     1.240E-11     8.995E-02  Aqueous 
  CaCl+                 -3.089     -3.343     8.155E-04     4.535E-04     5.561E-01  Aqueous 
  CaCl2(aq)             -4.383     -4.324     4.139E-05     4.740E-05     1.145E+00  Aqueous 
  CaOH+                 -7.203     -7.457     6.271E-08     3.488E-08     5.561E-01  Aqueous 
  CaSO4(aq)             -4.018     -3.959     9.586E-05     1.098E-04     1.145E+00  Aqueous 
  FeCl+                 -1.868     -2.123     1.354E-02     7.532E-03     5.561E-01  Aqueous 
  FeCl2(aq)             -4.364     -4.305     4.329E-05     4.958E-05     1.145E+00  Aqueous 
  FeOH+                 -4.991     -5.246     1.020E-05     5.672E-06     5.561E-01  Aqueous 
  FeSO4(aq)             -3.349     -3.290     4.476E-04     5.126E-04     1.145E+00  Aqueous 
  OH-                   -6.572     -6.851     2.678E-07     1.410E-07     5.263E-01  Aqueous 
  HS-                  -80.767    -81.046     1.710E-81     9.000E-82     5.263E-01  Aqueous 
  H2S(aq)              -78.918    -78.859     1.209E-79     1.385E-79     1.145E+00  Aqueous 
  H2PO4-                -5.821     -6.072     1.510E-06     8.469E-07     5.608E-01  Aqueous 
  H3PO4(aq)             -7.362     -7.303     4.350E-08     4.982E-08     1.145E+00  Aqueous 
  HAlO2(aq)             -8.519     -8.460     3.029E-09     3.469E-09     1.145E+00  Aqueous 
  HSO4-                 -3.019     -3.294     9.566E-04     5.085E-04     5.315E-01  Aqueous 
  KCl(aq)               -2.643     -2.584     2.276E-03     2.607E-03     1.145E+00  Aqueous 
  KOH(aq)               -8.553     -8.494     2.801E-09     3.208E-09     1.145E+00  Aqueous 
  KSO4-                 -3.521     -3.795     3.016E-04     1.603E-04     5.315E-01  Aqueous 
  NH3(aq)              -37.223    -37.164     5.985E-38     6.855E-38     1.145E+00  Aqueous 
  NaAlO2(aq)            -9.155     -9.096     6.994E-10     8.010E-10     1.145E+00  Aqueous 
  NaOH(aq)              -7.430     -7.371     3.716E-08     4.256E-08     1.145E+00  Aqueous 
  NaSO4-                -2.042     -2.283     9.083E-03     5.217E-03     5.743E-01  Aqueous 
  H2(aq)               -25.948    -25.889     1.128E-26     1.292E-26     1.145E+00  Aqueous 
  CaHPO4(aq)            -8.555     -8.496     2.787E-09     3.192E-09     1.145E+00  Aqueous 
  CaPO4-               -11.166    -11.440     6.823E-12     3.627E-12     5.315E-01  Aqueous 
  FeCO3(aq)             -8.499     -8.440     3.169E-09     3.629E-09     1.145E+00  Aqueous 
  FeH2PO4+              -6.890     -7.144     1.290E-07     7.172E-08     5.561E-01  Aqueous 
  FeHPO4(aq)            -9.042     -8.983     9.076E-10     1.040E-09     1.145E+00  Aqueous 
  FePO4-               -12.265    -12.540     5.430E-13     2.886E-13     5.315E-01  Aqueous 
  KHPO4-                -8.019     -8.294     9.571E-09     5.087E-09     5.315E-01  Aqueous 
  PO4---               -15.021    -17.568     9.528E-16     2.703E-18     2.837E-03  Aqueous 
  S--                  -89.031    -90.015     9.309E-90     9.670E-91     1.039E-01  Aqueous 
  Sr(CO3)(aq)          -12.115    -12.056     7.671E-13     8.785E-13     1.145E+00  Aqueous 
  SrHCO3+               -7.064     -7.319     8.632E-08     4.801E-08     5.561E-01  Aqueous 
  SrCl+                 -5.440     -5.694     3.634E-06     2.021E-06     5.561E-01  Aqueous 
  SrOH+                 -9.854    -10.109     1.399E-10     7.779E-11     5.561E-01  Aqueous 
  SrSO4(aq)             -6.626     -6.567     2.366E-07     2.709E-07     1.145E+00  Aqueous 

  ****** Partial pressure of gases (bars) *****

 CO2(g)               5.8494E-01
 O2(g)                1.6893E-01

  ***** Saturation state of minerals (log[Q/K] *****

  Forsterite               -3.3992
  Enstatite(alpha)         -0.8854
  Anorthite                -5.7385
  Ferropargasite          -10.6393
  Anhydrite                 0.0119
  Clinochlore               0.0275
  Albite(low)              -0.0366
  Fayalite                 -0.0143
  Epidote                   0.0000
  Kaolinite                -2.1232
  Muscovite(ordered)       -2.0318


  ***** Volume of minerals added or subtracted *****

 Forsterite         -2.540891601E-05
 Enstatite(alpha)   -1.821856758E-06
 Anorthite          -6.339824135E-06
 Ferropargasite     -1.765189449E-05
 Anhydrite           3.654107702E-05
 Clinochlore         1.358481325E-04
 Albite(low)        -9.704660515E-05
 Fayalite           -1.926798689E-05
 Epidote            -1.813836940E-11
 Kaolinite          -1.000000000E-10
 Muscovite(ordered) -1.000000000E-10

 **************************************************************
 ------> GRID LOCATION:    10:  1:  1

  Temperature (C)    =    214.857
  Porosity           =      0.081
  Liquid Saturation  =      1.000
  Liquid Density     =    844.451
  Ionic Strength     =      0.580
  Solution pH        =      4.324
  Solution pe and Eh require H2(g) be included
  Total Charge       = -3.657E-08

 Total Aqueous Concentrations of Primary Species 
 --------------------------------------- 

   Species              Molality       Type 
 H+                   1.9890E-03     Aqueous      
 Al+++                1.4318E-08     Aqueous      
 CO2(aq)              4.7505E-03     Aqueous      
 Mg++                 1.8588E-02     Aqueous      
 Ca++                 1.3607E-03     Aqueous      
 Fe++                 1.8165E-02     Aqueous      
 Fe+++                2.6699E-09     Aqueous      
 Ba++                 2.0002E-07     Aqueous      
 Sr++                 9.0010E-06     Aqueous      
 Cl-                  5.4822E-01     Aqueous      
 K+                   1.2002E-02     Aqueous      
 Na+                  4.9044E-01     Aqueous      
 SO4--                1.6209E-02     Aqueous      
 O2(aq)               1.8002E-04     Aqueous      
 B(OH)3(aq)           4.0005E-04     Aqueous      
 HPO4--               1.7002E-06     Aqueous      
 NO3-                 3.9004E-05     Aqueous      
 H4SiO4(aq)           4.0313E-02     Aqueous      

 Concentrations of Individual Species, Exchangers, and Surface Complexes 
 ----------------------------------------------------------------------- 

                           Log        Log                 Concentration     
 Species              Molality  Activity      Molality    Mol/m^3 blk      Activity   Type

                           Log        Log                                 Activity
 Species              Molality   Activity      Molality      Activity   Coefficient    Type
  H+                    -4.167     -4.324     6.806E-05     4.741E-05     6.966E-01  Aqueous 
  Al+++                -13.683    -15.301     2.077E-14     4.999E-16     2.407E-02  Aqueous 
  CO2(aq)               -2.324     -2.266     4.741E-03     5.419E-03     1.143E+00  Aqueous 
  Mg++                  -1.731     -2.617     1.859E-02     2.413E-03     1.298E-01  Aqueous 
  Ca++                  -3.284     -4.218     5.204E-04     6.054E-05     1.163E-01  Aqueous 
  Fe++                  -3.041     -3.975     9.097E-04     1.058E-04     1.163E-01  Aqueous 
  Fe+++                 -8.574    -10.192     2.670E-09     6.426E-11     2.407E-02  Aqueous 
  Ba++                  -7.079     -8.126     8.328E-08     7.484E-09     8.986E-02  Aqueous 
  Sr++                  -5.368     -6.415     4.285E-06     3.850E-07     8.986E-02  Aqueous 
  Cl-                   -0.278     -0.602     5.277E-01     2.503E-01     4.742E-01  Aqueous 
  K+                    -2.045     -2.369     9.008E-03     4.272E-03     4.742E-01  Aqueous 
  Na+                   -0.317     -0.587     4.815E-01     2.586E-01     5.371E-01  Aqueous 
  SO4--                 -2.335     -3.523     4.623E-03     2.997E-04     6.483E-02  Aqueous 
  O2(aq)                -3.745     -3.687     1.800E-04     2.058E-04     1.143E+00  Aqueous 
  B(OH)3(aq)            -3.398     -3.340     4.000E-04     4.572E-04     1.143E+00  Aqueous 
  HPO4--                -8.621     -9.810     2.391E-09     1.550E-10     6.483E-02  Aqueous 
  NO3-                  -4.409     -4.733     3.900E-05     1.850E-05     4.742E-01  Aqueous 
  H4SiO4(aq)            -1.395     -1.337     4.031E-02     4.608E-02     1.143E+00  Aqueous 
  HNO3(aq)              -8.548     -8.490     2.828E-09     3.233E-09     1.143E+00  Aqueous 
  Al(OH)2+              -8.633     -8.907     2.326E-09     1.238E-09     5.323E-01  Aqueous 
  AlO2-                 -8.517     -8.812     3.040E-09     1.542E-09     5.073E-01  Aqueous 
  AlOH++               -10.921    -11.887     1.198E-11     1.298E-12     1.083E-01  Aqueous 
  BaHCO3+               -9.535     -9.809     2.916E-10     1.552E-10     5.323E-01  Aqueous 
  BaCl+                 -6.934     -7.208     1.164E-07     6.199E-08     5.323E-01  Aqueous 
  BaCO3(aq)            -14.697    -14.639     2.010E-15     2.297E-15     1.143E+00  Aqueous 
  BaOH+                -11.490    -11.764     3.236E-12     1.723E-12     5.323E-01  Aqueous 
  HCO3-                 -5.031     -5.301     9.320E-06     5.006E-06     5.371E-01  Aqueous 
  CO3--                -10.441    -11.554     3.621E-11     2.792E-12     7.711E-02  Aqueous 
  CaCl+                 -3.130     -3.404     7.408E-04     3.944E-04     5.323E-01  Aqueous 
  CaCl2(aq)             -4.357     -4.299     4.397E-05     5.025E-05     1.143E+00  Aqueous 
  CaOH+                 -7.261     -7.535     5.486E-08     2.921E-08     5.323E-01  Aqueous 
  CaSO4(aq)             -4.256     -4.198     5.549E-05     6.342E-05     1.143E+00  Aqueous 
  FeCl+                 -1.773     -2.047     1.685E-02     8.969E-03     5.323E-01  Aqueous 
  FeCl2(aq)             -4.201     -4.143     6.301E-05     7.202E-05     1.143E+00  Aqueous 
  FeOH+                 -5.054     -5.328     8.837E-06     4.704E-06     5.323E-01  Aqueous 
  FeSO4(aq)             -3.475     -3.417     3.350E-04     3.829E-04     1.143E+00  Aqueous 
  OH-                   -6.614     -6.914     2.430E-07     1.220E-07     5.020E-01  Aqueous 
  HS-                  -76.363    -76.662     4.338E-77     2.178E-77     5.020E-01  Aqueous 
  H2S(aq)              -74.283    -74.225     5.211E-75     5.956E-75     1.143E+00  Aqueous 
  H2PO4-                -5.818     -6.088     1.521E-06     8.171E-07     5.371E-01  Aqueous 
  H3PO4(aq)             -7.073     -7.015     8.453E-08     9.661E-08     1.143E+00  Aqueous 
  HAlO2(aq)             -8.144     -8.086     7.181E-09     8.208E-09     1.143E+00  Aqueous 
  HSO4-                 -2.713     -3.007     1.938E-03     9.831E-04     5.073E-01  Aqueous 
  KCl(aq)               -2.569     -2.511     2.697E-03     3.082E-03     1.143E+00  Aqueous 
  KOH(aq)               -8.497     -8.439     3.184E-09     3.640E-09     1.143E+00  Aqueous 
  KSO4-                 -3.528     -3.822     2.967E-04     1.505E-04     5.073E-01  Aqueous 
  NH3(aq)              -34.939    -34.881     1.151E-35     1.316E-35     1.143E+00  Aqueous 
  NaAlO2(aq)            -8.755     -8.697     1.759E-09     2.010E-09     1.143E+00  Aqueous 
  NaOH(aq)              -7.306     -7.248     4.941E-08     5.647E-08     1.143E+00  Aqueous 
  NaSO4-                -2.048     -2.307     8.961E-03     4.936E-03     5.509E-01  Aqueous 
  H2(aq)               -24.543    -24.485     2.864E-25     3.273E-25     1.143E+00  Aqueous 
  CaHPO4(aq)            -8.812     -8.754     1.542E-09     1.763E-09     1.143E+00  Aqueous 
  CaPO4-               -11.443    -11.738     3.606E-12     1.830E-12     5.073E-01  Aqueous 
  FeCO3(aq)             -9.095     -9.037     8.027E-10     9.175E-10     1.143E+00  Aqueous 
  FeH2PO4+              -7.096     -7.370     8.020E-08     4.269E-08     5.323E-01  Aqueous 
  FeHPO4(aq)            -9.405     -9.347     3.939E-10     4.503E-10     1.143E+00  Aqueous 
  FePO4-               -12.746    -13.041     1.793E-13     9.097E-14     5.073E-01  Aqueous 
  KHPO4-                -8.006     -8.301     9.863E-09     5.004E-09     5.073E-01  Aqueous 
  PO4---               -15.488    -18.193     3.253E-16     6.408E-19     1.970E-03  Aqueous 
  S--                  -84.538    -85.585     2.894E-85     2.601E-86     8.986E-02  Aqueous 
  Sr(CO3)(aq)          -12.549    -12.491     2.825E-13     3.228E-13     1.143E+00  Aqueous 
  SrHCO3+               -7.197     -7.471     6.352E-08     3.381E-08     5.323E-01  Aqueous 
  SrCl+                 -5.348     -5.622     4.488E-06     2.389E-06     5.323E-01  Aqueous 
  SrOH+                 -9.764    -10.038     1.723E-10     9.172E-11     5.323E-01  Aqueous 
  SrSO4(aq)             -6.782     -6.724     1.651E-07     1.887E-07     1.143E+00  Aqueous 

  ****** Partial pressure of gases (bars) *****

 CO2(g)               5.4451E-01
 O2(g)                1.4197E-01

  ***** Saturation state of minerals (log[Q/K] *****

  Forsterite               -3.1844
  Enstatite(alpha)         -0.8212
  Anorthite                -5.4471
  Ferropargasite          -10.7439
  Anhydrite                 0.0125
  Clinochlore               0.0327
  Albite(low)              -0.0490
  Fayalite                 -0.1702
  Epidote                   0.0000
  Kaolinite                -1.9836
  Muscovite(ordered)       -1.9271


  ***** Volume of minerals added or subtracted *****

 Forsterite         -2.523045177E-05
 Enstatite(alpha)   -1.805564693E-06
 Anorthite          -6.339824135E-06
 Ferropargasite     -1.765189449E-05
 Anhydrite           3.725307693E-05
 Clinochlore         1.456052488E-04
 Albite(low)        -1.062810100E-04
 Fayalite           -2.307419736E-05
 Epidote            -2.557915352E-11
 Kaolinite          -1.000000000E-10
 Muscovite(ordered) -1.000000000E-10

