# Time          1.0000E-01

 **************************************************************
 ------> GRID LOCATION:     1:  1:  1

  Temperature (C)    =     34.992
  Porosity           =      0.081
  Liquid Saturation  =      1.000
  Liquid Density     =    994.066
  Ionic Strength     =      0.676
  Solution pH        =      6.776
  Solution pe and Eh require H2(g) be included
  Total Charge       =  3.001E-08

 Total Aqueous Concentrations of Primary Species 
 --------------------------------------- 

   Species              Molality       Type 
 H+                  -4.0016E-03     Aqueous      
 Al+++                1.1770E-11     Aqueous      
 CO2(aq)              4.7500E-03     Aqueous      
 Mg++                 4.9183E-02     Aqueous      
 Ca++                 1.3486E-02     Aqueous      
 Fe++                 9.1995E-04     Aqueous      
 Fe+++                3.8877E-12     Aqueous      
 Ba++                 2.0000E-07     Aqueous      
 Sr++                 9.0000E-06     Aqueous      
 Cl-                  5.4815E-01     Aqueous      
 K+                   1.2000E-02     Aqueous      
 Na+                  4.7494E-01     Aqueous      
 SO4--                3.0969E-02     Aqueous      
 O2(aq)               1.8000E-04     Aqueous      
 B(OH)3(aq)           4.0000E-04     Aqueous      
 HPO4--               1.7000E-06     Aqueous      
 NO3-                 3.9000E-05     Aqueous      
 H4SiO4(aq)           2.3491E-03     Aqueous      

 Concentrations of Individual Species, Exchangers, and Surface Complexes 
 ----------------------------------------------------------------------- 

                           Log        Log                 Concentration     
 Species              Molality  Activity      Molality    Mol/m^3 blk      Activity   Type

                           Log        Log                                 Activity
 Species              Molality   Activity      Molality      Activity   Coefficient    Type
  H+                    -6.681     -6.776     2.083E-07     1.673E-07     8.033E-01  Aqueous 
  Al+++                -15.385    -16.468     4.124E-16     3.405E-17     8.256E-02  Aqueous 
  CO2(aq)               -3.112     -3.044     7.733E-04     9.035E-04     1.168E+00  Aqueous 
  Mg++                  -1.308     -1.895     4.918E-02     1.273E-02     2.589E-01  Aqueous 
  Ca++                  -1.951     -2.569     1.121E-02     2.696E-03     2.406E-01  Aqueous 
  Fe++                  -3.159     -3.778     6.930E-04     1.667E-04     2.406E-01  Aqueous 
  Fe+++                -11.410    -12.494     3.888E-12     3.210E-13     8.256E-02  Aqueous 
  Ba++                  -6.721     -7.414     1.902E-07     3.856E-08     2.027E-01  Aqueous 
  Sr++                  -5.123     -5.816     7.537E-06     1.528E-06     2.027E-01  Aqueous 
  Cl-                   -0.262     -0.468     5.465E-01     3.401E-01     6.224E-01  Aqueous 
  K+                    -1.955     -2.161     1.108E-02     6.897E-03     6.224E-01  Aqueous 
  Na+                   -0.334     -0.504     4.637E-01     3.133E-01     6.756E-01  Aqueous 
  SO4--                 -1.746     -2.533     1.795E-02     2.932E-03     1.633E-01  Aqueous 
  O2(aq)                -3.745     -3.677     1.800E-04     2.103E-04     1.168E+00  Aqueous 
  B(OH)3(aq)            -3.398     -3.330     4.000E-04     4.673E-04     1.168E+00  Aqueous 
  HPO4--                -6.096     -6.883     8.019E-07     1.309E-07     1.633E-01  Aqueous 
  NO3-                  -4.409     -4.615     3.900E-05     2.427E-05     6.224E-01  Aqueous 
  H4SiO4(aq)            -2.629     -2.562     2.349E-03     2.745E-03     1.168E+00  Aqueous 
  HNO3(aq)             -12.666    -12.598     2.159E-13     2.522E-13     1.168E+00  Aqueous 
  Al(OH)2+             -12.696    -12.869     2.013E-13     1.352E-13     6.717E-01  Aqueous 
  AlO2-                -11.016    -11.203     9.630E-12     6.266E-12     6.506E-01  Aqueous 
  AlOH++               -13.716    -14.355     1.924E-14     4.415E-15     2.294E-01  Aqueous 
  BaHCO3+               -8.663     -8.836     2.171E-09     1.458E-09     6.717E-01  Aqueous 
  BaCl+                 -8.120     -8.293     7.588E-09     5.097E-09     6.717E-01  Aqueous 
  BaCO3(aq)            -10.773    -10.705     1.687E-11     1.971E-11     1.168E+00  Aqueous 
  BaOH+                -13.464    -13.637     3.435E-14     2.307E-14     6.717E-01  Aqueous 
  HCO3-                 -2.403     -2.574     3.952E-03     2.670E-03     6.756E-01  Aqueous 
  CO3--                 -5.306     -6.044     4.939E-06     9.046E-07     1.831E-01  Aqueous 
  CaCl+                 -3.112     -3.285     7.726E-04     5.189E-04     6.717E-01  Aqueous 
  CaCl2(aq)             -4.244     -4.177     5.700E-05     6.660E-05     1.168E+00  Aqueous 
  CaOH+                 -7.963     -8.136     1.090E-08     7.318E-09     6.717E-01  Aqueous 
  CaSO4(aq)             -2.839     -2.771     1.450E-03     1.694E-03     1.168E+00  Aqueous 
  FeCl+                 -4.108     -4.281     7.790E-05     5.232E-05     6.717E-01  Aqueous 
  FeCl2(aq)             -6.463     -6.396     3.440E-07     4.019E-07     1.168E+00  Aqueous 
  FeOH+                 -6.015     -6.187     9.669E-07     6.494E-07     6.717E-01  Aqueous 
  FeSO4(aq)             -3.893     -3.826     1.279E-04     1.494E-04     1.168E+00  Aqueous 
  OH-                   -6.720     -6.910     1.905E-07     1.231E-07     6.462E-01  Aqueous 
  HS-                 -135.104   -135.294     7.869-136     5.085-136     6.462E-01  Aqueous 
  H2S(aq)             -135.272   -135.205     5.342-136     6.241-136     1.168E+00  Aqueous 
  H2PO4-                -6.295     -6.466     5.066E-07     3.423E-07     6.756E-01  Aqueous 
  H3PO4(aq)            -11.122    -11.055     7.547E-12     8.817E-12     1.168E+00  Aqueous 
  HAlO2(aq)            -11.799    -11.732     1.587E-12     1.855E-12     1.168E+00  Aqueous 
  HSO4-                 -7.010     -7.196     9.780E-08     6.364E-08     6.506E-01  Aqueous 
  KCl(aq)               -3.173     -3.105     6.715E-04     7.845E-04     1.168E+00  Aqueous 
  KOH(aq)               -9.537     -9.470     2.901E-10     3.390E-10     1.168E+00  Aqueous 
  KSO4-                 -3.609     -3.796     2.458E-04     1.599E-04     6.506E-01  Aqueous 
  NH3(aq)              -63.991    -63.924     1.021E-64     1.192E-64     1.168E+00  Aqueous 
  NaAlO2(aq)           -12.479    -12.412     3.317E-13     3.875E-13     1.168E+00  Aqueous 
  NaOH(aq)              -8.244     -8.176     5.703E-09     6.664E-09     1.168E+00  Aqueous 
  NaSO4-                -1.951     -2.114     1.119E-02     7.690E-03     6.870E-01  Aqueous 
  H2(aq)               -42.729    -42.662     1.864E-43     2.178E-43     1.168E+00  Aqueous 
  CaHPO4(aq)            -6.599     -6.532     2.516E-07     2.939E-07     1.168E+00  Aqueous 
  CaPO4-                -8.191     -8.377     6.448E-09     4.196E-09     6.506E-01  Aqueous 
  FeCO3(aq)             -4.705     -4.638     1.971E-05     2.303E-05     1.168E+00  Aqueous 
  FeH2PO4+              -7.377     -7.550     4.196E-08     2.818E-08     6.717E-01  Aqueous 
  FeHPO4(aq)            -7.142     -7.075     7.208E-08     8.421E-08     1.168E+00  Aqueous 
  FePO4-                -8.130     -8.317     7.410E-09     4.821E-09     6.506E-01  Aqueous 
  KHPO4-                -7.921     -8.107     1.200E-08     7.810E-09     6.506E-01  Aqueous 
  PO4---               -10.569    -12.376     2.695E-11     4.210E-13     1.562E-02  Aqueous 
  S--                 -144.517   -145.211     3.038-145     6.158-146     2.027E-01  Aqueous 
  Sr(CO3)(aq)           -9.002     -8.934     9.965E-10     1.164E-09     1.168E+00  Aqueous 
  SrHCO3+               -6.889     -7.062     1.290E-07     8.665E-08     6.717E-01  Aqueous 
  SrCl+                 -6.297     -6.470     5.048E-07     3.390E-07     6.717E-01  Aqueous 
  SrOH+                -11.690    -11.862     2.043E-12     1.372E-12     6.717E-01  Aqueous 
  SrSO4(aq)             -6.082     -6.014     8.279E-07     9.673E-07     1.168E+00  Aqueous 

  ****** Partial pressure of gases (bars) *****

 CO2(g)               3.4353E-02
 O2(g)                1.9319E-01

  ***** Saturation state of minerals (log[Q/K] *****

  Forsterite               -6.6076
  Enstatite(alpha)         -2.2039
  Anorthite                -8.8926
  Ferropargasite          -15.5793
  Anhydrite                -0.5616
  Clinochlore               0.0429
  Albite(low)              -0.0744
  Fayalite                 -1.1333
  Epidote                  -0.0000
  Kaolinite                -2.9103
  Muscovite(ordered)       -1.3433


  ***** Volume of minerals added or subtracted *****

 Forsterite         -2.280785623E-07
 Enstatite(alpha)   -9.818605378E-08
 Anorthite          -3.178076859E-07
 Ferropargasite     -8.826577372E-07
 Anhydrite          -1.104066030E-05
 Clinochlore         9.352561951E-06
 Albite(low)        -7.272949200E-06
 Fayalite           -1.432021072E-06
 Epidote            -1.341594131E-14
 Kaolinite          -1.000000000E-10
 Muscovite(ordered) -1.000000000E-10

 **************************************************************
 ------> GRID LOCATION:     2:  1:  1

  Temperature (C)    =     54.977
  Porosity           =      0.081
  Liquid Saturation  =      1.000
  Liquid Density     =    985.727
  Ionic Strength     =      0.672
  Solution pH        =      6.258
  Solution pe and Eh require H2(g) be included
  Total Charge       = -3.093E-08

 Total Aqueous Concentrations of Primary Species 
 --------------------------------------- 

   Species              Molality       Type 
 H+                  -2.9830E-03     Aqueous      
 Al+++                8.5906E-11     Aqueous      
 CO2(aq)              4.7500E-03     Aqueous      
 Mg++                 4.8522E-02     Aqueous      
 Ca++                 1.2971E-02     Aqueous      
 Fe++                 9.3781E-04     Aqueous      
 Fe+++                7.3162E-12     Aqueous      
 Ba++                 2.0000E-07     Aqueous      
 Sr++                 9.0000E-06     Aqueous      
 Cl-                  5.4815E-01     Aqueous      
 K+                   1.2000E-02     Aqueous      
 Na+                  4.7520E-01     Aqueous      
 SO4--                3.0453E-02     Aqueous      
 O2(aq)               1.8000E-04     Aqueous      
 B(OH)3(aq)           4.0000E-04     Aqueous      
 HPO4--               1.7000E-06     Aqueous      
 NO3-                 3.9000E-05     Aqueous      
 H4SiO4(aq)           2.7588E-03     Aqueous      

 Concentrations of Individual Species, Exchangers, and Surface Complexes 
 ----------------------------------------------------------------------- 

                           Log        Log                 Concentration     
 Species              Molality  Activity      Molality    Mol/m^3 blk      Activity   Type

                           Log        Log                                 Activity
 Species              Molality   Activity      Molality      Activity   Coefficient    Type
  H+                    -6.160     -6.258     6.920E-07     5.516E-07     7.972E-01  Aqueous 
  Al+++                -14.313    -15.432     4.869E-15     3.696E-16     7.591E-02  Aqueous 
  CO2(aq)               -2.751     -2.684     1.773E-03     2.070E-03     1.167E+00  Aqueous 
  Mg++                  -1.314     -1.921     4.852E-02     1.199E-02     2.471E-01  Aqueous 
  Ca++                  -1.977     -2.617     1.054E-02     2.414E-03     2.291E-01  Aqueous 
  Fe++                  -3.184     -3.824     6.550E-04     1.500E-04     2.291E-01  Aqueous 
  Fe+++                -11.136    -12.255     7.316E-12     5.554E-13     7.591E-02  Aqueous 
  Ba++                  -6.729     -7.446     1.867E-07     3.579E-08     1.917E-01  Aqueous 
  Sr++                  -5.135     -5.853     7.321E-06     1.404E-06     1.917E-01  Aqueous 
  Cl-                   -0.263     -0.476     5.462E-01     3.341E-01     6.117E-01  Aqueous 
  K+                    -1.960     -2.173     1.097E-02     6.711E-03     6.117E-01  Aqueous 
  Na+                   -0.333     -0.510     4.644E-01     3.094E-01     6.662E-01  Aqueous 
  SO4--                 -1.751     -2.566     1.774E-02     2.718E-03     1.532E-01  Aqueous 
  O2(aq)                -3.745     -3.677     1.800E-04     2.101E-04     1.167E+00  Aqueous 
  B(OH)3(aq)            -3.398     -3.331     4.000E-04     4.670E-04     1.167E+00  Aqueous 
  HPO4--                -6.338     -7.152     4.596E-07     7.040E-08     1.532E-01  Aqueous 
  NO3-                  -4.409     -4.622     3.900E-05     2.386E-05     6.117E-01  Aqueous 
  H4SiO4(aq)            -2.559     -2.492     2.759E-03     3.221E-03     1.167E+00  Aqueous 
  HNO3(aq)             -11.949    -11.882     1.124E-12     1.313E-12     1.167E+00  Aqueous 
  Al(OH)2+             -11.516    -11.695     3.045E-12     2.016E-12     6.621E-01  Aqueous 
  AlO2-                -10.195    -10.389     6.379E-11     4.086E-11     6.406E-01  Aqueous 
  AlOH++               -12.639    -13.300     2.297E-13     5.009E-14     2.180E-01  Aqueous 
  BaHCO3+               -8.561     -8.740     2.751E-09     1.821E-09     6.621E-01  Aqueous 
  BaCl+                 -7.976     -8.155     1.057E-08     6.996E-09     6.621E-01  Aqueous 
  BaCO3(aq)            -11.132    -11.064     7.386E-12     8.623E-12     1.167E+00  Aqueous 
  BaOH+                -13.124    -13.303     7.513E-14     4.975E-14     6.621E-01  Aqueous 
  HCO3-                 -2.527     -2.704     2.970E-03     1.978E-03     6.662E-01  Aqueous 
  CO3--                 -5.828     -6.591     1.485E-06     2.563E-07     1.726E-01  Aqueous 
  CaCl+                 -3.040     -3.219     9.124E-04     6.041E-04     6.621E-01  Aqueous 
  CaCl2(aq)             -4.281     -4.214     5.232E-05     6.108E-05     1.167E+00  Aqueous 
  CaOH+                 -7.732     -7.911     1.853E-08     1.227E-08     6.621E-01  Aqueous 
  CaSO4(aq)             -2.834     -2.767     1.466E-03     1.712E-03     1.167E+00  Aqueous 
  FeCl+                 -3.884     -4.063     1.306E-04     8.648E-05     6.621E-01  Aqueous 
  FeCl2(aq)             -6.338     -6.271     4.591E-07     5.359E-07     1.167E+00  Aqueous 
  FeOH+                 -6.000     -6.179     1.001E-06     6.628E-07     6.621E-01  Aqueous 
  FeSO4(aq)             -3.839     -3.771     1.450E-04     1.693E-04     1.167E+00  Aqueous 
  OH-                   -6.698     -6.895     2.004E-07     1.274E-07     6.360E-01  Aqueous 
  HS-                 -125.519   -125.715     3.029-126     1.926-126     6.360E-01  Aqueous 
  H2S(aq)             -125.351   -125.283     4.460-126     5.207-126     1.167E+00  Aqueous 
  H2PO4-                -6.034     -6.210     9.248E-07     6.161E-07     6.662E-01  Aqueous 
  H3PO4(aq)            -10.232    -10.165     5.862E-11     6.843E-11     1.167E+00  Aqueous 
  HAlO2(aq)            -10.798    -10.730     1.594E-11     1.861E-11     1.167E+00  Aqueous 
  HSO4-                 -6.230     -6.423     5.894E-07     3.776E-07     6.406E-01  Aqueous 
  KCl(aq)               -3.118     -3.050     7.628E-04     8.905E-04     1.167E+00  Aqueous 
  KOH(aq)               -9.398     -9.330     4.004E-10     4.674E-10     1.167E+00  Aqueous 
  KSO4-                 -3.575     -3.768     2.663E-04     1.706E-04     6.406E-01  Aqueous 
  NH3(aq)              -59.380    -59.312     4.171E-60     4.870E-60     1.167E+00  Aqueous 
  NaAlO2(aq)           -11.537    -11.470     2.904E-12     3.390E-12     1.167E+00  Aqueous 
  NaOH(aq)              -8.208     -8.140     6.199E-09     7.237E-09     1.167E+00  Aqueous 
  NaSO4-                -1.965     -2.134     1.083E-02     7.343E-03     6.779E-01  Aqueous 
  H2(aq)               -39.843    -39.776     1.435E-40     1.675E-40     1.167E+00  Aqueous 
  CaHPO4(aq)            -6.713     -6.646     1.936E-07     2.260E-07     1.167E+00  Aqueous 
  CaPO4-                -8.598     -8.791     2.523E-09     1.617E-09     6.406E-01  Aqueous 
  FeCO3(aq)             -5.247     -5.180     5.665E-06     6.613E-06     1.167E+00  Aqueous 
  FeH2PO4+              -7.162     -7.341     6.892E-08     4.564E-08     6.621E-01  Aqueous 
  FeHPO4(aq)            -7.451     -7.383     3.543E-08     4.137E-08     1.167E+00  Aqueous 
  FePO4-                -8.950     -9.144     1.121E-09     7.183E-10     6.406E-01  Aqueous 
  KHPO4-                -7.855     -8.048     1.398E-08     8.954E-09     6.406E-01  Aqueous 
  PO4---               -11.197    -13.067     6.352E-12     8.571E-14     1.349E-02  Aqueous 
  S--                 -134.717   -135.434     1.920-135     3.680-136     1.917E-01  Aqueous 
  Sr(CO3)(aq)           -9.314     -9.247     4.850E-10     5.662E-10     1.167E+00  Aqueous 
  SrHCO3+               -6.733     -6.912     1.851E-07     1.226E-07     6.621E-01  Aqueous 
  SrCl+                 -6.213     -6.392     6.128E-07     4.057E-07     6.621E-01  Aqueous 
  SrOH+                -11.398    -11.577     4.001E-12     2.649E-12     6.621E-01  Aqueous 
  SrSO4(aq)             -6.055     -5.988     8.807E-07     1.028E-06     1.167E+00  Aqueous 

  ****** Partial pressure of gases (bars) *****

 CO2(g)               1.1635E-01
 O2(g)                2.3583E-01

  ***** Saturation state of minerals (log[Q/K] *****

  Forsterite               -6.4153
  Enstatite(alpha)         -2.2237
  Anorthite                -7.6907
  Ferropargasite          -15.2504
  Anhydrite                -0.3737
  Clinochlore               0.0402
  Albite(low)              -0.0675
  Fayalite                 -1.5908
  Epidote                  -0.0000
  Kaolinite                -2.0690
  Muscovite(ordered)       -0.5335


  ***** Volume of minerals added or subtracted *****

 Forsterite         -1.380344032E-06
 Enstatite(alpha)   -9.758845104E-08
 Anorthite          -3.178076859E-07
 Ferropargasite     -8.826577372E-07
 Anhydrite          -9.045496529E-06
 Clinochlore         1.153547683E-05
 Albite(low)        -9.338912413E-06
 Fayalite           -1.450603624E-06
 Epidote            -5.533325789E-14
 Kaolinite          -1.000000000E-10
 Muscovite(ordered) -1.000000000E-10

 **************************************************************
 ------> GRID LOCATION:     3:  1:  1

  Temperature (C)    =     74.963
  Porosity           =      0.081
  Liquid Saturation  =      1.000
  Liquid Density     =    974.827
  Ionic Strength     =      0.667
  Solution pH        =      5.819
  Solution pe and Eh require H2(g) be included
  Total Charge       =  5.116E-10

 Total Aqueous Concentrations of Primary Species 
 --------------------------------------- 

   Species              Molality       Type 
 H+                  -1.7447E-03     Aqueous      
 Al+++                4.2055E-10     Aqueous      
 CO2(aq)              4.7500E-03     Aqueous      
 Mg++                 4.7688E-02     Aqueous      
 Ca++                 1.2139E-02     Aqueous      
 Fe++                 9.4710E-04     Aqueous      
 Fe+++                1.3312E-11     Aqueous      
 Ba++                 2.0000E-07     Aqueous      
 Sr++                 9.0000E-06     Aqueous      
 Cl-                  5.4815E-01     Aqueous      
 K+                   1.1961E-02     Aqueous      
 Na+                  4.7565E-01     Aqueous      
 SO4--                2.9620E-02     Aqueous      
 O2(aq)               1.8000E-04     Aqueous      
 B(OH)3(aq)           4.0000E-04     Aqueous      
 HPO4--               1.7000E-06     Aqueous      
 NO3-                 3.9000E-05     Aqueous      
 H4SiO4(aq)           3.4921E-03     Aqueous      

 Concentrations of Individual Species, Exchangers, and Surface Complexes 
 ----------------------------------------------------------------------- 

                           Log        Log                 Concentration     
 Species              Molality  Activity      Molality    Mol/m^3 blk      Activity   Type

                           Log        Log                                 Activity
 Species              Molality   Activity      Molality      Activity   Coefficient    Type
  H+                    -5.717     -5.819     1.920E-06     1.516E-06     7.893E-01  Aqueous 
  Al+++                -13.519    -14.681     3.030E-14     2.084E-15     6.877E-02  Aqueous 
  CO2(aq)               -2.523     -2.456     3.002E-03     3.501E-03     1.166E+00  Aqueous 
  Mg++                  -1.322     -1.953     4.769E-02     1.115E-02     2.339E-01  Aqueous 
  Ca++                  -2.018     -2.683     9.595E-03     2.074E-03     2.162E-01  Aqueous 
  Fe++                  -3.233     -3.898     5.848E-04     1.264E-04     2.162E-01  Aqueous 
  Fe+++                -10.876    -12.038     1.331E-11     9.155E-13     6.877E-02  Aqueous 
  Ba++                  -6.739     -7.485     1.824E-07     3.275E-08     1.796E-01  Aqueous 
  Sr++                  -5.146     -5.892     7.137E-06     1.282E-06     1.796E-01  Aqueous 
  Cl-                   -0.263     -0.486     5.459E-01     3.270E-01     5.990E-01  Aqueous 
  K+                    -1.967     -2.189     1.079E-02     6.465E-03     5.990E-01  Aqueous 
  Na+                   -0.333     -0.517     4.649E-01     3.044E-01     6.547E-01  Aqueous 
  SO4--                 -1.770     -2.617     1.698E-02     2.414E-03     1.421E-01  Aqueous 
  O2(aq)                -3.745     -3.678     1.800E-04     2.099E-04     1.166E+00  Aqueous 
  B(OH)3(aq)            -3.398     -3.331     4.000E-04     4.664E-04     1.166E+00  Aqueous 
  HPO4--                -6.659     -7.506     2.194E-07     3.117E-08     1.421E-01  Aqueous 
  NO3-                  -4.409     -4.632     3.900E-05     2.336E-05     5.990E-01  Aqueous 
  H4SiO4(aq)            -2.457     -2.390     3.492E-03     4.072E-03     1.166E+00  Aqueous 
  HNO3(aq)             -11.316    -11.249     4.834E-12     5.636E-12     1.166E+00  Aqueous 
  Al(OH)2+             -10.574    -10.761     2.668E-11     1.736E-11     6.506E-01  Aqueous 
  AlO2-                 -9.562     -9.764     2.739E-10     1.722E-10     6.285E-01  Aqueous 
  AlOH++               -11.804    -12.492     1.570E-12     3.223E-13     2.053E-01  Aqueous 
  BaHCO3+               -8.564     -8.751     2.726E-09     1.774E-09     6.506E-01  Aqueous 
  BaCl+                 -7.827     -8.014     1.490E-08     9.692E-09     6.506E-01  Aqueous 
  BaCO3(aq)            -11.571    -11.504     2.685E-12     3.131E-12     1.166E+00  Aqueous 
  BaOH+                -12.830    -13.016     1.481E-13     9.633E-14     6.506E-01  Aqueous 
  HCO3-                 -2.758     -2.942     1.746E-03     1.143E-03     6.547E-01  Aqueous 
  CO3--                 -6.425     -7.218     3.762E-07     6.052E-08     1.609E-01  Aqueous 
  CaCl+                 -2.964     -3.150     1.087E-03     7.073E-04     6.506E-01  Aqueous 
  CaCl2(aq)             -4.279     -4.213     5.256E-05     6.129E-05     1.166E+00  Aqueous 
  CaOH+                 -7.536     -7.722     2.913E-08     1.895E-08     6.506E-01  Aqueous 
  CaSO4(aq)             -2.853     -2.786     1.404E-03     1.637E-03     1.166E+00  Aqueous 
  FeCl+                 -3.683     -3.869     2.077E-04     1.351E-04     6.506E-01  Aqueous 
  FeCl2(aq)             -6.205     -6.138     6.244E-07     7.281E-07     1.166E+00  Aqueous 
  FeOH+                 -5.997     -6.184     1.007E-06     6.553E-07     6.506E-01  Aqueous 
  FeSO4(aq)             -3.819     -3.753     1.516E-04     1.767E-04     1.166E+00  Aqueous 
  OH-                   -6.688     -6.893     2.049E-07     1.278E-07     6.239E-01  Aqueous 
  HS-                 -116.976   -117.181     1.058-117     6.598-118     6.239E-01  Aqueous 
  H2S(aq)             -116.490   -116.424     3.234-117     3.770-117     1.166E+00  Aqueous 
  H2PO4-                -5.903     -6.087     1.251E-06     8.190E-07     6.547E-01  Aqueous 
  H3PO4(aq)             -9.547     -9.480     2.840E-10     3.312E-10     1.166E+00  Aqueous 
  HAlO2(aq)             -9.993     -9.926     1.016E-10     1.185E-10     1.166E+00  Aqueous 
  HSO4-                 -5.536     -5.738     2.908E-06     1.828E-06     6.285E-01  Aqueous 
  KCl(aq)               -3.056     -2.989     8.787E-04     1.025E-03     1.166E+00  Aqueous 
  KOH(aq)               -9.275     -9.208     5.308E-10     6.190E-10     1.166E+00  Aqueous 
  KSO4-                 -3.540     -3.742     2.884E-04     1.813E-04     6.285E-01  Aqueous 
  NH3(aq)              -55.235    -55.168     5.818E-56     6.784E-56     1.166E+00  Aqueous 
  NaAlO2(aq)           -10.778    -10.711     1.669E-11     1.946E-11     1.166E+00  Aqueous 
  NaOH(aq)              -8.156     -8.089     6.983E-09     8.142E-09     1.166E+00  Aqueous 
  NaSO4-                -1.967     -2.143     1.079E-02     7.192E-03     6.667E-01  Aqueous 
  H2(aq)               -37.255    -37.188     5.562E-38     6.486E-38     1.166E+00  Aqueous 
  CaHPO4(aq)            -6.913     -6.846     1.223E-07     1.426E-07     1.166E+00  Aqueous 
  CaPO4-                -9.036     -9.238     9.199E-10     5.782E-10     6.285E-01  Aqueous 
  FeCO3(aq)             -5.867     -5.800     1.359E-06     1.584E-06     1.166E+00  Aqueous 
  FeH2PO4+              -7.105     -7.291     7.856E-08     5.111E-08     6.506E-01  Aqueous 
  FeHPO4(aq)            -7.840     -7.773     1.446E-08     1.686E-08     1.166E+00  Aqueous 
  FePO4-                -9.771     -9.972     1.696E-10     1.066E-10     6.285E-01  Aqueous 
  KHPO4-                -7.883     -8.084     1.310E-08     8.233E-09     6.285E-01  Aqueous 
  PO4---               -11.873    -13.817     1.340E-12     1.525E-14     1.138E-02  Aqueous 
  S--                 -126.001   -126.747     9.978-127     1.792-127     1.796E-01  Aqueous 
  Sr(CO3)(aq)           -9.712     -9.645     1.943E-10     2.265E-10     1.166E+00  Aqueous 
  SrHCO3+               -6.680     -6.867     2.090E-07     1.359E-07     6.506E-01  Aqueous 
  SrCl+                 -6.113     -6.299     7.715E-07     5.019E-07     6.506E-01  Aqueous 
  SrOH+                -11.136    -11.323     7.308E-12     4.754E-12     6.506E-01  Aqueous 
  SrSO4(aq)             -6.054     -5.988     8.826E-07     1.029E-06     1.166E+00  Aqueous 

  ****** Partial pressure of gases (bars) *****

 CO2(g)               2.6051E-01
 O2(g)                2.6155E-01

  ***** Saturation state of minerals (log[Q/K] *****

  Forsterite               -6.1593
  Enstatite(alpha)         -2.1816
  Anorthite                -6.7390
  Ferropargasite          -14.9971
  Anhydrite                -0.1924
  Clinochlore               0.0444
  Albite(low)              -0.0489
  Fayalite                 -1.9531
  Epidote                   0.0000
  Kaolinite                -1.4641
  Muscovite(ordered)       -0.0026


  ***** Volume of minerals added or subtracted *****

 Forsterite         -1.359918648E-06
 Enstatite(alpha)   -9.496829451E-08
 Anorthite          -3.178076859E-07
 Ferropargasite     -8.826577372E-07
 Anhydrite          -5.906560067E-06
 Clinochlore         1.419268898E-05
 Albite(low)        -1.279084327E-05
 Fayalite           -1.448401405E-06
 Epidote            -1.295336490E-13
 Kaolinite          -1.000000000E-10
 Muscovite(ordered)  4.394260945E-07

 **************************************************************
 ------> GRID LOCATION:     4:  1:  1

  Temperature (C)    =     94.947
  Porosity           =      0.081
  Liquid Saturation  =      1.000
  Liquid Density     =    961.729
  Ionic Strength     =      0.661
  Solution pH        =      5.448
  Solution pe and Eh require H2(g) be included
  Total Charge       =  8.899E-11

 Total Aqueous Concentrations of Primary Species 
 --------------------------------------- 

   Species              Molality       Type 
 H+                  -8.2638E-04     Aqueous      
 Al+++                1.6202E-09     Aqueous      
 CO2(aq)              4.7500E-03     Aqueous      
 Mg++                 4.7029E-02     Aqueous      
 Ca++                 1.0890E-02     Aqueous      
 Fe++                 9.5078E-04     Aqueous      
 Fe+++                2.6294E-11     Aqueous      
 Ba++                 2.0000E-07     Aqueous      
 Sr++                 9.0000E-06     Aqueous      
 Cl-                  5.4815E-01     Aqueous      
 K+                   1.1883E-02     Aqueous      
 Na+                  4.7612E-01     Aqueous      
 SO4--                2.8369E-02     Aqueous      
 O2(aq)               1.8000E-04     Aqueous      
 B(OH)3(aq)           4.0000E-04     Aqueous      
 HPO4--               1.7000E-06     Aqueous      
 NO3-                 3.9000E-05     Aqueous      
 H4SiO4(aq)           4.2763E-03     Aqueous      

 Concentrations of Individual Species, Exchangers, and Surface Complexes 
 ----------------------------------------------------------------------- 

                           Log        Log                 Concentration     
 Species              Molality  Activity      Molality    Mol/m^3 blk      Activity   Type

                           Log        Log                                 Activity
 Species              Molality   Activity      Molality      Activity   Coefficient    Type
  H+                    -5.341     -5.448     4.563E-06     3.561E-06     7.803E-01  Aqueous 
  Al+++                -12.927    -14.137     1.184E-13     7.291E-15     6.159E-02  Aqueous 
  CO2(aq)               -2.408     -2.342     3.907E-03     4.549E-03     1.164E+00  Aqueous 
  Mg++                  -1.328     -1.985     4.703E-02     1.034E-02     2.200E-01  Aqueous 
  Ca++                  -2.080     -2.773     8.324E-03     1.686E-03     2.026E-01  Aqueous 
  Fe++                  -3.307     -4.000     4.936E-04     9.998E-05     2.026E-01  Aqueous 
  Fe+++                -10.580    -11.791     2.629E-11     1.619E-12     6.159E-02  Aqueous 
  Ba++                  -6.752     -7.530     1.768E-07     2.951E-08     1.669E-01  Aqueous 
  Sr++                  -5.156     -5.934     6.982E-06     1.165E-06     1.669E-01  Aqueous 
  Cl-                   -0.263     -0.496     5.454E-01     3.190E-01     5.849E-01  Aqueous 
  K+                    -1.976     -2.209     1.056E-02     6.177E-03     5.849E-01  Aqueous 
  Na+                   -0.332     -0.525     4.653E-01     2.987E-01     6.420E-01  Aqueous 
  SO4--                 -1.801     -2.685     1.581E-02     2.067E-03     1.307E-01  Aqueous 
  O2(aq)                -3.745     -3.679     1.800E-04     2.096E-04     1.164E+00  Aqueous 
  B(OH)3(aq)            -3.398     -3.332     4.000E-04     4.657E-04     1.164E+00  Aqueous 
  HPO4--                -7.002     -7.886     9.954E-08     1.301E-08     1.307E-01  Aqueous 
  NO3-                  -4.409     -4.642     3.900E-05     2.281E-05     5.849E-01  Aqueous 
  H4SiO4(aq)            -2.369     -2.303     4.276E-03     4.979E-03     1.164E+00  Aqueous 
  HNO3(aq)             -10.757    -10.691     1.749E-11     2.036E-11     1.164E+00  Aqueous 
  Al(OH)2+              -9.796     -9.991     1.599E-10     1.020E-10     6.377E-01  Aqueous 
  AlO2-                 -9.046     -9.257     8.986E-10     5.527E-10     6.151E-01  Aqueous 
  AlOH++               -11.141    -11.858     7.231E-12     1.388E-12     1.920E-01  Aqueous 
  BaHCO3+               -8.660     -8.856     2.185E-09     1.394E-09     6.377E-01  Aqueous 
  BaCl+                 -7.678     -7.873     2.100E-08     1.339E-08     6.377E-01  Aqueous 
  BaCO3(aq)            -12.073    -12.007     8.451E-13     9.840E-13     1.164E+00  Aqueous 
  BaOH+                -12.570    -12.766     2.691E-13     1.716E-13     6.377E-01  Aqueous 
  HCO3-                 -3.075     -3.267     8.422E-04     5.407E-04     6.420E-01  Aqueous 
  CO3--                 -7.074     -7.901     8.431E-08     1.255E-08     1.488E-01  Aqueous 
  CaCl+                 -2.897     -3.092     1.268E-03     8.088E-04     6.377E-01  Aqueous 
  CaCl2(aq)             -4.260     -4.194     5.496E-05     6.399E-05     1.164E+00  Aqueous 
  CaOH+                 -7.374     -7.570     4.224E-08     2.694E-08     6.377E-01  Aqueous 
  CaSO4(aq)             -2.906     -2.840     1.242E-03     1.446E-03     1.164E+00  Aqueous 
  FeCl+                 -3.508     -3.704     3.103E-04     1.979E-04     6.377E-01  Aqueous 
  FeCl2(aq)             -6.074     -6.008     8.428E-07     9.814E-07     1.164E+00  Aqueous 
  FeOH+                 -6.007     -6.202     9.839E-07     6.274E-07     6.377E-01  Aqueous 
  FeSO4(aq)             -3.839     -3.773     1.448E-04     1.686E-04     1.164E+00  Aqueous 
  OH-                   -6.683     -6.898     2.073E-07     1.265E-07     6.104E-01  Aqueous 
  HS-                 -109.320   -109.534     4.787-110     2.922-110     6.104E-01  Aqueous 
  H2S(aq)             -108.540   -108.474     2.881-109     3.354-109     1.164E+00  Aqueous 
  H2PO4-                -5.841     -6.034     1.441E-06     9.248E-07     6.420E-01  Aqueous 
  H3PO4(aq)             -8.998     -8.932     1.004E-09     1.169E-09     1.164E+00  Aqueous 
  HAlO2(aq)             -9.318     -9.252     4.809E-10     5.600E-10     1.164E+00  Aqueous 
  HSO4-                 -4.924     -5.135     1.191E-05     7.327E-06     6.151E-01  Aqueous 
  KCl(aq)               -2.994     -2.928     1.014E-03     1.181E-03     1.164E+00  Aqueous 
  KOH(aq)               -9.165     -9.099     6.836E-10     7.960E-10     1.164E+00  Aqueous 
  KSO4-                 -3.511     -3.722     3.086E-04     1.898E-04     6.151E-01  Aqueous 
  NH3(aq)              -51.493    -51.427     3.215E-52     3.744E-52     1.164E+00  Aqueous 
  NaAlO2(aq)           -10.134    -10.068     7.338E-11     8.544E-11     1.164E+00  Aqueous 
  NaOH(aq)              -8.091     -8.025     8.102E-09     9.434E-09     1.164E+00  Aqueous 
  NaSO4-                -1.965     -2.149     1.085E-02     7.097E-03     6.543E-01  Aqueous 
  H2(aq)               -34.919    -34.853     1.204E-35     1.402E-35     1.164E+00  Aqueous 
  CaHPO4(aq)            -7.153     -7.087     7.023E-08     8.177E-08     1.164E+00  Aqueous 
  CaPO4-                -9.468     -9.679     3.401E-10     2.092E-10     6.151E-01  Aqueous 
  FeCO3(aq)             -6.552     -6.486     2.804E-07     3.265E-07     1.164E+00  Aqueous 
  FeH2PO4+              -7.145     -7.341     7.158E-08     4.565E-08     6.377E-01  Aqueous 
  FeHPO4(aq)            -8.259     -8.193     5.506E-09     6.411E-09     1.164E+00  Aqueous 
  FePO4-               -10.552    -10.763     2.804E-11     1.725E-11     6.151E-01  Aqueous 
  KHPO4-                -7.951     -8.162     1.119E-08     6.883E-09     6.151E-01  Aqueous 
  PO4---               -12.538    -14.564     2.895E-13     2.727E-15     9.420E-03  Aqueous 
  S--                 -118.206   -118.983     6.227-119     1.039-119     1.669E-01  Aqueous 
  Sr(CO3)(aq)          -10.173    -10.107     6.713E-11     7.816E-11     1.164E+00  Aqueous 
  SrHCO3+               -6.717     -6.912     1.921E-07     1.225E-07     6.377E-01  Aqueous 
  SrCl+                 -6.003     -6.198     9.937E-07     6.337E-07     6.377E-01  Aqueous 
  SrOH+                -10.897    -11.092     1.269E-11     8.091E-12     6.377E-01  Aqueous 
  SrSO4(aq)             -6.080     -6.014     8.320E-07     9.688E-07     1.164E+00  Aqueous 

  ****** Partial pressure of gases (bars) *****

 CO2(g)               4.1166E-01
 O2(g)                2.7023E-01

  ***** Saturation state of minerals (log[Q/K] *****

  Forsterite               -5.8759
  Enstatite(alpha)         -2.1204
  Anorthite                -6.0070
  Ferropargasite          -14.9403
  Anhydrite                -0.0323
  Clinochlore               0.0468
  Albite(low)              -0.1003
  Fayalite                 -2.2750
  Epidote                  -0.0000
  Kaolinite                -1.0611
  Muscovite(ordered)        0.2890


  ***** Volume of minerals added or subtracted *****

 Forsterite         -1.233113904E-06
 Enstatite(alpha)   -9.072688320E-08
 Anorthite          -3.178076859E-07
 Ferropargasite     -8.826577372E-07
 Anhydrite          -1.326680900E-06
 Clinochlore         1.596936005E-05
 Albite(low)        -1.627152176E-05
 Fayalite           -1.431673950E-06
 Epidote            -2.725509700E-13
 Kaolinite          -1.000000000E-10
 Muscovite(ordered)  1.283312207E-06

 **************************************************************
 ------> GRID LOCATION:     5:  1:  1

  Temperature (C)    =    114.932
  Porosity           =      0.081
  Liquid Saturation  =      1.000
  Liquid Density     =    946.640
  Ionic Strength     =      0.654
  Solution pH        =      5.117
  Solution pe and Eh require H2(g) be included
  Total Charge       =  1.481E-10

 Total Aqueous Concentrations of Primary Species 
 --------------------------------------- 

   Species              Molality       Type 
 H+                  -3.0415E-04     Aqueous      
 Al+++                6.2051E-09     Aqueous      
 CO2(aq)              4.7500E-03     Aqueous      
 Mg++                 4.6602E-02     Aqueous      
 Ca++                 9.1830E-03     Aqueous      
 Fe++                 9.5083E-04     Aqueous      
 Fe+++                5.2860E-11     Aqueous      
 Ba++                 2.0000E-07     Aqueous      
 Sr++                 9.0000E-06     Aqueous      
 Cl-                  5.4816E-01     Aqueous      
 K+                   1.1773E-02     Aqueous      
 Na+                  4.7656E-01     Aqueous      
 SO4--                2.6660E-02     Aqueous      
 O2(aq)               1.8000E-04     Aqueous      
 B(OH)3(aq)           4.0000E-04     Aqueous      
 HPO4--               1.7000E-06     Aqueous      
 NO3-                 3.9000E-05     Aqueous      
 H4SiO4(aq)           5.0175E-03     Aqueous      

 Concentrations of Individual Species, Exchangers, and Surface Complexes 
 ----------------------------------------------------------------------- 

                           Log        Log                 Concentration     
 Species              Molality  Activity      Molality    Mol/m^3 blk      Activity   Type

                           Log        Log                                 Activity
 Species              Molality   Activity      Molality      Activity   Coefficient    Type
  H+                    -5.003     -5.117     9.922E-06     7.643E-06     7.703E-01  Aqueous 
  Al+++                -12.359    -13.622     4.376E-13     2.390E-14     5.461E-02  Aqueous 
  CO2(aq)               -2.357     -2.292     4.393E-03     5.106E-03     1.163E+00  Aqueous 
  Mg++                  -1.332     -2.018     4.660E-02     9.584E-03     2.057E-01  Aqueous 
  Ca++                  -2.172     -2.897     6.724E-03     1.269E-03     1.887E-01  Aqueous 
  Fe++                  -3.408     -4.132     3.911E-04     7.379E-05     1.887E-01  Aqueous 
  Fe+++                -10.277    -11.540     5.286E-11     2.886E-12     5.461E-02  Aqueous 
  Ba++                  -6.772     -7.584     1.691E-07     2.606E-08     1.541E-01  Aqueous 
  Sr++                  -5.167     -5.979     6.813E-06     1.050E-06     1.541E-01  Aqueous 
  Cl-                   -0.264     -0.508     5.450E-01     3.106E-01     5.698E-01  Aqueous 
  K+                    -1.988     -2.232     1.028E-02     5.858E-03     5.698E-01  Aqueous 
  Na+                   -0.332     -0.534     4.657E-01     2.925E-01     6.282E-01  Aqueous 
  SO4--                 -1.845     -2.768     1.429E-02     1.705E-03     1.193E-01  Aqueous 
  O2(aq)                -3.745     -3.679     1.800E-04     2.093E-04     1.163E+00  Aqueous 
  B(OH)3(aq)            -3.398     -3.333     4.000E-04     4.650E-04     1.163E+00  Aqueous 
  HPO4--                -7.352     -8.276     4.443E-08     5.301E-09     1.193E-01  Aqueous 
  NO3-                  -4.409     -4.653     3.900E-05     2.222E-05     5.698E-01  Aqueous 
  H4SiO4(aq)            -2.300     -2.234     5.018E-03     5.833E-03     1.163E+00  Aqueous 
  HNO3(aq)             -10.244    -10.179     5.699E-11     6.625E-11     1.163E+00  Aqueous 
  Al(OH)2+              -9.047     -9.252     8.965E-10     5.592E-10     6.238E-01  Aqueous 
  AlO2-                 -8.555     -8.776     2.787E-09     1.674E-09     6.007E-01  Aqueous 
  AlOH++               -10.495    -11.243     3.201E-11     5.710E-12     1.784E-01  Aqueous 
  BaHCO3+               -8.822     -9.026     1.508E-09     9.409E-10     6.238E-01  Aqueous 
  BaCl+                 -7.532     -7.737     2.940E-08     1.834E-08     6.238E-01  Aqueous 
  BaCO3(aq)            -12.630    -12.564     2.347E-13     2.728E-13     1.163E+00  Aqueous 
  BaOH+                -12.360    -12.565     4.368E-13     2.725E-13     6.238E-01  Aqueous 
  HCO3-                 -3.447     -3.649     3.572E-04     2.244E-04     6.282E-01  Aqueous 
  CO3--                 -7.769     -8.633     1.704E-08     2.329E-09     1.367E-01  Aqueous 
  CaCl+                 -2.851     -3.056     1.408E-03     8.785E-04     6.238E-01  Aqueous 
  CaCl2(aq)             -4.240     -4.174     5.757E-05     6.693E-05     1.163E+00  Aqueous 
  CaOH+                 -7.273     -7.478     5.333E-08     3.326E-08     6.238E-01  Aqueous 
  CaSO4(aq)             -3.003     -2.938     9.929E-04     1.154E-03     1.163E+00  Aqueous 
  FeCl+                 -3.364     -3.569     4.321E-04     2.695E-04     6.238E-01  Aqueous 
  FeCl2(aq)             -5.954     -5.889     1.112E-06     1.292E-06     1.163E+00  Aqueous 
  FeOH+                 -6.053     -6.258     8.846E-07     5.518E-07     6.238E-01  Aqueous 
  FeSO4(aq)             -3.901     -3.836     1.255E-04     1.459E-04     1.163E+00  Aqueous 
  OH-                   -6.700     -6.925     1.996E-07     1.189E-07     5.958E-01  Aqueous 
  HS-                 -102.405   -102.630     3.932-103     2.342-103     5.958E-01  Aqueous 
  H2S(aq)             -101.335   -101.270     4.622-102     5.374-102     1.163E+00  Aqueous 
  H2PO4-                -5.810     -6.012     1.547E-06     9.720E-07     6.282E-01  Aqueous 
  H3PO4(aq)             -8.519     -8.453     3.029E-09     3.521E-09     1.163E+00  Aqueous 
  HAlO2(aq)             -8.661     -8.595     2.184E-09     2.539E-09     1.163E+00  Aqueous 
  HSO4-                 -4.367     -4.588     4.300E-05     2.583E-05     6.007E-01  Aqueous 
  KCl(aq)               -2.932     -2.867     1.169E-03     1.359E-03     1.163E+00  Aqueous 
  KOH(aq)               -9.084     -9.019     8.242E-10     9.582E-10     1.163E+00  Aqueous 
  KSO4-                 -3.490     -3.711     3.239E-04     1.946E-04     6.007E-01  Aqueous 
  NH3(aq)              -48.077    -48.011     8.379E-49     9.740E-49     1.163E+00  Aqueous 
  NaAlO2(aq)            -9.516     -9.450     3.051E-10     3.547E-10     1.163E+00  Aqueous 
  NaOH(aq)              -8.034     -7.969     9.248E-09     1.075E-08     1.163E+00  Aqueous 
  NaSO4-                -1.963     -2.157     1.088E-02     6.974E-03     6.408E-01  Aqueous 
  H2(aq)               -32.801    -32.735     1.582E-33     1.839E-33     1.163E+00  Aqueous 
  CaHPO4(aq)            -7.430     -7.365     3.712E-08     4.316E-08     1.163E+00  Aqueous 
  CaPO4-                -9.915    -10.136     1.216E-10     7.307E-11     6.007E-01  Aqueous 
  FeCO3(aq)             -7.299     -7.234     5.024E-08     5.840E-08     1.163E+00  Aqueous 
  FeH2PO4+              -7.246     -7.451     5.677E-08     3.541E-08     6.238E-01  Aqueous 
  FeHPO4(aq)            -8.700     -8.635     1.993E-09     2.317E-09     1.163E+00  Aqueous 
  FePO4-               -11.316    -11.537     4.833E-12     2.903E-12     6.007E-01  Aqueous 
  KHPO4-                -8.042     -8.264     9.074E-09     5.451E-09     6.007E-01  Aqueous 
  PO4---               -13.200    -15.316     6.305E-14     4.833E-16     7.666E-03  Aqueous 
  S--                 -111.195   -112.007     6.380-112     9.831-113     1.541E-01  Aqueous 
  Sr(CO3)(aq)          -10.689    -10.624     2.044E-11     2.376E-11     1.163E+00  Aqueous 
  SrHCO3+               -6.816     -7.021     1.528E-07     9.533E-08     6.238E-01  Aqueous 
  SrCl+                 -5.887     -6.092     1.296E-06     8.086E-07     6.238E-01  Aqueous 
  SrOH+                -10.695    -10.900     2.017E-11     1.258E-11     6.238E-01  Aqueous 
  SrSO4(aq)             -6.132     -6.067     7.379E-07     8.579E-07     1.163E+00  Aqueous 

  ****** Partial pressure of gases (bars) *****

 CO2(g)               5.2520E-01
 O2(g)                2.6452E-01

  ***** Saturation state of minerals (log[Q/K] *****

  Forsterite               -5.6433
  Enstatite(alpha)         -2.0822
  Anorthite                -5.3320
  Ferropargasite          -15.0818
  Anhydrite                 0.0930
  Clinochlore               0.0499
  Albite(low)              -0.1490
  Fayalite                 -2.6523
  Epidote                  -0.0000
  Kaolinite                -0.6506
  Muscovite(ordered)        0.6270


  ***** Volume of minerals added or subtracted *****

 Forsterite         -9.574917780E-07
 Enstatite(alpha)   -8.589456069E-08
 Anorthite          -3.178076859E-07
 Ferropargasite     -8.826577372E-07
 Anhydrite           4.745441849E-06
 Clinochlore         1.660745853E-05
 Albite(low)        -1.937650172E-05
 Fayalite           -1.404714320E-06
 Epidote            -5.588728472E-13
 Kaolinite          -1.000000000E-10
 Muscovite(ordered)  2.456391092E-06

 **************************************************************
 ------> GRID LOCATION:     6:  1:  1

  Temperature (C)    =    134.917
  Porosity           =      0.081
  Liquid Saturation  =      1.000
  Liquid Density     =    929.684
  Ionic Strength     =      0.646
  Solution pH        =      4.827
  Solution pe and Eh require H2(g) be included
  Total Charge       =  1.025E-09

 Total Aqueous Concentrations of Primary Species 
 --------------------------------------- 

   Species              Molality       Type 
 H+                   9.3562E-06     Aqueous      
 Al+++                2.1093E-08     Aqueous      
 CO2(aq)              4.7500E-03     Aqueous      
 Mg++                 4.6287E-02     Aqueous      
 Ca++                 7.1294E-03     Aqueous      
 Fe++                 9.6083E-04     Aqueous      
 Fe+++                1.2359E-10     Aqueous      
 Ba++                 2.0000E-07     Aqueous      
 Sr++                 9.0000E-06     Aqueous      
 Cl-                  5.4816E-01     Aqueous      
 K+                   1.1636E-02     Aqueous      
 Na+                  4.7699E-01     Aqueous      
 SO4--                2.4604E-02     Aqueous      
 O2(aq)               1.8000E-04     Aqueous      
 B(OH)3(aq)           4.0000E-04     Aqueous      
 HPO4--               1.7000E-06     Aqueous      
 NO3-                 3.9000E-05     Aqueous      
 H4SiO4(aq)           5.7368E-03     Aqueous      

 Concentrations of Individual Species, Exchangers, and Surface Complexes 
 ----------------------------------------------------------------------- 

                           Log        Log                 Concentration     
 Species              Molality  Activity      Molality    Mol/m^3 blk      Activity   Type

                           Log        Log                                 Activity
 Species              Molality   Activity      Molality      Activity   Coefficient    Type
  H+                    -4.708     -4.827     1.961E-05     1.489E-05     7.594E-01  Aqueous 
  Al+++                -11.894    -13.214     1.277E-12     6.116E-14     4.789E-02  Aqueous 
  CO2(aq)               -2.337     -2.272     4.604E-03     5.342E-03     1.160E+00  Aqueous 
  Mg++                  -1.335     -2.053     4.629E-02     8.846E-03     1.911E-01  Aqueous 
  Ca++                  -2.308     -3.066     4.921E-03     8.594E-04     1.746E-01  Aqueous 
  Fe++                  -3.534     -4.292     2.927E-04     5.110E-05     1.746E-01  Aqueous 
  Fe+++                 -9.908    -11.228     1.236E-10     5.919E-12     4.789E-02  Aqueous 
  Ba++                  -6.800     -7.650     1.584E-07     2.237E-08     1.412E-01  Aqueous 
  Sr++                  -5.182     -6.032     6.571E-06     9.281E-07     1.412E-01  Aqueous 
  Cl-                   -0.264     -0.521     5.447E-01     3.016E-01     5.537E-01  Aqueous 
  K+                    -2.002     -2.259     9.956E-03     5.513E-03     5.537E-01  Aqueous 
  Na+                   -0.331     -0.544     4.662E-01     2.859E-01     6.133E-01  Aqueous 
  SO4--                 -1.903     -2.870     1.250E-02     1.350E-03     1.080E-01  Aqueous 
  O2(aq)                -3.745     -3.680     1.800E-04     2.089E-04     1.160E+00  Aqueous 
  B(OH)3(aq)            -3.398     -3.333     4.000E-04     4.642E-04     1.160E+00  Aqueous 
  HPO4--                -7.690     -8.657     2.040E-08     2.203E-09     1.080E-01  Aqueous 
  NO3-                  -4.409     -4.666     3.900E-05     2.159E-05     5.537E-01  Aqueous 
  H4SiO4(aq)            -2.241     -2.177     5.737E-03     6.657E-03     1.160E+00  Aqueous 
  HNO3(aq)              -9.777     -9.713     1.670E-10     1.938E-10     1.160E+00  Aqueous 
  Al(OH)2+              -8.388     -8.604     4.089E-09     2.489E-09     6.089E-01  Aqueous 
  AlO2-                 -8.132     -8.365     7.381E-09     4.320E-09     5.852E-01  Aqueous 
  AlOH++                -9.937    -10.720     1.156E-10     1.903E-11     1.646E-01  Aqueous 
  BaHCO3+               -9.008     -9.224     9.807E-10     5.971E-10     6.089E-01  Aqueous 
  BaCl+                 -7.391     -7.606     4.066E-08     2.475E-08     6.089E-01  Aqueous 
  BaCO3(aq)            -13.191    -13.126     6.441E-14     7.474E-14     1.160E+00  Aqueous 
  BaOH+                -12.185    -12.400     6.536E-13     3.980E-13     6.089E-01  Aqueous 
  HCO3-                 -3.835     -4.047     1.464E-04     8.976E-05     6.133E-01  Aqueous 
  CO3--                 -8.461     -9.365     3.463E-09     4.313E-10     1.246E-01  Aqueous 
  CaCl+                 -2.839     -3.055     1.447E-03     8.812E-04     6.089E-01  Aqueous 
  CaCl2(aq)             -4.233     -4.168     5.851E-05     6.789E-05     1.160E+00  Aqueous 
  CaOH+                 -7.230     -7.445     5.888E-08     3.585E-08     6.089E-01  Aqueous 
  CaSO4(aq)             -3.154     -3.089     7.020E-04     8.147E-04     1.160E+00  Aqueous 
  FeCl+                 -3.247     -3.463     5.659E-04     3.445E-04     6.089E-01  Aqueous 
  FeCl2(aq)             -5.841     -5.777     1.441E-06     1.673E-06     1.160E+00  Aqueous 
  FeOH+                 -6.123     -6.338     7.536E-07     4.588E-07     6.089E-01  Aqueous 
  FeSO4(aq)             -4.000     -3.935     1.001E-04     1.161E-04     1.160E+00  Aqueous 
  OH-                   -6.727     -6.963     1.876E-07     1.089E-07     5.802E-01  Aqueous 
  HS-                  -96.138    -96.374     7.280E-97     4.224E-97     5.802E-01  Aqueous 
  H2S(aq)              -94.788    -94.723     1.629E-95     1.890E-95     1.160E+00  Aqueous 
  H2PO4-                -5.795     -6.007     1.604E-06     9.838E-07     6.133E-01  Aqueous 
  H3PO4(aq)             -8.095     -8.030     8.041E-09     9.332E-09     1.160E+00  Aqueous 
  HAlO2(aq)             -8.075     -8.010     8.418E-09     9.769E-09     1.160E+00  Aqueous 
  HSO4-                 -3.868     -4.100     1.357E-04     7.940E-05     5.852E-01  Aqueous 
  KCl(aq)               -2.871     -2.806     1.347E-03     1.564E-03     1.160E+00  Aqueous 
  KOH(aq)               -9.018     -8.954     9.589E-10     1.113E-09     1.160E+00  Aqueous 
  KSO4-                 -3.478     -3.711     3.325E-04     1.946E-04     5.852E-01  Aqueous 
  NH3(aq)              -44.950    -44.885     1.122E-45     1.302E-45     1.160E+00  Aqueous 
  NaAlO2(aq)            -8.963     -8.899     1.088E-09     1.263E-09     1.160E+00  Aqueous 
  NaOH(aq)              -7.972     -7.908     1.066E-08     1.237E-08     1.160E+00  Aqueous 
  NaSO4-                -1.965     -2.169     1.083E-02     6.782E-03     6.262E-01  Aqueous 
  H2(aq)               -30.868    -30.803     1.355E-31     1.573E-31     1.160E+00  Aqueous 
  CaHPO4(aq)            -7.732     -7.668     1.851E-08     2.148E-08     1.160E+00  Aqueous 
  CaPO4-               -10.359    -10.592     4.376E-11     2.561E-11     5.852E-01  Aqueous 
  FeCO3(aq)             -8.055     -7.991     8.805E-09     1.022E-08     1.160E+00  Aqueous 
  FeH2PO4+              -7.390     -7.605     4.077E-08     2.482E-08     6.089E-01  Aqueous 
  FeHPO4(aq)            -9.144     -9.079     7.183E-10     8.336E-10     1.160E+00  Aqueous 
  FePO4-               -12.038    -12.271     9.163E-13     5.362E-13     5.852E-01  Aqueous 
  KHPO4-                -8.131     -8.364     7.394E-09     4.327E-09     5.852E-01  Aqueous 
  PO4---               -13.832    -16.045     1.472E-14     9.018E-17     6.127E-03  Aqueous 
  S--                 -104.856   -105.706     1.394-105     1.969-106     1.412E-01  Aqueous 
  Sr(CO3)(aq)          -11.212    -11.147     6.144E-12     7.129E-12     1.160E+00  Aqueous 
  SrHCO3+               -6.940     -7.155     1.149E-07     6.997E-08     6.089E-01  Aqueous 
  SrCl+                 -5.770     -5.986     1.697E-06     1.033E-06     6.089E-01  Aqueous 
  SrOH+                -10.521    -10.737     3.013E-11     1.834E-11     6.089E-01  Aqueous 
  SrSO4(aq)             -6.210     -6.145     6.169E-07     7.159E-07     1.160E+00  Aqueous 

  ****** Partial pressure of gases (bars) *****

 CO2(g)               5.9135E-01
 O2(g)                2.4817E-01

  ***** Saturation state of minerals (log[Q/K] *****

  Forsterite               -5.4122
  Enstatite(alpha)         -2.0397
  Anorthite                -4.8007
  Ferropargasite          -15.4388
  Anhydrite                 0.1718
  Clinochlore               0.0531
  Albite(low)              -0.2228
  Fayalite                 -3.0368
  Epidote                  -0.0000
  Kaolinite                -0.3300
  Muscovite(ordered)        0.8678


  ***** Volume of minerals added or subtracted *****

 Forsterite         -5.033431858E-07
 Enstatite(alpha)   -8.261806241E-08
 Anorthite          -3.178076859E-07
 Ferropargasite     -8.826577372E-07
 Anhydrite           1.181017697E-05
 Clinochlore         1.646990169E-05
 Albite(low)        -2.226778862E-05
 Fayalite           -1.391840766E-06
 Epidote            -1.292063814E-12
 Kaolinite          -1.000000000E-10
 Muscovite(ordered)  3.873523828E-06

 **************************************************************
 ------> GRID LOCATION:     7:  1:  1

  Temperature (C)    =    154.903
  Porosity           =      0.081
  Liquid Saturation  =      1.000
  Liquid Density     =    910.941
  Ionic Strength     =      0.638
  Solution pH        =      4.573
  Solution pe and Eh require H2(g) be included
  Total Charge       = -1.075E-09

 Total Aqueous Concentrations of Primary Species 
 --------------------------------------- 

   Species              Molality       Type 
 H+                   3.5726E-04     Aqueous      
 Al+++                6.5147E-08     Aqueous      
 CO2(aq)              4.7500E-03     Aqueous      
 Mg++                 4.5955E-02     Aqueous      
 Ca++                 5.0385E-03     Aqueous      
 Fe++                 9.8702E-04     Aqueous      
 Fe+++                3.4988E-10     Aqueous      
 Ba++                 2.0000E-07     Aqueous      
 Sr++                 9.0000E-06     Aqueous      
 Cl-                  5.4816E-01     Aqueous      
 K+                   1.1506E-02     Aqueous      
 Na+                  4.7738E-01     Aqueous      
 SO4--                2.2511E-02     Aqueous      
 O2(aq)               1.8000E-04     Aqueous      
 B(OH)3(aq)           4.0000E-04     Aqueous      
 HPO4--               1.7000E-06     Aqueous      
 NO3-                 3.9000E-05     Aqueous      
 H4SiO4(aq)           6.3627E-03     Aqueous      

 Concentrations of Individual Species, Exchangers, and Surface Complexes 
 ----------------------------------------------------------------------- 

                           Log        Log                 Concentration     
 Species              Molality  Activity      Molality    Mol/m^3 blk      Activity   Type

                           Log        Log                                 Activity
 Species              Molality   Activity      Molality      Activity   Coefficient    Type
  H+                    -4.447     -4.573     3.575E-05     2.671E-05     7.472E-01  Aqueous 
  Al+++                -11.511    -12.894     3.083E-12     1.277E-13     4.144E-02  Aqueous 
  CO2(aq)               -2.329     -2.265     4.690E-03     5.433E-03     1.158E+00  Aqueous 
  Mg++                  -1.338     -2.092     4.596E-02     8.097E-03     1.762E-01  Aqueous 
  Ca++                  -2.495     -3.290     3.197E-03     5.125E-04     1.603E-01  Aqueous 
  Fe++                  -3.683     -4.478     2.077E-04     3.328E-05     1.603E-01  Aqueous 
  Fe+++                 -9.456    -10.839     3.499E-10     1.450E-11     4.144E-02  Aqueous 
  Ba++                  -6.841     -7.733     1.441E-07     1.849E-08     1.283E-01  Aqueous 
  Sr++                  -5.207     -6.099     6.212E-06     7.968E-07     1.283E-01  Aqueous 
  Cl-                   -0.264     -0.535     5.444E-01     2.919E-01     5.362E-01  Aqueous 
  K+                    -2.017     -2.288     9.610E-03     5.153E-03     5.362E-01  Aqueous 
  Na+                   -0.331     -0.555     4.667E-01     2.787E-01     5.971E-01  Aqueous 
  SO4--                 -1.975     -2.989     1.060E-02     1.026E-03     9.678E-02  Aqueous 
  O2(aq)                -3.745     -3.681     1.800E-04     2.085E-04     1.158E+00  Aqueous 
  B(OH)3(aq)            -3.398     -3.334     4.000E-04     4.633E-04     1.158E+00  Aqueous 
  HPO4--                -8.016     -9.030     9.647E-09     9.336E-10     9.678E-02  Aqueous 
  NO3-                  -4.409     -4.680     3.900E-05     2.091E-05     5.362E-01  Aqueous 
  H4SiO4(aq)            -2.196     -2.133     6.363E-03     7.370E-03     1.158E+00  Aqueous 
  HNO3(aq)              -9.348     -9.284     4.490E-10     5.201E-10     1.158E+00  Aqueous 
  Al(OH)2+              -7.802     -8.029     1.578E-08     9.353E-09     5.925E-01  Aqueous 
  AlO2-                 -7.765     -8.011     1.717E-08     9.757E-09     5.684E-01  Aqueous 
  AlOH++                -9.451    -10.272     3.544E-10     5.340E-11     1.507E-01  Aqueous 
  BaHCO3+               -9.208     -9.435     6.194E-10     3.670E-10     5.925E-01  Aqueous 
  BaCl+                 -7.257     -7.485     5.527E-08     3.275E-08     5.925E-01  Aqueous 
  BaCO3(aq)            -13.746    -13.682     1.794E-14     2.078E-14     1.158E+00  Aqueous 
  BaOH+                -12.044    -12.271     9.034E-13     5.353E-13     5.925E-01  Aqueous 
  HCO3-                 -4.223     -4.447     5.990E-05     3.576E-05     5.971E-01  Aqueous 
  CO3--                 -9.140    -10.089     7.250E-10     8.150E-11     1.124E-01  Aqueous 
  CaCl+                 -2.870     -3.097     1.350E-03     7.999E-04     5.925E-01  Aqueous 
  CaCl2(aq)             -4.248     -4.185     5.644E-05     6.537E-05     1.158E+00  Aqueous 
  CaOH+                 -7.252     -7.479     5.599E-08     3.318E-08     5.925E-01  Aqueous 
  CaSO4(aq)             -3.362     -3.298     4.346E-04     5.034E-04     1.158E+00  Aqueous 
  FeCl+                 -3.153     -3.381     7.025E-04     4.163E-04     5.925E-01  Aqueous 
  FeCl2(aq)             -5.733     -5.669     1.851E-06     2.144E-06     1.158E+00  Aqueous 
  FeOH+                 -6.215     -6.442     6.099E-07     3.614E-07     5.925E-01  Aqueous 
  FeSO4(aq)             -4.129     -4.065     7.438E-05     8.615E-05     1.158E+00  Aqueous 
  OH-                   -6.765     -7.014     1.719E-07     9.685E-08     5.633E-01  Aqueous 
  HS-                  -90.429    -90.678     3.726E-91     2.099E-91     5.633E-01  Aqueous 
  H2S(aq)              -88.808    -88.744     1.557E-89     1.804E-89     1.158E+00  Aqueous 
  H2PO4-                -5.788     -6.012     1.629E-06     9.726E-07     5.971E-01  Aqueous 
  H3PO4(aq)             -7.711     -7.647     1.944E-08     2.252E-08     1.158E+00  Aqueous 
  HAlO2(aq)             -7.547     -7.483     2.840E-08     3.290E-08     1.158E+00  Aqueous 
  HSO4-                 -3.419     -3.665     3.808E-04     2.165E-04     5.684E-01  Aqueous 
  KCl(aq)               -2.807     -2.743     1.560E-03     1.807E-03     1.158E+00  Aqueous 
  KOH(aq)               -8.966     -8.902     1.083E-09     1.254E-09     1.158E+00  Aqueous 
  KSO4-                 -3.475     -3.720     3.352E-04     1.905E-04     5.684E-01  Aqueous 
  NH3(aq)              -42.071    -42.008     8.483E-43     9.826E-43     1.158E+00  Aqueous 
  NaAlO2(aq)            -8.464     -8.400     3.437E-09     3.981E-09     1.158E+00  Aqueous 
  NaOH(aq)              -7.906     -7.842     1.242E-08     1.438E-08     1.158E+00  Aqueous 
  NaSO4-                -1.971     -2.186     1.069E-02     6.523E-03     6.103E-01  Aqueous 
  H2(aq)               -29.096    -29.032     8.016E-30     9.285E-30     1.158E+00  Aqueous 
  CaHPO4(aq)            -8.064     -8.001     8.620E-09     9.986E-09     1.158E+00  Aqueous 
  CaPO4-               -10.808    -11.054     1.555E-11     8.837E-12     5.684E-01  Aqueous 
  FeCO3(aq)             -8.806     -8.742     1.562E-09     1.810E-09     1.158E+00  Aqueous 
  FeH2PO4+              -7.569     -7.796     2.697E-08     1.598E-08     5.925E-01  Aqueous 
  FeHPO4(aq)            -9.588     -9.524     2.583E-10     2.992E-10     1.158E+00  Aqueous 
  FePO4-               -12.724    -12.969     1.887E-13     1.073E-13     5.684E-01  Aqueous 
  KHPO4-                -8.211     -8.456     6.158E-09     3.500E-09     5.684E-01  Aqueous 
  PO4---               -14.436    -16.756     3.662E-15     1.753E-17     4.786E-03  Aqueous 
  S--                  -99.090    -99.982     8.124-100     1.042-100     1.283E-01  Aqueous 
  Sr(CO3)(aq)          -11.727    -11.663     1.874E-12     2.171E-12     1.158E+00  Aqueous 
  SrHCO3+               -7.075     -7.302     8.415E-08     4.986E-08     5.925E-01  Aqueous 
  SrCl+                 -5.655     -5.882     2.215E-06     1.313E-06     5.925E-01  Aqueous 
  SrOH+                -10.374    -10.602     4.223E-11     2.502E-11     5.925E-01  Aqueous 
  SrSO4(aq)             -6.311     -6.247     4.888E-07     5.662E-07     1.158E+00  Aqueous 

  ****** Partial pressure of gases (bars) *****

 CO2(g)               6.1860E-01
 O2(g)                2.2494E-01

  ***** Saturation state of minerals (log[Q/K] *****

  Forsterite               -5.1869
  Enstatite(alpha)         -1.9969
  Anorthite                -4.4020
  Ferropargasite          -16.0168
  Anhydrite                 0.1973
  Clinochlore               0.0561
  Albite(low)              -0.3194
  Fayalite                 -3.4338
  Epidote                  -0.0000
  Kaolinite                -0.0801
  Muscovite(ordered)        1.0345


  ***** Volume of minerals added or subtracted *****

 Forsterite          4.242567464E-08
 Enstatite(alpha)   -8.300830060E-08
 Anorthite          -3.178076859E-07
 Ferropargasite     -8.826577372E-07
 Anhydrite           1.870551174E-05
 Clinochlore         1.614639417E-05
 Albite(low)        -2.469703194E-05
 Fayalite           -1.402885649E-06
 Epidote            -3.595924199E-12
 Kaolinite          -1.000000000E-10
 Muscovite(ordered)  5.156387034E-06

 **************************************************************
 ------> GRID LOCATION:     8:  1:  1

  Temperature (C)    =    174.887
  Porosity           =      0.081
  Liquid Saturation  =      1.000
  Liquid Density     =    890.465
  Ionic Strength     =      0.631
  Solution pH        =      4.351
  Solution pe and Eh require H2(g) be included
  Total Charge       =  5.843E-10

 Total Aqueous Concentrations of Primary Species 
 --------------------------------------- 

   Species              Molality       Type 
 H+                   1.0022E-03     Aqueous      
 Al+++                1.8335E-07     Aqueous      
 CO2(aq)              4.7500E-03     Aqueous      
 Mg++                 4.5459E-02     Aqueous      
 Ca++                 3.3000E-03     Aqueous      
 Fe++                 1.0244E-03     Aqueous      
 Fe+++                1.1792E-09     Aqueous      
 Ba++                 2.0000E-07     Aqueous      
 Sr++                 9.0000E-06     Aqueous      
 Cl-                  5.4816E-01     Aqueous      
 K+                   1.1426E-02     Aqueous      
 Na+                  4.7772E-01     Aqueous      
 SO4--                2.0769E-02     Aqueous      
 O2(aq)               1.8000E-04     Aqueous      
 B(OH)3(aq)           4.0000E-04     Aqueous      
 HPO4--               1.7000E-06     Aqueous      
 NO3-                 3.9000E-05     Aqueous      
 H4SiO4(aq)           6.8820E-03     Aqueous      

 Concentrations of Individual Species, Exchangers, and Surface Complexes 
 ----------------------------------------------------------------------- 

                           Log        Log                 Concentration     
 Species              Molality  Activity      Molality    Mol/m^3 blk      Activity   Type

                           Log        Log                                 Activity
 Species              Molality   Activity      Molality      Activity   Coefficient    Type
  H+                    -4.216     -4.351     6.082E-05     4.460E-05     7.332E-01  Aqueous 
  Al+++                -11.201    -12.655     6.289E-12     2.213E-13     3.519E-02  Aqueous 
  CO2(aq)               -2.326     -2.262     4.725E-03     5.464E-03     1.156E+00  Aqueous 
  Mg++                  -1.342     -2.136     4.546E-02     7.306E-03     1.607E-01  Aqueous 
  Ca++                  -2.731     -3.568     1.857E-03     2.701E-04     1.455E-01  Aqueous 
  Fe++                  -3.855     -4.692     1.398E-04     2.033E-05     1.455E-01  Aqueous 
  Fe+++                 -8.928    -10.382     1.179E-09     4.150E-11     3.519E-02  Aqueous 
  Ba++                  -6.899     -7.838     1.262E-07     1.452E-08     1.150E-01  Aqueous 
  Sr++                  -5.243     -6.183     5.709E-06     6.568E-07     1.150E-01  Aqueous 
  Cl-                   -0.264     -0.551     5.442E-01     2.813E-01     5.168E-01  Aqueous 
  K+                    -2.033     -2.320     9.269E-03     4.791E-03     5.168E-01  Aqueous 
  Na+                   -0.330     -0.568     4.673E-01     2.705E-01     5.790E-01  Aqueous 
  SO4--                 -2.060     -3.128     8.715E-03     7.448E-04     8.547E-02  Aqueous 
  O2(aq)                -3.745     -3.682     1.800E-04     2.081E-04     1.156E+00  Aqueous 
  B(OH)3(aq)            -3.398     -3.335     4.000E-04     4.625E-04     1.156E+00  Aqueous 
  HPO4--                -8.330     -9.399     4.673E-09     3.994E-10     8.547E-02  Aqueous 
  NO3-                  -4.409     -4.696     3.900E-05     2.016E-05     5.168E-01  Aqueous 
  H4SiO4(aq)            -2.162     -2.099     6.882E-03     7.958E-03     1.156E+00  Aqueous 
  HNO3(aq)              -8.948     -8.885     1.126E-09     1.302E-09     1.156E+00  Aqueous 
  Al(OH)2+              -7.280     -7.521     5.245E-08     3.012E-08     5.743E-01  Aqueous 
  AlO2-                 -7.451     -7.711     3.536E-08     1.944E-08     5.496E-01  Aqueous 
  AlOH++                -9.028     -9.894     9.375E-10     1.278E-10     1.363E-01  Aqueous 
  BaHCO3+               -9.418     -9.659     3.821E-10     2.194E-10     5.743E-01  Aqueous 
  BaCl+                 -7.134     -7.375     7.337E-08     4.214E-08     5.743E-01  Aqueous 
  BaCO3(aq)            -14.294    -14.231     5.081E-15     5.876E-15     1.156E+00  Aqueous 
  BaOH+                -11.938    -12.179     1.152E-12     6.618E-13     5.743E-01  Aqueous 
  HCO3-                 -4.607     -4.844     2.474E-05     1.432E-05     5.790E-01  Aqueous 
  CO3--                 -9.804    -10.804     1.569E-10     1.570E-11     1.001E-01  Aqueous 
  CaCl+                 -2.939     -3.180     1.151E-03     6.613E-04     5.743E-01  Aqueous 
  CaCl2(aq)             -4.284     -4.221     5.200E-05     6.013E-05     1.156E+00  Aqueous 
  CaOH+                 -7.334     -7.575     4.638E-08     2.664E-08     5.743E-01  Aqueous 
  CaSO4(aq)             -3.621     -3.558     2.393E-04     2.767E-04     1.156E+00  Aqueous 
  FeCl+                 -3.081     -3.322     8.298E-04     4.765E-04     5.743E-01  Aqueous 
  FeCl2(aq)             -5.627     -5.564     2.360E-06     2.729E-06     1.156E+00  Aqueous 
  FeOH+                 -6.329     -6.570     4.689E-07     2.693E-07     5.743E-01  Aqueous 
  FeSO4(aq)             -4.284     -4.221     5.204E-05     6.017E-05     1.156E+00  Aqueous 
  OH-                   -6.814     -7.078     1.534E-07     8.351E-08     5.444E-01  Aqueous 
  HS-                  -85.205    -85.469     6.242E-86     3.398E-86     5.444E-01  Aqueous 
  H2S(aq)              -83.318    -83.255     4.811E-84     5.563E-84     1.156E+00  Aqueous 
  H2PO4-                -5.789     -6.026     1.626E-06     9.414E-07     5.790E-01  Aqueous 
  H3PO4(aq)             -7.360     -7.297     4.361E-08     5.043E-08     1.156E+00  Aqueous 
  HAlO2(aq)             -7.071     -7.008     8.485E-08     9.811E-08     1.156E+00  Aqueous 
  HSO4-                 -3.015     -3.275     9.657E-04     5.308E-04     5.496E-01  Aqueous 
  KCl(aq)               -2.739     -2.676     1.824E-03     2.109E-03     1.156E+00  Aqueous 
  KOH(aq)               -8.923     -8.860     1.194E-09     1.380E-09     1.156E+00  Aqueous 
  KSO4-                 -3.477     -3.737     3.334E-04     1.833E-04     5.496E-01  Aqueous 
  NH3(aq)              -39.408    -39.345     3.911E-40     4.522E-40     1.156E+00  Aqueous 
  NaAlO2(aq)            -8.011     -7.948     9.742E-09     1.127E-08     1.156E+00  Aqueous 
  NaOH(aq)              -7.833     -7.770     1.468E-08     1.697E-08     1.156E+00  Aqueous 
  NaSO4-                -1.980     -2.208     1.046E-02     6.199E-03     5.925E-01  Aqueous 
  H2(aq)               -27.464    -27.401     3.438E-28     3.976E-28     1.156E+00  Aqueous 
  CaHPO4(aq)            -8.423     -8.360     3.775E-09     4.365E-09     1.156E+00  Aqueous 
  CaPO4-               -11.262    -11.522     5.474E-12     3.009E-12     5.496E-01  Aqueous 
  FeCO3(aq)             -9.548     -9.485     2.832E-10     3.275E-10     1.156E+00  Aqueous 
  FeH2PO4+              -7.784     -8.025     1.646E-08     9.450E-09     5.743E-01  Aqueous 
  FeHPO4(aq)           -10.038     -9.975     9.163E-11     1.060E-10     1.156E+00  Aqueous 
  FePO4-               -13.383    -13.643     4.140E-14     2.276E-14     5.496E-01  Aqueous 
  KHPO4-                -8.276     -8.536     5.291E-09     2.908E-09     5.496E-01  Aqueous 
  PO4---               -15.017    -17.458     9.615E-16     3.483E-18     3.622E-03  Aqueous 
  S--                  -93.817    -94.756     1.523E-94     1.752E-95     1.150E-01  Aqueous 
  Sr(CO3)(aq)          -12.235    -12.171     5.827E-13     6.738E-13     1.156E+00  Aqueous 
  SrHCO3+               -7.219     -7.460     6.041E-08     3.469E-08     5.743E-01  Aqueous 
  SrCl+                 -5.543     -5.784     2.862E-06     1.644E-06     5.743E-01  Aqueous 
  SrOH+                -10.256    -10.497     5.545E-11     3.185E-11     5.743E-01  Aqueous 
  SrSO4(aq)             -6.434     -6.371     3.683E-07     4.258E-07     1.156E+00  Aqueous 

  ****** Partial pressure of gases (bars) *****

 CO2(g)               6.1596E-01
 O2(g)                1.9814E-01

  ***** Saturation state of minerals (log[Q/K] *****

  Forsterite               -4.9662
  Enstatite(alpha)         -1.9527
  Anorthite                -4.1207
  Ferropargasite          -16.7963
  Anhydrite                 0.1746
  Clinochlore               0.0589
  Albite(low)              -0.4317
  Fayalite                 -3.8448
  Epidote                  -0.0000
  Kaolinite                 0.1097
  Muscovite(ordered)        1.1395


  ***** Volume of minerals added or subtracted *****

 Forsterite          5.221672801E-07
 Enstatite(alpha)   -8.661487589E-08
 Anorthite          -3.178076859E-07
 Ferropargasite     -8.826577372E-07
 Anhydrite           2.408565806E-05
 Clinochlore         1.638011534E-05
 Albite(low)        -2.663278416E-05
 Fayalite           -1.427600694E-06
 Epidote            -1.185803076E-11
 Kaolinite           1.161995872E-07
 Muscovite(ordered)  5.850284648E-06

 **************************************************************
 ------> GRID LOCATION:     9:  1:  1

  Temperature (C)    =    194.873
  Porosity           =      0.081
  Liquid Saturation  =      1.000
  Liquid Density     =    868.292
  Ionic Strength     =      0.624
  Solution pH        =      4.155
  Solution pe and Eh require H2(g) be included
  Total Charge       =  7.582E-10

 Total Aqueous Concentrations of Primary Species 
 --------------------------------------- 

   Species              Molality       Type 
 H+                   2.2996E-03     Aqueous      
 Al+++                4.7724E-07     Aqueous      
 CO2(aq)              4.7500E-03     Aqueous      
 Mg++                 4.4624E-02     Aqueous      
 Ca++                 2.1459E-03     Aqueous      
 Fe++                 1.0628E-03     Aqueous      
 Fe+++                4.1629E-09     Aqueous      
 Ba++                 2.0000E-07     Aqueous      
 Sr++                 9.0000E-06     Aqueous      
 Cl-                  5.4816E-01     Aqueous      
 K+                   1.1420E-02     Aqueous      
 Na+                  4.7802E-01     Aqueous      
 SO4--                1.9612E-02     Aqueous      
 O2(aq)               1.8000E-04     Aqueous      
 B(OH)3(aq)           4.0000E-04     Aqueous      
 HPO4--               1.7000E-06     Aqueous      
 NO3-                 3.9000E-05     Aqueous      
 H4SiO4(aq)           7.2668E-03     Aqueous      

 Concentrations of Individual Species, Exchangers, and Surface Complexes 
 ----------------------------------------------------------------------- 

                           Log        Log                 Concentration     
 Species              Molality  Activity      Molality    Mol/m^3 blk      Activity   Type

                           Log        Log                                 Activity
 Species              Molality   Activity      Molality      Activity   Coefficient    Type
  H+                    -4.011     -4.155     9.755E-05     6.991E-05     7.167E-01  Aqueous 
  Al+++                -10.950    -12.486     1.121E-11     3.268E-13     2.915E-02  Aqueous 
  CO2(aq)               -2.324     -2.262     4.740E-03     5.472E-03     1.155E+00  Aqueous 
  Mg++                  -1.350     -2.191     4.462E-02     6.446E-03     1.445E-01  Aqueous 
  Ca++                  -2.991     -3.877     1.022E-03     1.329E-04     1.300E-01  Aqueous 
  Fe++                  -4.049     -4.935     8.936E-05     1.162E-05     1.300E-01  Aqueous 
  Fe+++                 -8.381     -9.916     4.163E-09     1.214E-10     2.915E-02  Aqueous 
  Ba++                  -6.977     -7.971     1.055E-07     1.070E-08     1.014E-01  Aqueous 
  Sr++                  -5.296     -6.290     5.063E-06     5.134E-07     1.014E-01  Aqueous 
  Cl-                   -0.264     -0.570     5.440E-01     2.692E-01     4.949E-01  Aqueous 
  K+                    -2.049     -2.354     8.939E-03     4.423E-03     4.949E-01  Aqueous 
  Na+                   -0.330     -0.583     4.680E-01     2.612E-01     5.581E-01  Aqueous 
  SO4--                 -2.163     -3.294     6.872E-03     5.086E-04     7.402E-02  Aqueous 
  O2(aq)                -3.745     -3.682     1.800E-04     2.078E-04     1.155E+00  Aqueous 
  B(OH)3(aq)            -3.398     -3.336     4.000E-04     4.618E-04     1.155E+00  Aqueous 
  HPO4--                -8.640     -9.771     2.291E-09     1.696E-10     7.402E-02  Aqueous 
  NO3-                  -4.409     -4.714     3.900E-05     1.930E-05     4.949E-01  Aqueous 
  H4SiO4(aq)            -2.139     -2.076     7.267E-03     8.390E-03     1.155E+00  Aqueous 
  HNO3(aq)              -8.573     -8.511     2.672E-09     3.085E-09     1.155E+00  Aqueous 
  Al(OH)2+              -6.812     -7.069     1.543E-07     8.539E-08     5.534E-01  Aqueous 
  AlO2-                 -7.181     -7.459     6.584E-08     3.478E-08     5.282E-01  Aqueous 
  AlOH++                -8.657     -9.573     2.203E-09     2.674E-10     1.213E-01  Aqueous 
  BaHCO3+               -9.640     -9.897     2.288E-10     1.266E-10     5.534E-01  Aqueous 
  BaCl+                 -7.026     -7.283     9.429E-08     5.218E-08     5.534E-01  Aqueous 
  BaCO3(aq)            -14.839    -14.777     1.448E-15     1.672E-15     1.155E+00  Aqueous 
  BaOH+                -11.869    -12.126     1.351E-12     7.477E-13     5.534E-01  Aqueous 
  HCO3-                 -4.987     -5.240     1.031E-05     5.757E-06     5.581E-01  Aqueous 
  CO3--                -10.458    -11.516     3.486E-11     3.050E-12     8.749E-02  Aqueous 
  CaCl+                 -3.021     -3.278     9.520E-04     5.268E-04     5.534E-01  Aqueous 
  CaCl2(aq)             -4.315     -4.252     4.843E-05     5.591E-05     1.155E+00  Aqueous 
  CaOH+                 -7.449     -7.706     3.557E-08     1.969E-08     5.534E-01  Aqueous 
  CaSO4(aq)             -3.909     -3.846     1.234E-04     1.424E-04     1.155E+00  Aqueous 
  FeCl+                 -3.029     -3.286     9.360E-04     5.180E-04     5.534E-01  Aqueous 
  FeCl2(aq)             -5.523     -5.461     2.999E-06     3.462E-06     1.155E+00  Aqueous 
  FeOH+                 -6.465     -6.722     3.425E-07     1.896E-07     5.534E-01  Aqueous 
  FeSO4(aq)             -4.467     -4.405     3.411E-05     3.938E-05     1.155E+00  Aqueous 
  OH-                   -6.876     -7.158     1.330E-07     6.956E-08     5.229E-01  Aqueous 
  HS-                  -80.410    -80.691     3.894E-81     2.036E-81     5.229E-01  Aqueous 
  H2S(aq)              -78.260    -78.197     5.499E-79     6.349E-79     1.155E+00  Aqueous 
  H2PO4-                -5.798     -6.052     1.590E-06     8.877E-07     5.581E-01  Aqueous 
  H3PO4(aq)             -7.038     -6.975     9.167E-08     1.058E-07     1.155E+00  Aqueous 
  HAlO2(aq)             -6.639     -6.577     2.295E-07     2.649E-07     1.155E+00  Aqueous 
  HSO4-                 -2.655     -2.932     2.212E-03     1.169E-03     5.282E-01  Aqueous 
  KCl(aq)               -2.666     -2.604     2.157E-03     2.490E-03     1.155E+00  Aqueous 
  KOH(aq)               -8.889     -8.827     1.290E-09     1.489E-09     1.155E+00  Aqueous 
  KSO4-                 -3.490     -3.767     3.238E-04     1.710E-04     5.282E-01  Aqueous 
  NH3(aq)              -36.930    -36.868     1.175E-37     1.356E-37     1.155E+00  Aqueous 
  NaAlO2(aq)            -7.595     -7.533     2.540E-08     2.932E-08     1.155E+00  Aqueous 
  NaOH(aq)              -7.753     -7.691     1.766E-08     2.039E-08     1.155E+00  Aqueous 
  NaSO4-                -1.998     -2.241     1.005E-02     5.746E-03     5.720E-01  Aqueous 
  H2(aq)               -25.953    -25.891     1.114E-26     1.287E-26     1.155E+00  Aqueous 
  CaHPO4(aq)            -8.786     -8.724     1.636E-09     1.888E-09     1.155E+00  Aqueous 
  CaPO4-               -11.698    -11.975     2.004E-12     1.059E-12     5.282E-01  Aqueous 
  FeCO3(aq)            -10.281    -10.219     5.236E-11     6.046E-11     1.155E+00  Aqueous 
  FeH2PO4+              -8.036     -8.293     9.201E-09     5.092E-09     5.534E-01  Aqueous 
  FeHPO4(aq)           -10.501    -10.439     3.154E-11     3.641E-11     1.155E+00  Aqueous 
  FePO4-               -14.025    -14.302     9.445E-15     4.989E-15     5.282E-01  Aqueous 
  KHPO4-                -8.329     -8.606     4.687E-09     2.476E-09     5.282E-01  Aqueous 
  PO4---               -15.581    -18.161     2.625E-16     6.898E-19     2.628E-03  Aqueous 
  S--                  -88.973    -89.967     1.065E-89     1.079E-90     1.014E-01  Aqueous 
  Sr(CO3)(aq)          -12.737    -12.674     1.834E-13     2.117E-13     1.155E+00  Aqueous 
  SrHCO3+               -7.373     -7.630     4.237E-08     2.345E-08     5.534E-01  Aqueous 
  SrCl+                 -5.440     -5.697     3.634E-06     2.011E-06     5.534E-01  Aqueous 
  SrOH+                -10.168    -10.425     6.797E-11     3.761E-11     5.534E-01  Aqueous 
  SrSO4(aq)             -6.584     -6.521     2.608E-07     3.011E-07     1.155E+00  Aqueous 

  ****** Partial pressure of gases (bars) *****

 CO2(g)               5.9088E-01
 O2(g)                1.7028E-01

  ***** Saturation state of minerals (log[Q/K] *****

  Forsterite               -4.7534
  Enstatite(alpha)         -1.9091
  Anorthite                -3.9142
  Ferropargasite          -17.7108
  Anhydrite                 0.1249
  Clinochlore               0.0614
  Albite(low)              -0.5529
  Fayalite                 -4.2731
  Epidote                  -0.0000
  Kaolinite                 0.2563
  Muscovite(ordered)        1.2042


  ***** Volume of minerals added or subtracted *****

 Forsterite          8.235089512E-07
 Enstatite(alpha)   -8.894300092E-08
 Anorthite          -3.178076859E-07
 Ferropargasite     -8.826577372E-07
 Anhydrite           2.724500118E-05
 Clinochlore         1.786697935E-05
 Albite(low)        -2.805632472E-05
 Fayalite           -1.447644930E-06
 Epidote            -4.086037435E-11
 Kaolinite           2.100027427E-07
 Muscovite(ordered)  5.768365070E-06

 **************************************************************
 ------> GRID LOCATION:    10:  1:  1

  Temperature (C)    =    214.857
  Porosity           =      0.081
  Liquid Saturation  =      1.000
  Liquid Density     =    844.451
  Ionic Strength     =      0.617
  Solution pH        =      3.985
  Solution pe and Eh require H2(g) be included
  Total Charge       = -1.052E-08

 Total Aqueous Concentrations of Primary Species 
 --------------------------------------- 

   Species              Molality       Type 
 H+                   4.6043E-03     Aqueous      
 Al+++                1.1591E-06     Aqueous      
 CO2(aq)              4.7500E-03     Aqueous      
 Mg++                 4.3257E-02     Aqueous      
 Ca++                 1.5389E-03     Aqueous      
 Fe++                 1.0995E-03     Aqueous      
 Fe+++                1.2540E-08     Aqueous      
 Ba++                 2.0000E-07     Aqueous      
 Sr++                 9.0001E-06     Aqueous      
 Cl-                  5.4816E-01     Aqueous      
 K+                   1.1500E-02     Aqueous      
 Na+                  4.7828E-01     Aqueous      
 SO4--                1.9001E-02     Aqueous      
 O2(aq)               1.8000E-04     Aqueous      
 B(OH)3(aq)           4.0000E-04     Aqueous      
 HPO4--               1.7000E-06     Aqueous      
 NO3-                 3.9000E-05     Aqueous      
 H4SiO4(aq)           7.5041E-03     Aqueous      

 Concentrations of Individual Species, Exchangers, and Surface Complexes 
 ----------------------------------------------------------------------- 

                           Log        Log                 Concentration     
 Species              Molality  Activity      Molality    Mol/m^3 blk      Activity   Type

                           Log        Log                                 Activity
 Species              Molality   Activity      Molality      Activity   Coefficient    Type
  H+                    -3.828     -3.985     1.485E-04     1.035E-04     6.967E-01  Aqueous 
  Al+++                -10.749    -12.380     1.781E-11     4.164E-13     2.338E-02  Aqueous 
  CO2(aq)               -2.324     -2.262     4.746E-03     5.471E-03     1.153E+00  Aqueous 
  Mg++                  -1.364     -2.259     4.326E-02     5.510E-03     1.274E-01  Aqueous 
  Ca++                  -3.232     -4.175     5.866E-04     6.678E-05     1.138E-01  Aqueous 
  Fe++                  -4.261     -5.205     5.483E-05     6.242E-06     1.138E-01  Aqueous 
  Fe+++                 -7.902     -9.533     1.254E-08     2.932E-10     2.338E-02  Aqueous 
  Ba++                  -7.079     -8.137     8.343E-08     7.291E-09     8.739E-02  Aqueous 
  Sr++                  -5.366     -6.425     4.304E-06     3.761E-07     8.739E-02  Aqueous 
  Cl-                   -0.265     -0.593     5.436E-01     2.553E-01     4.696E-01  Aqueous 
  K+                    -2.065     -2.393     8.619E-03     4.048E-03     4.696E-01  Aqueous 
  Na+                   -0.329     -0.601     4.691E-01     2.505E-01     5.339E-01  Aqueous 
  SO4--                 -2.299     -3.503     5.023E-03     3.139E-04     6.249E-02  Aqueous 
  O2(aq)                -3.745     -3.683     1.800E-04     2.075E-04     1.153E+00  Aqueous 
  B(OH)3(aq)            -3.398     -3.336     4.000E-04     4.611E-04     1.153E+00  Aqueous 
  HPO4--                -8.950    -10.155     1.121E-09     7.004E-11     6.249E-02  Aqueous 
  NO3-                  -4.409     -4.737     3.899E-05     1.831E-05     4.696E-01  Aqueous 
  H4SiO4(aq)            -2.125     -2.063     7.504E-03     8.650E-03     1.153E+00  Aqueous 
  HNO3(aq)              -8.218     -8.156     6.060E-09     6.985E-09     1.153E+00  Aqueous 
  Al(OH)2+              -6.388     -6.664     4.093E-07     2.165E-07     5.291E-01  Aqueous 
  AlO2-                 -6.949     -7.247     1.125E-07     5.664E-08     5.035E-01  Aqueous 
  AlOH++                -8.330     -9.305     4.683E-09     4.954E-10     1.058E-01  Aqueous 
  BaHCO3+               -9.879    -10.155     1.322E-10     6.996E-11     5.291E-01  Aqueous 
  BaCl+                 -6.934     -7.210     1.164E-07     6.161E-08     5.291E-01  Aqueous 
  BaCO3(aq)            -15.386    -15.324     4.115E-16     4.743E-16     1.153E+00  Aqueous 
  BaOH+                -11.838    -12.114     1.453E-12     7.689E-13     5.291E-01  Aqueous 
  HCO3-                 -5.363     -5.635     4.336E-06     2.315E-06     5.339E-01  Aqueous 
  CO3--                -11.101    -12.228     7.924E-12     5.917E-13     7.468E-02  Aqueous 
  CaCl+                 -3.076     -3.353     8.387E-04     4.438E-04     5.291E-01  Aqueous 
  CaCl2(aq)             -4.301     -4.239     5.004E-05     5.768E-05     1.153E+00  Aqueous 
  CaOH+                 -7.554     -7.831     2.790E-08     1.476E-08     5.291E-01  Aqueous 
  CaSO4(aq)             -4.197     -4.135     6.354E-05     7.325E-05     1.153E+00  Aqueous 
  FeCl+                 -2.991     -3.268     1.020E-03     5.397E-04     5.291E-01  Aqueous 
  FeCl2(aq)             -5.416     -5.355     3.835E-06     4.421E-06     1.153E+00  Aqueous 
  FeOH+                 -6.619     -6.896     2.403E-07     1.271E-07     5.291E-01  Aqueous 
  FeSO4(aq)             -4.688     -4.626     2.052E-05     2.365E-05     1.153E+00  Aqueous 
  OH-                   -6.950     -7.253     1.122E-07     5.589E-08     4.981E-01  Aqueous 
  HS-                  -76.008    -76.310     9.825E-77     4.894E-77     4.981E-01  Aqueous 
  H2S(aq)              -73.596    -73.534     2.534E-74     2.921E-74     1.153E+00  Aqueous 
  H2PO4-                -5.821     -6.094     1.509E-06     8.056E-07     5.339E-01  Aqueous 
  H3PO4(aq)             -6.744     -6.682     1.804E-07     2.079E-07     1.153E+00  Aqueous 
  HAlO2(aq)             -6.244     -6.182     5.706E-07     6.578E-07     1.153E+00  Aqueous 
  HSO4-                 -2.350     -2.648     4.462E-03     2.247E-03     5.035E-01  Aqueous 
  KCl(aq)               -2.588     -2.526     2.585E-03     2.979E-03     1.153E+00  Aqueous 
  KOH(aq)               -8.863     -8.801     1.371E-09     1.580E-09     1.153E+00  Aqueous 
  KSO4-                 -3.528     -3.826     2.966E-04     1.494E-04     5.035E-01  Aqueous 
  NH3(aq)              -34.615    -34.553     2.426E-35     2.797E-35     1.153E+00  Aqueous 
  NaAlO2(aq)            -7.207     -7.146     6.202E-08     7.149E-08     1.153E+00  Aqueous 
  NaOH(aq)              -7.663     -7.601     2.174E-08     2.506E-08     1.153E+00  Aqueous 
  NaSO4-                -2.039     -2.300     9.136E-03     5.007E-03     5.480E-01  Aqueous 
  H2(aq)               -24.549    -24.487     2.827E-25     3.259E-25     1.153E+00  Aqueous 
  CaHPO4(aq)            -9.118     -9.056     7.620E-10     8.784E-10     1.153E+00  Aqueous 
  CaPO4-               -12.081    -12.379     8.297E-13     4.178E-13     5.035E-01  Aqueous 
  FeCO3(aq)            -11.002    -10.940     9.950E-12     1.147E-11     1.153E+00  Aqueous 
  FeH2PO4+              -8.329     -8.605     4.693E-09     2.483E-09     5.291E-01  Aqueous 
  FeHPO4(aq)           -10.983    -10.921     1.041E-11     1.200E-11     1.153E+00  Aqueous 
  FePO4-               -14.656    -14.954     2.206E-15     1.111E-15     5.035E-01  Aqueous 
  KHPO4-                -8.371     -8.669     4.254E-09     2.142E-09     5.035E-01  Aqueous 
  PO4---               -16.134    -18.877     7.350E-17     1.326E-19     1.805E-03  Aqueous 
  S--                  -84.514    -85.572     3.064E-85     2.678E-86     8.739E-02  Aqueous 
  Sr(CO3)(aq)          -13.237    -13.175     5.799E-14     6.684E-14     1.153E+00  Aqueous 
  SrHCO3+               -7.539     -7.816     2.888E-08     1.528E-08     5.291E-01  Aqueous 
  SrCl+                 -5.347     -5.623     4.500E-06     2.381E-06     5.291E-01  Aqueous 
  SrOH+                -10.110    -10.387     7.759E-11     4.105E-11     5.291E-01  Aqueous 
  SrSO4(aq)             -6.776     -6.714     1.674E-07     1.930E-07     1.153E+00  Aqueous 

  ****** Partial pressure of gases (bars) *****

 CO2(g)               5.4969E-01
 O2(g)                1.4317E-01

  ***** Saturation state of minerals (log[Q/K] *****

  Forsterite               -4.5496
  Enstatite(alpha)         -1.8670
  Anorthite                -3.7277
  Ferropargasite          -18.6430
  Anhydrite                 0.0750
  Clinochlore               0.0642
  Albite(low)              -0.6773
  Fayalite                 -4.7110
  Epidote                  -0.0000
  Kaolinite                 0.3711
  Muscovite(ordered)        1.2427


  ***** Volume of minerals added or subtracted *****

 Forsterite          9.991424664E-07
 Enstatite(alpha)   -8.975289613E-08
 Anorthite          -3.178076859E-07
 Ferropargasite     -8.826577372E-07
 Anhydrite           2.842572621E-05
 Clinochlore         2.096654057E-05
 Albite(low)        -2.910222168E-05
 Fayalite           -1.458188068E-06
 Epidote            -1.196979800E-10
 Kaolinite           2.606266895E-07
 Muscovite(ordered)  4.833067346E-06

