# Time          1.0500E+01

 **************************************************************
 ------> GRID LOCATION:     1:  1:  1

  Temperature (C)    =     34.992
  Porosity           =      0.081
  Liquid Saturation  =      1.000
  Liquid Density     =    994.066
  Ionic Strength     =      0.702
  Solution pH        =      7.491
  Solution pe and Eh require H2(g) be included
  Total Charge       =  1.130E-05

 Total Aqueous Concentrations of Primary Species 
 --------------------------------------- 

   Species              Molality       Type 
 H+                  -4.6137E-03     Aqueous      
 Al+++                4.6338E-16     Aqueous      
 CO2(aq)              4.7500E-03     Aqueous      
 Mg++                 2.5728E-02     Aqueous      
 Ca++                 3.9462E-02     Aqueous      
 Fe++                 2.9874E-05     Aqueous      
 Fe+++                2.7397E-12     Aqueous      
 Ba++                 2.0000E-07     Aqueous      
 Sr++                 9.0000E-06     Aqueous      
 Cl-                  5.4815E-01     Aqueous      
 K+                   1.2000E-02     Aqueous      
 Na+                  5.0025E-01     Aqueous      
 SO4--                4.4944E-02     Aqueous      
 O2(aq)               1.8000E-04     Aqueous      
 B(OH)3(aq)           4.0000E-04     Aqueous      
 HPO4--               1.7000E-06     Aqueous      
 NO3-                 3.9000E-05     Aqueous      
 H4SiO4(aq)           6.7434E-02     Aqueous      

 Concentrations of Individual Species, Exchangers, and Surface Complexes 
 ----------------------------------------------------------------------- 

                           Log        Log                 Concentration     
 Species              Molality  Activity      Molality    Mol/m^3 blk      Activity   Type

                           Log        Log                                 Activity
 Species              Molality   Activity      Molality      Activity   Coefficient    Type
  H+                    -7.396     -7.491     4.019E-08     3.232E-08     8.040E-01  Aqueous 
  Al+++                -22.583    -23.672     2.609E-23     2.130E-24     8.162E-02  Aqueous 
  CO2(aq)               -3.768     -3.698     1.705E-04     2.005E-04     1.175E+00  Aqueous 
  Mg++                  -1.590     -2.180     2.573E-02     6.613E-03     2.570E-01  Aqueous 
  Ca++                  -1.497     -2.120     3.181E-02     7.591E-03     2.387E-01  Aqueous 
  Fe++                  -4.708     -5.330     1.959E-05     4.676E-06     2.387E-01  Aqueous 
  Fe+++                -11.562    -12.651     2.740E-12     2.236E-13     8.162E-02  Aqueous 
  Ba++                  -6.721     -7.419     1.900E-07     3.809E-08     2.005E-01  Aqueous 
  Sr++                  -5.135     -5.833     7.328E-06     1.469E-06     2.005E-01  Aqueous 
  Cl-                   -0.264     -0.471     5.450E-01     3.381E-01     6.204E-01  Aqueous 
  K+                    -1.958     -2.165     1.102E-02     6.838E-03     6.204E-01  Aqueous 
  Na+                   -0.314     -0.485     4.849E-01     3.271E-01     6.746E-01  Aqueous 
  SO4--                 -1.621     -2.415     2.392E-02     3.850E-03     1.609E-01  Aqueous 
  O2(aq)                -3.745     -3.675     1.800E-04     2.116E-04     1.175E+00  Aqueous 
  B(OH)3(aq)            -3.398     -3.328     4.000E-04     4.702E-04     1.175E+00  Aqueous 
  HPO4--                -6.096     -6.889     8.017E-07     1.290E-07     1.609E-01  Aqueous 
  NO3-                  -4.409     -4.616     3.900E-05     2.420E-05     6.204E-01  Aqueous 
  H4SiO4(aq)            -1.171     -1.101     6.743E-02     7.926E-02     1.175E+00  Aqueous 
  HNO3(aq)             -13.384    -13.314     4.131E-14     4.856E-14     1.175E+00  Aqueous 
  Al(OH)2+             -18.471    -18.645     3.381E-19     2.267E-19     6.706E-01  Aqueous 
  AlO2-                -15.363    -15.550     4.339E-16     2.817E-16     6.492E-01  Aqueous 
  AlOH++               -20.202    -20.845     6.287E-21     1.430E-21     2.274E-01  Aqueous 
  BaHCO3+               -8.608     -8.781     2.468E-09     1.655E-09     6.706E-01  Aqueous 
  BaCl+                 -8.127     -8.301     7.465E-09     5.006E-09     6.706E-01  Aqueous 
  BaCO3(aq)            -10.007     -9.936     9.850E-11     1.158E-10     1.175E+00  Aqueous 
  BaOH+                -12.754    -12.928     1.760E-13     1.180E-13     6.706E-01  Aqueous 
  HCO3-                 -2.342     -2.513     4.546E-03     3.067E-03     6.746E-01  Aqueous 
  CO3--                 -4.527     -5.269     2.974E-05     5.380E-06     1.809E-01  Aqueous 
  CaCl+                 -2.664     -2.838     2.166E-03     1.452E-03     6.706E-01  Aqueous 
  CaCl2(aq)             -3.802     -3.732     1.577E-04     1.853E-04     1.175E+00  Aqueous 
  CaOH+                 -6.798     -6.972     1.591E-07     1.067E-07     6.706E-01  Aqueous 
  CaSO4(aq)             -2.273     -2.203     5.329E-03     6.264E-03     1.175E+00  Aqueous 
  FeCl+                 -5.662     -5.836     2.175E-06     1.459E-06     6.706E-01  Aqueous 
  FeCl2(aq)             -8.023     -7.953     9.477E-09     1.114E-08     1.175E+00  Aqueous 
  FeOH+                 -6.852     -7.025     1.406E-07     9.430E-08     6.706E-01  Aqueous 
  FeSO4(aq)             -5.329     -5.259     4.683E-06     5.504E-06     1.175E+00  Aqueous 
  OH-                   -6.005     -6.196     9.885E-07     6.372E-07     6.447E-01  Aqueous 
  HS-                 -135.704   -135.895     1.977-136     1.274-136     6.447E-01  Aqueous 
  H2S(aq)             -136.590   -136.520     2.570-137     3.021-137     1.175E+00  Aqueous 
  H2PO4-                -7.015     -7.186     9.657E-08     6.514E-08     6.746E-01  Aqueous 
  H3PO4(aq)            -12.559    -12.489     2.757E-13     3.241E-13     1.175E+00  Aqueous 
  HAlO2(aq)            -16.863    -16.793     1.370E-17     1.610E-17     1.175E+00  Aqueous 
  HSO4-                 -7.604     -7.792     2.486E-08     1.614E-08     6.492E-01  Aqueous 
  KCl(aq)               -3.182     -3.112     6.578E-04     7.732E-04     1.175E+00  Aqueous 
  KOH(aq)               -8.830     -8.759     1.480E-09     1.740E-09     1.175E+00  Aqueous 
  KSO4-                 -3.494     -3.681     3.208E-04     2.082E-04     6.492E-01  Aqueous 
  NH3(aq)              -64.714    -64.644     1.930E-65     2.269E-65     1.175E+00  Aqueous 
  NaAlO2(aq)           -16.810    -16.740     1.547E-17     1.818E-17     1.175E+00  Aqueous 
  NaOH(aq)              -7.514     -7.443     3.064E-08     3.602E-08     1.175E+00  Aqueous 
  NaSO4-                -1.813     -1.977     1.537E-02     1.054E-02     6.862E-01  Aqueous 
  H2(aq)               -42.733    -42.663     1.848E-43     2.172E-43     1.175E+00  Aqueous 
  CaHPO4(aq)            -6.159     -6.089     6.937E-07     8.154E-07     1.175E+00  Aqueous 
  CaPO4-                -7.032     -7.220     9.283E-08     6.027E-08     6.492E-01  Aqueous 
  FeCO3(aq)             -5.486     -5.416     3.268E-06     3.841E-06     1.175E+00  Aqueous 
  FeH2PO4+              -9.649     -9.823     2.243E-10     1.504E-10     6.706E-01  Aqueous 
  FeHPO4(aq)            -8.703     -8.633     1.980E-09     2.327E-09     1.175E+00  Aqueous 
  FePO4-                -8.974     -9.161     1.063E-09     6.898E-10     6.492E-01  Aqueous 
  KHPO4-                -7.930     -8.118     1.175E-08     7.629E-09     6.492E-01  Aqueous 
  PO4---                -9.846    -11.668     1.425E-10     2.148E-12     1.507E-02  Aqueous 
  S--                 -144.400   -145.097     3.985-145     7.992-146     2.005E-01  Aqueous 
  Sr(CO3)(aq)           -8.247     -8.177     5.666E-09     6.660E-09     1.175E+00  Aqueous 
  SrHCO3+               -6.845     -7.019     1.428E-07     9.573E-08     6.706E-01  Aqueous 
  SrCl+                 -6.316     -6.489     4.835E-07     3.242E-07     6.706E-01  Aqueous 
  SrOH+                -10.992    -11.165     1.019E-11     6.835E-12     6.706E-01  Aqueous 
  SrSO4(aq)             -5.983     -5.913     1.040E-06     1.222E-06     1.175E+00  Aqueous 

  ****** Partial pressure of gases (bars) *****

 CO2(g)               7.6213E-03
 O2(g)                1.9435E-01

  ***** Saturation state of minerals (log[Q/K] *****

  Forsterite               -2.8596
  Enstatite(alpha)          0.4005
  Anorthite               -14.2164
  Ferropargasite          -18.0071
  Anhydrite                 0.0064
  Clinochlore               0.0206
  Albite(low)              -0.0212
  Fayalite                  0.0795
  Epidote                   0.0000
  Kaolinite               -10.1119
  Muscovite(ordered)      -11.4353


  ***** Volume of minerals added or subtracted *****

 Forsterite         -3.040248257E-05
 Enstatite(alpha)    1.384259528E-06
 Anorthite          -3.290905070E-05
 Ferropargasite     -9.264340904E-05
 Anhydrite          -6.448606150E-05
 Clinochlore         3.656805767E-04
 Albite(low)        -1.813704227E-04
 Fayalite            3.063851626E-05
 Epidote            -2.276753285E-15
 Kaolinite          -1.000000000E-10
 Muscovite(ordered) -1.000000000E-10

 **************************************************************
 ------> GRID LOCATION:     2:  1:  1

  Temperature (C)    =     54.977
  Porosity           =      0.081
  Liquid Saturation  =      1.000
  Liquid Density     =    985.727
  Ionic Strength     =      0.675
  Solution pH        =      6.961
  Solution pe and Eh require H2(g) be included
  Total Charge       = -1.129E-05

 Total Aqueous Concentrations of Primary Species 
 --------------------------------------- 

   Species              Molality       Type 
 H+                  -4.2638E-03     Aqueous      
 Al+++                4.3919E-15     Aqueous      
 CO2(aq)              4.7508E-03     Aqueous      
 Mg++                 2.4762E-02     Aqueous      
 Ca++                 2.9568E-02     Aqueous      
 Fe++                 5.2362E-05     Aqueous      
 Fe+++                6.6285E-12     Aqueous      
 Ba++                 2.0004E-07     Aqueous      
 Sr++                 9.0016E-06     Aqueous      
 Cl-                  5.4825E-01     Aqueous      
 K+                   1.2002E-02     Aqueous      
 Na+                  5.0143E-01     Aqueous      
 SO4--                3.4837E-02     Aqueous      
 O2(aq)               1.8003E-04     Aqueous      
 B(OH)3(aq)           4.0007E-04     Aqueous      
 HPO4--               1.7003E-06     Aqueous      
 NO3-                 3.9007E-05     Aqueous      
 H4SiO4(aq)           7.0652E-02     Aqueous      

 Concentrations of Individual Species, Exchangers, and Surface Complexes 
 ----------------------------------------------------------------------- 

                           Log        Log                 Concentration     
 Species              Molality  Activity      Molality    Mol/m^3 blk      Activity   Type

                           Log        Log                                 Activity
 Species              Molality   Activity      Molality      Activity   Coefficient    Type
  H+                    -6.863     -6.961     1.371E-07     1.093E-07     7.973E-01  Aqueous 
  Al+++                -21.327    -22.447     4.707E-22     3.569E-23     7.583E-02  Aqueous 
  CO2(aq)               -3.300     -3.233     5.010E-04     5.852E-04     1.168E+00  Aqueous 
  Mg++                  -1.606     -2.214     2.476E-02     6.115E-03     2.470E-01  Aqueous 
  Ca++                  -1.622     -2.263     2.386E-02     5.462E-03     2.289E-01  Aqueous 
  Fe++                  -4.458     -5.099     3.480E-05     7.966E-06     2.289E-01  Aqueous 
  Fe+++                -11.179    -12.299     6.628E-12     5.026E-13     7.583E-02  Aqueous 
  Ba++                  -6.731     -7.449     1.856E-07     3.555E-08     1.915E-01  Aqueous 
  Sr++                  -5.142     -5.860     7.215E-06     1.382E-06     1.915E-01  Aqueous 
  Cl-                   -0.263     -0.477     5.452E-01     3.334E-01     6.115E-01  Aqueous 
  K+                    -1.960     -2.174     1.096E-02     6.702E-03     6.115E-01  Aqueous 
  Na+                   -0.310     -0.487     4.893E-01     3.259E-01     6.661E-01  Aqueous 
  SO4--                 -1.724     -2.539     1.889E-02     2.889E-03     1.530E-01  Aqueous 
  O2(aq)                -3.745     -3.677     1.800E-04     2.103E-04     1.168E+00  Aqueous 
  B(OH)3(aq)            -3.398     -3.330     4.001E-04     4.673E-04     1.168E+00  Aqueous 
  HPO4--                -6.158     -6.974     6.943E-07     1.062E-07     1.530E-01  Aqueous 
  NO3-                  -4.409     -4.622     3.901E-05     2.385E-05     6.115E-01  Aqueous 
  H4SiO4(aq)            -1.151     -1.083     7.065E-02     8.253E-02     1.168E+00  Aqueous 
  HNO3(aq)             -12.652    -12.585     2.227E-13     2.601E-13     1.168E+00  Aqueous 
  Al(OH)2+             -17.126    -17.305     7.489E-18     4.958E-18     6.620E-01  Aqueous 
  AlO2-                -14.398    -14.592     3.995E-15     2.559E-15     6.405E-01  Aqueous 
  AlOH++               -18.951    -19.612     1.120E-19     2.441E-20     2.179E-01  Aqueous 
  BaHCO3+               -8.409     -8.588     3.898E-09     2.581E-09     6.620E-01  Aqueous 
  BaCl+                 -7.980     -8.159     1.047E-08     6.934E-09     6.620E-01  Aqueous 
  BaCO3(aq)            -10.277    -10.210     5.278E-11     6.165E-11     1.168E+00  Aqueous 
  BaOH+                -12.424    -12.603     3.767E-13     2.494E-13     6.620E-01  Aqueous 
  HCO3-                 -2.373     -2.549     4.237E-03     2.822E-03     6.661E-01  Aqueous 
  CO3--                 -4.970     -5.734     1.070E-05     1.845E-06     1.724E-01  Aqueous 
  CaCl+                 -2.686     -2.865     2.060E-03     1.364E-03     6.620E-01  Aqueous 
  CaCl2(aq)             -3.929     -3.861     1.178E-04     1.376E-04     1.168E+00  Aqueous 
  CaOH+                 -6.674     -6.854     2.116E-07     1.401E-07     6.620E-01  Aqueous 
  CaSO4(aq)             -2.453     -2.385     3.525E-03     4.118E-03     1.168E+00  Aqueous 
  FeCl+                 -5.160     -5.339     6.920E-06     4.581E-06     6.620E-01  Aqueous 
  FeCl2(aq)             -7.615     -7.548     2.425E-08     2.833E-08     1.168E+00  Aqueous 
  FeOH+                 -6.571     -6.751     2.683E-07     1.776E-07     6.620E-01  Aqueous 
  FeSO4(aq)             -5.087     -5.020     8.181E-06     9.556E-06     1.168E+00  Aqueous 
  OH-                   -5.995     -6.192     1.011E-06     6.431E-07     6.359E-01  Aqueous 
  HS-                 -126.196   -126.392     6.373-127     4.052-127     6.359E-01  Aqueous 
  H2S(aq)             -126.731   -126.663     1.858-127     2.171-127     1.168E+00  Aqueous 
  H2PO4-                -6.558     -6.735     2.765E-07     1.842E-07     6.661E-01  Aqueous 
  H3PO4(aq)            -11.460    -11.392     3.471E-12     4.054E-12     1.168E+00  Aqueous 
  HAlO2(aq)            -15.704    -15.637     1.977E-16     2.309E-16     1.168E+00  Aqueous 
  HSO4-                 -6.906     -7.099     1.242E-07     7.954E-08     6.405E-01  Aqueous 
  KCl(aq)               -3.119     -3.052     7.597E-04     8.873E-04     1.168E+00  Aqueous 
  KOH(aq)               -8.695     -8.628     2.017E-09     2.356E-09     1.168E+00  Aqueous 
  KSO4-                 -3.549     -3.742     2.828E-04     1.811E-04     6.405E-01  Aqueous 
  NH3(aq)              -60.084    -60.016     8.249E-61     9.636E-61     1.168E+00  Aqueous 
  NaAlO2(aq)           -15.718    -15.650     1.915E-16     2.237E-16     1.168E+00  Aqueous 
  NaOH(aq)              -7.482     -7.415     3.294E-08     3.848E-08     1.168E+00  Aqueous 
  NaSO4-                -1.916     -2.085     1.213E-02     8.224E-03     6.778E-01  Aqueous 
  H2(aq)               -39.844    -39.776     1.433E-40     1.674E-40     1.168E+00  Aqueous 
  CaHPO4(aq)            -6.180     -6.113     6.605E-07     7.715E-07     1.168E+00  Aqueous 
  CaPO4-                -7.362     -7.555     4.347E-08     2.784E-08     6.405E-01  Aqueous 
  FeCO3(aq)             -5.665     -5.597     2.164E-06     2.528E-06     1.168E+00  Aqueous 
  FeH2PO4+              -8.961     -9.140     1.094E-09     7.244E-10     6.620E-01  Aqueous 
  FeHPO4(aq)            -8.547     -8.480     2.837E-09     3.313E-09     1.168E+00  Aqueous 
  FePO4-                -9.344     -9.537     4.533E-10     2.903E-10     6.405E-01  Aqueous 
  KHPO4-                -7.676     -7.870     2.106E-08     1.349E-08     6.405E-01  Aqueous 
  PO4---               -10.314    -12.185     4.852E-11     6.525E-13     1.345E-02  Aqueous 
  S--                 -134.690   -135.408     2.040-135     3.907-136     1.915E-01  Aqueous 
  Sr(CO3)(aq)           -8.464     -8.397     3.435E-09     4.013E-09     1.168E+00  Aqueous 
  SrHCO3+               -6.585     -6.764     2.600E-07     1.721E-07     6.620E-01  Aqueous 
  SrCl+                 -6.220     -6.399     6.021E-07     3.986E-07     6.620E-01  Aqueous 
  SrOH+                -10.702    -10.881     1.988E-11     1.316E-11     6.620E-01  Aqueous 
  SrSO4(aq)             -6.036     -5.968     9.213E-07     1.076E-06     1.168E+00  Aqueous 

  ****** Partial pressure of gases (bars) *****

 CO2(g)               3.2892E-02
 O2(g)                2.3599E-01

  ***** Saturation state of minerals (log[Q/K] *****

  Forsterite               -2.7796
  Enstatite(alpha)          0.2985
  Anorthite               -12.9255
  Ferropargasite          -16.7468
  Anhydrite                 0.0074
  Clinochlore               0.0211
  Albite(low)              -0.0223
  Fayalite                  0.0798
  Epidote                   0.0000
  Kaolinite                -9.0642
  Muscovite(ordered)      -10.3240


  ***** Volume of minerals added or subtracted *****

 Forsterite         -1.448897395E-04
 Enstatite(alpha)   -1.197520394E-06
 Anorthite          -3.290905070E-05
 Ferropargasite     -9.264340904E-05
 Anhydrite          -2.419633890E-05
 Clinochlore         3.708337988E-04
 Albite(low)        -1.862475576E-04
 Fayalite            3.060427584E-05
 Epidote            -5.009955438E-14
 Kaolinite          -1.000000000E-10
 Muscovite(ordered) -1.000000000E-10

 **************************************************************
 ------> GRID LOCATION:     3:  1:  1

  Temperature (C)    =     74.963
  Porosity           =      0.081
  Liquid Saturation  =      1.000
  Liquid Density     =    974.827
  Ionic Strength     =      0.651
  Solution pH        =      6.499
  Solution pe and Eh require H2(g) be included
  Total Charge       = -1.313E-07

 Total Aqueous Concentrations of Primary Species 
 --------------------------------------- 

   Species              Molality       Type 
 H+                  -3.4965E-03     Aqueous      
 Al+++                3.4600E-14     Aqueous      
 CO2(aq)              4.7511E-03     Aqueous      
 Mg++                 2.3760E-02     Aqueous      
 Ca++                 2.1797E-02     Aqueous      
 Fe++                 9.3493E-05     Aqueous      
 Fe+++                1.4276E-11     Aqueous      
 Ba++                 2.0005E-07     Aqueous      
 Sr++                 9.0021E-06     Aqueous      
 Cl-                  5.4828E-01     Aqueous      
 K+                   1.2003E-02     Aqueous      
 Na+                  5.0236E-01     Aqueous      
 SO4--                2.6929E-02     Aqueous      
 O2(aq)               1.8004E-04     Aqueous      
 B(OH)3(aq)           4.0009E-04     Aqueous      
 HPO4--               1.7004E-06     Aqueous      
 NO3-                 3.9009E-05     Aqueous      
 H4SiO4(aq)           7.3112E-02     Aqueous      

 Concentrations of Individual Species, Exchangers, and Surface Complexes 
 ----------------------------------------------------------------------- 

                           Log        Log                 Concentration     
 Species              Molality  Activity      Molality    Mol/m^3 blk      Activity   Type

                           Log        Log                                 Activity
 Species              Molality   Activity      Molality      Activity   Coefficient    Type
  H+                    -6.396     -6.499     4.018E-07     3.170E-07     7.889E-01  Aqueous 
  Al+++                -20.198    -21.357     6.342E-21     4.396E-22     6.932E-02  Aqueous 
  CO2(aq)               -2.900     -2.835     1.260E-03     1.464E-03     1.162E+00  Aqueous 
  Mg++                  -1.624     -2.253     2.376E-02     5.585E-03     2.351E-01  Aqueous 
  Ca++                  -1.758     -2.420     1.748E-02     3.799E-03     2.174E-01  Aqueous 
  Fe++                  -4.237     -4.900     5.788E-05     1.258E-05     2.174E-01  Aqueous 
  Fe+++                -10.845    -12.005     1.428E-11     9.896E-13     6.932E-02  Aqueous 
  Ba++                  -6.745     -7.488     1.798E-07     3.253E-08     1.809E-01  Aqueous 
  Sr++                  -5.152     -5.894     7.054E-06     1.276E-06     1.809E-01  Aqueous 
  Cl-                   -0.263     -0.485     5.452E-01     3.273E-01     6.003E-01  Aqueous 
  K+                    -1.964     -2.186     1.086E-02     6.520E-03     6.003E-01  Aqueous 
  Na+                   -0.308     -0.491     4.925E-01     3.228E-01     6.555E-01  Aqueous 
  SO4--                 -1.837     -2.680     1.454E-02     2.088E-03     1.435E-01  Aqueous 
  O2(aq)                -3.745     -3.679     1.800E-04     2.092E-04     1.162E+00  Aqueous 
  B(OH)3(aq)            -3.398     -3.333     4.001E-04     4.648E-04     1.162E+00  Aqueous 
  HPO4--                -6.295     -7.138     5.075E-07     7.284E-08     1.435E-01  Aqueous 
  NO3-                  -4.409     -4.630     3.901E-05     2.342E-05     6.003E-01  Aqueous 
  H4SiO4(aq)            -1.136     -1.071     7.311E-02     8.494E-02     1.162E+00  Aqueous 
  HNO3(aq)             -11.993    -11.927     1.017E-12     1.182E-12     1.162E+00  Aqueous 
  Al(OH)2+             -15.891    -16.077     1.285E-16     8.372E-17     6.514E-01  Aqueous 
  AlO2-                -13.521    -13.722     3.016E-14     1.899E-14     6.295E-01  Aqueous 
  AlOH++               -17.803    -18.488     1.574E-18     3.252E-19     2.066E-01  Aqueous 
  BaHCO3+               -8.267     -8.453     5.407E-09     3.522E-09     6.514E-01  Aqueous 
  BaCl+                 -7.830     -8.016     1.479E-08     9.636E-09     6.514E-01  Aqueous 
  BaCO3(aq)            -10.592    -10.527     2.559E-11     2.973E-11     1.162E+00  Aqueous 
  BaOH+                -12.153    -12.340     7.024E-13     4.575E-13     6.514E-01  Aqueous 
  HCO3-                 -2.458     -2.641     3.486E-03     2.285E-03     6.555E-01  Aqueous 
  CO3--                 -5.448     -6.238     3.564E-06     5.784E-07     1.623E-01  Aqueous 
  CaCl+                 -2.701     -2.887     1.991E-03     1.297E-03     6.514E-01  Aqueous 
  CaCl2(aq)             -4.014     -3.949     9.681E-05     1.125E-04     1.162E+00  Aqueous 
  CaOH+                 -6.594     -6.780     2.548E-07     1.660E-07     6.514E-01  Aqueous 
  CaSO4(aq)             -2.651     -2.586     2.232E-03     2.594E-03     1.162E+00  Aqueous 
  FeCl+                 -4.685     -4.871     2.067E-05     1.346E-05     6.514E-01  Aqueous 
  FeCl2(aq)             -7.204     -7.139     6.250E-08     7.261E-08     1.162E+00  Aqueous 
  FeOH+                 -6.320     -6.506     4.788E-07     3.119E-07     6.514E-01  Aqueous 
  FeSO4(aq)             -4.883     -4.818     1.310E-05     1.522E-05     1.162E+00  Aqueous 
  OH-                   -6.010     -6.214     9.780E-07     6.112E-07     6.249E-01  Aqueous 
  HS-                 -117.716   -117.920     1.923-118     1.202-118     6.249E-01  Aqueous 
  H2S(aq)             -117.908   -117.843     1.236-118     1.436-118     1.162E+00  Aqueous 
  H2PO4-                -6.214     -6.398     6.106E-07     4.002E-07     6.555E-01  Aqueous 
  H3PO4(aq)            -10.536    -10.470     2.914E-11     3.385E-11     1.162E+00  Aqueous 
  HAlO2(aq)            -14.628    -14.563     2.352E-15     2.733E-15     1.162E+00  Aqueous 
  HSO4-                 -6.280     -6.481     5.251E-07     3.306E-07     6.295E-01  Aqueous 
  KCl(aq)               -3.051     -2.985     8.902E-04     1.034E-03     1.162E+00  Aqueous 
  KOH(aq)               -8.590     -8.525     2.569E-09     2.985E-09     1.162E+00  Aqueous 
  KSO4-                 -3.600     -3.801     2.512E-04     1.581E-04     6.295E-01  Aqueous 
  NH3(aq)              -55.909    -55.844     1.233E-56     1.432E-56     1.162E+00  Aqueous 
  NaAlO2(aq)           -14.708    -14.643     1.959E-15     2.276E-15     1.162E+00  Aqueous 
  NaOH(aq)              -7.449     -7.384     3.554E-08     4.129E-08     1.162E+00  Aqueous 
  NaSO4-                -2.005     -2.181     9.886E-03     6.597E-03     6.673E-01  Aqueous 
  H2(aq)               -37.252    -37.187     5.592E-38     6.497E-38     1.162E+00  Aqueous 
  CaHPO4(aq)            -6.280     -6.215     5.252E-07     6.102E-07     1.162E+00  Aqueous 
  CaPO4-                -7.726     -7.927     1.879E-08     1.183E-08     6.295E-01  Aqueous 
  FeCO3(aq)             -5.887     -5.822     1.297E-06     1.507E-06     1.162E+00  Aqueous 
  FeH2PO4+              -8.418     -8.604     3.817E-09     2.486E-09     6.514E-01  Aqueous 
  FeHPO4(aq)            -8.472     -8.406     3.376E-09     3.922E-09     1.162E+00  Aqueous 
  FePO4-                -9.725     -9.926     1.883E-10     1.185E-10     6.295E-01  Aqueous 
  KHPO4-                -7.511     -7.712     3.082E-08     1.940E-08     6.295E-01  Aqueous 
  PO4---               -10.835    -12.769     1.461E-11     1.704E-13     1.166E-02  Aqueous 
  S--                 -126.064   -126.807     8.625-127     1.560-127     1.809E-01  Aqueous 
  Sr(CO3)(aq)           -8.732     -8.666     1.856E-09     2.156E-09     1.162E+00  Aqueous 
  SrHCO3+               -6.382     -6.568     4.154E-07     2.706E-07     6.514E-01  Aqueous 
  SrCl+                 -6.115     -6.301     7.680E-07     5.002E-07     6.514E-01  Aqueous 
  SrOH+                -10.459    -10.645     3.475E-11     2.264E-11     6.514E-01  Aqueous 
  SrSO4(aq)             -6.118     -6.052     7.629E-07     8.863E-07     1.162E+00  Aqueous 

  ****** Partial pressure of gases (bars) *****

 CO2(g)               1.0891E-01
 O2(g)                2.6066E-01

  ***** Saturation state of minerals (log[Q/K] *****

  Forsterite               -2.7227
  Enstatite(alpha)          0.1964
  Anorthite               -11.7527
  Ferropargasite          -15.6152
  Anhydrite                 0.0075
  Clinochlore               0.0214
  Albite(low)              -0.0230
  Fayalite                  0.0804
  Epidote                   0.0000
  Kaolinite                -8.0997
  Muscovite(ordered)       -9.2728


  ***** Volume of minerals added or subtracted *****

 Forsterite         -1.448575368E-04
 Enstatite(alpha)   -3.132522348E-06
 Anorthite          -3.290905070E-05
 Ferropargasite     -9.264340904E-05
 Anhydrite           4.423813664E-06
 Clinochlore         3.758218362E-04
 Albite(low)        -1.909683523E-04
 Fayalite            3.052404249E-05
 Epidote            -1.453771291E-13
 Kaolinite          -1.000000000E-10
 Muscovite(ordered) -1.000000000E-10

 **************************************************************
 ------> GRID LOCATION:     4:  1:  1

  Temperature (C)    =     94.947
  Porosity           =      0.081
  Liquid Saturation  =      1.000
  Liquid Density     =    961.729
  Ionic Strength     =      0.632
  Solution pH        =      6.098
  Solution pe and Eh require H2(g) be included
  Total Charge       =  1.306E-08

 Total Aqueous Concentrations of Primary Species 
 --------------------------------------- 

   Species              Molality       Type 
 H+                  -2.3186E-03     Aqueous      
 Al+++                2.2636E-13     Aqueous      
 CO2(aq)              4.7514E-03     Aqueous      
 Mg++                 2.2458E-02     Aqueous      
 Ca++                 1.6018E-02     Aqueous      
 Fe++                 1.6518E-04     Aqueous      
 Fe+++                2.6991E-11     Aqueous      
 Ba++                 2.0006E-07     Aqueous      
 Sr++                 9.0026E-06     Aqueous      
 Cl-                  5.4831E-01     Aqueous      
 K+                   1.2003E-02     Aqueous      
 Na+                  5.0333E-01     Aqueous      
 SO4--                2.0980E-02     Aqueous      
 O2(aq)               1.8005E-04     Aqueous      
 B(OH)3(aq)           4.0011E-04     Aqueous      
 HPO4--               1.7005E-06     Aqueous      
 NO3-                 3.9011E-05     Aqueous      
 H4SiO4(aq)           7.5498E-02     Aqueous      

 Concentrations of Individual Species, Exchangers, and Surface Complexes 
 ----------------------------------------------------------------------- 

                           Log        Log                 Concentration     
 Species              Molality  Activity      Molality    Mol/m^3 blk      Activity   Type

                           Log        Log                                 Activity
 Species              Molality   Activity      Molality      Activity   Coefficient    Type
  H+                    -5.989     -6.098     1.025E-06     7.987E-07     7.795E-01  Aqueous 
  Al+++                -19.213    -20.417     6.124E-20     3.830E-21     6.254E-02  Aqueous 
  CO2(aq)               -2.614     -2.551     2.433E-03     2.814E-03     1.157E+00  Aqueous 
  Mg++                  -1.649     -2.302     2.246E-02     4.988E-03     2.221E-01  Aqueous 
  Ca++                  -1.899     -2.588     1.261E-02     2.583E-03     2.048E-01  Aqueous 
  Fe++                  -4.053     -4.742     8.843E-05     1.811E-05     2.048E-01  Aqueous 
  Fe+++                -10.569    -11.773     2.699E-11     1.688E-12     6.254E-02  Aqueous 
  Ba++                  -6.762     -7.533     1.732E-07     2.932E-08     1.693E-01  Aqueous 
  Sr++                  -5.162     -5.934     6.880E-06     1.165E-06     1.693E-01  Aqueous 
  Cl-                   -0.264     -0.495     5.451E-01     3.202E-01     5.874E-01  Aqueous 
  K+                    -1.969     -2.200     1.073E-02     6.305E-03     5.874E-01  Aqueous 
  Na+                   -0.305     -0.497     4.951E-01     3.185E-01     6.434E-01  Aqueous 
  SO4--                 -1.955     -2.830     1.110E-02     1.479E-03     1.333E-01  Aqueous 
  O2(aq)                -3.745     -3.681     1.801E-04     2.083E-04     1.157E+00  Aqueous 
  B(OH)3(aq)            -3.398     -3.335     4.001E-04     4.628E-04     1.157E+00  Aqueous 
  HPO4--                -6.517     -7.392     3.041E-07     4.052E-08     1.333E-01  Aqueous 
  NO3-                  -4.409     -4.640     3.901E-05     2.292E-05     5.874E-01  Aqueous 
  H4SiO4(aq)            -1.122     -1.059     7.550E-02     8.733E-02     1.157E+00  Aqueous 
  HNO3(aq)             -11.401    -11.338     3.968E-12     4.589E-12     1.157E+00  Aqueous 
  Al(OH)2+             -14.778    -14.973     1.666E-15     1.065E-15     6.392E-01  Aqueous 
  AlO2-                -12.731    -12.941     1.858E-13     1.147E-13     6.171E-01  Aqueous 
  AlOH++               -16.776    -17.488     1.673E-17     3.250E-18     1.943E-01  Aqueous 
  BaHCO3+               -8.224     -8.418     5.973E-09     3.818E-09     6.392E-01  Aqueous 
  BaCl+                 -7.680     -7.874     2.090E-08     1.336E-08     6.392E-01  Aqueous 
  BaCO3(aq)            -10.983    -10.920     1.039E-11     1.202E-11     1.157E+00  Aqueous 
  BaOH+                -11.925    -12.119     1.189E-12     7.601E-13     6.392E-01  Aqueous 
  HCO3-                 -2.635     -2.827     2.317E-03     1.491E-03     6.434E-01  Aqueous 
  CO3--                 -5.992     -6.812     1.019E-06     1.542E-07     1.513E-01  Aqueous 
  CaCl+                 -2.711     -2.905     1.946E-03     1.244E-03     6.392E-01  Aqueous 
  CaCl2(aq)             -4.069     -4.005     8.540E-05     9.878E-05     1.157E+00  Aqueous 
  CaOH+                 -6.541     -6.735     2.878E-07     1.840E-07     6.392E-01  Aqueous 
  CaSO4(aq)             -2.863     -2.800     1.371E-03     1.586E-03     1.157E+00  Aqueous 
  FeCl+                 -4.250     -4.444     5.628E-05     3.597E-05     6.392E-01  Aqueous 
  FeCl2(aq)             -6.810     -6.747     1.548E-07     1.791E-07     1.157E+00  Aqueous 
  FeOH+                 -6.101     -6.295     7.926E-07     5.066E-07     6.392E-01  Aqueous 
  FeSO4(aq)             -4.724     -4.661     1.889E-05     2.185E-05     1.157E+00  Aqueous 
  OH-                   -6.036     -6.249     9.208E-07     5.639E-07     6.124E-01  Aqueous 
  HS-                 -110.110   -110.323     7.757-111     4.750-111     6.124E-01  Aqueous 
  H2S(aq)             -109.976   -109.912     1.058-110     1.223-110     1.157E+00  Aqueous 
  H2PO4-                -5.998     -6.190     1.004E-06     6.460E-07     6.434E-01  Aqueous 
  H3PO4(aq)             -9.800     -9.737     1.584E-10     1.832E-10     1.157E+00  Aqueous 
  HAlO2(aq)            -13.647    -13.584     2.253E-14     2.606E-14     1.157E+00  Aqueous 
  HSO4-                 -5.720     -5.930     1.906E-06     1.176E-06     6.171E-01  Aqueous 
  KCl(aq)               -2.981     -2.917     1.046E-03     1.210E-03     1.157E+00  Aqueous 
  KOH(aq)               -8.504     -8.441     3.131E-09     3.622E-09     1.157E+00  Aqueous 
  KSO4-                 -3.648     -3.858     2.247E-04     1.387E-04     6.171E-01  Aqueous 
  NH3(aq)              -52.131    -52.068     7.388E-53     8.546E-53     1.157E+00  Aqueous 
  NaAlO2(aq)           -13.787    -13.724     1.634E-14     1.890E-14     1.157E+00  Aqueous 
  NaOH(aq)              -7.411     -7.348     3.877E-08     4.485E-08     1.157E+00  Aqueous 
  NaSO4-                -2.083     -2.266     8.263E-03     5.416E-03     6.555E-01  Aqueous 
  H2(aq)               -34.915    -34.852     1.216E-35     1.406E-35     1.157E+00  Aqueous 
  CaHPO4(aq)            -6.472     -6.409     3.373E-07     3.901E-07     1.157E+00  Aqueous 
  CaPO4-                -8.142     -8.352     7.210E-09     4.449E-09     6.171E-01  Aqueous 
  FeCO3(aq)             -6.202     -6.138     6.285E-07     7.270E-07     1.157E+00  Aqueous 
  FeH2PO4+              -8.044     -8.238     9.036E-09     5.776E-09     6.392E-01  Aqueous 
  FeHPO4(aq)            -8.505     -8.442     3.126E-09     3.616E-09     1.157E+00  Aqueous 
  FePO4-               -10.153    -10.363     7.028E-11     4.337E-11     6.171E-01  Aqueous 
  KHPO4-                -7.450     -7.660     3.545E-08     2.188E-08     6.171E-01  Aqueous 
  PO4---               -11.416    -13.422     3.834E-12     3.786E-14     9.875E-03  Aqueous 
  S--                 -118.352   -119.123     4.449-119     7.534-120     1.693E-01  Aqueous 
  Sr(CO3)(aq)           -9.081     -9.018     8.302E-10     9.603E-10     1.157E+00  Aqueous 
  SrHCO3+               -6.277     -6.472     5.281E-07     3.376E-07     6.392E-01  Aqueous 
  SrCl+                 -6.002     -6.197     9.946E-07     6.358E-07     6.392E-01  Aqueous 
  SrOH+                -10.249    -10.443     5.640E-11     3.605E-11     6.392E-01  Aqueous 
  SrSO4(aq)             -6.222     -6.159     5.992E-07     6.930E-07     1.157E+00  Aqueous 

  ****** Partial pressure of gases (bars) *****

 CO2(g)               2.5459E-01
 O2(g)                2.6851E-01

  ***** Saturation state of minerals (log[Q/K] *****

  Forsterite               -2.6690
  Enstatite(alpha)          0.1051
  Anorthite               -10.7000
  Ferropargasite          -14.6038
  Anhydrite                 0.0077
  Clinochlore               0.0216
  Albite(low)              -0.0235
  Fayalite                  0.0815
  Epidote                   0.0000
  Kaolinite                -7.2376
  Muscovite(ordered)       -8.3177


  ***** Volume of minerals added or subtracted *****

 Forsterite         -1.447178392E-04
 Enstatite(alpha)   -4.487341004E-06
 Anorthite          -3.290905070E-05
 Ferropargasite     -9.264340904E-05
 Anhydrite           2.564122005E-05
 Clinochlore         3.804773522E-04
 Albite(low)        -1.953744419E-04
 Fayalite            3.038877342E-05
 Epidote            -2.906735153E-13
 Kaolinite          -1.000000000E-10
 Muscovite(ordered) -1.000000000E-10

 **************************************************************
 ------> GRID LOCATION:     5:  1:  1

  Temperature (C)    =    114.932
  Porosity           =      0.081
  Liquid Saturation  =      1.000
  Liquid Density     =    946.640
  Ionic Strength     =      0.617
  Solution pH        =      5.746
  Solution pe and Eh require H2(g) be included
  Total Charge       =  2.329E-08

 Total Aqueous Concentrations of Primary Species 
 --------------------------------------- 

   Species              Molality       Type 
 H+                  -1.2047E-03     Aqueous      
 Al+++                1.2609E-12     Aqueous      
 CO2(aq)              4.7516E-03     Aqueous      
 Mg++                 2.1114E-02     Aqueous      
 Ca++                 1.1792E-02     Aqueous      
 Fe++                 2.9616E-04     Aqueous      
 Fe+++                4.7258E-11     Aqueous      
 Ba++                 2.0007E-07     Aqueous      
 Sr++                 9.0030E-06     Aqueous      
 Cl-                  5.4834E-01     Aqueous      
 K+                   1.2004E-02     Aqueous      
 Na+                  5.0426E-01     Aqueous      
 SO4--                1.6553E-02     Aqueous      
 O2(aq)               1.8006E-04     Aqueous      
 B(OH)3(aq)           4.0013E-04     Aqueous      
 HPO4--               1.7006E-06     Aqueous      
 NO3-                 3.9013E-05     Aqueous      
 H4SiO4(aq)           7.7754E-02     Aqueous      

 Concentrations of Individual Species, Exchangers, and Surface Complexes 
 ----------------------------------------------------------------------- 

                           Log        Log                 Concentration     
 Species              Molality  Activity      Molality    Mol/m^3 blk      Activity   Type

                           Log        Log                                 Activity
 Species              Molality   Activity      Molality      Activity   Coefficient    Type
  H+                    -5.632     -5.746     2.335E-06     1.796E-06     7.694E-01  Aqueous 
  Al+++                -18.348    -19.601     4.491E-19     2.504E-20     5.576E-02  Aqueous 
  CO2(aq)               -2.451     -2.389     3.540E-03     4.080E-03     1.153E+00  Aqueous 
  Mg++                  -1.675     -2.357     2.111E-02     4.400E-03     2.084E-01  Aqueous 
  Ca++                  -2.047     -2.765     8.975E-03     1.719E-03     1.915E-01  Aqueous 
  Fe++                  -3.897     -4.615     1.266E-04     2.426E-05     1.915E-01  Aqueous 
  Fe+++                -10.326    -11.579     4.726E-11     2.635E-12     5.576E-02  Aqueous 
  Ba++                  -6.781     -7.585     1.655E-07     2.602E-08     1.572E-01  Aqueous 
  Sr++                  -5.173     -5.976     6.720E-06     1.056E-06     1.572E-01  Aqueous 
  Cl-                   -0.264     -0.505     5.449E-01     3.124E-01     5.733E-01  Aqueous 
  K+                    -1.976     -2.217     1.057E-02     6.062E-03     5.733E-01  Aqueous 
  Na+                   -0.303     -0.504     4.972E-01     3.133E-01     6.302E-01  Aqueous 
  SO4--                 -2.074     -2.985     8.443E-03     1.034E-03     1.225E-01  Aqueous 
  O2(aq)                -3.745     -3.683     1.801E-04     2.075E-04     1.153E+00  Aqueous 
  B(OH)3(aq)            -3.398     -3.336     4.001E-04     4.612E-04     1.153E+00  Aqueous 
  HPO4--                -6.807     -7.719     1.560E-07     1.911E-08     1.225E-01  Aqueous 
  NO3-                  -4.409     -4.650     3.901E-05     2.237E-05     5.733E-01  Aqueous 
  H4SiO4(aq)            -1.109     -1.048     7.775E-02     8.962E-02     1.153E+00  Aqueous 
  HNO3(aq)             -10.867    -10.805     1.360E-11     1.567E-11     1.153E+00  Aqueous 
  Al(OH)2+             -13.771    -13.974     1.695E-14     1.061E-14     6.259E-01  Aqueous 
  AlO2-                -12.021    -12.240     9.527E-13     5.749E-13     6.034E-01  Aqueous 
  AlOH++               -15.853    -16.594     1.404E-16     2.546E-17     1.813E-01  Aqueous 
  BaHCO3+               -8.292     -8.496     5.103E-09     3.194E-09     6.259E-01  Aqueous 
  BaCl+                 -7.531     -7.735     2.943E-08     1.842E-08     6.259E-01  Aqueous 
  BaCO3(aq)            -11.466    -11.404     3.419E-12     3.941E-12     1.153E+00  Aqueous 
  BaOH+                -11.733    -11.936     1.849E-12     1.158E-12     6.259E-01  Aqueous 
  HCO3-                 -2.917     -3.118     1.211E-03     7.629E-04     6.302E-01  Aqueous 
  CO3--                 -6.618     -7.473     2.409E-07     3.369E-08     1.398E-01  Aqueous 
  CaCl+                 -2.718     -2.922     1.913E-03     1.197E-03     6.259E-01  Aqueous 
  CaCl2(aq)             -4.099     -4.037     7.961E-05     9.176E-05     1.153E+00  Aqueous 
  CaOH+                 -6.514     -6.717     3.064E-07     1.918E-07     6.259E-01  Aqueous 
  CaSO4(aq)             -3.084     -3.023     8.232E-04     9.488E-04     1.153E+00  Aqueous 
  FeCl+                 -3.847     -4.050     1.424E-04     8.913E-05     6.259E-01  Aqueous 
  FeCl2(aq)             -6.428     -6.367     3.729E-07     4.298E-07     1.153E+00  Aqueous 
  FeOH+                 -5.909     -6.112     1.233E-06     7.718E-07     6.259E-01  Aqueous 
  FeSO4(aq)             -4.598     -4.536     2.525E-05     2.911E-05     1.153E+00  Aqueous 
  OH-                   -6.073     -6.296     8.451E-07     5.059E-07     5.986E-01  Aqueous 
  HS-                 -103.246   -103.469     5.671-104     3.395-104     5.986E-01  Aqueous 
  H2S(aq)             -102.799   -102.737     1.588-103     1.831-103     1.153E+00  Aqueous 
  H2PO4-                -5.884     -6.084     1.307E-06     8.235E-07     6.302E-01  Aqueous 
  H3PO4(aq)             -9.216     -9.154     6.082E-10     7.010E-10     1.153E+00  Aqueous 
  HAlO2(aq)            -12.750    -12.688     1.778E-13     2.050E-13     1.153E+00  Aqueous 
  HSO4-                 -5.214     -5.434     6.104E-06     3.683E-06     6.034E-01  Aqueous 
  KCl(aq)               -2.911     -2.849     1.227E-03     1.414E-03     1.153E+00  Aqueous 
  KOH(aq)               -8.436     -8.375     3.660E-09     4.219E-09     1.153E+00  Aqueous 
  KSO4-                 -3.694     -3.913     2.024E-04     1.221E-04     6.034E-01  Aqueous 
  NH3(aq)              -48.692    -48.630     2.032E-49     2.342E-49     1.153E+00  Aqueous 
  NaAlO2(aq)           -12.946    -12.884     1.132E-13     1.305E-13     1.153E+00  Aqueous 
  NaOH(aq)              -7.371     -7.310     4.251E-08     4.900E-08     1.153E+00  Aqueous 
  NaSO4-                -2.152     -2.344     7.053E-03     4.532E-03     6.425E-01  Aqueous 
  H2(aq)               -32.795    -32.734     1.602E-33     1.847E-33     1.153E+00  Aqueous 
  CaHPO4(aq)            -6.738     -6.676     1.829E-07     2.108E-07     1.153E+00  Aqueous 
  CaPO4-                -8.599     -8.819     2.517E-09     1.519E-09     6.034E-01  Aqueous 
  FeCO3(aq)             -6.618     -6.556     2.410E-07     2.777E-07     1.153E+00  Aqueous 
  FeH2PO4+              -7.803     -8.006     1.576E-08     9.863E-09     6.259E-01  Aqueous 
  FeHPO4(aq)            -8.623     -8.561     2.382E-09     2.745E-09     1.153E+00  Aqueous 
  FePO4-               -10.615    -10.834     2.426E-11     1.464E-11     6.034E-01  Aqueous 
  KHPO4-                -7.472     -7.692     3.370E-08     2.033E-08     6.034E-01  Aqueous 
  PO4---               -12.043    -14.130     9.067E-13     7.413E-15     8.175E-03  Aqueous 
  S--                 -111.414   -112.217     3.857-112     6.063-113     1.572E-01  Aqueous 
  Sr(CO3)(aq)           -9.523     -9.461     3.000E-10     3.458E-10     1.153E+00  Aqueous 
  SrHCO3+               -6.283     -6.487     5.209E-07     3.261E-07     6.259E-01  Aqueous 
  SrCl+                 -5.884     -6.087     1.307E-06     8.182E-07     6.259E-01  Aqueous 
  SrOH+                -10.065    -10.269     8.604E-11     5.386E-11     6.259E-01  Aqueous 
  SrSO4(aq)             -6.343     -6.281     4.542E-07     5.236E-07     1.153E+00  Aqueous 

  ****** Partial pressure of gases (bars) *****

 CO2(g)               4.1966E-01
 O2(g)                2.6236E-01

  ***** Saturation state of minerals (log[Q/K] *****

  Forsterite               -2.6174
  Enstatite(alpha)          0.0240
  Anorthite                -9.7554
  Ferropargasite          -13.7052
  Anhydrite                 0.0079
  Clinochlore               0.0218
  Albite(low)              -0.0238
  Fayalite                  0.0835
  Epidote                   0.0000
  Kaolinite                -6.4636
  Muscovite(ordered)       -7.4488


  ***** Volume of minerals added or subtracted *****

 Forsterite         -1.444279082E-04
 Enstatite(alpha)   -5.454909993E-06
 Anorthite          -3.290905070E-05
 Ferropargasite     -9.264340904E-05
 Anhydrite           4.081791282E-05
 Clinochlore         3.841268904E-04
 Albite(low)        -1.988284519E-04
 Fayalite            3.014788416E-05
 Epidote            -5.196723928E-13
 Kaolinite          -1.000000000E-10
 Muscovite(ordered) -1.000000000E-10

 **************************************************************
 ------> GRID LOCATION:     6:  1:  1

  Temperature (C)    =    134.917
  Porosity           =      0.081
  Liquid Saturation  =      1.000
  Liquid Density     =    929.684
  Ionic Strength     =      0.605
  Solution pH        =      5.434
  Solution pe and Eh require H2(g) be included
  Total Charge       =  2.534E-08

 Total Aqueous Concentrations of Primary Species 
 --------------------------------------- 

   Species              Molality       Type 
 H+                  -5.1438E-04     Aqueous      
 Al+++                6.1020E-12     Aqueous      
 CO2(aq)              4.7518E-03     Aqueous      
 Mg++                 1.9869E-02     Aqueous      
 Ca++                 8.7258E-03     Aqueous      
 Fe++                 5.4857E-04     Aqueous      
 Fe+++                8.0125E-11     Aqueous      
 Ba++                 2.0008E-07     Aqueous      
 Sr++                 9.0035E-06     Aqueous      
 Cl-                  5.4836E-01     Aqueous      
 K+                   1.2005E-02     Aqueous      
 Na+                  5.0512E-01     Aqueous      
 SO4--                1.3254E-02     Aqueous      
 O2(aq)               1.8007E-04     Aqueous      
 B(OH)3(aq)           4.0015E-04     Aqueous      
 HPO4--               1.7007E-06     Aqueous      
 NO3-                 3.9015E-05     Aqueous      
 H4SiO4(aq)           7.9864E-02     Aqueous      

 Concentrations of Individual Species, Exchangers, and Surface Complexes 
 ----------------------------------------------------------------------- 

                           Log        Log                 Concentration     
 Species              Molality  Activity      Molality    Mol/m^3 blk      Activity   Type

                           Log        Log                                 Activity
 Species              Molality   Activity      Molality      Activity   Coefficient    Type
  H+                    -5.314     -5.434     4.855E-06     3.683E-06     7.585E-01  Aqueous 
  Al+++                -17.582    -18.891     2.615E-18     1.284E-19     4.910E-02  Aqueous 
  CO2(aq)               -2.375     -2.315     4.217E-03     4.847E-03     1.149E+00  Aqueous 
  Mg++                  -1.702     -2.414     1.987E-02     3.857E-03     1.941E-01  Aqueous 
  Ca++                  -2.202     -2.952     6.276E-03     1.116E-03     1.778E-01  Aqueous 
  Fe++                  -3.763     -4.513     1.727E-04     3.070E-05     1.778E-01  Aqueous 
  Fe+++                -10.096    -11.405     8.013E-11     3.934E-12     4.910E-02  Aqueous 
  Ba++                  -6.808     -7.648     1.555E-07     2.248E-08     1.446E-01  Aqueous 
  Sr++                  -5.186     -6.026     6.515E-06     9.421E-07     1.446E-01  Aqueous 
  Cl-                   -0.264     -0.518     5.445E-01     3.037E-01     5.578E-01  Aqueous 
  K+                    -1.984     -2.237     1.038E-02     5.791E-03     5.578E-01  Aqueous 
  Na+                   -0.302     -0.512     4.990E-01     3.073E-01     6.158E-01  Aqueous 
  SO4--                 -2.194     -3.146     6.404E-03     7.137E-04     1.115E-01  Aqueous 
  O2(aq)                -3.745     -3.684     1.801E-04     2.070E-04     1.149E+00  Aqueous 
  B(OH)3(aq)            -3.398     -3.337     4.002E-04     4.600E-04     1.149E+00  Aqueous 
  HPO4--                -7.131     -8.083     7.403E-08     8.251E-09     1.115E-01  Aqueous 
  NO3-                  -4.409     -4.662     3.901E-05     2.176E-05     5.578E-01  Aqueous 
  H4SiO4(aq)            -1.098     -1.037     7.986E-02     9.180E-02     1.149E+00  Aqueous 
  HNO3(aq)             -10.377    -10.316     4.202E-11     4.830E-11     1.149E+00  Aqueous 
  Al(OH)2+             -12.855    -13.068     1.398E-13     8.545E-14     6.114E-01  Aqueous 
  AlO2-                -11.385    -11.615     4.119E-12     2.424E-12     5.884E-01  Aqueous 
  AlOH++               -15.017    -15.792     9.625E-16     1.616E-16     1.679E-01  Aqueous 
  BaHCO3+               -8.444     -8.657     3.601E-09     2.202E-09     6.114E-01  Aqueous 
  BaCl+                 -7.387     -7.601     4.098E-08     2.506E-08     6.114E-01  Aqueous 
  BaCO3(aq)            -12.013    -11.953     9.695E-13     1.114E-12     1.149E+00  Aqueous 
  BaOH+                -11.578    -11.791     2.645E-12     1.617E-12     6.114E-01  Aqueous 
  HCO3-                 -3.272     -3.482     5.348E-04     3.293E-04     6.158E-01  Aqueous 
  CO3--                 -7.301     -8.194     5.000E-08     6.398E-09     1.280E-01  Aqueous 
  CaCl+                 -2.725     -2.938     1.885E-03     1.152E-03     6.114E-01  Aqueous 
  CaCl2(aq)             -4.109     -4.049     7.779E-05     8.942E-05     1.149E+00  Aqueous 
  CaOH+                 -6.512     -6.725     3.078E-07     1.882E-07     6.114E-01  Aqueous 
  CaSO4(aq)             -3.313     -3.253     4.863E-04     5.590E-04     1.149E+00  Aqueous 
  FeCl+                 -3.467     -3.681     3.410E-04     2.085E-04     6.114E-01  Aqueous 
  FeCl2(aq)             -6.052     -5.992     8.868E-07     1.019E-06     1.149E+00  Aqueous 
  FeOH+                 -5.739     -5.953     1.823E-06     1.115E-06     6.114E-01  Aqueous 
  FeSO4(aq)             -4.494     -4.433     3.208E-05     3.687E-05     1.149E+00  Aqueous 
  OH-                   -6.122     -6.356     7.543E-07     4.402E-07     5.836E-01  Aqueous 
  HS-                  -97.016    -97.250     9.635E-98     5.623E-98     5.836E-01  Aqueous 
  H2S(aq)              -96.267    -96.206     5.414E-97     6.223E-97     1.149E+00  Aqueous 
  H2PO4-                -5.830     -6.040     1.480E-06     9.112E-07     6.158E-01  Aqueous 
  H3PO4(aq)             -8.731     -8.670     1.860E-09     2.138E-09     1.149E+00  Aqueous 
  HAlO2(aq)            -11.928    -11.868     1.179E-12     1.356E-12     1.149E+00  Aqueous 
  HSO4-                 -4.754     -4.984     1.763E-05     1.038E-05     5.884E-01  Aqueous 
  KCl(aq)               -2.842     -2.781     1.439E-03     1.654E-03     1.149E+00  Aqueous 
  KOH(aq)               -8.386     -8.325     4.112E-09     4.726E-09     1.149E+00  Aqueous 
  KSO4-                 -3.736     -3.966     1.836E-04     1.080E-04     5.884E-01  Aqueous 
  NH3(aq)              -45.541    -45.481     2.876E-46     3.306E-46     1.149E+00  Aqueous 
  NaAlO2(aq)           -12.179    -12.118     6.625E-13     7.615E-13     1.149E+00  Aqueous 
  NaOH(aq)              -7.330     -7.270     4.675E-08     5.373E-08     1.149E+00  Aqueous 
  NaSO4-                -2.212     -2.414     6.131E-03     3.852E-03     6.283E-01  Aqueous 
  H2(aq)               -30.862    -30.801     1.374E-31     1.580E-31     1.149E+00  Aqueous 
  CaHPO4(aq)            -7.041     -6.981     9.089E-08     1.045E-07     1.149E+00  Aqueous 
  CaPO4-                -9.068     -9.298     8.557E-10     5.035E-10     5.884E-01  Aqueous 
  FeCO3(aq)             -7.101     -7.041     7.922E-08     9.106E-08     1.149E+00  Aqueous 
  FeH2PO4+              -7.646     -7.860     2.259E-08     1.381E-08     6.114E-01  Aqueous 
  FeHPO4(aq)            -8.787     -8.727     1.632E-09     1.876E-09     1.149E+00  Aqueous 
  FePO4-               -11.081    -11.312     8.291E-12     4.879E-12     5.884E-01  Aqueous 
  KHPO4-                -7.539     -7.769     2.893E-08     1.702E-08     5.884E-01  Aqueous 
  PO4---               -12.685    -14.865     2.066E-13     1.366E-15     6.611E-03  Aqueous 
  S--                 -105.135   -105.975     7.330-106     1.060-106     1.446E-01  Aqueous 
  Sr(CO3)(aq)          -10.030     -9.969     9.339E-11     1.073E-10     1.149E+00  Aqueous 
  SrHCO3+               -6.370     -6.584     4.261E-07     2.605E-07     6.114E-01  Aqueous 
  SrCl+                 -5.763     -5.976     1.728E-06     1.056E-06     6.114E-01  Aqueous 
  SrOH+                 -9.910    -10.123     1.231E-10     7.528E-11     6.114E-01  Aqueous 
  SrSO4(aq)             -6.476     -6.416     3.341E-07     3.840E-07     1.149E+00  Aqueous 

  ****** Partial pressure of gases (bars) *****

 CO2(g)               5.3650E-01
 O2(g)                2.4591E-01

  ***** Saturation state of minerals (log[Q/K] *****

  Forsterite               -2.5665
  Enstatite(alpha)         -0.0471
  Anorthite                -8.9100
  Ferropargasite          -12.9136
  Anhydrite                 0.0082
  Clinochlore               0.0217
  Albite(low)              -0.0238
  Fayalite                  0.0872
  Epidote                   0.0000
  Kaolinite                -5.7662
  Muscovite(ordered)       -6.6585


  ***** Volume of minerals added or subtracted *****

 Forsterite         -1.439568443E-04
 Enstatite(alpha)   -6.137249065E-06
 Anorthite          -3.290905070E-05
 Ferropargasite     -9.264340904E-05
 Anhydrite           5.148858716E-05
 Clinochlore         3.863980075E-04
 Albite(low)        -2.009778932E-04
 Fayalite            2.969892288E-05
 Epidote            -8.746396412E-13
 Kaolinite          -1.000000000E-10
 Muscovite(ordered) -1.000000000E-10

 **************************************************************
 ------> GRID LOCATION:     7:  1:  1

  Temperature (C)    =    154.903
  Porosity           =      0.081
  Liquid Saturation  =      1.000
  Liquid Density     =    910.941
  Ionic Strength     =      0.595
  Solution pH        =      5.160
  Solution pe and Eh require H2(g) be included
  Total Charge       =  2.124E-08

 Total Aqueous Concentrations of Primary Species 
 --------------------------------------- 

   Species              Molality       Type 
 H+                  -1.6688E-04     Aqueous      
 Al+++                2.5810E-11     Aqueous      
 CO2(aq)              4.7521E-03     Aqueous      
 Mg++                 1.8516E-02     Aqueous      
 Ca++                 6.5206E-03     Aqueous      
 Fe++                 1.0336E-03     Aqueous      
 Fe+++                1.3056E-10     Aqueous      
 Ba++                 2.0009E-07     Aqueous      
 Sr++                 9.0039E-06     Aqueous      
 Cl-                  5.4839E-01     Aqueous      
 K+                   1.2006E-02     Aqueous      
 Na+                  5.0600E-01     Aqueous      
 SO4--                1.0781E-02     Aqueous      
 O2(aq)               1.8008E-04     Aqueous      
 B(OH)3(aq)           4.0017E-04     Aqueous      
 HPO4--               1.7007E-06     Aqueous      
 NO3-                 3.9017E-05     Aqueous      
 H4SiO4(aq)           8.2079E-02     Aqueous      

 Concentrations of Individual Species, Exchangers, and Surface Complexes 
 ----------------------------------------------------------------------- 

                           Log        Log                 Concentration     
 Species              Molality  Activity      Molality    Mol/m^3 blk      Activity   Type

                           Log        Log                                 Activity
 Species              Molality   Activity      Molality      Activity   Coefficient    Type
  H+                    -5.033     -5.160     9.274E-06     6.922E-06     7.464E-01  Aqueous 
  Al+++                -16.924    -18.295     1.191E-17     5.074E-19     4.261E-02  Aqueous 
  CO2(aq)               -2.344     -2.284     4.532E-03     5.197E-03     1.147E+00  Aqueous 
  Mg++                  -1.732     -2.479     1.852E-02     3.321E-03     1.794E-01  Aqueous 
  Ca++                  -2.367     -3.153     4.300E-03     7.032E-04     1.635E-01  Aqueous 
  Fe++                  -3.654     -4.440     2.220E-04     3.630E-05     1.635E-01  Aqueous 
  Fe+++                 -9.884    -11.255     1.306E-10     5.563E-12     4.261E-02  Aqueous 
  Ba++                  -6.848     -7.729     1.418E-07     1.868E-08     1.317E-01  Aqueous 
  Sr++                  -5.209     -6.089     6.181E-06     8.140E-07     1.317E-01  Aqueous 
  Cl-                   -0.264     -0.531     5.439E-01     2.941E-01     5.408E-01  Aqueous 
  K+                    -1.994     -2.261     1.015E-02     5.487E-03     5.408E-01  Aqueous 
  Na+                   -0.301     -0.522     5.006E-01     3.003E-01     5.999E-01  Aqueous 
  SO4--                 -2.316     -3.315     4.830E-03     4.841E-04     1.002E-01  Aqueous 
  O2(aq)                -3.745     -3.685     1.801E-04     2.065E-04     1.147E+00  Aqueous 
  B(OH)3(aq)            -3.398     -3.338     4.002E-04     4.589E-04     1.147E+00  Aqueous 
  HPO4--                -7.460     -8.459     3.465E-08     3.473E-09     1.002E-01  Aqueous 
  NO3-                  -4.409     -4.676     3.902E-05     2.110E-05     5.408E-01  Aqueous 
  H4SiO4(aq)            -1.086     -1.026     8.208E-02     9.413E-02     1.147E+00  Aqueous 
  HNO3(aq)              -9.926     -9.867     1.186E-10     1.360E-10     1.147E+00  Aqueous 
  Al(OH)2+             -12.032    -12.257     9.292E-13     5.533E-13     5.955E-01  Aqueous 
  AlO2-                -10.823    -11.066     1.503E-11     8.597E-12     5.720E-01  Aqueous 
  AlOH++               -14.274    -15.087     5.315E-15     8.186E-16     1.540E-01  Aqueous 
  BaHCO3+               -8.639     -8.864     2.299E-09     1.369E-09     5.955E-01  Aqueous 
  BaCl+                 -7.252     -7.477     5.598E-08     3.334E-08     5.955E-01  Aqueous 
  BaCO3(aq)            -12.584    -12.524     2.608E-13     2.991E-13     1.147E+00  Aqueous 
  BaOH+                -11.455    -11.680     3.505E-12     2.087E-12     5.955E-01  Aqueous 
  HCO3-                 -3.657     -3.879     2.201E-04     1.320E-04     5.999E-01  Aqueous 
  CO3--                 -7.999     -8.935     1.002E-08     1.161E-09     1.159E-01  Aqueous 
  CaCl+                 -2.731     -2.956     1.857E-03     1.106E-03     5.955E-01  Aqueous 
  CaCl2(aq)             -4.100     -4.041     7.939E-05     9.105E-05     1.147E+00  Aqueous 
  CaOH+                 -6.530     -6.755     2.950E-07     1.757E-07     5.955E-01  Aqueous 
  CaSO4(aq)             -3.546     -3.487     2.843E-04     3.260E-04     1.147E+00  Aqueous 
  FeCl+                 -3.115     -3.340     7.682E-04     4.575E-04     5.955E-01  Aqueous 
  FeCl2(aq)             -5.684     -5.625     2.070E-06     2.373E-06     1.147E+00  Aqueous 
  FeOH+                 -5.593     -5.818     2.555E-06     1.521E-06     5.955E-01  Aqueous 
  FeSO4(aq)             -4.413     -4.353     3.868E-05     4.435E-05     1.147E+00  Aqueous 
  OH-                   -6.181     -6.427     6.591E-07     3.738E-07     5.670E-01  Aqueous 
  HS-                  -91.336    -91.582     4.615E-92     2.617E-92     5.670E-01  Aqueous 
  H2S(aq)              -90.294    -90.235     5.081E-91     5.827E-91     1.147E+00  Aqueous 
  H2PO4-                -5.806     -6.028     1.563E-06     9.376E-07     5.999E-01  Aqueous 
  H3PO4(aq)             -8.309     -8.250     4.905E-09     5.625E-09     1.147E+00  Aqueous 
  HAlO2(aq)            -11.184    -11.124     6.550E-12     7.512E-12     1.147E+00  Aqueous 
  HSO4-                 -4.335     -4.577     4.628E-05     2.648E-05     5.720E-01  Aqueous 
  KCl(aq)               -2.772     -2.712     1.691E-03     1.939E-03     1.147E+00  Aqueous 
  KOH(aq)               -8.347     -8.288     4.493E-09     5.153E-09     1.147E+00  Aqueous 
  KSO4-                 -3.776     -4.019     1.674E-04     9.576E-05     5.720E-01  Aqueous 
  NH3(aq)              -42.641    -42.582     2.283E-43     2.618E-43     1.147E+00  Aqueous 
  NaAlO2(aq)           -11.482    -11.423     3.296E-12     3.780E-12     1.147E+00  Aqueous 
  NaOH(aq)              -7.283     -7.223     5.215E-08     5.981E-08     1.147E+00  Aqueous 
  NaSO4-                -2.266     -2.479     5.414E-03     3.318E-03     6.127E-01  Aqueous 
  H2(aq)               -29.090    -29.030     8.135E-30     9.329E-30     1.147E+00  Aqueous 
  CaHPO4(aq)            -7.352     -7.293     4.444E-08     5.097E-08     1.147E+00  Aqueous 
  CaPO4-                -9.517     -9.759     3.043E-10     1.741E-10     5.720E-01  Aqueous 
  FeCO3(aq)             -7.610     -7.551     2.452E-08     2.812E-08     1.147E+00  Aqueous 
  FeH2PO4+              -7.549     -7.775     2.822E-08     1.681E-08     5.955E-01  Aqueous 
  FeHPO4(aq)            -8.975     -8.916     1.059E-09     1.214E-09     1.147E+00  Aqueous 
  FePO4-               -11.532    -11.775     2.937E-12     1.680E-12     5.720E-01  Aqueous 
  KHPO4-                -7.615     -7.858     2.424E-08     1.387E-08     5.720E-01  Aqueous 
  PO4---               -13.316    -15.599     4.830E-14     2.516E-16     5.209E-03  Aqueous 
  S--                  -99.419   -100.300     3.807-100     5.014-101     1.317E-01  Aqueous 
  Sr(CO3)(aq)          -10.560    -10.500     2.755E-11     3.159E-11     1.147E+00  Aqueous 
  SrHCO3+               -6.501     -6.726     3.158E-07     1.880E-07     5.955E-01  Aqueous 
  SrCl+                 -5.644     -5.869     2.269E-06     1.351E-06     5.955E-01  Aqueous 
  SrOH+                 -9.781    -10.006     1.657E-10     9.865E-11     5.955E-01  Aqueous 
  SrSO4(aq)             -6.623     -6.564     2.380E-07     2.730E-07     1.147E+00  Aqueous 

  ****** Partial pressure of gases (bars) *****

 CO2(g)               5.9176E-01
 O2(g)                2.2280E-01

  ***** Saturation state of minerals (log[Q/K] *****

  Forsterite               -2.5088
  Enstatite(alpha)         -0.1047
  Anorthite                -8.1621
  Ferropargasite          -12.2211
  Anhydrite                 0.0086
  Clinochlore               0.0215
  Albite(low)              -0.0232
  Fayalite                  0.0939
  Epidote                   0.0000
  Kaolinite                -5.1505
  Muscovite(ordered)       -5.9574


  ***** Volume of minerals added or subtracted *****

 Forsterite         -1.433870079E-04
 Enstatite(alpha)   -6.566496855E-06
 Anorthite          -3.290905070E-05
 Ferropargasite     -9.264340904E-05
 Anhydrite           5.882656719E-05
 Clinochlore         3.881445507E-04
 Albite(low)        -2.026308667E-04
 Fayalite            2.886768337E-05
 Epidote            -1.407199001E-12
 Kaolinite          -1.000000000E-10
 Muscovite(ordered) -1.000000000E-10

 **************************************************************
 ------> GRID LOCATION:     8:  1:  1

  Temperature (C)    =    174.887
  Porosity           =      0.081
  Liquid Saturation  =      1.000
  Liquid Density     =    890.465
  Ionic Strength     =      0.585
  Solution pH        =      4.925
  Solution pe and Eh require H2(g) be included
  Total Charge       = -2.553E-08

 Total Aqueous Concentrations of Primary Species 
 --------------------------------------- 

   Species              Molality       Type 
 H+                   3.2929E-05     Aqueous      
 Al+++                9.4821E-11     Aqueous      
 CO2(aq)              4.7523E-03     Aqueous      
 Mg++                 1.6714E-02     Aqueous      
 Ca++                 4.9624E-03     Aqueous      
 Fe++                 1.9038E-03     Aqueous      
 Fe+++                1.9473E-10     Aqueous      
 Ba++                 2.0010E-07     Aqueous      
 Sr++                 9.0044E-06     Aqueous      
 Cl-                  5.4842E-01     Aqueous      
 K+                   1.2006E-02     Aqueous      
 Na+                  5.0708E-01     Aqueous      
 SO4--                8.9166E-03     Aqueous      
 O2(aq)               1.8009E-04     Aqueous      
 B(OH)3(aq)           4.0019E-04     Aqueous      
 HPO4--               1.7008E-06     Aqueous      
 NO3-                 3.9019E-05     Aqueous      
 H4SiO4(aq)           8.4788E-02     Aqueous      

 Concentrations of Individual Species, Exchangers, and Surface Complexes 
 ----------------------------------------------------------------------- 

                           Log        Log                 Concentration     
 Species              Molality  Activity      Molality    Mol/m^3 blk      Activity   Type

                           Log        Log                                 Activity
 Species              Molality   Activity      Molality      Activity   Coefficient    Type
  H+                    -4.790     -4.925     1.621E-05     1.188E-05     7.325E-01  Aqueous 
  Al+++                -16.396    -17.836     4.019E-17     1.459E-18     3.631E-02  Aqueous 
  CO2(aq)               -2.331     -2.273     4.662E-03     5.335E-03     1.144E+00  Aqueous 
  Mg++                  -1.777     -2.562     1.671E-02     2.741E-03     1.640E-01  Aqueous 
  Ca++                  -2.540     -3.368     2.882E-03     4.288E-04     1.488E-01  Aqueous 
  Fe++                  -3.582     -4.410     2.616E-04     3.893E-05     1.488E-01  Aqueous 
  Fe+++                 -9.711    -11.151     1.947E-10     7.070E-12     3.631E-02  Aqueous 
  Ba++                  -6.906     -7.832     1.242E-07     1.472E-08     1.185E-01  Aqueous 
  Sr++                  -5.246     -6.172     5.678E-06     6.728E-07     1.185E-01  Aqueous 
  Cl-                   -0.265     -0.548     5.428E-01     2.833E-01     5.219E-01  Aqueous 
  K+                    -2.006     -2.289     9.860E-03     5.146E-03     5.219E-01  Aqueous 
  Na+                   -0.299     -0.534     5.022E-01     2.924E-01     5.821E-01  Aqueous 
  SO4--                 -2.443     -3.494     3.604E-03     3.204E-04     8.889E-02  Aqueous 
  O2(aq)                -3.745     -3.686     1.801E-04     2.061E-04     1.144E+00  Aqueous 
  B(OH)3(aq)            -3.398     -3.339     4.002E-04     4.579E-04     1.144E+00  Aqueous 
  HPO4--                -7.778     -8.829     1.667E-08     1.482E-09     8.889E-02  Aqueous 
  NO3-                  -4.409     -4.691     3.902E-05     2.036E-05     5.219E-01  Aqueous 
  H4SiO4(aq)            -1.072     -1.013     8.479E-02     9.702E-02     1.144E+00  Aqueous 
  HNO3(aq)              -9.514     -9.456     3.061E-10     3.503E-10     1.144E+00  Aqueous 
  Al(OH)2+             -11.314    -11.553     4.850E-12     2.801E-12     5.776E-01  Aqueous 
  AlO2-                -10.337    -10.594     4.605E-11     2.550E-11     5.537E-01  Aqueous 
  AlOH++               -13.645    -14.500     2.265E-14     3.164E-15     1.397E-01  Aqueous 
  BaHCO3+               -8.850     -9.089     1.412E-09     8.154E-10     5.776E-01  Aqueous 
  BaCl+                 -7.128     -7.366     7.445E-08     4.301E-08     5.776E-01  Aqueous 
  BaCO3(aq)            -13.145    -13.086     7.166E-14     8.200E-14     1.144E+00  Aqueous 
  BaOH+                -11.360    -11.599     4.361E-12     2.519E-12     5.776E-01  Aqueous 
  HCO3-                 -4.045     -4.280     9.021E-05     5.252E-05     5.821E-01  Aqueous 
  CO3--                 -8.680     -9.665     2.088E-09     2.162E-10     1.035E-01  Aqueous 
  CaCl+                 -2.737     -2.976     1.830E-03     1.057E-03     5.776E-01  Aqueous 
  CaCl2(aq)             -4.073     -4.014     8.461E-05     9.682E-05     1.144E+00  Aqueous 
  CaOH+                 -6.561     -6.799     2.749E-07     1.588E-07     5.776E-01  Aqueous 
  CaSO4(aq)             -3.782     -3.724     1.651E-04     1.889E-04     1.144E+00  Aqueous 
  FeCl+                 -2.798     -3.037     1.591E-03     9.189E-04     5.776E-01  Aqueous 
  FeCl2(aq)             -5.334     -5.276     4.632E-06     5.300E-06     1.144E+00  Aqueous 
  FeOH+                 -5.475     -5.713     3.353E-06     1.937E-06     5.776E-01  Aqueous 
  FeSO4(aq)             -4.363     -4.305     4.331E-05     4.955E-05     1.144E+00  Aqueous 
  OH-                   -6.243     -6.504     5.716E-07     3.136E-07     5.486E-01  Aqueous 
  HS-                  -86.140    -86.401     7.237E-87     3.971E-87     5.486E-01  Aqueous 
  H2S(aq)              -84.820    -84.762     1.513E-85     1.731E-85     1.144E+00  Aqueous 
  H2PO4-                -5.797     -6.032     1.597E-06     9.300E-07     5.821E-01  Aqueous 
  H3PO4(aq)             -7.936     -7.877     1.159E-08     1.326E-08     1.144E+00  Aqueous 
  HAlO2(aq)            -10.524    -10.465     2.995E-11     3.427E-11     1.144E+00  Aqueous 
  HSO4-                 -3.959     -4.216     1.098E-04     6.079E-05     5.537E-01  Aqueous 
  KCl(aq)               -2.700     -2.642     1.993E-03     2.281E-03     1.144E+00  Aqueous 
  KOH(aq)               -8.313     -8.254     4.866E-09     5.568E-09     1.144E+00  Aqueous 
  KSO4-                 -3.816     -4.072     1.529E-04     8.466E-05     5.537E-01  Aqueous 
  NH3(aq)              -39.965    -39.906     1.085E-40     1.241E-40     1.144E+00  Aqueous 
  NaAlO2(aq)           -10.855    -10.797     1.396E-11     1.597E-11     1.144E+00  Aqueous 
  NaOH(aq)              -7.220     -7.162     6.021E-08     6.889E-08     1.144E+00  Aqueous 
  NaSO4-                -2.315     -2.540     4.841E-03     2.882E-03     5.953E-01  Aqueous 
  H2(aq)               -27.457    -27.398     3.492E-28     3.996E-28     1.144E+00  Aqueous 
  CaHPO4(aq)            -7.648     -7.590     2.247E-08     2.571E-08     1.144E+00  Aqueous 
  CaPO4-                -9.920    -10.177     1.202E-10     6.654E-11     5.537E-01  Aqueous 
  FeCO3(aq)             -8.122     -8.064     7.545E-09     8.634E-09     1.144E+00  Aqueous 
  FeH2PO4+              -7.509     -7.748     3.095E-08     1.787E-08     5.776E-01  Aqueous 
  FeHPO4(aq)            -9.182     -9.123     6.577E-10     7.526E-10     1.144E+00  Aqueous 
  FePO4-               -11.960    -12.217     1.096E-12     6.071E-13     5.537E-01  Aqueous 
  KHPO4-                -7.679     -7.936     2.093E-08     1.159E-08     5.537E-01  Aqueous 
  PO4---               -13.914    -16.314     1.219E-14     4.852E-17     3.981E-03  Aqueous 
  S--                  -94.188    -95.114     6.490E-95     7.690E-96     1.185E-01  Aqueous 
  Sr(CO3)(aq)          -11.081    -11.022     8.306E-12     9.505E-12     1.144E+00  Aqueous 
  SrHCO3+               -6.647     -6.885     2.256E-07     1.303E-07     5.776E-01  Aqueous 
  SrCl+                 -5.532     -5.771     2.936E-06     1.696E-06     5.776E-01  Aqueous 
  SrOH+                 -9.673     -9.912     2.121E-10     1.225E-10     5.776E-01  Aqueous 
  SrSO4(aq)             -6.785     -6.727     1.640E-07     1.876E-07     1.144E+00  Aqueous 

  ****** Partial pressure of gases (bars) *****

 CO2(g)               6.0137E-01
 O2(g)                1.9617E-01

  ***** Saturation state of minerals (log[Q/K] *****

  Forsterite               -2.4332
  Enstatite(alpha)         -0.1431
  Anorthite                -7.5122
  Ferropargasite          -11.6160
  Anhydrite                 0.0089
  Clinochlore               0.0209
  Albite(low)              -0.0219
  Fayalite                  0.1042
  Epidote                   0.0000
  Kaolinite                -4.6319
  Muscovite(ordered)       -5.3671


  ***** Volume of minerals added or subtracted *****

 Forsterite         -1.428673029E-04
 Enstatite(alpha)   -6.753715219E-06
 Anorthite          -3.290905070E-05
 Ferropargasite     -9.264340904E-05
 Anhydrite           6.367661204E-05
 Clinochlore         3.906590003E-04
 Albite(low)        -2.050106052E-04
 Fayalite            2.743226611E-05
 Epidote            -2.061768671E-12
 Kaolinite          -1.000000000E-10
 Muscovite(ordered) -1.000000000E-10

 **************************************************************
 ------> GRID LOCATION:     9:  1:  1

  Temperature (C)    =    194.873
  Porosity           =      0.081
  Liquid Saturation  =      1.000
  Liquid Density     =    868.292
  Ionic Strength     =      0.575
  Solution pH        =      4.735
  Solution pe and Eh require H2(g) be included
  Total Charge       = -1.766E-08

 Total Aqueous Concentrations of Primary Species 
 --------------------------------------- 

   Species              Molality       Type 
 H+                   2.1639E-04     Aqueous      
 Al+++                2.9916E-10     Aqueous      
 CO2(aq)              4.7526E-03     Aqueous      
 Mg++                 1.4226E-02     Aqueous      
 Ca++                 3.8996E-03     Aqueous      
 Fe++                 3.2647E-03     Aqueous      
 Fe+++                2.4617E-10     Aqueous      
 Ba++                 2.0011E-07     Aqueous      
 Sr++                 9.0048E-06     Aqueous      
 Cl-                  5.4845E-01     Aqueous      
 K+                   1.2007E-02     Aqueous      
 Na+                  5.0848E-01     Aqueous      
 SO4--                7.5061E-03     Aqueous      
 O2(aq)               1.8010E-04     Aqueous      
 B(OH)3(aq)           4.0022E-04     Aqueous      
 HPO4--               1.7009E-06     Aqueous      
 NO3-                 3.9021E-05     Aqueous      
 H4SiO4(aq)           8.8272E-02     Aqueous      

 Concentrations of Individual Species, Exchangers, and Surface Complexes 
 ----------------------------------------------------------------------- 

                           Log        Log                 Concentration     
 Species              Molality  Activity      Molality    Mol/m^3 blk      Activity   Type

                           Log        Log                                 Activity
 Species              Molality   Activity      Molality      Activity   Coefficient    Type
  H+                    -4.590     -4.735     2.572E-05     1.842E-05     7.162E-01  Aqueous 
  Al+++                -16.025    -17.544     9.449E-17     2.855E-18     3.022E-02  Aqueous 
  CO2(aq)               -2.327     -2.269     4.714E-03     5.382E-03     1.142E+00  Aqueous 
  Mg++                  -1.847     -2.677     1.423E-02     2.103E-03     1.479E-01  Aqueous 
  Ca++                  -2.722     -3.597     1.897E-03     2.532E-04     1.335E-01  Aqueous 
  Fe++                  -3.564     -4.438     2.731E-04     3.645E-05     1.335E-01  Aqueous 
  Fe+++                 -9.609    -11.129     2.462E-10     7.439E-12     3.022E-02  Aqueous 
  Ba++                  -6.985     -7.964     1.036E-07     1.086E-08     1.049E-01  Aqueous 
  Sr++                  -5.300     -6.279     5.014E-06     5.261E-07     1.049E-01  Aqueous 
  Cl-                   -0.267     -0.567     5.411E-01     2.709E-01     5.006E-01  Aqueous 
  K+                    -2.022     -2.322     9.507E-03     4.759E-03     5.006E-01  Aqueous 
  Na+                   -0.297     -0.548     5.041E-01     2.833E-01     5.619E-01  Aqueous 
  SO4--                 -2.578     -3.689     2.641E-03     2.045E-04     7.744E-02  Aqueous 
  O2(aq)                -3.744     -3.687     1.801E-04     2.056E-04     1.142E+00  Aqueous 
  B(OH)3(aq)            -3.398     -3.340     4.002E-04     4.569E-04     1.142E+00  Aqueous 
  HPO4--                -8.073     -9.184     8.454E-09     6.546E-10     7.744E-02  Aqueous 
  NO3-                  -4.409     -4.709     3.902E-05     1.953E-05     5.006E-01  Aqueous 
  H4SiO4(aq)            -1.054     -0.997     8.827E-02     1.008E-01     1.142E+00  Aqueous 
  HNO3(aq)              -9.142     -9.085     7.206E-10     8.227E-10     1.142E+00  Aqueous 
  Al(OH)2+             -10.715    -10.969     1.929E-11     1.075E-11     5.573E-01  Aqueous 
  AlO2-                 -9.927    -10.200     1.184E-10     6.309E-11     5.329E-01  Aqueous 
  AlOH++               -13.149    -14.052     7.103E-14     8.867E-15     1.248E-01  Aqueous 
  BaHCO3+               -9.065     -9.319     8.617E-10     4.802E-10     5.573E-01  Aqueous 
  BaCl+                 -7.019     -7.273     9.569E-08     5.333E-08     5.573E-01  Aqueous 
  BaCO3(aq)            -13.676    -13.619     2.108E-14     2.407E-14     1.142E+00  Aqueous 
  BaOH+                -11.286    -11.540     5.172E-12     2.883E-12     5.573E-01  Aqueous 
  HCO3-                 -4.417     -4.668     3.825E-05     2.149E-05     5.619E-01  Aqueous 
  CO3--                 -9.323    -10.364     4.751E-10     4.322E-11     9.098E-02  Aqueous 
  CaCl+                 -2.742     -2.996     1.812E-03     1.010E-03     5.573E-01  Aqueous 
  CaCl2(aq)             -4.025     -3.967     9.448E-05     1.079E-04     1.142E+00  Aqueous 
  CaOH+                 -6.593     -6.847     2.555E-07     1.424E-07     5.573E-01  Aqueous 
  CaSO4(aq)             -4.020     -3.962     9.557E-05     1.091E-04     1.142E+00  Aqueous 
  FeCl+                 -2.532     -2.786     2.934E-03     1.635E-03     5.573E-01  Aqueous 
  FeCl2(aq)             -5.016     -4.959     9.634E-06     1.100E-05     1.142E+00  Aqueous 
  FeOH+                 -5.392     -5.646     4.051E-06     2.258E-06     5.573E-01  Aqueous 
  FeSO4(aq)             -4.361     -4.304     4.351E-05     4.968E-05     1.142E+00  Aqueous 
  OH-                   -6.301     -6.578     5.003E-07     2.640E-07     5.278E-01  Aqueous 
  HS-                  -81.379    -81.657     4.174E-82     2.203E-82     5.278E-01  Aqueous 
  H2S(aq)              -79.800    -79.742     1.585E-80     1.810E-80     1.142E+00  Aqueous 
  H2PO4-                -5.794     -6.044     1.607E-06     9.028E-07     5.619E-01  Aqueous 
  H3PO4(aq)             -7.605     -7.547     2.483E-08     2.835E-08     1.142E+00  Aqueous 
  HAlO2(aq)             -9.955     -9.898     1.109E-10     1.266E-10     1.142E+00  Aqueous 
  HSO4-                 -3.634     -3.907     2.323E-04     1.238E-04     5.329E-01  Aqueous 
  KCl(aq)               -2.627     -2.569     2.361E-03     2.696E-03     1.142E+00  Aqueous 
  KOH(aq)               -8.274     -8.216     5.327E-09     6.082E-09     1.142E+00  Aqueous 
  KSO4-                 -3.858     -4.131     1.388E-04     7.398E-05     5.329E-01  Aqueous 
  NH3(aq)              -37.490    -37.433     3.236E-38     3.694E-38     1.142E+00  Aqueous 
  NaAlO2(aq)           -10.297    -10.239     5.052E-11     5.768E-11     1.142E+00  Aqueous 
  NaOH(aq)              -7.134     -7.076     7.353E-08     8.395E-08     1.142E+00  Aqueous 
  NaSO4-                -2.361     -2.601     4.355E-03     2.505E-03     5.753E-01  Aqueous 
  H2(aq)               -25.946    -25.888     1.133E-26     1.294E-26     1.142E+00  Aqueous 
  CaHPO4(aq)            -7.915     -7.857     1.217E-08     1.389E-08     1.142E+00  Aqueous 
  CaPO4-               -10.256    -10.529     5.547E-11     2.956E-11     5.329E-01  Aqueous 
  FeCO3(aq)             -8.628     -8.571     2.355E-09     2.688E-09     1.142E+00  Aqueous 
  FeH2PO4+              -7.535     -7.789     2.915E-08     1.625E-08     5.573E-01  Aqueous 
  FeHPO4(aq)            -9.413     -9.356     3.863E-10     4.410E-10     1.142E+00  Aqueous 
  FePO4-               -12.366    -12.639     4.304E-13     2.294E-13     5.329E-01  Aqueous 
  KHPO4-                -7.715     -7.988     1.929E-08     1.028E-08     5.329E-01  Aqueous 
  PO4---               -14.462    -16.995     3.452E-15     1.011E-17     2.928E-03  Aqueous 
  S--                  -89.374    -90.353     4.226E-90     4.433E-91     1.049E-01  Aqueous 
  Sr(CO3)(aq)          -11.570    -11.512     2.693E-12     3.075E-12     1.142E+00  Aqueous 
  SrHCO3+               -6.793     -7.047     1.610E-07     8.970E-08     5.573E-01  Aqueous 
  SrCl+                 -5.429     -5.683     3.720E-06     2.073E-06     5.573E-01  Aqueous 
  SrOH+                 -9.581     -9.835     2.625E-10     1.463E-10     5.573E-01  Aqueous 
  SrSO4(aq)             -6.964     -6.906     1.087E-07     1.241E-07     1.142E+00  Aqueous 

  ****** Partial pressure of gases (bars) *****

 CO2(g)               5.8117E-01
 O2(g)                1.6847E-01

  ***** Saturation state of minerals (log[Q/K] *****

  Forsterite               -2.3293
  Enstatite(alpha)         -0.1572
  Anorthite                -6.9577
  Ferropargasite          -11.0825
  Anhydrite                 0.0092
  Clinochlore               0.0201
  Albite(low)              -0.0201
  Fayalite                  0.1169
  Epidote                   0.0000
  Kaolinite                -4.2258
  Muscovite(ordered)       -4.9079


  ***** Volume of minerals added or subtracted *****

 Forsterite         -1.424957535E-04
 Enstatite(alpha)   -6.707402855E-06
 Anorthite          -3.290905070E-05
 Ferropargasite     -9.264340904E-05
 Anhydrite           6.664665494E-05
 Clinochlore         3.947108411E-04
 Albite(low)        -2.088453677E-04
 Fayalite            2.527956443E-05
 Epidote            -2.579270586E-12
 Kaolinite          -1.000000000E-10
 Muscovite(ordered) -1.000000000E-10

 **************************************************************
 ------> GRID LOCATION:    10:  1:  1

  Temperature (C)    =    214.857
  Porosity           =      0.081
  Liquid Saturation  =      1.000
  Liquid Density     =    844.451
  Ionic Strength     =      0.565
  Solution pH        =      4.591
  Solution pe and Eh require H2(g) be included
  Total Charge       = -3.628E-08

 Total Aqueous Concentrations of Primary Species 
 --------------------------------------- 

   Species              Molality       Type 
 H+                   4.4785E-04     Aqueous      
 Al+++                8.0866E-10     Aqueous      
 CO2(aq)              4.7528E-03     Aqueous      
 Mg++                 1.1148E-02     Aqueous      
 Ca++                 3.2221E-03     Aqueous      
 Fe++                 5.0041E-03     Aqueous      
 Fe+++                2.4228E-10     Aqueous      
 Ba++                 2.0012E-07     Aqueous      
 Sr++                 9.0054E-06     Aqueous      
 Cl-                  5.4848E-01     Aqueous      
 K+                   1.2007E-02     Aqueous      
 Na+                  5.1016E-01     Aqueous      
 SO4--                6.4323E-03     Aqueous      
 O2(aq)               1.8011E-04     Aqueous      
 B(OH)3(aq)           4.0024E-04     Aqueous      
 HPO4--               1.7010E-06     Aqueous      
 NO3-                 3.9023E-05     Aqueous      
 H4SiO4(aq)           9.2404E-02     Aqueous      

 Concentrations of Individual Species, Exchangers, and Surface Complexes 
 ----------------------------------------------------------------------- 

                           Log        Log                 Concentration     
 Species              Molality  Activity      Molality    Mol/m^3 blk      Activity   Type

                           Log        Log                                 Activity
 Species              Molality   Activity      Molality      Activity   Coefficient    Type
  H+                    -4.435     -4.591     3.677E-05     2.562E-05     6.967E-01  Aqueous 
  Al+++                -15.826    -17.439     1.493E-16     3.640E-18     2.438E-02  Aqueous 
  CO2(aq)               -2.325     -2.268     4.736E-03     5.394E-03     1.139E+00  Aqueous 
  Mg++                  -1.953     -2.836     1.115E-02     1.460E-03     1.309E-01  Aqueous 
  Ca++                  -2.908     -3.838     1.237E-03     1.453E-04     1.174E-01  Aqueous 
  Fe++                  -3.610     -4.540     2.457E-04     2.885E-05     1.174E-01  Aqueous 
  Fe+++                 -9.616    -11.229     2.423E-10     5.906E-12     2.438E-02  Aqueous 
  Ba++                  -7.089     -8.130     8.155E-08     7.417E-09     9.095E-02  Aqueous 
  Sr++                  -5.373     -6.415     4.232E-06     3.849E-07     9.095E-02  Aqueous 
  Cl-                   -0.268     -0.591     5.389E-01     2.566E-01     4.762E-01  Aqueous 
  K+                    -2.042     -2.364     9.075E-03     4.322E-03     4.762E-01  Aqueous 
  Na+                   -0.296     -0.564     5.063E-01     2.726E-01     5.385E-01  Aqueous 
  SO4--                 -2.725     -3.906     1.883E-03     1.240E-04     6.588E-02  Aqueous 
  O2(aq)                -3.744     -3.688     1.801E-04     2.051E-04     1.139E+00  Aqueous 
  B(OH)3(aq)            -3.398     -3.341     4.002E-04     4.559E-04     1.139E+00  Aqueous 
  HPO4--                -8.338     -9.520     4.588E-09     3.022E-10     6.588E-02  Aqueous 
  NO3-                  -4.409     -4.731     3.902E-05     1.858E-05     4.762E-01  Aqueous 
  H4SiO4(aq)            -1.034     -0.978     9.240E-02     1.052E-01     1.139E+00  Aqueous 
  HNO3(aq)              -8.812     -8.756     1.541E-09     1.755E-09     1.139E+00  Aqueous 
  Al(OH)2+             -10.238    -10.510     5.786E-11     3.088E-11     5.338E-01  Aqueous 
  AlO2-                 -9.587     -9.880     2.589E-10     1.318E-10     5.090E-01  Aqueous 
  AlOH++               -12.796    -13.757     1.599E-13     1.749E-14     1.094E-01  Aqueous 
  BaHCO3+               -9.275     -9.548     5.310E-10     2.834E-10     5.338E-01  Aqueous 
  BaCl+                 -6.928     -7.201     1.180E-07     6.301E-08     5.338E-01  Aqueous 
  BaCO3(aq)            -14.166    -14.110     6.816E-15     7.763E-15     1.139E+00  Aqueous 
  BaOH+                -11.228    -11.500     5.919E-12     3.160E-12     5.338E-01  Aqueous 
  HCO3-                 -4.766     -5.035     1.712E-05     9.221E-06     5.385E-01  Aqueous 
  CO3--                 -9.914    -11.021     1.218E-10     9.520E-12     7.818E-02  Aqueous 
  CaCl+                 -2.740     -3.013     1.818E-03     9.705E-04     5.338E-01  Aqueous 
  CaCl2(aq)             -3.953     -3.897     1.113E-04     1.268E-04     1.139E+00  Aqueous 
  CaOH+                 -6.614     -6.887     2.430E-07     1.297E-07     5.338E-01  Aqueous 
  CaSO4(aq)             -4.257     -4.201     5.529E-05     6.297E-05     1.139E+00  Aqueous 
  FeCl+                 -2.328     -2.601     4.698E-03     2.508E-03     5.338E-01  Aqueous 
  FeCl2(aq)             -4.742     -4.685     1.813E-05     2.065E-05     1.139E+00  Aqueous 
  FeOH+                 -5.352     -5.625     4.447E-06     2.374E-06     5.338E-01  Aqueous 
  FeSO4(aq)             -4.421     -4.364     3.793E-05     4.320E-05     1.139E+00  Aqueous 
  OH-                   -6.349     -6.646     4.481E-07     2.258E-07     5.038E-01  Aqueous 
  HS-                  -77.012    -77.310     9.724E-78     4.899E-78     5.038E-01  Aqueous 
  H2S(aq)              -75.197    -75.140     6.356E-76     7.240E-76     1.139E+00  Aqueous 
  H2PO4-                -5.796     -6.065     1.598E-06     8.607E-07     5.385E-01  Aqueous 
  H3PO4(aq)             -7.316     -7.260     4.828E-08     5.499E-08     1.139E+00  Aqueous 
  HAlO2(aq)             -9.478     -9.421     3.327E-10     3.790E-10     1.139E+00  Aqueous 
  HSO4-                 -3.365     -3.658     4.319E-04     2.198E-04     5.090E-01  Aqueous 
  KCl(aq)               -2.552     -2.495     2.808E-03     3.198E-03     1.139E+00  Aqueous 
  KOH(aq)               -8.223     -8.166     5.984E-09     6.816E-09     1.139E+00  Aqueous 
  KSO4-                 -3.907     -4.200     1.238E-04     6.303E-05     5.090E-01  Aqueous 
  NH3(aq)              -35.200    -35.143     6.311E-36     7.188E-36     1.139E+00  Aqueous 
  NaAlO2(aq)            -9.799     -9.742     1.590E-10     1.811E-10     1.139E+00  Aqueous 
  NaOH(aq)              -7.014     -6.958     9.674E-08     1.102E-07     1.139E+00  Aqueous 
  NaSO4-                -2.409     -2.667     3.900E-03     2.153E-03     5.521E-01  Aqueous 
  H2(aq)               -24.541    -24.484     2.878E-25     3.278E-25     1.139E+00  Aqueous 
  CaHPO4(aq)            -8.140     -8.084     7.239E-09     8.245E-09     1.139E+00  Aqueous 
  CaPO4-               -10.507    -10.800     3.112E-11     1.584E-11     5.090E-01  Aqueous 
  FeCO3(aq)             -9.126     -9.069     7.488E-10     8.528E-10     1.139E+00  Aqueous 
  FeH2PO4+              -7.639     -7.911     2.297E-08     1.226E-08     5.338E-01  Aqueous 
  FeHPO4(aq)            -9.678     -9.621     2.101E-10     2.393E-10     1.139E+00  Aqueous 
  FePO4-               -12.755    -13.048     1.758E-13     8.949E-14     5.090E-01  Aqueous 
  KHPO4-                -7.712     -8.006     1.939E-08     9.870E-09     5.090E-01  Aqueous 
  PO4---               -14.947    -17.636     1.130E-15     2.312E-18     2.046E-03  Aqueous 
  S--                  -84.924    -85.965     1.191E-85     1.083E-86     9.095E-02  Aqueous 
  Sr(CO3)(aq)          -12.015    -11.958     9.661E-13     1.100E-12     1.139E+00  Aqueous 
  SrHCO3+               -6.933     -7.206     1.167E-07     6.227E-08     5.338E-01  Aqueous 
  SrCl+                 -5.338     -5.611     4.588E-06     2.449E-06     5.338E-01  Aqueous 
  SrOH+                 -9.498     -9.770     3.179E-10     1.697E-10     5.338E-01  Aqueous 
  SrSO4(aq)             -7.164     -7.108     6.854E-08     7.806E-08     1.139E+00  Aqueous 

  ****** Partial pressure of gases (bars) *****

 CO2(g)               5.4197E-01
 O2(g)                1.4154E-01

  ***** Saturation state of minerals (log[Q/K] *****

  Forsterite               -2.1931
  Enstatite(alpha)         -0.1461
  Anorthite                -6.4861
  Ferropargasite          -10.5973
  Anhydrite                 0.0094
  Clinochlore               0.0192
  Albite(low)              -0.0182
  Fayalite                  0.1291
  Epidote                   0.0000
  Kaolinite                -3.9375
  Muscovite(ordered)       -4.5854


  ***** Volume of minerals added or subtracted *****

 Forsterite         -1.421973860E-04
 Enstatite(alpha)   -6.449460282E-06
 Anorthite          -3.290905070E-05
 Ferropargasite     -9.264340904E-05
 Anhydrite           6.817286850E-05
 Clinochlore         3.995726424E-04
 Albite(low)        -2.134466974E-04
 Fayalite            2.270688791E-05
 Epidote            -2.416307184E-12
 Kaolinite          -1.000000000E-10
 Muscovite(ordered) -1.000000000E-10

