# Time          3.5000E+00

 **************************************************************
 ------> GRID LOCATION:     1:  1:  1

  Temperature (C)    =     34.992
  Porosity           =      0.081
  Liquid Saturation  =      1.000
  Liquid Density     =    994.066
  Ionic Strength     =      0.719
  Solution pH        =      7.198
  Solution pe and Eh require H2(g) be included
  Total Charge       =  4.218E-06

 Total Aqueous Concentrations of Primary Species 
 --------------------------------------- 

   Species              Molality       Type 
 H+                  -4.4531E-03     Aqueous      
 Al+++                9.2019E-15     Aqueous      
 CO2(aq)              4.7500E-03     Aqueous      
 Mg++                 4.1860E-02     Aqueous      
 Ca++                 3.5607E-02     Aqueous      
 Fe++                 1.8134E-04     Aqueous      
 Fe+++                5.1697E-12     Aqueous      
 Ba++                 2.0000E-07     Aqueous      
 Sr++                 9.0000E-06     Aqueous      
 Cl-                  5.4815E-01     Aqueous      
 K+                   1.2000E-02     Aqueous      
 Na+                  4.8359E-01     Aqueous      
 SO4--                4.9129E-02     Aqueous      
 O2(aq)               1.8000E-04     Aqueous      
 B(OH)3(aq)           4.0000E-04     Aqueous      
 HPO4--               1.7000E-06     Aqueous      
 NO3-                 3.9000E-05     Aqueous      
 H4SiO4(aq)           2.5292E-02     Aqueous      

 Concentrations of Individual Species, Exchangers, and Surface Complexes 
 ----------------------------------------------------------------------- 

                           Log        Log                 Concentration     
 Species              Molality  Activity      Molality    Mol/m^3 blk      Activity   Type

                           Log        Log                                 Activity
 Species              Molality   Activity      Molality      Activity   Coefficient    Type
  H+                    -7.103     -7.198     7.883E-08     6.342E-08     8.046E-01  Aqueous 
  Al+++                -20.124    -21.215     7.516E-21     6.090E-22     8.103E-02  Aqueous 
  CO2(aq)               -3.491     -3.420     3.225E-04     3.806E-04     1.180E+00  Aqueous 
  Mg++                  -1.378     -1.970     4.186E-02     1.071E-02     2.559E-01  Aqueous 
  Ca++                  -1.548     -2.173     2.830E-02     6.720E-03     2.374E-01  Aqueous 
  Fe++                  -3.906     -4.531     1.241E-04     2.948E-05     2.374E-01  Aqueous 
  Fe+++                -11.287    -12.378     5.170E-12     4.189E-13     8.103E-02  Aqueous 
  Ba++                  -6.721     -7.422     1.902E-07     3.787E-08     1.992E-01  Aqueous 
  Sr++                  -5.140     -5.840     7.250E-06     1.444E-06     1.992E-01  Aqueous 
  Cl-                   -0.263     -0.472     5.453E-01     3.377E-01     6.192E-01  Aqueous 
  K+                    -1.959     -2.167     1.099E-02     6.806E-03     6.192E-01  Aqueous 
  Na+                   -0.331     -0.502     4.671E-01     3.148E-01     6.740E-01  Aqueous 
  SO4--                 -1.569     -2.367     2.696E-02     4.300E-03     1.595E-01  Aqueous 
  O2(aq)                -3.745     -3.673     1.800E-04     2.124E-04     1.180E+00  Aqueous 
  B(OH)3(aq)            -3.398     -3.326     4.000E-04     4.720E-04     1.180E+00  Aqueous 
  HPO4--                -6.088     -6.885     8.174E-07     1.304E-07     1.595E-01  Aqueous 
  NO3-                  -4.409     -4.617     3.900E-05     2.415E-05     6.192E-01  Aqueous 
  H4SiO4(aq)            -1.597     -1.525     2.529E-02     2.985E-02     1.180E+00  Aqueous 
  HNO3(aq)             -13.094    -13.022     8.060E-14     9.511E-14     1.180E+00  Aqueous 
  Al(OH)2+             -16.600    -16.774     2.512E-17     1.683E-17     6.699E-01  Aqueous 
  AlO2-                -14.077    -14.265     8.374E-15     5.429E-15     6.483E-01  Aqueous 
  AlOH++               -18.036    -18.681     9.212E-19     2.083E-19     2.261E-01  Aqueous 
  BaHCO3+               -8.624     -8.798     2.376E-09     1.591E-09     6.699E-01  Aqueous 
  BaCl+                 -8.130     -8.304     7.418E-09     4.970E-09     6.699E-01  Aqueous 
  BaCO3(aq)            -10.318    -10.246     4.809E-11     5.674E-11     1.180E+00  Aqueous 
  BaOH+                -13.049    -13.223     8.925E-14     5.979E-14     6.699E-01  Aqueous 
  HCO3-                 -2.356     -2.528     4.402E-03     2.967E-03     6.740E-01  Aqueous 
  CO3--                 -4.830     -5.576     1.478E-05     2.652E-06     1.794E-01  Aqueous 
  CaCl+                 -2.718     -2.891     1.916E-03     1.284E-03     6.699E-01  Aqueous 
  CaCl2(aq)             -3.858     -3.786     1.386E-04     1.636E-04     1.180E+00  Aqueous 
  CaOH+                 -7.144     -7.318     7.183E-08     4.812E-08     6.699E-01  Aqueous 
  CaSO4(aq)             -2.280     -2.208     5.248E-03     6.193E-03     1.180E+00  Aqueous 
  FeCl+                 -4.863     -5.037     1.371E-05     9.182E-06     6.699E-01  Aqueous 
  FeCl2(aq)             -7.227     -7.155     5.933E-08     7.001E-08     1.180E+00  Aqueous 
  FeOH+                 -6.345     -6.519     4.521E-07     3.029E-07     6.699E-01  Aqueous 
  FeSO4(aq)             -4.484     -4.412     3.284E-05     3.875E-05     1.180E+00  Aqueous 
  OH-                   -6.297     -6.489     5.044E-07     3.247E-07     6.437E-01  Aqueous 
  HS-                 -135.366   -135.557     4.306-136     2.772-136     6.437E-01  Aqueous 
  H2S(aq)             -135.961   -135.890     1.093-136     1.289-136     1.180E+00  Aqueous 
  H2PO4-                -6.718     -6.889     1.916E-07     1.291E-07     6.740E-01  Aqueous 
  H3PO4(aq)            -11.971    -11.899     1.069E-12     1.261E-12     1.180E+00  Aqueous 
  HAlO2(aq)            -15.287    -15.215     5.162E-16     6.091E-16     1.180E+00  Aqueous 
  HSO4-                 -7.263     -7.451     5.457E-08     3.538E-08     6.483E-01  Aqueous 
  KCl(aq)               -3.186     -3.114     6.513E-04     7.685E-04     1.180E+00  Aqueous 
  KOH(aq)               -9.126     -9.054     7.478E-10     8.824E-10     1.180E+00  Aqueous 
  KSO4-                 -3.447     -3.635     3.571E-04     2.315E-04     6.483E-01  Aqueous 
  NH3(aq)              -64.428    -64.356     3.736E-65     4.409E-65     1.180E+00  Aqueous 
  NaAlO2(aq)           -15.544    -15.472     2.858E-16     3.373E-16     1.180E+00  Aqueous 
  NaOH(aq)              -7.825     -7.753     1.497E-08     1.766E-08     1.180E+00  Aqueous 
  NaSO4-                -1.782     -1.946     1.653E-02     1.133E-02     6.857E-01  Aqueous 
  H2(aq)               -42.736    -42.664     1.837E-43     2.168E-43     1.180E+00  Aqueous 
  CaHPO4(aq)            -6.209     -6.137     6.179E-07     7.292E-07     1.180E+00  Aqueous 
  CaPO4-                -7.373     -7.561     4.236E-08     2.746E-08     6.483E-01  Aqueous 
  FeCO3(aq)             -4.995     -4.923     1.012E-05     1.194E-05     1.180E+00  Aqueous 
  FeH2PO4+              -8.552     -8.726     2.806E-09     1.880E-09     6.699E-01  Aqueous 
  FeHPO4(aq)            -7.901     -7.829     1.256E-08     1.482E-08     1.180E+00  Aqueous 
  FePO4-                -8.462     -8.650     3.452E-09     2.238E-09     6.483E-01  Aqueous 
  KHPO4-                -7.927     -8.115     1.183E-08     7.671E-09     6.483E-01  Aqueous 
  PO4---               -10.125    -11.956     7.505E-11     1.106E-12     1.473E-02  Aqueous 
  S--                 -144.352   -145.053     4.446-145     8.855-146     1.992E-01  Aqueous 
  Sr(CO3)(aq)           -8.563     -8.491     2.734E-09     3.226E-09     1.180E+00  Aqueous 
  SrHCO3+               -6.867     -7.041     1.358E-07     9.100E-08     6.699E-01  Aqueous 
  SrCl+                 -6.323     -6.497     4.748E-07     3.181E-07     6.699E-01  Aqueous 
  SrOH+                -11.292    -11.466     5.108E-12     3.422E-12     6.699E-01  Aqueous 
  SrSO4(aq)             -5.944     -5.873     1.136E-06     1.341E-06     1.180E+00  Aqueous 

  ****** Partial pressure of gases (bars) *****

 CO2(g)               1.4471E-02
 O2(g)                1.9512E-01

  ***** Saturation state of minerals (log[Q/K] *****

  Forsterite               -4.0362
  Enstatite(alpha)         -0.3999
  Anorthite               -12.5478
  Ferropargasite          -16.5497
  Anhydrite                 0.0014
  Clinochlore               0.0226
  Albite(low)              -0.0254
  Fayalite                  0.0831
  Epidote                  -0.0000
  Kaolinite                -7.8047
  Muscovite(ordered)       -8.2693


  ***** Volume of minerals added or subtracted *****

 Forsterite         -6.564284970E-06
 Enstatite(alpha)   -2.798638253E-06
 Anorthite          -1.107409017E-05
 Ferropargasite     -3.088922400E-05
 Anhydrite          -7.902524393E-05
 Clinochlore         1.288656257E-04
 Albite(low)        -6.683888878E-05
 Fayalite            9.887422475E-06
 Epidote            -2.831523895E-14
 Kaolinite          -1.000000000E-10
 Muscovite(ordered) -1.000000000E-10

 **************************************************************
 ------> GRID LOCATION:     2:  1:  1

  Temperature (C)    =     54.977
  Porosity           =      0.081
  Liquid Saturation  =      1.000
  Liquid Density     =    985.727
  Ionic Strength     =      0.693
  Solution pH        =      6.660
  Solution pe and Eh require H2(g) be included
  Total Charge       = -4.244E-06

 Total Aqueous Concentrations of Primary Species 
 --------------------------------------- 

   Species              Molality       Type 
 H+                  -3.8590E-03     Aqueous      
 Al+++                9.3267E-14     Aqueous      
 CO2(aq)              4.7503E-03     Aqueous      
 Mg++                 4.1162E-02     Aqueous      
 Ca++                 2.6085E-02     Aqueous      
 Fe++                 3.4818E-04     Aqueous      
 Fe+++                1.3814E-11     Aqueous      
 Ba++                 2.0001E-07     Aqueous      
 Sr++                 9.0005E-06     Aqueous      
 Cl-                  5.4819E-01     Aqueous      
 K+                   1.2001E-02     Aqueous      
 Na+                  4.8399E-01     Aqueous      
 SO4--                3.9561E-02     Aqueous      
 O2(aq)               1.8001E-04     Aqueous      
 B(OH)3(aq)           4.0002E-04     Aqueous      
 HPO4--               1.7001E-06     Aqueous      
 NO3-                 3.9002E-05     Aqueous      
 H4SiO4(aq)           2.6113E-02     Aqueous      

 Concentrations of Individual Species, Exchangers, and Surface Complexes 
 ----------------------------------------------------------------------- 

                           Log        Log                 Concentration     
 Species              Molality  Activity      Molality    Mol/m^3 blk      Activity   Type

                           Log        Log                                 Activity
 Species              Molality   Activity      Molality      Activity   Coefficient    Type
  H+                    -6.562     -6.660     2.743E-07     2.188E-07     7.978E-01  Aqueous 
  Al+++                -18.812    -19.936     1.543E-19     1.160E-20     7.519E-02  Aqueous 
  CO2(aq)               -3.044     -2.975     9.031E-04     1.059E-03     1.173E+00  Aqueous 
  Mg++                  -1.386     -1.995     4.116E-02     1.011E-02     2.457E-01  Aqueous 
  Ca++                  -1.684     -2.327     2.070E-02     4.710E-03     2.275E-01  Aqueous 
  Fe++                  -3.634     -4.277     2.322E-04     5.282E-05     2.275E-01  Aqueous 
  Fe+++                -10.860    -11.984     1.381E-11     1.039E-12     7.519E-02  Aqueous 
  Ba++                  -6.730     -7.452     1.861E-07     3.535E-08     1.900E-01  Aqueous 
  Sr++                  -5.147     -5.868     7.134E-06     1.356E-06     1.900E-01  Aqueous 
  Cl-                   -0.263     -0.478     5.454E-01     3.327E-01     6.101E-01  Aqueous 
  K+                    -1.962     -2.176     1.092E-02     6.664E-03     6.101E-01  Aqueous 
  Na+                   -0.327     -0.504     4.705E-01     3.130E-01     6.653E-01  Aqueous 
  SO4--                 -1.655     -2.475     2.214E-02     3.350E-03     1.513E-01  Aqueous 
  O2(aq)                -3.745     -3.675     1.800E-04     2.112E-04     1.173E+00  Aqueous 
  B(OH)3(aq)            -3.398     -3.329     4.000E-04     4.693E-04     1.173E+00  Aqueous 
  HPO4--                -6.202     -7.022     6.288E-07     9.515E-08     1.513E-01  Aqueous 
  NO3-                  -4.409     -4.624     3.900E-05     2.379E-05     6.101E-01  Aqueous 
  H4SiO4(aq)            -1.583     -1.514     2.611E-02     3.063E-02     1.173E+00  Aqueous 
  HNO3(aq)             -12.354    -12.284     4.428E-13     5.195E-13     1.173E+00  Aqueous 
  Al(OH)2+             -15.216    -15.396     6.080E-16     4.020E-16     6.612E-01  Aqueous 
  AlO2-                -13.092    -13.286     8.096E-14     5.177E-14     6.394E-01  Aqueous 
  AlOH++               -16.737    -17.402     1.831E-17     3.962E-18     2.164E-01  Aqueous 
  BaHCO3+               -8.455     -8.634     3.510E-09     2.321E-09     6.612E-01  Aqueous 
  BaCl+                 -7.983     -8.162     1.041E-08     6.882E-09     6.612E-01  Aqueous 
  BaCO3(aq)            -10.627    -10.558     2.361E-11     2.770E-11     1.173E+00  Aqueous 
  BaOH+                -12.727    -12.907     1.873E-13     1.239E-13     6.612E-01  Aqueous 
  HCO3-                 -2.416     -2.593     3.836E-03     2.552E-03     6.653E-01  Aqueous 
  CO3--                 -5.312     -6.079     4.880E-06     8.334E-07     1.708E-01  Aqueous 
  CaCl+                 -2.751     -2.931     1.775E-03     1.174E-03     6.612E-01  Aqueous 
  CaCl2(aq)             -3.997     -3.928     1.007E-04     1.182E-04     1.173E+00  Aqueous 
  CaOH+                 -7.040     -7.219     9.125E-08     6.033E-08     6.612E-01  Aqueous 
  CaSO4(aq)             -2.455     -2.385     3.509E-03     4.116E-03     1.173E+00  Aqueous 
  FeCl+                 -4.339     -4.518     4.586E-05     3.032E-05     6.612E-01  Aqueous 
  FeCl2(aq)             -6.797     -6.728     1.595E-07     1.871E-07     1.173E+00  Aqueous 
  FeOH+                 -6.051     -6.230     8.896E-07     5.882E-07     6.612E-01  Aqueous 
  FeSO4(aq)             -4.203     -4.134     6.263E-05     7.347E-05     1.173E+00  Aqueous 
  OH-                   -6.296     -6.493     5.061E-07     3.212E-07     6.348E-01  Aqueous 
  HS-                 -125.833   -126.030     1.470-126     9.329-127     6.348E-01  Aqueous 
  H2S(aq)             -126.069   -126.000     8.528-127     1.000-126     1.173E+00  Aqueous 
  H2PO4-                -6.304     -6.481     4.965E-07     3.303E-07     6.653E-01  Aqueous 
  H3PO4(aq)            -10.906    -10.837     1.241E-11     1.456E-11     1.173E+00  Aqueous 
  HAlO2(aq)            -14.098    -14.029     7.972E-15     9.352E-15     1.173E+00  Aqueous 
  HSO4-                 -6.539     -6.734     2.888E-07     1.846E-07     6.394E-01  Aqueous 
  KCl(aq)               -3.125     -3.055     7.507E-04     8.807E-04     1.173E+00  Aqueous 
  KOH(aq)               -9.001     -8.932     9.974E-10     1.170E-09     1.173E+00  Aqueous 
  KSO4-                 -3.486     -3.680     3.266E-04     2.088E-04     6.394E-01  Aqueous 
  NH3(aq)              -59.789    -59.719     1.627E-60     1.908E-60     1.173E+00  Aqueous 
  NaAlO2(aq)           -14.431    -14.362     3.705E-15     4.346E-15     1.173E+00  Aqueous 
  NaOH(aq)              -7.803     -7.734     1.574E-08     1.846E-08     1.173E+00  Aqueous 
  NaSO4-                -1.869     -2.038     1.352E-02     9.158E-03     6.772E-01  Aqueous 
  H2(aq)               -39.846    -39.777     1.424E-40     1.671E-40     1.173E+00  Aqueous 
  CaHPO4(aq)            -6.294     -6.225     5.080E-07     5.960E-07     1.173E+00  Aqueous 
  CaPO4-                -7.775     -7.969     1.680E-08     1.074E-08     6.394E-01  Aqueous 
  FeCO3(aq)             -5.190     -5.121     6.454E-06     7.571E-06     1.173E+00  Aqueous 
  FeH2PO4+              -7.885     -8.065     1.303E-08     8.615E-09     6.612E-01  Aqueous 
  FeHPO4(aq)            -7.775     -7.706     1.678E-08     1.968E-08     1.173E+00  Aqueous 
  FePO4-                -8.871     -9.065     1.347E-09     8.616E-10     6.394E-01  Aqueous 
  KHPO4-                -7.726     -7.920     1.880E-08     1.202E-08     6.394E-01  Aqueous 
  PO4---               -10.652    -12.535     2.230E-11     2.920E-13     1.310E-02  Aqueous 
  S--                 -134.626   -135.347     2.365-135     4.493-136     1.900E-01  Aqueous 
  Sr(CO3)(aq)           -8.819     -8.750     1.516E-09     1.778E-09     1.173E+00  Aqueous 
  SrHCO3+               -6.637     -6.816     2.309E-07     1.527E-07     6.612E-01  Aqueous 
  SrCl+                 -6.229     -6.409     5.902E-07     3.903E-07     6.612E-01  Aqueous 
  SrOH+                -11.011    -11.191     9.753E-12     6.449E-12     6.612E-01  Aqueous 
  SrSO4(aq)             -5.982     -5.912     1.043E-06     1.224E-06     1.173E+00  Aqueous 

  ****** Partial pressure of gases (bars) *****

 CO2(g)               5.9546E-02
 O2(g)                2.3698E-01

  ***** Saturation state of minerals (log[Q/K] *****

  Forsterite               -3.9790
  Enstatite(alpha)         -0.5164
  Anorthite               -11.2386
  Ferropargasite          -15.2857
  Anhydrite                 0.0073
  Clinochlore               0.0224
  Albite(low)              -0.0250
  Fayalite                  0.0868
  Epidote                  -0.0000
  Kaolinite                -6.7101
  Muscovite(ordered)       -7.0966


  ***** Volume of minerals added or subtracted *****

 Forsterite         -4.832854662E-05
 Enstatite(alpha)   -2.938080282E-06
 Anorthite          -1.107409017E-05
 Ferropargasite     -3.088922400E-05
 Anhydrite          -4.236591269E-05
 Clinochlore         1.310390583E-04
 Albite(low)        -6.889587908E-05
 Fayalite            9.586312822E-06
 Epidote            -1.284015171E-13
 Kaolinite          -1.000000000E-10
 Muscovite(ordered) -1.000000000E-10

 **************************************************************
 ------> GRID LOCATION:     3:  1:  1

  Temperature (C)    =     74.963
  Porosity           =      0.081
  Liquid Saturation  =      1.000
  Liquid Density     =    974.827
  Ionic Strength     =      0.670
  Solution pH        =      6.195
  Solution pe and Eh require H2(g) be included
  Total Charge       = -1.549E-08

 Total Aqueous Concentrations of Primary Species 
 --------------------------------------- 

   Species              Molality       Type 
 H+                  -2.7618E-03     Aqueous      
 Al+++                7.4268E-13     Aqueous      
 CO2(aq)              4.7504E-03     Aqueous      
 Mg++                 4.0007E-02     Aqueous      
 Ca++                 1.8528E-02     Aqueous      
 Fe++                 6.4300E-04     Aqueous      
 Fe+++                3.3721E-11     Aqueous      
 Ba++                 2.0002E-07     Aqueous      
 Sr++                 9.0007E-06     Aqueous      
 Cl-                  5.4820E-01     Aqueous      
 K+                   1.2001E-02     Aqueous      
 Na+                  4.8454E-01     Aqueous      
 SO4--                3.1958E-02     Aqueous      
 O2(aq)               1.8001E-04     Aqueous      
 B(OH)3(aq)           4.0003E-04     Aqueous      
 HPO4--               1.7001E-06     Aqueous      
 NO3-                 3.9003E-05     Aqueous      
 H4SiO4(aq)           2.7217E-02     Aqueous      

 Concentrations of Individual Species, Exchangers, and Surface Complexes 
 ----------------------------------------------------------------------- 

                           Log        Log                 Concentration     
 Species              Molality  Activity      Molality    Mol/m^3 blk      Activity   Type

                           Log        Log                                 Activity
 Species              Molality   Activity      Molality      Activity   Coefficient    Type
  H+                    -6.092     -6.195     8.090E-07     6.386E-07     7.894E-01  Aqueous 
  Al+++                -17.678    -18.842     2.097E-18     1.440E-19     6.867E-02  Aqueous 
  CO2(aq)               -2.701     -2.634     1.993E-03     2.325E-03     1.167E+00  Aqueous 
  Mg++                  -1.398     -2.029     4.001E-02     9.350E-03     2.337E-01  Aqueous 
  Ca++                  -1.836     -2.502     1.457E-02     3.146E-03     2.159E-01  Aqueous 
  Fe++                  -3.406     -4.072     3.922E-04     8.469E-05     2.159E-01  Aqueous 
  Fe+++                -10.472    -11.635     3.372E-11     2.316E-12     6.867E-02  Aqueous 
  Ba++                  -6.742     -7.489     1.810E-07     3.246E-08     1.793E-01  Aqueous 
  Sr++                  -5.154     -5.900     7.014E-06     1.258E-06     1.793E-01  Aqueous 
  Cl-                   -0.263     -0.486     5.454E-01     3.265E-01     5.987E-01  Aqueous 
  K+                    -1.966     -2.189     1.082E-02     6.478E-03     5.987E-01  Aqueous 
  Na+                   -0.325     -0.509     4.730E-01     3.097E-01     6.546E-01  Aqueous 
  SO4--                 -1.749     -2.597     1.782E-02     2.528E-03     1.419E-01  Aqueous 
  O2(aq)                -3.745     -3.678     1.800E-04     2.100E-04     1.167E+00  Aqueous 
  B(OH)3(aq)            -3.398     -3.331     4.000E-04     4.668E-04     1.167E+00  Aqueous 
  HPO4--                -6.419     -7.267     3.809E-07     5.403E-08     1.419E-01  Aqueous 
  NO3-                  -4.409     -4.632     3.900E-05     2.335E-05     5.987E-01  Aqueous 
  H4SiO4(aq)            -1.565     -1.498     2.722E-02     3.176E-02     1.167E+00  Aqueous 
  HNO3(aq)             -11.692    -11.625     2.035E-12     2.374E-12     1.167E+00  Aqueous 
  Al(OH)2+             -13.983    -14.170     1.039E-14     6.758E-15     6.504E-01  Aqueous 
  AlO2-                -12.221    -12.423     6.010E-13     3.776E-13     6.284E-01  Aqueous 
  AlOH++               -15.589    -16.277     2.579E-16     5.289E-17     2.051E-01  Aqueous 
  BaHCO3+               -8.371     -8.557     4.260E-09     2.771E-09     6.504E-01  Aqueous 
  BaCl+                 -7.831     -8.018     1.475E-08     9.593E-09     6.504E-01  Aqueous 
  BaCO3(aq)            -11.002    -10.935     9.950E-12     1.161E-11     1.167E+00  Aqueous 
  BaOH+                -12.458    -12.645     3.484E-13     2.266E-13     6.504E-01  Aqueous 
  HCO3-                 -2.560     -2.744     2.753E-03     1.802E-03     6.546E-01  Aqueous 
  CO3--                 -5.851     -6.645     1.409E-06     2.264E-07     1.606E-01  Aqueous 
  CaCl+                 -2.783     -2.970     1.647E-03     1.072E-03     6.504E-01  Aqueous 
  CaCl2(aq)             -4.100     -4.033     7.948E-05     9.274E-05     1.167E+00  Aqueous 
  CaOH+                 -6.979     -7.166     1.049E-07     6.823E-08     6.504E-01  Aqueous 
  CaSO4(aq)             -2.652     -2.585     2.229E-03     2.601E-03     1.167E+00  Aqueous 
  FeCl+                 -3.857     -4.044     1.390E-04     9.041E-05     6.504E-01  Aqueous 
  FeCl2(aq)             -6.380     -6.313     4.170E-07     4.866E-07     1.167E+00  Aqueous 
  FeOH+                 -5.795     -5.982     1.602E-06     1.042E-06     6.504E-01  Aqueous 
  FeSO4(aq)             -3.974     -3.906     1.063E-04     1.240E-04     1.167E+00  Aqueous 
  OH-                   -6.313     -6.518     4.864E-07     3.034E-07     6.237E-01  Aqueous 
  HS-                 -117.331   -117.537     4.661-118     2.907-118     6.237E-01  Aqueous 
  H2S(aq)             -117.222   -117.155     6.000-118     7.001-118     1.167E+00  Aqueous 
  H2PO4-                -6.039     -6.223     9.137E-07     5.981E-07     6.546E-01  Aqueous 
  H3PO4(aq)            -10.059     -9.992     8.734E-11     1.019E-10     1.167E+00  Aqueous 
  HAlO2(aq)            -13.028    -12.961     9.385E-14     1.095E-13     1.167E+00  Aqueous 
  HSO4-                 -5.892     -6.093     1.284E-06     8.065E-07     6.284E-01  Aqueous 
  KCl(aq)               -3.056     -2.989     8.787E-04     1.025E-03     1.167E+00  Aqueous 
  KOH(aq)               -8.899     -8.832     1.261E-09     1.472E-09     1.167E+00  Aqueous 
  KSO4-                 -3.519     -3.721     3.027E-04     1.902E-04     6.284E-01  Aqueous 
  NH3(aq)              -55.612    -55.545     2.445E-56     2.853E-56     1.167E+00  Aqueous 
  NaAlO2(aq)           -13.429    -13.362     3.721E-14     4.342E-14     1.167E+00  Aqueous 
  NaOH(aq)              -7.773     -7.706     1.685E-08     1.966E-08     1.167E+00  Aqueous 
  NaSO4-                -1.939     -2.116     1.150E-02     7.664E-03     6.666E-01  Aqueous 
  H2(aq)               -37.255    -37.188     5.556E-38     6.483E-38     1.167E+00  Aqueous 
  CaHPO4(aq)            -6.493     -6.426     3.213E-07     3.749E-07     1.167E+00  Aqueous 
  CaPO4-                -8.241     -8.443     5.742E-09     3.608E-09     6.284E-01  Aqueous 
  FeCO3(aq)             -5.468     -5.401     3.404E-06     3.971E-06     1.167E+00  Aqueous 
  FeH2PO4+              -7.415     -7.602     3.845E-08     2.501E-08     6.504E-01  Aqueous 
  FeHPO4(aq)            -7.775     -7.708     1.678E-08     1.958E-08     1.167E+00  Aqueous 
  FePO4-                -9.330     -9.532     4.675E-10     2.937E-10     6.284E-01  Aqueous 
  KHPO4-                -7.643     -7.845     2.275E-08     1.430E-08     6.284E-01  Aqueous 
  PO4---               -11.257    -13.203     5.536E-12     6.273E-14     1.133E-02  Aqueous 
  S--                 -125.981   -126.727     1.045-126     1.874-127     1.793E-01  Aqueous 
  Sr(CO3)(aq)           -9.147     -9.080     7.128E-10     8.317E-10     1.167E+00  Aqueous 
  SrHCO3+               -6.490     -6.677     3.233E-07     2.103E-07     6.504E-01  Aqueous 
  SrCl+                 -6.121     -6.308     7.563E-07     4.919E-07     6.504E-01  Aqueous 
  SrOH+                -10.769    -10.956     1.703E-11     1.107E-11     6.504E-01  Aqueous 
  SrSO4(aq)             -6.043     -5.976     9.066E-07     1.058E-06     1.167E+00  Aqueous 

  ****** Partial pressure of gases (bars) *****

 CO2(g)               1.7302E-01
 O2(g)                2.6175E-01

  ***** Saturation state of minerals (log[Q/K] *****

  Forsterite               -3.9192
  Enstatite(alpha)         -0.6155
  Anorthite               -10.0918
  Ferropargasite          -14.1943
  Anhydrite                 0.0087
  Clinochlore               0.0220
  Albite(low)              -0.0242
  Fayalite                  0.0926
  Epidote                  -0.0000
  Kaolinite                -5.7486
  Muscovite(ordered)       -6.0532


  ***** Volume of minerals added or subtracted *****

 Forsterite         -4.830772267E-05
 Enstatite(alpha)   -3.024159434E-06
 Anorthite          -1.107409017E-05
 Ferropargasite     -3.088922400E-05
 Anhydrite          -1.428124077E-05
 Clinochlore         1.346411238E-04
 Albite(low)        -7.230495848E-05
 Fayalite            9.048193214E-06
 Epidote            -3.559371774E-13
 Kaolinite          -1.000000000E-10
 Muscovite(ordered) -1.000000000E-10

 **************************************************************
 ------> GRID LOCATION:     4:  1:  1

  Temperature (C)    =     94.947
  Porosity           =      0.081
  Liquid Saturation  =      1.000
  Liquid Density     =    961.729
  Ionic Strength     =      0.651
  Solution pH        =      5.791
  Solution pe and Eh require H2(g) be included
  Total Charge       = -2.736E-09

 Total Aqueous Concentrations of Primary Species 
 --------------------------------------- 

   Species              Molality       Type 
 H+                  -1.5236E-03     Aqueous      
 Al+++                4.8119E-12     Aqueous      
 CO2(aq)              4.7505E-03     Aqueous      
 Mg++                 3.8482E-02     Aqueous      
 Ca++                 1.2946E-02     Aqueous      
 Fe++                 1.1568E-03     Aqueous      
 Fe+++                7.6113E-11     Aqueous      
 Ba++                 2.0002E-07     Aqueous      
 Sr++                 9.0009E-06     Aqueous      
 Cl-                  5.4821E-01     Aqueous      
 K+                   1.2001E-02     Aqueous      
 Na+                  4.8522E-01     Aqueous      
 SO4--                2.6320E-02     Aqueous      
 O2(aq)               1.8002E-04     Aqueous      
 B(OH)3(aq)           4.0004E-04     Aqueous      
 HPO4--               1.7002E-06     Aqueous      
 NO3-                 3.9004E-05     Aqueous      
 H4SiO4(aq)           2.8615E-02     Aqueous      

 Concentrations of Individual Species, Exchangers, and Surface Complexes 
 ----------------------------------------------------------------------- 

                           Log        Log                 Concentration     
 Species              Molality  Activity      Molality    Mol/m^3 blk      Activity   Type

                           Log        Log                                 Activity
 Species              Molality   Activity      Molality      Activity   Coefficient    Type
  H+                    -5.683     -5.791     2.074E-06     1.617E-06     7.800E-01  Aqueous 
  Al+++                -16.706    -17.914     1.969E-17     1.219E-18     6.191E-02  Aqueous 
  CO2(aq)               -2.492     -2.427     3.224E-03     3.745E-03     1.162E+00  Aqueous 
  Mg++                  -1.415     -2.071     3.848E-02     8.492E-03     2.207E-01  Aqueous 
  Ca++                  -2.001     -2.693     9.983E-03     2.030E-03     2.033E-01  Aqueous 
  Fe++                  -3.218     -3.909     6.058E-04     1.232E-04     2.033E-01  Aqueous 
  Fe+++                -10.119    -11.327     7.611E-11     4.712E-12     6.191E-02  Aqueous 
  Ba++                  -6.757     -7.532     1.752E-07     2.938E-08     1.677E-01  Aqueous 
  Sr++                  -5.161     -5.936     6.908E-06     1.159E-06     1.677E-01  Aqueous 
  Cl-                   -0.263     -0.496     5.451E-01     3.193E-01     5.858E-01  Aqueous 
  K+                    -1.971     -2.204     1.068E-02     6.259E-03     5.858E-01  Aqueous 
  Na+                   -0.323     -0.515     4.751E-01     3.052E-01     6.424E-01  Aqueous 
  SO4--                 -1.843     -2.724     1.437E-02     1.890E-03     1.316E-01  Aqueous 
  O2(aq)                -3.745     -3.680     1.800E-04     2.091E-04     1.162E+00  Aqueous 
  B(OH)3(aq)            -3.398     -3.333     4.000E-04     4.647E-04     1.162E+00  Aqueous 
  HPO4--                -6.727     -7.608     1.875E-07     2.466E-08     1.316E-01  Aqueous 
  NO3-                  -4.409     -4.641     3.900E-05     2.285E-05     5.858E-01  Aqueous 
  H4SiO4(aq)            -1.543     -1.478     2.862E-02     3.324E-02     1.162E+00  Aqueous 
  HNO3(aq)             -11.098    -11.033     7.975E-12     9.265E-12     1.162E+00  Aqueous 
  Al(OH)2+             -12.888    -13.083     1.295E-13     8.265E-14     6.382E-01  Aqueous 
  AlO2-                -11.453    -11.663     3.525E-12     2.171E-12     6.158E-01  Aqueous 
  AlOH++               -14.577    -15.292     2.651E-15     5.110E-16     1.927E-01  Aqueous 
  BaHCO3+               -8.405     -8.600     3.939E-09     2.514E-09     6.382E-01  Aqueous 
  BaCl+                 -7.680     -7.875     2.091E-08     1.335E-08     6.382E-01  Aqueous 
  BaCO3(aq)            -11.473    -11.408     3.364E-12     3.907E-12     1.162E+00  Aqueous 
  BaOH+                -12.230    -12.425     5.892E-13     3.760E-13     6.382E-01  Aqueous 
  HCO3-                 -2.817     -3.009     1.525E-03     9.796E-04     6.424E-01  Aqueous 
  CO3--                 -6.476     -7.301     3.344E-07     5.005E-08     1.497E-01  Aqueous 
  CaCl+                 -2.816     -3.011     1.527E-03     9.744E-04     6.382E-01  Aqueous 
  CaCl2(aq)             -4.178     -4.113     6.642E-05     7.716E-05     1.162E+00  Aqueous 
  CaOH+                 -6.951     -7.146     1.118E-07     7.137E-08     6.382E-01  Aqueous 
  CaSO4(aq)             -2.863     -2.798     1.370E-03     1.592E-03     1.162E+00  Aqueous 
  FeCl+                 -3.418     -3.613     3.823E-04     2.440E-04     6.382E-01  Aqueous 
  FeCl2(aq)             -5.982     -5.917     1.043E-06     1.211E-06     1.162E+00  Aqueous 
  FeOH+                 -5.574     -5.769     2.666E-06     1.702E-06     6.382E-01  Aqueous 
  FeSO4(aq)             -3.787     -3.721     1.635E-04     1.899E-04     1.162E+00  Aqueous 
  OH-                   -6.341     -6.555     4.557E-07     2.785E-07     6.110E-01  Aqueous 
  HS-                 -109.700   -109.914     1.995-110     1.219-110     6.110E-01  Aqueous 
  H2S(aq)             -109.262   -109.197     5.473-110     6.358-110     1.162E+00  Aqueous 
  H2PO4-                -5.907     -6.099     1.240E-06     7.964E-07     6.424E-01  Aqueous 
  H3PO4(aq)             -9.405     -9.340     3.936E-10     4.572E-10     1.162E+00  Aqueous 
  HAlO2(aq)            -12.066    -12.000     8.599E-13     9.989E-13     1.162E+00  Aqueous 
  HSO4-                 -5.306     -5.517     4.942E-06     3.043E-06     6.158E-01  Aqueous 
  KCl(aq)               -2.987     -2.922     1.031E-03     1.197E-03     1.162E+00  Aqueous 
  KOH(aq)               -8.816     -8.751     1.528E-09     1.775E-09     1.162E+00  Aqueous 
  KSO4-                 -3.544     -3.755     2.856E-04     1.759E-04     6.158E-01  Aqueous 
  NH3(aq)              -51.832    -51.767     1.473E-52     1.711E-52     1.162E+00  Aqueous 
  NaAlO2(aq)           -12.530    -12.465     2.951E-13     3.428E-13     1.162E+00  Aqueous 
  NaOH(aq)              -7.738     -7.673     1.827E-08     2.122E-08     1.162E+00  Aqueous 
  NaSO4-                -1.994     -2.178     1.013E-02     6.631E-03     6.547E-01  Aqueous 
  H2(aq)               -34.918    -34.853     1.208E-35     1.403E-35     1.162E+00  Aqueous 
  CaHPO4(aq)            -6.794     -6.729     1.606E-07     1.866E-07     1.162E+00  Aqueous 
  CaPO4-                -8.768     -8.979     1.706E-09     1.051E-09     6.158E-01  Aqueous 
  FeCO3(aq)             -5.860     -5.795     1.381E-06     1.605E-06     1.162E+00  Aqueous 
  FeH2PO4+              -7.120     -7.315     7.589E-08     4.843E-08     6.382E-01  Aqueous 
  FeHPO4(aq)            -7.890     -7.825     1.289E-08     1.497E-08     1.162E+00  Aqueous 
  FePO4-                -9.842    -10.052     1.440E-10     8.867E-11     6.158E-01  Aqueous 
  KHPO4-                -7.668     -7.879     2.147E-08     1.322E-08     6.158E-01  Aqueous 
  PO4---               -11.925    -13.944     1.189E-12     1.138E-14     9.573E-03  Aqueous 
  S--                 -118.245   -119.020     5.692-119     9.547-120     1.677E-01  Aqueous 
  Sr(CO3)(aq)           -9.574     -9.509     2.669E-10     3.100E-10     1.162E+00  Aqueous 
  SrHCO3+               -6.461     -6.656     3.458E-07     2.207E-07     6.382E-01  Aqueous 
  SrCl+                 -6.005     -6.200     9.881E-07     6.306E-07     6.382E-01  Aqueous 
  SrOH+                -10.557    -10.752     2.775E-11     1.771E-11     6.382E-01  Aqueous 
  SrSO4(aq)             -6.120     -6.055     7.582E-07     8.808E-07     1.162E+00  Aqueous 

  ****** Partial pressure of gases (bars) *****

 CO2(g)               3.3884E-01
 O2(g)                2.6963E-01

  ***** Saturation state of minerals (log[Q/K] *****

  Forsterite               -3.8520
  Enstatite(alpha)         -0.6962
  Anorthite                -9.0894
  Ferropargasite          -13.2511
  Anhydrite                 0.0093
  Clinochlore               0.0216
  Albite(low)              -0.0232
  Fayalite                  0.1015
  Epidote                  -0.0000
  Kaolinite                -4.9094
  Muscovite(ordered)       -5.1349


  ***** Volume of minerals added or subtracted *****

 Forsterite         -4.818037880E-05
 Enstatite(alpha)   -3.076353842E-06
 Anorthite          -1.107409017E-05
 Ferropargasite     -3.088922400E-05
 Anhydrite           6.164023989E-06
 Clinochlore         1.390151754E-04
 Albite(low)        -7.644466334E-05
 Fayalite            8.128540020E-06
 Epidote            -8.174943140E-13
 Kaolinite          -1.000000000E-10
 Muscovite(ordered) -1.000000000E-10

 **************************************************************
 ------> GRID LOCATION:     5:  1:  1

  Temperature (C)    =    114.932
  Porosity           =      0.081
  Liquid Saturation  =      1.000
  Liquid Density     =    946.640
  Ionic Strength     =      0.635
  Solution pH        =      5.439
  Solution pe and Eh require H2(g) be included
  Total Charge       =  2.342E-08

 Total Aqueous Concentrations of Primary Species 
 --------------------------------------- 

   Species              Molality       Type 
 H+                  -6.7276E-04     Aqueous      
 Al+++                2.6114E-11     Aqueous      
 CO2(aq)              4.7505E-03     Aqueous      
 Mg++                 3.6700E-02     Aqueous      
 Ca++                 8.9441E-03     Aqueous      
 Fe++                 2.0716E-03     Aqueous      
 Fe+++                1.6325E-10     Aqueous      
 Ba++                 2.0002E-07     Aqueous      
 Sr++                 9.0010E-06     Aqueous      
 Cl-                  5.4821E-01     Aqueous      
 K+                   1.2001E-02     Aqueous      
 Na+                  4.8598E-01     Aqueous      
 SO4--                2.2250E-02     Aqueous      
 O2(aq)               1.8002E-04     Aqueous      
 B(OH)3(aq)           4.0004E-04     Aqueous      
 HPO4--               1.7002E-06     Aqueous      
 NO3-                 3.9004E-05     Aqueous      
 H4SiO4(aq)           3.0305E-02     Aqueous      

 Concentrations of Individual Species, Exchangers, and Surface Complexes 
 ----------------------------------------------------------------------- 

                           Log        Log                 Concentration     
 Species              Molality  Activity      Molality    Mol/m^3 blk      Activity   Type

                           Log        Log                                 Activity
 Species              Molality   Activity      Molality      Activity   Coefficient    Type
  H+                    -5.326     -5.439     4.724E-06     3.637E-06     7.699E-01  Aqueous 
  Al+++                -15.875    -17.133     1.335E-16     7.363E-18     5.517E-02  Aqueous 
  CO2(aq)               -2.391     -2.328     4.060E-03     4.700E-03     1.158E+00  Aqueous 
  Mg++                  -1.435     -2.119     3.670E-02     7.596E-03     2.070E-01  Aqueous 
  Ca++                  -2.177     -2.898     6.658E-03     1.265E-03     1.901E-01  Aqueous 
  Fe++                  -3.062     -3.783     8.666E-04     1.647E-04     1.901E-01  Aqueous 
  Fe+++                 -9.787    -11.045     1.633E-10     9.006E-12     5.517E-02  Aqueous 
  Ba++                  -6.776     -7.584     1.677E-07     2.609E-08     1.556E-01  Aqueous 
  Sr++                  -5.169     -5.977     6.784E-06     1.055E-06     1.556E-01  Aqueous 
  Cl-                   -0.264     -0.507     5.445E-01     3.112E-01     5.715E-01  Aqueous 
  K+                    -1.978     -2.221     1.052E-02     6.012E-03     5.715E-01  Aqueous 
  Na+                   -0.322     -0.523     4.768E-01     2.999E-01     6.291E-01  Aqueous 
  SO4--                 -1.933     -2.850     1.168E-02     1.411E-03     1.209E-01  Aqueous 
  O2(aq)                -3.745     -3.681     1.800E-04     2.084E-04     1.158E+00  Aqueous 
  B(OH)3(aq)            -3.398     -3.334     4.000E-04     4.631E-04     1.158E+00  Aqueous 
  HPO4--                -7.077     -7.995     8.368E-08     1.011E-08     1.209E-01  Aqueous 
  NO3-                  -4.409     -4.652     3.900E-05     2.229E-05     5.715E-01  Aqueous 
  H4SiO4(aq)            -1.518     -1.455     3.031E-02     3.508E-02     1.158E+00  Aqueous 
  HNO3(aq)             -10.564    -10.500     2.732E-11     3.162E-11     1.158E+00  Aqueous 
  Al(OH)2+             -11.914    -12.119     1.218E-12     7.611E-13     6.248E-01  Aqueous 
  AlO2-                -10.777    -10.997     1.671E-11     1.006E-11     6.020E-01  Aqueous 
  AlOH++               -13.687    -14.432     2.057E-14     3.698E-15     1.798E-01  Aqueous 
  BaHCO3+               -8.535     -8.739     2.916E-09     1.822E-09     6.248E-01  Aqueous 
  BaCl+                 -7.531     -7.735     2.944E-08     1.840E-08     6.248E-01  Aqueous 
  BaCO3(aq)            -12.018    -11.955     9.591E-13     1.110E-12     1.158E+00  Aqueous 
  BaOH+                -12.037    -12.242     9.175E-13     5.733E-13     6.248E-01  Aqueous 
  HCO3-                 -3.161     -3.362     6.899E-04     4.340E-04     6.291E-01  Aqueous 
  CO3--                 -7.164     -8.024     6.850E-08     9.466E-09     1.382E-01  Aqueous 
  CaCl+                 -2.852     -3.057     1.405E-03     8.780E-04     6.248E-01  Aqueous 
  CaCl2(aq)             -4.237     -4.174     5.790E-05     6.702E-05     1.158E+00  Aqueous 
  CaOH+                 -6.952     -7.157     1.116E-07     6.973E-08     6.248E-01  Aqueous 
  CaSO4(aq)             -3.084     -3.021     8.232E-04     9.529E-04     1.158E+00  Aqueous 
  FeCl+                 -3.016     -3.220     9.648E-04     6.029E-04     6.248E-01  Aqueous 
  FeCl2(aq)             -5.602     -5.538     2.502E-06     2.896E-06     1.158E+00  Aqueous 
  FeOH+                 -5.383     -5.587     4.143E-06     2.588E-06     6.248E-01  Aqueous 
  FeSO4(aq)             -3.633     -3.569     2.329E-04     2.697E-04     1.158E+00  Aqueous 
  OH-                   -6.378     -6.602     4.185E-07     2.499E-07     5.972E-01  Aqueous 
  HS-                 -102.807   -103.031     1.558-103     9.303-104     5.972E-01  Aqueous 
  H2S(aq)             -102.057   -101.993     8.772-103     1.015-102     1.158E+00  Aqueous 
  H2PO4-                -5.853     -6.054     1.403E-06     8.824E-07     6.291E-01  Aqueous 
  H3PO4(aq)             -8.881     -8.818     1.314E-09     1.521E-09     1.158E+00  Aqueous 
  HAlO2(aq)            -11.202    -11.139     6.274E-12     7.263E-12     1.158E+00  Aqueous 
  HSO4-                 -4.772     -4.992     1.690E-05     1.017E-05     6.020E-01  Aqueous 
  KCl(aq)               -2.918     -2.855     1.207E-03     1.397E-03     1.158E+00  Aqueous 
  KOH(aq)               -8.748     -8.685     1.785E-09     2.067E-09     1.158E+00  Aqueous 
  KSO4-                 -3.561     -3.782     2.746E-04     1.653E-04     6.020E-01  Aqueous 
  NH3(aq)              -48.393    -48.329     4.050E-49     4.688E-49     1.158E+00  Aqueous 
  NaAlO2(aq)           -11.724    -11.660     1.889E-12     2.186E-12     1.158E+00  Aqueous 
  NaOH(aq)              -7.699     -7.635     2.001E-08     2.317E-08     1.158E+00  Aqueous 
  NaSO4-                -2.035     -2.228     9.225E-03     5.919E-03     6.416E-01  Aqueous 
  H2(aq)               -32.798    -32.734     1.592E-33     1.843E-33     1.158E+00  Aqueous 
  CaHPO4(aq)            -7.149     -7.086     7.094E-08     8.212E-08     1.158E+00  Aqueous 
  CaPO4-                -9.314     -9.534     4.854E-10     2.922E-10     6.020E-01  Aqueous 
  FeCO3(aq)             -6.339     -6.276     4.578E-07     5.299E-07     1.158E+00  Aqueous 
  FeH2PO4+              -6.940     -7.144     1.149E-07     7.176E-08     6.248E-01  Aqueous 
  FeHPO4(aq)            -8.069     -8.006     8.523E-09     9.866E-09     1.158E+00  Aqueous 
  FePO4-               -10.365    -10.585     4.316E-11     2.598E-11     6.020E-01  Aqueous 
  KHPO4-                -7.751     -7.972     1.773E-08     1.067E-08     6.020E-01  Aqueous 
  PO4---               -12.611    -14.713     2.450E-13     1.938E-15     7.911E-03  Aqueous 
  S--                 -111.278   -112.086     5.274-112     8.205-113     1.556E-01  Aqueous 
  Sr(CO3)(aq)          -10.076    -10.013     8.389E-11     9.711E-11     1.158E+00  Aqueous 
  SrHCO3+               -6.528     -6.732     2.967E-07     1.854E-07     6.248E-01  Aqueous 
  SrCl+                 -5.885     -6.089     1.304E-06     8.145E-07     6.248E-01  Aqueous 
  SrOH+                -10.371    -10.575     4.254E-11     2.658E-11     6.248E-01  Aqueous 
  SrSO4(aq)             -6.210     -6.146     6.167E-07     7.139E-07     1.158E+00  Aqueous 

  ****** Partial pressure of gases (bars) *****

 CO2(g)               4.8335E-01
 O2(g)                2.6343E-01

  ***** Saturation state of minerals (log[Q/K] *****

  Forsterite               -3.7758
  Enstatite(alpha)         -0.7589
  Anorthite                -8.2170
  Ferropargasite          -12.4411
  Anhydrite                 0.0098
  Clinochlore               0.0209
  Albite(low)              -0.0217
  Fayalite                  0.1145
  Epidote                  -0.0000
  Kaolinite                -4.1795
  Muscovite(ordered)       -4.3326


  ***** Volume of minerals added or subtracted *****

 Forsterite         -4.790400370E-05
 Enstatite(alpha)   -3.105979613E-06
 Anorthite          -1.107409017E-05
 Ferropargasite     -3.088922400E-05
 Anhydrite           2.044909183E-05
 Clinochlore         1.436727459E-04
 Albite(low)        -8.085269697E-05
 Fayalite            6.523719979E-06
 Epidote            -1.747302703E-12
 Kaolinite          -1.000000000E-10
 Muscovite(ordered) -1.000000000E-10

 **************************************************************
 ------> GRID LOCATION:     6:  1:  1

  Temperature (C)    =    134.917
  Porosity           =      0.081
  Liquid Saturation  =      1.000
  Liquid Density     =    929.684
  Ionic Strength     =      0.622
  Solution pH        =      5.136
  Solution pe and Eh require H2(g) be included
  Total Charge       =  2.529E-08

 Total Aqueous Concentrations of Primary Species 
 --------------------------------------- 

   Species              Molality       Type 
 H+                  -2.3045E-04     Aqueous      
 Al+++                1.1757E-10     Aqueous      
 CO2(aq)              4.7506E-03     Aqueous      
 Mg++                 3.4354E-02     Aqueous      
 Ca++                 6.1253E-03     Aqueous      
 Fe++                 3.6476E-03     Aqueous      
 Fe+++                3.3380E-10     Aqueous      
 Ba++                 2.0003E-07     Aqueous      
 Sr++                 9.0012E-06     Aqueous      
 Cl-                  5.4822E-01     Aqueous      
 K+                   1.2002E-02     Aqueous      
 Na+                  4.8693E-01     Aqueous      
 SO4--                1.9354E-02     Aqueous      
 O2(aq)               1.8002E-04     Aqueous      
 B(OH)3(aq)           4.0005E-04     Aqueous      
 HPO4--               1.7002E-06     Aqueous      
 NO3-                 3.9005E-05     Aqueous      
 H4SiO4(aq)           3.2579E-02     Aqueous      

 Concentrations of Individual Species, Exchangers, and Surface Complexes 
 ----------------------------------------------------------------------- 

                           Log        Log                 Concentration     
 Species              Molality  Activity      Molality    Mol/m^3 blk      Activity   Type

                           Log        Log                                 Activity
 Species              Molality   Activity      Molality      Activity   Coefficient    Type
  H+                    -5.016     -5.136     9.643E-06     7.318E-06     7.589E-01  Aqueous 
  Al+++                -15.199    -16.512     6.329E-16     3.075E-17     4.858E-02  Aqueous 
  CO2(aq)               -2.350     -2.288     4.464E-03     5.151E-03     1.154E+00  Aqueous 
  Mg++                  -1.464     -2.179     3.435E-02     6.625E-03     1.928E-01  Aqueous 
  Ca++                  -2.366     -3.119     4.308E-03     7.599E-04     1.764E-01  Aqueous 
  Fe++                  -2.948     -3.701     1.128E-03     1.990E-04     1.764E-01  Aqueous 
  Fe+++                 -9.477    -10.790     3.338E-10     1.622E-11     4.858E-02  Aqueous 
  Ba++                  -6.803     -7.648     1.572E-07     2.251E-08     1.432E-01  Aqueous 
  Sr++                  -5.183     -6.027     6.566E-06     9.400E-07     1.432E-01  Aqueous 
  Cl-                   -0.265     -0.520     5.432E-01     3.020E-01     5.560E-01  Aqueous 
  K+                    -1.986     -2.241     1.032E-02     5.738E-03     5.560E-01  Aqueous 
  Na+                   -0.320     -0.532     4.783E-01     2.940E-01     6.147E-01  Aqueous 
  SO4--                 -2.019     -2.978     9.574E-03     1.053E-03     1.100E-01  Aqueous 
  O2(aq)                -3.745     -3.682     1.800E-04     2.078E-04     1.154E+00  Aqueous 
  B(OH)3(aq)            -3.398     -3.336     4.001E-04     4.617E-04     1.154E+00  Aqueous 
  HPO4--                -7.428     -8.387     3.729E-08     4.101E-09     1.100E-01  Aqueous 
  NO3-                  -4.409     -4.664     3.900E-05     2.169E-05     5.560E-01  Aqueous 
  H4SiO4(aq)            -1.487     -1.425     3.258E-02     3.760E-02     1.154E+00  Aqueous 
  HNO3(aq)             -10.082    -10.019     8.287E-11     9.564E-11     1.154E+00  Aqueous 
  Al(OH)2+             -11.071    -11.286     8.490E-12     5.182E-12     6.103E-01  Aqueous 
  AlO2-                -10.198    -10.429     6.342E-11     3.723E-11     5.871E-01  Aqueous 
  AlOH++               -12.932    -13.711     1.170E-13     1.947E-14     1.665E-01  Aqueous 
  BaHCO3+               -8.714     -8.929     1.932E-09     1.179E-09     6.103E-01  Aqueous 
  BaCl+                 -7.389     -7.603     4.087E-08     2.494E-08     6.103E-01  Aqueous 
  BaCO3(aq)            -12.585    -12.522     2.602E-13     3.003E-13     1.154E+00  Aqueous 
  BaOH+                -11.874    -12.089     1.335E-12     8.148E-13     6.103E-01  Aqueous 
  HCO3-                 -3.543     -3.754     2.865E-04     1.761E-04     6.147E-01  Aqueous 
  CO3--                 -7.866     -8.764     1.361E-08     1.722E-09     1.265E-01  Aqueous 
  CaCl+                 -2.893     -3.108     1.279E-03     7.804E-04     6.103E-01  Aqueous 
  CaCl2(aq)             -4.282     -4.220     5.218E-05     6.022E-05     1.154E+00  Aqueous 
  CaOH+                 -6.976     -7.190     1.057E-07     6.451E-08     6.103E-01  Aqueous 
  CaSO4(aq)             -3.313     -3.251     4.867E-04     5.617E-04     1.154E+00  Aqueous 
  FeCl+                 -2.657     -2.872     2.202E-03     1.344E-03     6.103E-01  Aqueous 
  FeCl2(aq)             -5.247     -5.185     5.662E-06     6.534E-06     1.154E+00  Aqueous 
  FeOH+                 -5.225     -5.439     5.958E-06     3.636E-06     6.103E-01  Aqueous 
  FeSO4(aq)             -3.515     -3.453     3.055E-04     3.526E-04     1.154E+00  Aqueous 
  OH-                   -6.420     -6.655     3.806E-07     2.215E-07     5.821E-01  Aqueous 
  HS-                  -96.551    -96.786     2.810E-97     1.636E-97     5.821E-01  Aqueous 
  H2S(aq)              -95.506    -95.444     3.118E-96     3.598E-96     1.154E+00  Aqueous 
  H2PO4-                -5.834     -6.046     1.464E-06     9.000E-07     6.147E-01  Aqueous 
  H3PO4(aq)             -8.440     -8.377     3.635E-09     4.195E-09     1.154E+00  Aqueous 
  HAlO2(aq)            -10.445    -10.383     3.585E-11     4.138E-11     1.154E+00  Aqueous 
  HSO4-                 -4.286     -4.517     5.182E-05     3.042E-05     5.871E-01  Aqueous 
  KCl(aq)               -2.850     -2.788     1.412E-03     1.630E-03     1.154E+00  Aqueous 
  KOH(aq)               -8.690     -8.628     2.042E-09     2.357E-09     1.154E+00  Aqueous 
  KSO4-                 -3.570     -3.802     2.690E-04     1.579E-04     5.871E-01  Aqueous 
  NH3(aq)              -45.249    -45.187     5.630E-46     6.498E-46     1.154E+00  Aqueous 
  NaAlO2(aq)           -11.013    -10.951     9.697E-12     1.119E-11     1.154E+00  Aqueous 
  NaOH(aq)              -7.649     -7.587     2.242E-08     2.587E-08     1.154E+00  Aqueous 
  NaSO4-                -2.062     -2.265     8.666E-03     5.437E-03     6.274E-01  Aqueous 
  H2(aq)               -30.864    -30.802     1.366E-31     1.577E-31     1.154E+00  Aqueous 
  CaHPO4(aq)            -7.514     -7.451     3.064E-08     3.536E-08     1.154E+00  Aqueous 
  CaPO4-                -9.835    -10.067     1.461E-10     8.578E-11     5.871E-01  Aqueous 
  FeCO3(aq)             -6.861     -6.799     1.377E-07     1.589E-07     1.154E+00  Aqueous 
  FeH2PO4+              -6.839     -7.053     1.449E-07     8.844E-08     6.103E-01  Aqueous 
  FeHPO4(aq)            -8.281     -8.219     5.237E-09     6.043E-09     1.154E+00  Aqueous 
  FePO4-               -10.870    -11.102     1.348E-11     7.911E-12     5.871E-01  Aqueous 
  KHPO4-                -7.845     -8.077     1.428E-08     8.384E-09     5.871E-01  Aqueous 
  PO4---               -13.273    -15.467     5.337E-14     3.416E-16     6.400E-03  Aqueous 
  S--                 -104.965   -105.809     1.084-105     1.552-106     1.432E-01  Aqueous 
  Sr(CO3)(aq)          -10.602    -10.540     2.498E-11     2.883E-11     1.154E+00  Aqueous 
  SrHCO3+               -6.642     -6.857     2.278E-07     1.390E-07     6.103E-01  Aqueous 
  SrCl+                 -5.765     -5.980     1.717E-06     1.048E-06     6.103E-01  Aqueous 
  SrOH+                -10.208    -10.422     6.194E-11     3.780E-11     6.103E-01  Aqueous 
  SrSO4(aq)             -6.310     -6.248     4.898E-07     5.652E-07     1.154E+00  Aqueous 

  ****** Partial pressure of gases (bars) *****

 CO2(g)               5.7022E-01
 O2(g)                2.4682E-01

  ***** Saturation state of minerals (log[Q/K] *****

  Forsterite               -3.6774
  Enstatite(alpha)         -0.7964
  Anorthite                -7.4795
  Ferropargasite          -11.7688
  Anhydrite                 0.0103
  Clinochlore               0.0200
  Albite(low)              -0.0197
  Fayalite                  0.1301
  Epidote                  -0.0000
  Kaolinite                -3.5725
  Muscovite(ordered)       -3.6700


  ***** Volume of minerals added or subtracted *****

 Forsterite         -4.744864799E-05
 Enstatite(alpha)   -3.116116666E-06
 Anorthite          -1.107409017E-05
 Ferropargasite     -3.088922400E-05
 Anhydrite           3.013446772E-05
 Clinochlore         1.494754859E-04
 Albite(low)        -8.634454498E-05
 Fayalite            3.822761513E-06
 Epidote            -3.516330942E-12
 Kaolinite          -1.000000000E-10
 Muscovite(ordered) -1.000000000E-10

 **************************************************************
 ------> GRID LOCATION:     7:  1:  1

  Temperature (C)    =    154.903
  Porosity           =      0.081
  Liquid Saturation  =      1.000
  Liquid Density     =    910.941
  Ionic Strength     =      0.609
  Solution pH        =      4.880
  Solution pe and Eh require H2(g) be included
  Total Charge       =  2.096E-08

 Total Aqueous Concentrations of Primary Species 
 --------------------------------------- 

   Species              Molality       Type 
 H+                   3.4349E-05     Aqueous      
 Al+++                4.2813E-10     Aqueous      
 CO2(aq)              4.7507E-03     Aqueous      
 Mg++                 3.1027E-02     Aqueous      
 Ca++                 4.1780E-03     Aqueous      
 Fe++                 6.0925E-03     Aqueous      
 Fe+++                6.3622E-10     Aqueous      
 Ba++                 2.0003E-07     Aqueous      
 Sr++                 9.0013E-06     Aqueous      
 Cl-                  5.4823E-01     Aqueous      
 K+                   1.2002E-02     Aqueous      
 Na+                  4.8826E-01     Aqueous      
 SO4--                1.7317E-02     Aqueous      
 O2(aq)               1.8003E-04     Aqueous      
 B(OH)3(aq)           4.0006E-04     Aqueous      
 HPO4--               1.7002E-06     Aqueous      
 NO3-                 3.9006E-05     Aqueous      
 H4SiO4(aq)           3.5843E-02     Aqueous      

 Concentrations of Individual Species, Exchangers, and Surface Complexes 
 ----------------------------------------------------------------------- 

                           Log        Log                 Concentration     
 Species              Molality  Activity      Molality    Mol/m^3 blk      Activity   Type

                           Log        Log                                 Activity
 Species              Molality   Activity      Molality      Activity   Coefficient    Type
  H+                    -4.754     -4.880     1.764E-05     1.317E-05     7.466E-01  Aqueous 
  Al+++                -14.703    -16.078     1.981E-15     8.361E-17     4.220E-02  Aqueous 
  CO2(aq)               -2.334     -2.273     4.632E-03     5.329E-03     1.151E+00  Aqueous 
  Mg++                  -1.508     -2.257     3.103E-02     5.531E-03     1.783E-01  Aqueous 
  Ca++                  -2.569     -3.359     2.696E-03     4.379E-04     1.624E-01  Aqueous 
  Fe++                  -2.888     -3.677     1.294E-03     2.102E-04     1.624E-01  Aqueous 
  Fe+++                 -9.196    -10.571     6.362E-10     2.685E-11     4.220E-02  Aqueous 
  Ba++                  -6.844     -7.729     1.431E-07     1.869E-08     1.305E-01  Aqueous 
  Sr++                  -5.207     -6.091     6.207E-06     8.102E-07     1.305E-01  Aqueous 
  Cl-                   -0.267     -0.535     5.409E-01     2.916E-01     5.392E-01  Aqueous 
  K+                    -1.997     -2.265     1.008E-02     5.435E-03     5.392E-01  Aqueous 
  Na+                   -0.319     -0.541     4.799E-01     2.874E-01     5.989E-01  Aqueous 
  SO4--                 -2.103     -3.107     7.887E-03     7.812E-04     9.905E-02  Aqueous 
  O2(aq)                -3.745     -3.684     1.800E-04     2.071E-04     1.151E+00  Aqueous 
  B(OH)3(aq)            -3.398     -3.337     4.001E-04     4.603E-04     1.151E+00  Aqueous 
  HPO4--                -7.756     -8.760     1.754E-08     1.737E-09     9.905E-02  Aqueous 
  NO3-                  -4.409     -4.677     3.901E-05     2.103E-05     5.392E-01  Aqueous 
  H4SiO4(aq)            -1.446     -1.385     3.584E-02     4.124E-02     1.151E+00  Aqueous 
  HNO3(aq)              -9.650     -9.589     2.241E-10     2.578E-10     1.151E+00  Aqueous 
  Al(OH)2+             -10.373    -10.599     4.238E-11     2.519E-11     5.945E-01  Aqueous 
  AlO2-                 -9.722     -9.966     1.895E-10     1.082E-10     5.708E-01  Aqueous 
  AlOH++               -12.334    -13.149     4.638E-13     7.090E-14     1.529E-01  Aqueous 
  BaHCO3+               -8.906     -9.132     1.242E-09     7.382E-10     5.945E-01  Aqueous 
  BaCl+                 -7.255     -7.481     5.564E-08     3.307E-08     5.945E-01  Aqueous 
  BaCO3(aq)            -13.133    -13.072     7.369E-14     8.479E-14     1.151E+00  Aqueous 
  BaOH+                -11.734    -11.960     1.846E-12     1.098E-12     5.945E-01  Aqueous 
  HCO3-                 -3.925     -4.148     1.188E-04     7.117E-05     5.989E-01  Aqueous 
  CO3--                 -8.542     -9.483     2.869E-09     3.290E-10     1.147E-01  Aqueous 
  CaCl+                 -2.940     -3.166     1.149E-03     6.828E-04     5.945E-01  Aqueous 
  CaCl2(aq)             -4.315     -4.254     4.845E-05     5.575E-05     1.151E+00  Aqueous 
  CaOH+                 -7.014     -7.240     9.674E-08     5.751E-08     5.945E-01  Aqueous 
  CaSO4(aq)             -3.546     -3.485     2.847E-04     3.276E-04     1.151E+00  Aqueous 
  FeCl+                 -2.355     -2.581     4.418E-03     2.626E-03     5.945E-01  Aqueous 
  FeCl2(aq)             -4.930     -4.869     1.174E-05     1.351E-05     1.151E+00  Aqueous 
  FeOH+                 -5.108     -5.334     7.790E-06     4.631E-06     5.945E-01  Aqueous 
  FeSO4(aq)             -3.443     -3.383     3.602E-04     4.144E-04     1.151E+00  Aqueous 
  OH-                   -6.459     -6.707     3.473E-07     1.965E-07     5.658E-01  Aqueous 
  HS-                  -90.850    -91.098     1.411E-91     7.985E-92     5.658E-01  Aqueous 
  H2S(aq)              -89.532    -89.471     2.940E-90     3.383E-90     1.151E+00  Aqueous 
  H2PO4-                -5.827     -6.050     1.489E-06     8.919E-07     5.989E-01  Aqueous 
  H3PO4(aq)             -8.053     -7.992     8.847E-09     1.018E-08     1.151E+00  Aqueous 
  HAlO2(aq)             -9.806     -9.745     1.562E-10     1.798E-10     1.151E+00  Aqueous 
  HSO4-                 -3.846     -4.090     1.424E-04     8.128E-05     5.708E-01  Aqueous 
  KCl(aq)               -2.781     -2.720     1.655E-03     1.904E-03     1.151E+00  Aqueous 
  KOH(aq)               -8.632     -8.571     2.332E-09     2.683E-09     1.151E+00  Aqueous 
  KSO4-                 -3.572     -3.815     2.682E-04     1.531E-04     5.708E-01  Aqueous 
  NH3(aq)              -42.368    -42.307     4.290E-43     4.936E-43     1.151E+00  Aqueous 
  NaAlO2(aq)           -10.403    -10.342     3.956E-11     4.551E-11     1.151E+00  Aqueous 
  NaOH(aq)              -7.582     -7.522     2.615E-08     3.009E-08     1.151E+00  Aqueous 
  NaSO4-                -2.077     -2.290     8.374E-03     5.124E-03     6.119E-01  Aqueous 
  H2(aq)               -29.092    -29.031     8.096E-30     9.315E-30     1.151E+00  Aqueous 
  CaHPO4(aq)            -7.860     -7.799     1.380E-08     1.587E-08     1.151E+00  Aqueous 
  CaPO4-               -10.302    -10.545     4.992E-11     2.850E-11     5.708E-01  Aqueous 
  FeCO3(aq)             -7.397     -7.336     4.010E-08     4.614E-08     1.151E+00  Aqueous 
  FeH2PO4+              -6.808     -7.034     1.557E-07     9.257E-08     5.945E-01  Aqueous 
  FeHPO4(aq)            -8.515     -8.454     3.055E-09     3.515E-09     1.151E+00  Aqueous 
  FePO4-               -11.349    -11.592     4.480E-12     2.557E-12     5.708E-01  Aqueous 
  KHPO4-                -7.920     -8.163     1.203E-08     6.868E-09     5.708E-01  Aqueous 
  PO4---               -13.884    -16.180     1.307E-14     6.614E-17     5.062E-03  Aqueous 
  S--                  -99.210   -100.095     6.161-100     8.042-101     1.305E-01  Aqueous 
  Sr(CO3)(aq)          -11.111    -11.050     7.743E-12     8.910E-12     1.151E+00  Aqueous 
  SrHCO3+               -6.770     -6.996     1.697E-07     1.009E-07     5.945E-01  Aqueous 
  SrCl+                 -5.649     -5.875     2.243E-06     1.333E-06     5.945E-01  Aqueous 
  SrOH+                -10.061    -10.287     8.683E-11     5.161E-11     5.945E-01  Aqueous 
  SrSO4(aq)             -6.419     -6.358     3.811E-07     4.384E-07     1.151E+00  Aqueous 

  ****** Partial pressure of gases (bars) *****

 CO2(g)               6.0682E-01
 O2(g)                2.2347E-01

  ***** Saturation state of minerals (log[Q/K] *****

  Forsterite               -3.5413
  Enstatite(alpha)         -0.8002
  Anorthite                -6.8851
  Ferropargasite          -11.2450
  Anhydrite                 0.0107
  Clinochlore               0.0191
  Albite(low)              -0.0177
  Fayalite                  0.1437
  Epidote                  -0.0000
  Kaolinite                -3.1094
  Muscovite(ordered)       -3.1791


  ***** Volume of minerals added or subtracted *****

 Forsterite         -4.690072552E-05
 Enstatite(alpha)   -3.107953188E-06
 Anorthite          -1.107409017E-05
 Ferropargasite     -3.088922400E-05
 Anhydrite           3.645092557E-05
 Clinochlore         1.577548789E-04
 Albite(low)        -9.418035398E-05
 Fayalite           -2.499407243E-07
 Epidote            -6.576319944E-12
 Kaolinite          -1.000000000E-10
 Muscovite(ordered) -1.000000000E-10

 **************************************************************
 ------> GRID LOCATION:     8:  1:  1

  Temperature (C)    =    174.887
  Porosity           =      0.081
  Liquid Saturation  =      1.000
  Liquid Density     =    890.465
  Ionic Strength     =      0.596
  Solution pH        =      4.673
  Solution pe and Eh require H2(g) be included
  Total Charge       = -2.604E-08

 Total Aqueous Concentrations of Primary Species 
 --------------------------------------- 

   Species              Molality       Type 
 H+                   3.1976E-04     Aqueous      
 Al+++                1.2598E-09     Aqueous      
 CO2(aq)              4.7508E-03     Aqueous      
 Mg++                 2.6611E-02     Aqueous      
 Ca++                 2.8701E-03     Aqueous      
 Fe++                 9.3727E-03     Aqueous      
 Fe+++                1.0831E-09     Aqueous      
 Ba++                 2.0003E-07     Aqueous      
 Sr++                 9.0015E-06     Aqueous      
 Cl-                  5.4824E-01     Aqueous      
 K+                   1.2002E-02     Aqueous      
 Na+                  4.9005E-01     Aqueous      
 SO4--                1.5906E-02     Aqueous      
 O2(aq)               1.8003E-04     Aqueous      
 B(OH)3(aq)           4.0006E-04     Aqueous      
 HPO4--               1.7003E-06     Aqueous      
 NO3-                 3.9006E-05     Aqueous      
 H4SiO4(aq)           4.0250E-02     Aqueous      

 Concentrations of Individual Species, Exchangers, and Surface Complexes 
 ----------------------------------------------------------------------- 

                           Log        Log                 Concentration     
 Species              Molality  Activity      Molality    Mol/m^3 blk      Activity   Type

                           Log        Log                                 Activity
 Species              Molality   Activity      Molality      Activity   Coefficient    Type
  H+                    -4.538     -4.673     2.896E-05     2.122E-05     7.327E-01  Aqueous 
  Al+++                -14.393    -15.836     4.049E-15     1.459E-16     3.604E-02  Aqueous 
  CO2(aq)               -2.328     -2.268     4.700E-03     5.391E-03     1.147E+00  Aqueous 
  Mg++                  -1.575     -2.362     2.661E-02     4.342E-03     1.632E-01  Aqueous 
  Ca++                  -2.786     -3.616     1.636E-03     2.421E-04     1.480E-01  Aqueous 
  Fe++                  -2.891     -3.721     1.284E-03     1.900E-04     1.480E-01  Aqueous 
  Fe+++                 -8.965    -10.409     1.083E-09     3.903E-11     3.604E-02  Aqueous 
  Ba++                  -6.902     -7.831     1.254E-07     1.475E-08     1.177E-01  Aqueous 
  Sr++                  -5.245     -6.174     5.693E-06     6.698E-07     1.177E-01  Aqueous 
  Cl-                   -0.270     -0.553     5.375E-01     2.798E-01     5.207E-01  Aqueous 
  K+                    -2.009     -2.293     9.787E-03     5.096E-03     5.207E-01  Aqueous 
  Na+                   -0.317     -0.553     4.818E-01     2.801E-01     5.814E-01  Aqueous 
  SO4--                 -2.189     -3.244     6.477E-03     5.704E-04     8.806E-02  Aqueous 
  O2(aq)                -3.745     -3.685     1.800E-04     2.065E-04     1.147E+00  Aqueous 
  B(OH)3(aq)            -3.398     -3.338     4.001E-04     4.589E-04     1.147E+00  Aqueous 
  HPO4--                -8.051     -9.107     8.886E-09     7.825E-10     8.806E-02  Aqueous 
  NO3-                  -4.409     -4.692     3.901E-05     2.031E-05     5.207E-01  Aqueous 
  H4SiO4(aq)            -1.395     -1.336     4.025E-02     4.617E-02     1.147E+00  Aqueous 
  HNO3(aq)              -9.264     -9.205     5.443E-10     6.243E-10     1.147E+00  Aqueous 
  Al(OH)2+              -9.818    -10.057     1.521E-10     8.771E-11     5.768E-01  Aqueous 
  AlO2-                 -9.345     -9.602     4.523E-10     2.500E-10     5.527E-01  Aqueous 
  AlOH++               -11.894    -12.752     1.275E-12     1.771E-13     1.389E-01  Aqueous 
  BaHCO3+               -9.096     -9.335     8.013E-10     4.622E-10     5.768E-01  Aqueous 
  BaCl+                 -7.132     -7.371     7.382E-08     4.258E-08     5.768E-01  Aqueous 
  BaCO3(aq)            -13.644    -13.585     2.267E-14     2.601E-14     1.147E+00  Aqueous 
  BaOH+                -11.611    -11.850     2.449E-12     1.413E-12     5.768E-01  Aqueous 
  HCO3-                 -4.292     -4.527     5.108E-05     2.970E-05     5.814E-01  Aqueous 
  CO3--                 -9.176    -10.165     6.660E-10     6.840E-11     1.027E-01  Aqueous 
  CaCl+                 -2.991     -3.229     1.022E-03     5.895E-04     5.768E-01  Aqueous 
  CaCl2(aq)             -4.333     -4.273     4.649E-05     5.333E-05     1.147E+00  Aqueous 
  CaOH+                 -7.061     -7.300     8.697E-08     5.016E-08     5.768E-01  Aqueous 
  CaSO4(aq)             -3.781     -3.722     1.655E-04     1.899E-04     1.147E+00  Aqueous 
  FeCl+                 -2.115     -2.354     7.682E-03     4.431E-03     5.768E-01  Aqueous 
  FeCl2(aq)             -4.657     -4.598     2.201E-05     2.525E-05     1.147E+00  Aqueous 
  FeOH+                 -5.038     -5.277     9.171E-06     5.290E-06     5.768E-01  Aqueous 
  FeSO4(aq)             -3.425     -3.366     3.755E-04     4.307E-04     1.147E+00  Aqueous 
  OH-                   -6.494     -6.756     3.205E-07     1.755E-07     5.476E-01  Aqueous 
  HS-                  -85.639    -85.900     2.297E-86     1.258E-86     5.476E-01  Aqueous 
  H2S(aq)              -84.068    -84.009     8.544E-85     9.801E-85     1.147E+00  Aqueous 
  H2PO4-                -5.821     -6.057     1.510E-06     8.777E-07     5.814E-01  Aqueous 
  H3PO4(aq)             -7.710     -7.650     1.950E-08     2.237E-08     1.147E+00  Aqueous 
  HAlO2(aq)             -9.281     -9.222     5.234E-10     6.004E-10     1.147E+00  Aqueous 
  HSO4-                 -3.456     -3.713     3.500E-04     1.934E-04     5.527E-01  Aqueous 
  KCl(aq)               -2.711     -2.651     1.945E-03     2.231E-03     1.147E+00  Aqueous 
  KOH(aq)               -8.570     -8.511     2.690E-09     3.086E-09     1.147E+00  Aqueous 
  KSO4-                 -3.568     -3.826     2.701E-04     1.493E-04     5.527E-01  Aqueous 
  NH3(aq)              -39.717    -39.657     1.920E-40     2.203E-40     1.147E+00  Aqueous 
  NaAlO2(aq)            -9.883     -9.824     1.308E-10     1.500E-10     1.147E+00  Aqueous 
  NaOH(aq)              -7.492     -7.433     3.220E-08     3.693E-08     1.147E+00  Aqueous 
  NaSO4-                -2.083     -2.308     8.268E-03     4.916E-03     5.946E-01  Aqueous 
  H2(aq)               -27.458    -27.399     3.480E-28     3.992E-28     1.147E+00  Aqueous 
  CaHPO4(aq)            -8.175     -8.116     6.682E-09     7.665E-09     1.147E+00  Aqueous 
  CaPO4-               -10.697    -10.955     2.009E-11     1.110E-11     5.527E-01  Aqueous 
  FeCO3(aq)             -7.935     -7.875     1.163E-08     1.334E-08     1.147E+00  Aqueous 
  FeH2PO4+              -6.845     -7.084     1.428E-07     8.235E-08     5.768E-01  Aqueous 
  FeHPO4(aq)            -8.772     -8.712     1.692E-09     1.940E-09     1.147E+00  Aqueous 
  FePO4-               -11.800    -12.058     1.585E-12     8.758E-13     5.527E-01  Aqueous 
  KHPO4-                -7.960     -8.218     1.096E-08     6.060E-09     5.527E-01  Aqueous 
  PO4---               -14.434    -16.843     3.684E-15     1.434E-17     3.893E-03  Aqueous 
  S--                  -93.936    -94.865     1.159E-94     1.363E-95     1.177E-01  Aqueous 
  Sr(CO3)(aq)          -11.583    -11.524     2.610E-12     2.994E-12     1.147E+00  Aqueous 
  SrHCO3+               -6.896     -7.135     1.272E-07     7.336E-08     5.768E-01  Aqueous 
  SrCl+                 -5.539     -5.778     2.891E-06     1.668E-06     5.768E-01  Aqueous 
  SrOH+                 -9.927    -10.166     1.183E-10     6.825E-11     5.768E-01  Aqueous 
  SrSO4(aq)             -6.538     -6.478     2.899E-07     3.326E-07     1.147E+00  Aqueous 

  ****** Partial pressure of gases (bars) *****

 CO2(g)               6.0770E-01
 O2(g)                1.9658E-01

  ***** Saturation state of minerals (log[Q/K] *****

  Forsterite               -3.3644
  Enstatite(alpha)         -0.7700
  Anorthite                -6.4227
  Ferropargasite          -10.8593
  Anhydrite                 0.0111
  Clinochlore               0.0186
  Albite(low)              -0.0167
  Fayalite                  0.1502
  Epidote                   0.0000
  Kaolinite                -2.7898
  Muscovite(ordered)       -2.8603


  ***** Volume of minerals added or subtracted *****

 Forsterite         -4.641707995E-05
 Enstatite(alpha)   -3.081957853E-06
 Anorthite          -1.107409017E-05
 Ferropargasite     -3.088922400E-05
 Anhydrite           4.031696482E-05
 Clinochlore         1.688930674E-04
 Albite(low)        -1.047217944E-04
 Fayalite           -5.521147979E-06
 Epidote            -1.095905081E-11
 Kaolinite          -1.000000000E-10
 Muscovite(ordered) -1.000000000E-10

 **************************************************************
 ------> GRID LOCATION:     9:  1:  1

  Temperature (C)    =    194.873
  Porosity           =      0.081
  Liquid Saturation  =      1.000
  Liquid Density     =    868.292
  Ionic Strength     =      0.582
  Solution pH        =      4.511
  Solution pe and Eh require H2(g) be included
  Total Charge       = -1.764E-08

 Total Aqueous Concentrations of Primary Species 
 --------------------------------------- 

   Species              Molality       Type 
 H+                   7.7735E-04     Aqueous      
 Al+++                3.0977E-09     Aqueous      
 CO2(aq)              4.7509E-03     Aqueous      
 Mg++                 2.1421E-02     Aqueous      
 Ca++                 2.0257E-03     Aqueous      
 Fe++                 1.3146E-02     Aqueous      
 Fe+++                1.5504E-09     Aqueous      
 Ba++                 2.0004E-07     Aqueous      
 Sr++                 9.0016E-06     Aqueous      
 Cl-                  5.4825E-01     Aqueous      
 K+                   1.2003E-02     Aqueous      
 Na+                  4.9220E-01     Aqueous      
 SO4--                1.4946E-02     Aqueous      
 O2(aq)               1.8003E-04     Aqueous      
 B(OH)3(aq)           4.0007E-04     Aqueous      
 HPO4--               1.7003E-06     Aqueous      
 NO3-                 3.9007E-05     Aqueous      
 H4SiO4(aq)           4.5526E-02     Aqueous      

 Concentrations of Individual Species, Exchangers, and Surface Complexes 
 ----------------------------------------------------------------------- 

                           Log        Log                 Concentration     
 Species              Molality  Activity      Molality    Mol/m^3 blk      Activity   Type

                           Log        Log                                 Activity
 Species              Molality   Activity      Molality      Activity   Coefficient    Type
  H+                    -4.367     -4.511     4.300E-05     3.080E-05     7.163E-01  Aqueous 
  Al+++                -14.247    -15.769     5.661E-15     1.702E-16     3.006E-02  Aqueous 
  CO2(aq)               -2.325     -2.267     4.728E-03     5.406E-03     1.143E+00  Aqueous 
  Mg++                  -1.669     -2.501     2.142E-02     3.156E-03     1.473E-01  Aqueous 
  Ca++                  -3.012     -3.889     9.721E-04     1.292E-04     1.329E-01  Aqueous 
  Fe++                  -2.957     -3.833     1.105E-03     1.469E-04     1.329E-01  Aqueous 
  Fe+++                 -8.810    -10.332     1.550E-09     4.660E-11     3.006E-02  Aqueous 
  Ba++                  -6.980     -7.961     1.047E-07     1.093E-08     1.044E-01  Aqueous 
  Sr++                  -5.298     -6.280     5.033E-06     5.254E-07     1.044E-01  Aqueous 
  Cl-                   -0.273     -0.574     5.332E-01     2.665E-01     4.997E-01  Aqueous 
  K+                    -2.025     -2.327     9.434E-03     4.714E-03     4.997E-01  Aqueous 
  Na+                   -0.315     -0.566     4.840E-01     2.717E-01     5.614E-01  Aqueous 
  SO4--                 -2.281     -3.395     5.235E-03     4.027E-04     7.693E-02  Aqueous 
  O2(aq)                -3.745     -3.686     1.800E-04     2.059E-04     1.143E+00  Aqueous 
  B(OH)3(aq)            -3.398     -3.340     4.001E-04     4.575E-04     1.143E+00  Aqueous 
  HPO4--                -8.315     -9.429     4.838E-09     3.722E-10     7.693E-02  Aqueous 
  NO3-                  -4.409     -4.710     3.901E-05     1.949E-05     4.997E-01  Aqueous 
  H4SiO4(aq)            -1.342     -1.284     4.553E-02     5.206E-02     1.143E+00  Aqueous 
  HNO3(aq)              -8.921     -8.862     1.201E-09     1.373E-09     1.143E+00  Aqueous 
  Al(OH)2+              -9.386     -9.640     4.116E-10     2.291E-10     5.567E-01  Aqueous 
  AlO2-                 -9.044     -9.318     9.036E-10     4.809E-10     5.322E-01  Aqueous 
  AlOH++               -11.595    -12.500     2.542E-12     3.160E-13     1.243E-01  Aqueous 
  BaHCO3+               -9.283     -9.537     5.213E-10     2.902E-10     5.567E-01  Aqueous 
  BaCl+                 -7.023     -7.278     9.481E-08     5.278E-08     5.567E-01  Aqueous 
  BaCO3(aq)            -14.119    -14.061     7.607E-15     8.699E-15     1.143E+00  Aqueous 
  BaOH+                -11.506    -11.761     3.115E-12     1.734E-12     5.567E-01  Aqueous 
  HCO3-                 -4.638     -4.889     2.300E-05     1.291E-05     5.614E-01  Aqueous 
  CO3--                 -9.765    -10.809     1.716E-10     1.553E-11     9.046E-02  Aqueous 
  CaCl+                 -3.040     -3.295     9.110E-04     5.072E-04     5.567E-01  Aqueous 
  CaCl2(aq)             -4.332     -4.273     4.660E-05     5.328E-05     1.143E+00  Aqueous 
  CaOH+                 -7.108     -7.362     7.807E-08     4.346E-08     5.567E-01  Aqueous 
  CaSO4(aq)             -4.018     -3.960     9.593E-05     1.097E-04     1.143E+00  Aqueous 
  FeCl+                 -1.934     -2.188     1.165E-02     6.485E-03     5.567E-01  Aqueous 
  FeCl2(aq)             -4.426     -4.367     3.752E-05     4.291E-05     1.143E+00  Aqueous 
  FeOH+                 -5.010     -5.264     9.776E-06     5.442E-06     5.567E-01  Aqueous 
  FeSO4(aq)             -3.462     -3.404     3.449E-04     3.943E-04     1.143E+00  Aqueous 
  OH-                   -6.523     -6.802     2.996E-07     1.579E-07     5.271E-01  Aqueous 
  HS-                  -80.862    -81.140     1.373E-81     7.238E-82     5.271E-01  Aqueous 
  H2S(aq)              -79.061    -79.003     8.694E-80     9.942E-80     1.143E+00  Aqueous 
  H2PO4-                -5.816     -6.066     1.529E-06     8.583E-07     5.614E-01  Aqueous 
  H3PO4(aq)             -7.404     -7.346     3.942E-08     4.507E-08     1.143E+00  Aqueous 
  HAlO2(aq)             -8.850     -8.792     1.411E-09     1.614E-09     1.143E+00  Aqueous 
  HSO4-                 -3.116     -3.390     7.659E-04     4.077E-04     5.322E-01  Aqueous 
  KCl(aq)               -2.639     -2.580     2.298E-03     2.627E-03     1.143E+00  Aqueous 
  KOH(aq)               -8.502     -8.443     3.151E-09     3.603E-09     1.143E+00  Aqueous 
  KSO4-                 -3.567     -3.841     2.712E-04     1.443E-04     5.322E-01  Aqueous 
  NH3(aq)              -37.269    -37.211     5.378E-38     6.149E-38     1.143E+00  Aqueous 
  NaAlO2(aq)            -9.433     -9.375     3.687E-10     4.216E-10     1.143E+00  Aqueous 
  NaOH(aq)              -7.376     -7.317     4.211E-08     4.815E-08     1.143E+00  Aqueous 
  NaSO4-                -2.084     -2.325     8.232E-03     4.732E-03     5.748E-01  Aqueous 
  H2(aq)               -25.947    -25.888     1.131E-26     1.293E-26     1.143E+00  Aqueous 
  CaHPO4(aq)            -8.453     -8.395     3.525E-09     4.031E-09     1.143E+00  Aqueous 
  CaPO4-               -11.016    -11.290     9.640E-12     5.131E-12     5.322E-01  Aqueous 
  FeCO3(aq)             -8.468     -8.410     3.404E-09     3.893E-09     1.143E+00  Aqueous 
  FeH2PO4+              -6.951     -7.206     1.118E-07     6.226E-08     5.567E-01  Aqueous 
  FeHPO4(aq)            -9.054     -8.995     8.840E-10     1.011E-09     1.143E+00  Aqueous 
  FePO4-               -12.229    -12.503     5.906E-13     3.144E-13     5.322E-01  Aqueous 
  KHPO4-                -7.963     -8.237     1.088E-08     5.790E-09     5.322E-01  Aqueous 
  PO4---               -14.924    -17.464     1.192E-15     3.436E-18     2.882E-03  Aqueous 
  S--                  -89.079    -90.060     8.343E-90     8.709E-91     1.044E-01  Aqueous 
  Sr(CO3)(aq)          -12.016    -11.957     9.646E-13     1.103E-12     1.143E+00  Aqueous 
  SrHCO3+               -7.015     -7.269     9.666E-08     5.381E-08     5.567E-01  Aqueous 
  SrCl+                 -5.437     -5.691     3.659E-06     2.037E-06     5.567E-01  Aqueous 
  SrOH+                 -9.804    -10.059     1.569E-10     8.737E-11     5.567E-01  Aqueous 
  SrSO4(aq)             -6.671     -6.613     2.134E-07     2.440E-07     1.143E+00  Aqueous 

  ****** Partial pressure of gases (bars) *****

 CO2(g)               5.8376E-01
 O2(g)                1.6868E-01

  ***** Saturation state of minerals (log[Q/K] *****

  Forsterite               -3.1568
  Enstatite(alpha)         -0.7144
  Anorthite                -6.0593
  Ferropargasite          -10.5708
  Anhydrite                 0.0115
  Clinochlore               0.0187
  Albite(low)              -0.0168
  Fayalite                  0.1478
  Epidote                   0.0000
  Kaolinite                -2.5888
  Muscovite(ordered)       -2.6798


  ***** Volume of minerals added or subtracted *****

 Forsterite         -4.610884059E-05
 Enstatite(alpha)   -3.035764243E-06
 Anorthite          -1.107409017E-05
 Ferropargasite     -3.088922400E-05
 Anhydrite           4.242489415E-05
 Clinochlore         1.818644873E-04
 Albite(low)        -1.169982544E-04
 Fayalite           -1.130317275E-05
 Epidote            -1.534919508E-11
 Kaolinite          -1.000000000E-10
 Muscovite(ordered) -1.000000000E-10

 **************************************************************
 ------> GRID LOCATION:    10:  1:  1

  Temperature (C)    =    214.857
  Porosity           =      0.081
  Liquid Saturation  =      1.000
  Liquid Density     =    844.451
  Ionic Strength     =      0.569
  Solution pH        =      4.392
  Solution pe and Eh require H2(g) be included
  Total Charge       = -3.630E-08

 Total Aqueous Concentrations of Primary Species 
 --------------------------------------- 

   Species              Molality       Type 
 H+                   1.5207E-03     Aqueous      
 Al+++                6.6878E-09     Aqueous      
 CO2(aq)              4.7509E-03     Aqueous      
 Mg++                 1.6044E-02     Aqueous      
 Ca++                 1.5085E-03     Aqueous      
 Fe++                 1.6886E-02     Aqueous      
 Fe+++                1.7395E-09     Aqueous      
 Ba++                 2.0004E-07     Aqueous      
 Sr++                 9.0018E-06     Aqueous      
 Cl-                  5.4826E-01     Aqueous      
 K+                   1.2003E-02     Aqueous      
 Na+                  4.9448E-01     Aqueous      
 SO4--                1.4296E-02     Aqueous      
 O2(aq)               1.8004E-04     Aqueous      
 B(OH)3(aq)           4.0008E-04     Aqueous      
 HPO4--               1.7003E-06     Aqueous      
 NO3-                 3.9008E-05     Aqueous      
 H4SiO4(aq)           5.1033E-02     Aqueous      

 Concentrations of Individual Species, Exchangers, and Surface Complexes 
 ----------------------------------------------------------------------- 

                           Log        Log                 Concentration     
 Species              Molality  Activity      Molality    Mol/m^3 blk      Activity   Type

                           Log        Log                                 Activity
 Species              Molality   Activity      Molality      Activity   Coefficient    Type
  H+                    -4.235     -4.392     5.819E-05     4.054E-05     6.967E-01  Aqueous 
  Al+++                -14.237    -15.851     5.800E-15     1.409E-16     2.430E-02  Aqueous 
  CO2(aq)               -2.324     -2.267     4.740E-03     5.404E-03     1.140E+00  Aqueous 
  Mg++                  -1.795     -2.679     1.604E-02     2.096E-03     1.306E-01  Aqueous 
  Ca++                  -3.240     -4.171     5.756E-04     6.742E-05     1.171E-01  Aqueous 
  Fe++                  -3.076     -4.007     8.391E-04     9.829E-05     1.171E-01  Aqueous 
  Fe+++                 -8.760    -10.374     1.739E-09     4.226E-11     2.430E-02  Aqueous 
  Ba++                  -7.083     -8.125     8.268E-08     7.496E-09     9.066E-02  Aqueous 
  Sr++                  -5.370     -6.413     4.261E-06     3.863E-07     9.066E-02  Aqueous 
  Cl-                   -0.277     -0.599     5.288E-01     2.516E-01     4.757E-01  Aqueous 
  K+                    -2.045     -2.368     9.009E-03     4.286E-03     4.757E-01  Aqueous 
  Na+                   -0.313     -0.582     4.864E-01     2.617E-01     5.381E-01  Aqueous 
  SO4--                 -2.388     -3.571     4.096E-03     2.687E-04     6.560E-02  Aqueous 
  O2(aq)                -3.745     -3.688     1.800E-04     2.052E-04     1.140E+00  Aqueous 
  B(OH)3(aq)            -3.398     -3.341     4.001E-04     4.561E-04     1.140E+00  Aqueous 
  HPO4--                -8.554     -9.737     2.794E-09     1.833E-10     6.560E-02  Aqueous 
  NO3-                  -4.409     -4.732     3.901E-05     1.856E-05     4.757E-01  Aqueous 
  H4SiO4(aq)            -1.292     -1.235     5.103E-02     5.818E-02     1.140E+00  Aqueous 
  HNO3(aq)              -8.614     -8.557     2.432E-09     2.773E-09     1.140E+00  Aqueous 
  Al(OH)2+              -9.048     -9.321     8.951E-10     4.774E-10     5.334E-01  Aqueous 
  AlO2-                 -8.796     -9.090     1.600E-09     8.137E-10     5.086E-01  Aqueous 
  AlOH++               -11.406    -12.369     3.922E-12     4.279E-13     1.091E-01  Aqueous 
  BaHCO3+               -9.469     -9.741     3.400E-10     1.814E-10     5.334E-01  Aqueous 
  BaCl+                 -6.932     -7.205     1.170E-07     6.242E-08     5.334E-01  Aqueous 
  BaCO3(aq)            -14.560    -14.503     2.754E-15     3.139E-15     1.140E+00  Aqueous 
  BaOH+                -11.422    -11.695     3.783E-12     2.018E-12     5.334E-01  Aqueous 
  HCO3-                 -4.965     -5.234     1.085E-05     5.838E-06     5.381E-01  Aqueous 
  CO3--                -10.311    -11.419     4.889E-11     3.809E-12     7.790E-02  Aqueous 
  CaCl+                 -3.082     -3.355     8.277E-04     4.415E-04     5.334E-01  Aqueous 
  CaCl2(aq)             -4.305     -4.248     4.960E-05     5.655E-05     1.140E+00  Aqueous 
  CaOH+                 -7.147     -7.420     7.132E-08     3.804E-08     5.334E-01  Aqueous 
  CaSO4(aq)             -4.255     -4.198     5.554E-05     6.332E-05     1.140E+00  Aqueous 
  FeCl+                 -1.804     -2.077     1.570E-02     8.374E-03     5.334E-01  Aqueous 
  FeCl2(aq)             -4.227     -4.170     5.928E-05     6.758E-05     1.140E+00  Aqueous 
  FeOH+                 -5.019     -5.292     9.580E-06     5.110E-06     5.334E-01  Aqueous 
  FeSO4(aq)             -3.553     -3.496     2.797E-04     3.189E-04     1.140E+00  Aqueous 
  OH-                   -6.548     -6.846     2.835E-07     1.427E-07     5.033E-01  Aqueous 
  HS-                  -76.477    -76.775     3.333E-77     1.678E-77     5.033E-01  Aqueous 
  H2S(aq)              -74.463    -74.406     3.441E-75     3.923E-75     1.140E+00  Aqueous 
  H2PO4-                -5.814     -6.083     1.535E-06     8.260E-07     5.381E-01  Aqueous 
  H3PO4(aq)             -7.135     -7.078     7.325E-08     8.351E-08     1.140E+00  Aqueous 
  HAlO2(aq)             -8.488     -8.432     3.247E-09     3.702E-09     1.140E+00  Aqueous 
  HSO4-                 -2.829     -3.123     1.482E-03     7.535E-04     5.086E-01  Aqueous 
  KCl(aq)               -2.564     -2.507     2.727E-03     3.109E-03     1.140E+00  Aqueous 
  KOH(aq)               -8.426     -8.369     3.746E-09     4.271E-09     1.140E+00  Aqueous 
  KSO4-                 -3.575     -3.868     2.662E-04     1.354E-04     5.086E-01  Aqueous 
  NH3(aq)              -35.002    -34.945     9.952E-36     1.135E-35     1.140E+00  Aqueous 
  NaAlO2(aq)            -9.026     -8.969     9.413E-10     1.073E-09     1.140E+00  Aqueous 
  NaOH(aq)              -7.232     -7.175     5.863E-08     6.684E-08     1.140E+00  Aqueous 
  NaSO4-                -2.091     -2.349     8.117E-03     4.479E-03     5.518E-01  Aqueous 
  H2(aq)               -24.541    -24.485     2.875E-25     3.277E-25     1.140E+00  Aqueous 
  CaHPO4(aq)            -8.691     -8.634     2.036E-09     2.321E-09     1.140E+00  Aqueous 
  CaPO4-               -11.256    -11.550     5.541E-12     2.818E-12     5.086E-01  Aqueous 
  FeCO3(aq)             -8.992     -8.935     1.020E-09     1.162E-09     1.140E+00  Aqueous 
  FeH2PO4+              -7.124     -7.397     7.515E-08     4.009E-08     5.334E-01  Aqueous 
  FeHPO4(aq)            -9.363     -9.306     4.338E-10     4.945E-10     1.140E+00  Aqueous 
  FePO4-               -12.639    -12.932     2.298E-13     1.168E-13     5.086E-01  Aqueous 
  KHPO4-                -7.933     -8.227     1.167E-08     5.936E-09     5.086E-01  Aqueous 
  PO4---               -15.359    -18.053     4.375E-16     8.861E-19     2.025E-03  Aqueous 
  S--                  -84.588    -85.630     2.585E-85     2.344E-86     9.066E-02  Aqueous 
  Sr(CO3)(aq)          -12.412    -12.355     3.876E-13     4.419E-13     1.140E+00  Aqueous 
  SrHCO3+               -7.130     -7.403     7.418E-08     3.957E-08     5.334E-01  Aqueous 
  SrCl+                 -5.345     -5.618     4.517E-06     2.410E-06     5.334E-01  Aqueous 
  SrOH+                 -9.695     -9.968     2.018E-10     1.076E-10     5.334E-01  Aqueous 
  SrSO4(aq)             -6.827     -6.770     1.489E-07     1.697E-07     1.140E+00  Aqueous 

  ****** Partial pressure of gases (bars) *****

 CO2(g)               5.4297E-01
 O2(g)                1.4161E-01

  ***** Saturation state of minerals (log[Q/K] *****

  Forsterite               -2.9335
  Enstatite(alpha)         -0.6451
  Anorthite                -5.7533
  Ferropargasite          -10.3187
  Anhydrite                 0.0118
  Clinochlore               0.0191
  Albite(low)              -0.0177
  Fayalite                  0.1390
  Epidote                   0.0000
  Kaolinite                -2.4727
  Muscovite(ordered)       -2.5912


  ***** Volume of minerals added or subtracted *****

 Forsterite         -4.592149360E-05
 Enstatite(alpha)   -2.972173850E-06
 Anorthite          -1.107409017E-05
 Ferropargasite     -3.088922400E-05
 Anhydrite           4.330188040E-05
 Clinochlore         1.945620384E-04
 Albite(low)        -1.290155337E-04
 Fayalite           -1.665533237E-05
 Epidote            -1.670740289E-11
 Kaolinite          -1.000000000E-10
 Muscovite(ordered) -1.000000000E-10

